101
Epoch 1/100, Train Loss: 0.9023736359297123, Val Loss: 0.83752414894104
Epoch [1/100], Loss: 0.6757376194000244
Epoch 2/100, Train Loss: 0.6742987696879228, Val Loss: 1.0549647312164308
Epoch [2/100], Loss: 1.0250027179718018
Epoch 3/100, Train Loss: 0.6266993940580152, Val Loss: 1.7457162456512452
Epoch [3/100], Loss: 1.827747106552124
Epoch 4/100, Train Loss: 0.5856890482202951, Val Loss: 1.0803749661445619
Epoch [4/100], Loss: 0.9999945759773254
Epoch 5/100, Train Loss: 0.5650498184144598, Val Loss: 0.6328984804153442
Epoch [5/100], Loss: 0.5258485078811646
Epoch 6/100, Train Loss: 0.5385578157929908, Val Loss: 0.837275668144226
Epoch [6/100], Loss: 0.6564134359359741
Epoch 7/100, Train Loss: 0.5244887547991529, Val Loss: 0.6876412935256958
Epoch [7/100], Loss: 0.5763121843338013
Epoch 8/100, Train Loss: 0.508304917450498, Val Loss: 0.7017141156196595
Epoch [8/100], Loss: 0.5309792160987854
Epoch 9/100, Train Loss: 0.49112850497987176, Val Loss: 0.6458916039466858
Epoch [9/100], Loss: 0.538253128528595
Epoch 10/100, Train Loss: 0.4718486362323793, Val Loss: 0.7216076145172119
Epoch [10/100], Loss: 0.5564649105072021
Epoch 11/100, Train Loss: 0.46793815141785605, Val Loss: 0.6482601652145386
Epoch [11/100], Loss: 0.5089317560195923
Epoch 12/100, Train Loss: 0.44950638404383025, Val Loss: 0.6180047817230224
Epoch [12/100], Loss: 0.5056791305541992
Epoch 13/100, Train Loss: 0.4407728153376716, Val Loss: 0.7945294408798218
Epoch [13/100], Loss: 0.6362594366073608
Epoch 14/100, Train Loss: 0.43475287049053896, Val Loss: 0.6899215965270996
Epoch [14/100], Loss: 0.5412595272064209
Epoch 15/100, Train Loss: 0.43096602754086305, Val Loss: 0.5977194838523865
Epoch [15/100], Loss: 0.4484331011772156
Epoch 16/100, Train Loss: 0.4088827027739803, Val Loss: 0.6458935446739197
Epoch [16/100], Loss: 0.48396486043930054
Epoch 17/100, Train Loss: 0.4019122559344789, Val Loss: 0.5956003592014313
Epoch [17/100], Loss: 0.4620341360569
Epoch 18/100, Train Loss: 0.3907720851053878, Val Loss: 0.6426749150753022
Epoch [18/100], Loss: 0.4977196156978607
Epoch 19/100, Train Loss: 0.3916338874356944, Val Loss: 0.7727033352851868
Epoch [19/100], Loss: 0.6722829937934875
Epoch 20/100, Train Loss: 0.372096195138526, Val Loss: 0.6114920446872711
Epoch [20/100], Loss: 0.4504665434360504
Epoch 21/100, Train Loss: 0.3666559727658309, Val Loss: 0.64827978849411
Epoch [21/100], Loss: 0.4990531802177429
Epoch 22/100, Train Loss: 0.35609289589659965, Val Loss: 0.6357313680648804
Epoch [22/100], Loss: 0.5521334409713745
Epoch 23/100, Train Loss: 0.3596518634644166, Val Loss: 0.6173241024017334
Epoch [23/100], Loss: 0.47992849349975586
Epoch 24/100, Train Loss: 0.3567717667273285, Val Loss: 0.6061049275398255
Epoch [24/100], Loss: 0.46430379152297974
Epoch 25/100, Train Loss: 0.3408314733139379, Val Loss: 0.7071489915847778
Epoch [25/100], Loss: 0.5250934362411499
Epoch 26/100, Train Loss: 0.3274336944744117, Val Loss: 0.573519136428833
Epoch [26/100], Loss: 0.46186113357543945
Epoch 27/100, Train Loss: 0.31903390242116647, Val Loss: 0.7050125770568848
Epoch [27/100], Loss: 0.509584903717041
Epoch 28/100, Train Loss: 0.31531957078341893, Val Loss: 0.602753839969635
Epoch [28/100], Loss: 0.4352918267250061
Epoch 29/100, Train Loss: 0.31162826213828626, Val Loss: 0.7296513214111328
Epoch [29/100], Loss: 0.5905940532684326
Epoch 30/100, Train Loss: 0.30171629849815046, Val Loss: 0.6343741433620453
Epoch [30/100], Loss: 0.47016391158103943
Epoch 31/100, Train Loss: 0.29769791272197166, Val Loss: 0.6208206102848053
Epoch [31/100], Loss: 0.4667917788028717
Epoch 32/100, Train Loss: 0.29523476365243806, Val Loss: 0.6828417794704438
Epoch [32/100], Loss: 0.47529229521751404
Epoch 33/100, Train Loss: 0.2911424255089655, Val Loss: 0.7283696522712707
Epoch [33/100], Loss: 0.5315027832984924
Epoch 34/100, Train Loss: 0.2891286052198072, Val Loss: 0.6315214235782624
Epoch [34/100], Loss: 0.4966982901096344
Epoch 35/100, Train Loss: 0.28337706948613234, Val Loss: 0.692834080696106
Epoch [35/100], Loss: 0.5022302865982056
Validation loss hasn't improved for 10 epochs, stopping training...
Epoch 1/100, Train Loss: 0.9080009575637958, Val Loss: 0.8019362668991089
Epoch [1/100], Loss: 0.694393515586853
Epoch 2/100, Train Loss: 0.6770089180835382, Val Loss: 0.7375412473678589
Epoch [2/100], Loss: 0.6538370847702026
Epoch 3/100, Train Loss: 0.6154861634537502, Val Loss: 0.7288917531967163
Epoch [3/100], Loss: 0.5979055166244507
Epoch 4/100, Train Loss: 0.5831831001310687, Val Loss: 1.2342567882537843
Epoch [4/100], Loss: 1.1608259677886963
Epoch 5/100, Train Loss: 0.5633888298705295, Val Loss: 0.6411504001617432
Epoch [5/100], Loss: 0.5404016971588135
Epoch 6/100, Train Loss: 0.537183337790568, Val Loss: 1.3813597831726074
Epoch [6/100], Loss: 1.248765468597412
Epoch 7/100, Train Loss: 0.5206152695326942, Val Loss: 0.9413721284866333
Epoch [7/100], Loss: 0.7265945672988892
Epoch 8/100, Train Loss: 0.5009867674383707, Val Loss: 0.589783761024475
Epoch [8/100], Loss: 0.502066969871521
Epoch 9/100, Train Loss: 0.49101422661271504, Val Loss: 0.6895463814735413
Epoch [9/100], Loss: 0.5137708783149719
Epoch 10/100, Train Loss: 0.48243044275055447, Val Loss: 1.2591790132522582
Epoch [10/100], Loss: 1.2742453813552856
Epoch 11/100, Train Loss: 0.4595743536245562, Val Loss: 0.8556868562698364
Epoch [11/100], Loss: 0.6780515909194946
Epoch 12/100, Train Loss: 0.44937698497337997, Val Loss: 0.7336511282920838
Epoch [12/100], Loss: 0.6372255682945251
Epoch 13/100, Train Loss: 0.4440912557693597, Val Loss: 0.7096539640426636
Epoch [13/100], Loss: 0.5438052415847778
Epoch 14/100, Train Loss: 0.43951873920016105, Val Loss: 0.5851530070304871
Epoch [14/100], Loss: 0.4937087893486023
Epoch 15/100, Train Loss: 0.4188626429584336, Val Loss: 0.6034112648963929
Epoch [15/100], Loss: 0.46348434686660767
Epoch 16/100, Train Loss: 0.4080348598414288, Val Loss: 0.6375924639701843
Epoch [16/100], Loss: 0.5063154101371765
Epoch 17/100, Train Loss: 0.39663356991883675, Val Loss: 0.6375067300796509
Epoch [17/100], Loss: 0.5355542898178101
Epoch 18/100, Train Loss: 0.3977193869084974, Val Loss: 0.6081067867279053
Epoch [18/100], Loss: 0.5110146999359131
Epoch 19/100, Train Loss: 0.3787384720013475, Val Loss: 0.8837465257644653
Epoch [19/100], Loss: 0.692024827003479
Epoch 20/100, Train Loss: 0.38287889530244607, Val Loss: 0.723730170249939
Epoch [20/100], Loss: 0.5824509859085083
Epoch 21/100, Train Loss: 0.382324793919745, Val Loss: 0.7040241823196411
Epoch [21/100], Loss: 0.5202337503433228
Epoch 22/100, Train Loss: 0.3647980013243465, Val Loss: 0.6413774752616882
Epoch [22/100], Loss: 0.5290111899375916
Epoch 23/100, Train Loss: 0.3496014862800328, Val Loss: 0.6308052864074707
Epoch [23/100], Loss: 0.46143317222595215
Epoch 24/100, Train Loss: 0.3398954522549402, Val Loss: 0.5955769650936127
Epoch [24/100], Loss: 0.46763691306114197
Epoch 25/100, Train Loss: 0.3276838542840131, Val Loss: 0.6168842620849609
Epoch [25/100], Loss: 0.45000195503234863
Epoch 26/100, Train Loss: 0.3264790390836449, Val Loss: 0.6165995025634765
Epoch [26/100], Loss: 0.43111276626586914
Epoch 27/100, Train Loss: 0.31572899150004075, Val Loss: 0.6166954140663147
Epoch [27/100], Loss: 0.4211447834968567
Epoch 28/100, Train Loss: 0.3119745708838683, Val Loss: 0.6699692754745483
Epoch [28/100], Loss: 0.5156298875808716
Epoch 29/100, Train Loss: 0.31296882267545084, Val Loss: 0.6521463892459869
Epoch [29/100], Loss: 0.49599090218544006
Epoch 30/100, Train Loss: 0.35232508676048074, Val Loss: 0.8935812430381775
Epoch [30/100], Loss: 0.6896428465843201
Epoch 31/100, Train Loss: 0.33127241639222504, Val Loss: 0.61098650765419
Epoch [31/100], Loss: 0.4731711447238922
Epoch 32/100, Train Loss: 0.2997292554298098, Val Loss: 0.643099579334259
Epoch [32/100], Loss: 0.4703429341316223
Epoch 33/100, Train Loss: 0.2859538298232157, Val Loss: 0.6339846014976501
Epoch [33/100], Loss: 0.43376535177230835
Epoch 34/100, Train Loss: 0.2793532777797512, Val Loss: 0.628314020395279
Epoch [34/100], Loss: 0.45228520035743713
Epoch 35/100, Train Loss: 0.2736630617165043, Val Loss: 0.6268437802791595
Epoch [35/100], Loss: 0.44894060492515564
Epoch 36/100, Train Loss: 0.26928530628926434, Val Loss: 0.6476200406551361
Epoch [36/100], Loss: 0.4415620267391205
Epoch 37/100, Train Loss: 0.2641722474291192, Val Loss: 0.7087332899570465
Epoch [37/100], Loss: 0.49742069840431213
Epoch 38/100, Train Loss: 0.2617670122025186, Val Loss: 0.624791151046753
Epoch [38/100], Loss: 0.4362936019897461
Epoch 39/100, Train Loss: 0.26176494836405195, Val Loss: 0.7007186770439148
Epoch [39/100], Loss: 0.4908837676048279
Epoch 40/100, Train Loss: 0.2596805903300467, Val Loss: 0.6787326493263245
Epoch [40/100], Loss: 0.4792018532752991
Epoch 41/100, Train Loss: 0.2537479742582492, Val Loss: 0.6482705807685852
Epoch [41/100], Loss: 0.448402464389801
Epoch 42/100, Train Loss: 0.248257134847255, Val Loss: 0.6755692212581634
Epoch [42/100], Loss: 0.4631973206996918
Epoch 43/100, Train Loss: 0.24434023998539525, Val Loss: 0.6620320932865142
Epoch [43/100], Loss: 0.44813719391822815
Epoch 44/100, Train Loss: 0.24252326290482815, Val Loss: 0.6832850909233094
Epoch [44/100], Loss: 0.47496098279953003
Epoch 45/100, Train Loss: 0.241833563010769, Val Loss: 0.9425356984138489
Epoch [45/100], Loss: 0.8080342411994934
Epoch 46/100, Train Loss: 0.23714292484632432, Val Loss: 0.6961478254795075
Epoch [46/100], Loss: 0.4565259516239166
Epoch 47/100, Train Loss: 0.23555304701573532, Val Loss: 0.7413082661628723
Epoch [47/100], Loss: 0.5120623707771301
Epoch 48/100, Train Loss: 0.2319425132634467, Val Loss: 0.6944025669097901
Epoch [48/100], Loss: 0.5073502063751221
Epoch 49/100, Train Loss: 0.2298792998314306, Val Loss: 0.7001981313228607
Epoch [49/100], Loss: 0.47747787833213806
Epoch 50/100, Train Loss: 0.22795515023737292, Val Loss: 0.7415789880752564
Epoch [50/100], Loss: 0.6367753744125366
Epoch 51/100, Train Loss: 0.23110939129609082, Val Loss: 0.8795907459259034
Epoch [51/100], Loss: 0.7097933292388916
Epoch 52/100, Train Loss: 0.3401230705226654, Val Loss: 1.1903642201423645
Epoch [52/100], Loss: 0.9013531804084778
Epoch 53/100, Train Loss: 0.3094243047008225, Val Loss: 0.6307797775268554
Epoch [53/100], Loss: 0.4951958656311035
Epoch 54/100, Train Loss: 0.2518417728288982, Val Loss: 0.6654059579372406
Epoch [54/100], Loss: 0.4851158559322357
Epoch 55/100, Train Loss: 0.22997217986977725, Val Loss: 0.7178243799209595
Epoch [55/100], Loss: 0.5390506982803345
Epoch 56/100, Train Loss: 0.22125413185126866, Val Loss: 0.6952330737113953
Epoch [56/100], Loss: 0.48401254415512085
Epoch 57/100, Train Loss: 0.21751552169379254, Val Loss: 0.745655469417572
Epoch [57/100], Loss: 0.5541536211967468
Epoch 58/100, Train Loss: 0.2143929333901928, Val Loss: 0.6791425223350525
Epoch [58/100], Loss: 0.4733964800834656
Epoch 59/100, Train Loss: 0.20869687775536291, Val Loss: 0.7939180154800415
Epoch [59/100], Loss: 0.5555425882339478
Epoch 60/100, Train Loss: 0.20976813028473879, Val Loss: 0.7506043796539307
Epoch [60/100], Loss: 0.5172600746154785
Epoch 61/100, Train Loss: 0.20380664042135918, Val Loss: 0.7080326383113861
Epoch [61/100], Loss: 0.4853897988796234
Epoch 62/100, Train Loss: 0.20120604272938097, Val Loss: 0.7316526794433593
Epoch [62/100], Loss: 0.5012331008911133
Epoch 63/100, Train Loss: 0.19916676193425467, Val Loss: 0.834259705543518
Epoch [63/100], Loss: 0.5331147909164429
Epoch 64/100, Train Loss: 0.19810672471736374, Val Loss: 0.7297610592842102
Epoch [64/100], Loss: 0.5089495778083801
Epoch 65/100, Train Loss: 0.1972465644296868, Val Loss: 0.761704354763031
Epoch [65/100], Loss: 0.5307981371879578
Epoch 66/100, Train Loss: 0.1948066595834986, Val Loss: 0.7857461905479431
Epoch [66/100], Loss: 0.5257605910301208
Epoch 67/100, Train Loss: 0.1946181591505948, Val Loss: 0.7551227216720581
Epoch [67/100], Loss: 0.5347439050674438
Epoch 68/100, Train Loss: 0.19300844466304296, Val Loss: 0.7751917901039124
Epoch [68/100], Loss: 0.5471075177192688
Epoch 69/100, Train Loss: 0.19130612184587256, Val Loss: 0.7720902459621429
Epoch [69/100], Loss: 0.4911716878414154
Epoch 70/100, Train Loss: 0.19054009982747533, Val Loss: 0.8083879833221436
Epoch [70/100], Loss: 0.5915408134460449
Epoch 71/100, Train Loss: 0.189046110034391, Val Loss: 0.7939203276634216
Epoch [71/100], Loss: 0.5109664797782898
Epoch 72/100, Train Loss: 0.187927939663649, Val Loss: 0.8377189226150513
Epoch [72/100], Loss: 0.5488582849502563
Epoch 73/100, Train Loss: 0.18954825665154706, Val Loss: 0.8183568911552429
Epoch [73/100], Loss: 0.5174557566642761
Epoch 74/100, Train Loss: 0.18515154229348266, Val Loss: 0.822305570602417
Epoch [74/100], Loss: 0.5299019813537598
Epoch 75/100, Train Loss: 0.18454305348669697, Val Loss: 0.846536349773407
Epoch [75/100], Loss: 0.5469011664390564
Epoch 76/100, Train Loss: 0.18355452196191976, Val Loss: 0.840162799835205
Epoch [76/100], Loss: 0.5655345916748047
Epoch 77/100, Train Loss: 0.18381633104200507, Val Loss: 0.9974711270332336
Epoch [77/100], Loss: 0.6841476559638977
Epoch 78/100, Train Loss: 0.3564779499932043, Val Loss: 0.7918075623512268
Epoch [78/100], Loss: 0.630733072757721
Epoch 79/100, Train Loss: 0.27090474305828344, Val Loss: 0.797607322692871
Epoch [79/100], Loss: 0.5549366474151611
Epoch 80/100, Train Loss: 0.2250780763754756, Val Loss: 0.7148696360588074
Epoch [80/100], Loss: 0.4998888373374939
Epoch 81/100, Train Loss: 0.20009213566880604, Val Loss: 0.7713040747642517
Epoch [81/100], Loss: 0.4931022524833679
Epoch 82/100, Train Loss: 0.18904495915715247, Val Loss: 0.7731737020015716
Epoch [82/100], Loss: 0.4976678788661957
Epoch 83/100, Train Loss: 0.18339642917024346, Val Loss: 0.8077079973220825
Epoch [83/100], Loss: 0.5437949895858765
Epoch 84/100, Train Loss: 0.1795610942788309, Val Loss: 0.8023199286460877
Epoch [84/100], Loss: 0.5451032519340515
Epoch 85/100, Train Loss: 0.17720833563482982, Val Loss: 0.8110769591331481
Epoch [85/100], Loss: 0.5537359118461609
Epoch 86/100, Train Loss: 0.17537547942458276, Val Loss: 0.8085022912025451
Epoch [86/100], Loss: 0.5256155133247375
Epoch 87/100, Train Loss: 0.1730758210710088, Val Loss: 0.8162157793045044
Epoch [87/100], Loss: 0.5368088483810425
Epoch 88/100, Train Loss: 0.17253602477792543, Val Loss: 0.8408811349868774
Epoch [88/100], Loss: 0.6030312776565552
Epoch 89/100, Train Loss: 0.170892175780782, Val Loss: 0.8458372712135315
Epoch [89/100], Loss: 0.5664346814155579
Epoch 90/100, Train Loss: 0.1698152241377163, Val Loss: 0.8557402472496033
Epoch [90/100], Loss: 0.5552904009819031
Epoch 91/100, Train Loss: 0.1688138404895644, Val Loss: 0.8729855079650879
Epoch [91/100], Loss: 0.6025290489196777
Epoch 92/100, Train Loss: 0.1684039533590587, Val Loss: 0.8872803506851197
Epoch [92/100], Loss: 0.57862389087677
Epoch 93/100, Train Loss: 0.16758159693537836, Val Loss: 0.8758144459724426
Epoch [93/100], Loss: 0.5860002636909485
Epoch 94/100, Train Loss: 0.1669643482209056, Val Loss: 0.8521437621116639
Epoch [94/100], Loss: 0.525711715221405
Epoch 95/100, Train Loss: 0.16622400632596138, Val Loss: 0.8847732667922974
Epoch [95/100], Loss: 0.5786982774734497
Epoch 96/100, Train Loss: 0.16598906610004013, Val Loss: 0.9150311045646667
Epoch [96/100], Loss: 0.5933696627616882
Epoch 97/100, Train Loss: 0.16550298927706772, Val Loss: 0.8830983991622925
Epoch [97/100], Loss: 0.5622581243515015
Epoch 98/100, Train Loss: 0.16849702622295432, Val Loss: 0.8748926177024842
Epoch [98/100], Loss: 0.5738100409507751
Epoch 99/100, Train Loss: 0.18586175771426994, Val Loss: 1.4250838804244994
Epoch [99/100], Loss: 1.0287588834762573
Epoch 100/100, Train Loss: 0.1889073120954668, Val Loss: 0.8809502348899841
Epoch [100/100], Loss: 0.612569272518158
Epoch 1/100, Train Loss: 0.89671415179013, Val Loss: 0.758591372013092
Epoch [1/100], Loss: 0.653959333896637
Epoch 2/100, Train Loss: 0.6659705806140352, Val Loss: 0.7668264102935791
Epoch [2/100], Loss: 0.6472113132476807
Epoch 3/100, Train Loss: 0.6185694511383018, Val Loss: 0.7789757566452027
Epoch [3/100], Loss: 0.6506704092025757
Epoch 4/100, Train Loss: 0.5780441862736745, Val Loss: 0.6870224008560181
Epoch [4/100], Loss: 0.5601710081100464
Epoch 5/100, Train Loss: 0.5587911375859536, Val Loss: 1.0496742067337037
Epoch [5/100], Loss: 0.9825068712234497
Epoch 6/100, Train Loss: 0.5349534210125472, Val Loss: 0.7316908679008484
Epoch [6/100], Loss: 0.598341166973114
Epoch 7/100, Train Loss: 0.5103193562710265, Val Loss: 0.6186017847061157
Epoch [7/100], Loss: 0.520687460899353
Epoch 8/100, Train Loss: 0.49905694219555463, Val Loss: 0.6636203446388245
Epoch [8/100], Loss: 0.5386214852333069
Epoch 9/100, Train Loss: 0.4900898678909868, Val Loss: 0.6891860156059265
Epoch [9/100], Loss: 0.5506111979484558
Epoch 10/100, Train Loss: 0.4705844452168045, Val Loss: 0.675628659248352
Epoch [10/100], Loss: 0.5265184640884399
Epoch 11/100, Train Loss: 0.46485422424482054, Val Loss: 0.6251015017032623
Epoch [11/100], Loss: 0.4954897463321686
Epoch 12/100, Train Loss: 0.44750402562734853, Val Loss: 0.7836985054016113
Epoch [12/100], Loss: 0.6566267013549805
Epoch 13/100, Train Loss: 0.4356002369578331, Val Loss: 0.6081891267299652
Epoch [13/100], Loss: 0.4838956296443939
Epoch 14/100, Train Loss: 0.4300588003197971, Val Loss: 0.7617863550186157
Epoch [14/100], Loss: 0.6297832727432251
Epoch 15/100, Train Loss: 0.4119523596301248, Val Loss: 0.5721016409397125
Epoch [15/100], Loss: 0.47485867142677307
Epoch 16/100, Train Loss: 0.4063461400505664, Val Loss: 0.7335174851417542
Epoch [16/100], Loss: 0.6397081017494202
Epoch 17/100, Train Loss: 0.40073448134111916, Val Loss: 0.6308995122909546
Epoch [17/100], Loss: 0.5538746118545532
Epoch 18/100, Train Loss: 0.38683105011613533, Val Loss: 0.735974778175354
Epoch [18/100], Loss: 0.5956190824508667
Epoch 19/100, Train Loss: 0.3813978249266819, Val Loss: 0.595760612487793
Epoch [19/100], Loss: 0.4755241870880127
Epoch 20/100, Train Loss: 0.3864382297956521, Val Loss: 0.6070369169712067
Epoch [20/100], Loss: 0.49411311745643616
Epoch 21/100, Train Loss: 0.3546222317480116, Val Loss: 0.6517934799194336
Epoch [21/100], Loss: 0.5085861682891846
Epoch 22/100, Train Loss: 0.34409349033040504, Val Loss: 0.5834353544712066
Epoch [22/100], Loss: 0.451733261346817
Epoch 23/100, Train Loss: 0.339304889846612, Val Loss: 0.6225898671150207
Epoch [23/100], Loss: 0.4598236680030823
Epoch 24/100, Train Loss: 0.33171411472267487, Val Loss: 0.6747627325057983
Epoch [24/100], Loss: 0.529117226600647
Validation loss hasn't improved for 10 epochs, stopping training...
Epoch 1/100, Train Loss: 0.9058356878528305, Val Loss: 0.8263741431236267
Epoch [1/100], Loss: 0.7419156432151794
Epoch 2/100, Train Loss: 0.678985208705143, Val Loss: 0.7796576294898987
Epoch [2/100], Loss: 0.6872544884681702
Epoch 3/100, Train Loss: 0.6190091615181548, Val Loss: 0.708694037437439
Epoch [3/100], Loss: 0.5853060483932495
Epoch 4/100, Train Loss: 0.5843608152605028, Val Loss: 0.6736788244247437
Epoch [4/100], Loss: 0.5779677629470825
Epoch 5/100, Train Loss: 0.5593008574506686, Val Loss: 0.6502045350074768
Epoch [5/100], Loss: 0.559988796710968
Epoch 6/100, Train Loss: 0.5367070696808235, Val Loss: 0.8544436955451965
Epoch [6/100], Loss: 0.7750557065010071
Epoch 7/100, Train Loss: 0.5192456322415884, Val Loss: 0.7041315102577209
Epoch [7/100], Loss: 0.5737281441688538
Epoch 8/100, Train Loss: 0.5054134256522129, Val Loss: 0.6160334053039551
Epoch [8/100], Loss: 0.5109941959381104
Epoch 9/100, Train Loss: 0.48726024275887475, Val Loss: 0.6537020025253296
Epoch [9/100], Loss: 0.5586165189743042
Epoch 10/100, Train Loss: 0.47459426127235965, Val Loss: 0.7249336605072021
Epoch [10/100], Loss: 0.6362874507904053
Epoch 11/100, Train Loss: 0.46035103209907247, Val Loss: 1.0301903429031372
Epoch [11/100], Loss: 0.9579020738601685
Epoch 12/100, Train Loss: 0.4510199433032417, Val Loss: 0.5798313670158386
Epoch [12/100], Loss: 0.485970675945282
Epoch 13/100, Train Loss: 0.4352130577797431, Val Loss: 0.6330989108085633
Epoch [13/100], Loss: 0.5188071131706238
Epoch 14/100, Train Loss: 0.4363351811244958, Val Loss: 0.6207339043617248
Epoch [14/100], Loss: 0.5226932168006897
Epoch 15/100, Train Loss: 0.4244112400542222, Val Loss: 0.5889987254142761
Epoch [15/100], Loss: 0.5128344893455505
Epoch 16/100, Train Loss: 0.41242617431016637, Val Loss: 1.054528470993042
Epoch [16/100], Loss: 1.0349462032318115
Epoch 17/100, Train Loss: 0.39864164638077026, Val Loss: 0.6324040765762329
Epoch [17/100], Loss: 0.5293394327163696
Epoch 18/100, Train Loss: 0.3933123929303573, Val Loss: 0.6103859348297119
Epoch [18/100], Loss: 0.514655590057373
Epoch 19/100, Train Loss: 0.38628112359151473, Val Loss: 0.8603155612945557
Epoch [19/100], Loss: 0.6904637813568115
Epoch 20/100, Train Loss: 0.37837975850394767, Val Loss: 0.790888035774231
Epoch [20/100], Loss: 0.6080609560012817
Epoch 21/100, Train Loss: 0.37102708549161784, Val Loss: 0.629299777507782
Epoch [21/100], Loss: 0.4928976893424988
Epoch 22/100, Train Loss: 0.35416788752324263, Val Loss: 0.6829275550842285
Epoch [22/100], Loss: 0.5689370632171631
Epoch 23/100, Train Loss: 0.3418894466823108, Val Loss: 0.5775928969383239
Epoch [23/100], Loss: 0.4655284285545349
Epoch 24/100, Train Loss: 0.3484728066052796, Val Loss: 0.7012873516082764
Epoch [24/100], Loss: 0.5781826972961426
Epoch 25/100, Train Loss: 0.3546552188279858, Val Loss: 0.8993084230422974
Epoch [25/100], Loss: 0.7443081140518188
Epoch 26/100, Train Loss: 0.34002383083959453, Val Loss: 0.6073749542236329
Epoch [26/100], Loss: 0.5180282592773438
Epoch 27/100, Train Loss: 0.3246963984045572, Val Loss: 0.5977895579338074
Epoch [27/100], Loss: 0.43662017583847046
Epoch 28/100, Train Loss: 0.314391425488168, Val Loss: 0.5942223317623139
Epoch [28/100], Loss: 0.457681268453598
Epoch 29/100, Train Loss: 0.30201685879926055, Val Loss: 0.5961867730617523
Epoch [29/100], Loss: 0.4595242440700531
Epoch 30/100, Train Loss: 0.29849638454427607, Val Loss: 0.64165868973732
Epoch [30/100], Loss: 0.49487748742103577
Epoch 31/100, Train Loss: 0.29764236437932634, Val Loss: 0.6939871635437012
Epoch [31/100], Loss: 0.5103044509887695
Epoch 32/100, Train Loss: 0.29671915667053017, Val Loss: 0.6526244986057281
Epoch [32/100], Loss: 0.4959832727909088
Epoch 33/100, Train Loss: 0.31196579239621736, Val Loss: 0.6621571221351623
Epoch [33/100], Loss: 0.49459582567214966
Epoch 34/100, Train Loss: 0.31621944689228, Val Loss: 0.6174402673244477
Epoch [34/100], Loss: 0.45529183745384216
Epoch 35/100, Train Loss: 0.29877190654233576, Val Loss: 0.6546597504615783
Epoch [35/100], Loss: 0.4826086163520813
Epoch 36/100, Train Loss: 0.30040188413647334, Val Loss: 0.7021731996536255
Epoch [36/100], Loss: 0.587178111076355
Epoch 37/100, Train Loss: 0.2855617712259695, Val Loss: 0.6177778592109681
Epoch [37/100], Loss: 0.46283799409866333
Epoch 38/100, Train Loss: 0.2750073226266124, Val Loss: 0.8949202566146851
Epoch [38/100], Loss: 0.6307400465011597
Epoch 39/100, Train Loss: 0.27820369486664037, Val Loss: 0.6230065059661866
Epoch [39/100], Loss: 0.4680900573730469
Epoch 40/100, Train Loss: 0.26357990775703377, Val Loss: 0.6366926748752594
Epoch [40/100], Loss: 0.48636141419410706
Epoch 41/100, Train Loss: 0.25622391849504955, Val Loss: 0.6391409776210785
Epoch [41/100], Loss: 0.47637423872947693
Epoch 42/100, Train Loss: 0.24933303165898155, Val Loss: 0.6365933587551117
Epoch [42/100], Loss: 0.48400530219078064
Epoch 43/100, Train Loss: 0.2440747685315838, Val Loss: 0.6592354547977447
Epoch [43/100], Loss: 0.46164312958717346
Epoch 44/100, Train Loss: 0.24298739557925605, Val Loss: 0.6184111762046814
Epoch [44/100], Loss: 0.4492723345756531
Epoch 45/100, Train Loss: 0.24008063970488602, Val Loss: 0.6547149069309235
Epoch [45/100], Loss: 0.4870077669620514
Epoch 46/100, Train Loss: 0.2380116726706844, Val Loss: 0.8732463684082031
Epoch [46/100], Loss: 0.6754927635192871
Epoch 47/100, Train Loss: 0.23678937740812414, Val Loss: 0.6816332376003266
Epoch [47/100], Loss: 0.47495660185813904
Epoch 48/100, Train Loss: 0.23360501778065454, Val Loss: 0.6648264784812927
Epoch [48/100], Loss: 0.4610430598258972
Epoch 49/100, Train Loss: 0.2295634409780245, Val Loss: 0.6853226850032806
Epoch [49/100], Loss: 0.4989388883113861
Epoch 50/100, Train Loss: 0.22565717216687903, Val Loss: 0.689401020526886
Epoch [50/100], Loss: 0.4920220971107483
Epoch 51/100, Train Loss: 0.2233230405623756, Val Loss: 0.6719168722629547
Epoch [51/100], Loss: 0.482250839471817
Epoch 52/100, Train Loss: 0.2202644828901725, Val Loss: 0.698545030117035
Epoch [52/100], Loss: 0.5373370051383972
Epoch 53/100, Train Loss: 0.21843054984110402, Val Loss: 0.700576823234558
Epoch [53/100], Loss: 0.5024327039718628
Epoch 54/100, Train Loss: 0.220115717592167, Val Loss: 0.7784151468276977
Epoch [54/100], Loss: 0.5677446126937866
Epoch 55/100, Train Loss: 0.2504600875494251, Val Loss: 2.682825185775757
Epoch [55/100], Loss: 2.711944341659546
Epoch 56/100, Train Loss: 0.337196038042715, Val Loss: 0.9235534067153931
Epoch [56/100], Loss: 0.7031651735305786
Epoch 57/100, Train Loss: 0.289984048910527, Val Loss: 0.7072811579704285
Epoch [57/100], Loss: 0.5105671286582947
Epoch 58/100, Train Loss: 0.23945678915281923, Val Loss: 0.6650880184173584
Epoch [58/100], Loss: 0.4532895088195801
Epoch 59/100, Train Loss: 0.22318773589286997, Val Loss: 0.7119050211906434
Epoch [59/100], Loss: 0.4560243487358093
Epoch 60/100, Train Loss: 0.21437095449405014, Val Loss: 0.6957176899909974
Epoch [60/100], Loss: 0.5011418461799622
Epoch 61/100, Train Loss: 0.21004543173272935, Val Loss: 0.7141854996681214
Epoch [61/100], Loss: 0.4757450222969055
Epoch 62/100, Train Loss: 0.20460808373623313, Val Loss: 0.7268269786834717
Epoch [62/100], Loss: 0.4835188388824463
Epoch 63/100, Train Loss: 0.2026137101509519, Val Loss: 0.7315610308647156
Epoch [63/100], Loss: 0.47653406858444214
Epoch 64/100, Train Loss: 0.19965259398617993, Val Loss: 0.7312997431755066
Epoch [64/100], Loss: 0.4838413596153259
Epoch 65/100, Train Loss: 0.19736503440051215, Val Loss: 0.7683268680572509
Epoch [65/100], Loss: 0.5185427665710449
Epoch 66/100, Train Loss: 0.19556602123515401, Val Loss: 0.7372934129238129
Epoch [66/100], Loss: 0.4887333810329437
Epoch 67/100, Train Loss: 0.19449546867840206, Val Loss: 0.7852840719223022
Epoch [67/100], Loss: 0.5319861173629761
Epoch 68/100, Train Loss: 0.1933127221429931, Val Loss: 0.7830555791854859
Epoch [68/100], Loss: 0.5044115781784058
Epoch 69/100, Train Loss: 0.19118645809352097, Val Loss: 0.7786145668029785
Epoch [69/100], Loss: 0.5048727989196777
Epoch 70/100, Train Loss: 0.18992049130681796, Val Loss: 0.7775952768325806
Epoch [70/100], Loss: 0.5551797151565552
Epoch 71/100, Train Loss: 0.18929458668621957, Val Loss: 0.7996477570533752
Epoch [71/100], Loss: 0.5724409222602844
Epoch 72/100, Train Loss: 0.1892384213148844, Val Loss: 0.791231288433075
Epoch [72/100], Loss: 0.527892529964447
Epoch 73/100, Train Loss: 0.18756548635171597, Val Loss: 0.7679686670303345
Epoch [73/100], Loss: 0.5218945741653442
Epoch 74/100, Train Loss: 0.18595547660506798, Val Loss: 0.8139605059623718
Epoch [74/100], Loss: 0.5344192385673523
Epoch 75/100, Train Loss: 0.1854486216682608, Val Loss: 0.8202809710502624
Epoch [75/100], Loss: 0.5303487181663513
Epoch 76/100, Train Loss: 0.18393776409742604, Val Loss: 0.829938829421997
Epoch [76/100], Loss: 0.5725629329681396
Epoch 77/100, Train Loss: 0.18312470854635382, Val Loss: 0.812398325920105
Epoch [77/100], Loss: 0.5419760942459106
Epoch 78/100, Train Loss: 0.1825897633376049, Val Loss: 0.836006971359253
Epoch [78/100], Loss: 0.5635936260223389
Epoch 79/100, Train Loss: 0.1827140395546844, Val Loss: 0.7863123788833618
Epoch [79/100], Loss: 0.5849782228469849
Epoch 80/100, Train Loss: 0.1825979054577234, Val Loss: 0.8401763362884521
Epoch [80/100], Loss: 0.5350170135498047
Epoch 81/100, Train Loss: 0.19752690005061196, Val Loss: 0.8198825478553772
Epoch [81/100], Loss: 0.6385746598243713
Epoch 82/100, Train Loss: 0.31979720689997104, Val Loss: 1.94461834526062
Epoch [82/100], Loss: 1.9439809322357178
Epoch 83/100, Train Loss: 0.2619842936126217, Val Loss: 0.7211104769706727
Epoch [83/100], Loss: 0.5216283202171326
Epoch 84/100, Train Loss: 0.21876012581395862, Val Loss: 0.7274666047096252
Epoch [84/100], Loss: 0.5280581116676331
Epoch 85/100, Train Loss: 0.1984560709176538, Val Loss: 0.765824164390564
Epoch [85/100], Loss: 0.5178149938583374
Epoch 86/100, Train Loss: 0.18818441382146003, Val Loss: 0.7881142005920411
Epoch [86/100], Loss: 0.5279531478881836
Epoch 87/100, Train Loss: 0.18120920078147323, Val Loss: 0.8126750588417053
Epoch [87/100], Loss: 0.5446231961250305
Epoch 88/100, Train Loss: 0.17715104700240478, Val Loss: 0.8257592267990113
Epoch [88/100], Loss: 0.5562402009963989
Epoch 89/100, Train Loss: 0.17467017366250892, Val Loss: 0.8064446992874146
Epoch [89/100], Loss: 0.565407395362854
Epoch 90/100, Train Loss: 0.1722169706280678, Val Loss: 0.8158457479476928
Epoch [90/100], Loss: 0.5473765134811401
Epoch 91/100, Train Loss: 0.17102882559544721, Val Loss: 0.8301955757141113
Epoch [91/100], Loss: 0.5564875602722168
Epoch 92/100, Train Loss: 0.16917979380533626, Val Loss: 0.838754900932312
Epoch [92/100], Loss: 0.575677752494812
Epoch 93/100, Train Loss: 0.16914435242118964, Val Loss: 0.8617857465744019
Epoch [93/100], Loss: 0.5697420835494995
Epoch 94/100, Train Loss: 0.1670398202252026, Val Loss: 0.8321657991409301
Epoch [94/100], Loss: 0.5500353574752808
Epoch 95/100, Train Loss: 0.16575440472937353, Val Loss: 0.8631767320632935
Epoch [95/100], Loss: 0.5758970975875854
Epoch 96/100, Train Loss: 0.16598991960236836, Val Loss: 0.857722906589508
Epoch [96/100], Loss: 0.5604363083839417
Epoch 97/100, Train Loss: 0.1652952542745243, Val Loss: 0.8926347908973694
Epoch [97/100], Loss: 0.5823639035224915
Epoch 98/100, Train Loss: 0.16439182942774003, Val Loss: 0.8918277878761292
Epoch [98/100], Loss: 0.5988538861274719
Epoch 99/100, Train Loss: 0.16474742572283463, Val Loss: 0.8980286455154419
Epoch [99/100], Loss: 0.6019150018692017
Epoch 100/100, Train Loss: 0.16364353539368756, Val Loss: 0.8847884855270386
Epoch [100/100], Loss: 0.5741864442825317
Epoch 1/100, Train Loss: 0.8812743465172702, Val Loss: 1.5847705011367799
Epoch [1/100], Loss: 1.163629174232483
Epoch 2/100, Train Loss: 0.673458493218253, Val Loss: 0.800168375492096
Epoch [2/100], Loss: 0.739814817905426
Epoch 3/100, Train Loss: 0.6135221695015443, Val Loss: 0.6541837615966797
Epoch [3/100], Loss: 0.5423340797424316
Epoch 4/100, Train Loss: 0.5764919149332867, Val Loss: 0.7542783603668213
Epoch [4/100], Loss: 0.6514847278594971
Epoch 5/100, Train Loss: 0.5471896126740698, Val Loss: 0.7866369524002075
Epoch [5/100], Loss: 0.6635614633560181
Epoch 6/100, Train Loss: 0.5338283132340815, Val Loss: 1.033079662322998
Epoch [6/100], Loss: 0.9331560134887695
Epoch 7/100, Train Loss: 0.5175705339213045, Val Loss: 0.6374028115272522
Epoch [7/100], Loss: 0.5317977070808411
Epoch 8/100, Train Loss: 0.5014292255822965, Val Loss: 0.6319463572502136
Epoch [8/100], Loss: 0.5195023417472839
Epoch 9/100, Train Loss: 0.4847241233814426, Val Loss: 0.6326258525848388
Epoch [9/100], Loss: 0.5077555179595947
Epoch 10/100, Train Loss: 0.4732794710797765, Val Loss: 0.6215270066261291
Epoch [10/100], Loss: 0.5255816578865051
Epoch 11/100, Train Loss: 0.4578333220232598, Val Loss: 0.743828209400177
Epoch [11/100], Loss: 0.5939629673957825
Epoch 12/100, Train Loss: 0.45519260253512234, Val Loss: 0.9082519884109497
Epoch [12/100], Loss: 0.6781774759292603
Epoch 13/100, Train Loss: 0.4342514127945217, Val Loss: 0.6408642351627349
Epoch [13/100], Loss: 0.492826372385025
Epoch 14/100, Train Loss: 0.42078551500281836, Val Loss: 0.6682398023605347
Epoch [14/100], Loss: 0.5306907892227173
Epoch 15/100, Train Loss: 0.41751245553738753, Val Loss: 0.6309271371364593
Epoch [15/100], Loss: 0.4590021073818207
Epoch 16/100, Train Loss: 0.4141595717827345, Val Loss: 0.7167004041671753
Epoch [16/100], Loss: 0.5941222906112671
Epoch 17/100, Train Loss: 0.3928864422978277, Val Loss: 0.6430051119327546
Epoch [17/100], Loss: 0.4594391882419586
Epoch 18/100, Train Loss: 0.3937654288985074, Val Loss: 0.7709934954643249
Epoch [18/100], Loss: 0.6624142527580261
Epoch 19/100, Train Loss: 0.38199212000301674, Val Loss: 0.5673089158535004
Epoch [19/100], Loss: 0.43688997626304626
Epoch 20/100, Train Loss: 0.3843636275644447, Val Loss: 0.6116931686401367
Epoch [20/100], Loss: 0.49249815940856934
Epoch 21/100, Train Loss: 0.3685600091795897, Val Loss: 0.579720315694809
Epoch [21/100], Loss: 0.4679766595363617
Epoch 22/100, Train Loss: 0.3593275366102865, Val Loss: 0.6016833817958832
Epoch [22/100], Loss: 0.47969064116477966
Epoch 23/100, Train Loss: 0.3471711586940952, Val Loss: 0.5816628341674804
Epoch [23/100], Loss: 0.5024552345275879
Epoch 24/100, Train Loss: 0.34777920159682457, Val Loss: 0.7131526679992676
Epoch [24/100], Loss: 0.589339017868042
Epoch 25/100, Train Loss: 0.3369604692089216, Val Loss: 0.5787899878025055
Epoch [25/100], Loss: 0.436364084482193
Epoch 26/100, Train Loss: 0.3238164243368435, Val Loss: 0.6973156628608703
Epoch [26/100], Loss: 0.5250604748725891
Epoch 27/100, Train Loss: 0.3161421374366014, Val Loss: 0.5915004057884217
Epoch [27/100], Loss: 0.4855007529258728
Epoch 28/100, Train Loss: 0.3069869360976034, Val Loss: 0.610724974155426
Epoch [28/100], Loss: 0.4658728241920471
Validation loss hasn't improved for 10 epochs, stopping training...
Epoch 1/100, Train Loss: 0.900016119267044, Val Loss: 1.083116370677948
Epoch [1/100], Loss: 0.9437362551689148
Epoch 2/100, Train Loss: 0.6728677230580862, Val Loss: 0.7803583388328552
Epoch [2/100], Loss: 0.6653928160667419
Epoch 3/100, Train Loss: 0.6196198055555205, Val Loss: 0.7476577363014221
Epoch [3/100], Loss: 0.6310535073280334
Epoch 4/100, Train Loss: 0.583478891909826, Val Loss: 0.6992133960723877
Epoch [4/100], Loss: 0.5439009666442871
Epoch 5/100, Train Loss: 0.5557775053768897, Val Loss: 0.6931917710304261
Epoch [5/100], Loss: 0.5499826073646545
Epoch 6/100, Train Loss: 0.538035075720808, Val Loss: 0.7129242105484008
Epoch [6/100], Loss: 0.5359312295913696
Epoch 7/100, Train Loss: 0.5204552564009848, Val Loss: 0.7165474553108215
Epoch [7/100], Loss: 0.6131137013435364
Epoch 8/100, Train Loss: 0.5169204477315006, Val Loss: 0.6510830564498902
Epoch [8/100], Loss: 0.525596022605896
Epoch 9/100, Train Loss: 0.49518460141868653, Val Loss: 0.619744384765625
Epoch [9/100], Loss: 0.5090372562408447
Epoch 10/100, Train Loss: 0.47453057665446957, Val Loss: 1.8855452404022217
Epoch [10/100], Loss: 1.6461360454559326
Epoch 11/100, Train Loss: 0.46217952627958775, Val Loss: 0.599140564441681
Epoch [11/100], Loss: 0.48585063219070435
Epoch 12/100, Train Loss: 0.4449796116874753, Val Loss: 0.5785139517784119
Epoch [12/100], Loss: 0.497126042842865
Epoch 13/100, Train Loss: 0.43483182571790674, Val Loss: 0.6012970676422119
Epoch [13/100], Loss: 0.4520277976989746
Epoch 14/100, Train Loss: 0.428695799236957, Val Loss: 0.6748761777877808
Epoch [14/100], Loss: 0.6030806303024292
Epoch 15/100, Train Loss: 0.4181172680895003, Val Loss: 0.6234237241744995
Epoch [15/100], Loss: 0.5238913297653198
Epoch 16/100, Train Loss: 0.40266925011075166, Val Loss: 0.6932169842720032
Epoch [16/100], Loss: 0.537825882434845
Epoch 17/100, Train Loss: 0.4117855014527628, Val Loss: 0.7128551440238953
Epoch [17/100], Loss: 0.6695253252983093
Epoch 18/100, Train Loss: 0.39087107079025063, Val Loss: 0.5958351564407348
Epoch [18/100], Loss: 0.5157941579818726
Epoch 19/100, Train Loss: 0.3851673699048478, Val Loss: 0.5920889797210693
Epoch [19/100], Loss: 0.45140576362609863
Epoch 20/100, Train Loss: 0.37695536780317157, Val Loss: 0.763208616733551
Epoch [20/100], Loss: 0.6356692910194397
Epoch 21/100, Train Loss: 0.3648910221422302, Val Loss: 0.5954585051536561
Epoch [21/100], Loss: 0.44941776990890503
Epoch 22/100, Train Loss: 0.35573564327587365, Val Loss: 0.663677734375
Epoch [22/100], Loss: 0.5534529685974121
Epoch 23/100, Train Loss: 0.34299580594540446, Val Loss: 0.7235462198257446
Epoch [23/100], Loss: 0.5995713472366333
Epoch 24/100, Train Loss: 0.3486053582890239, Val Loss: 0.6688746089935302
Epoch [24/100], Loss: 0.5570986270904541
Epoch 25/100, Train Loss: 0.3462401136379017, Val Loss: 0.6203605499267578
Epoch [25/100], Loss: 0.5018041133880615
Epoch 26/100, Train Loss: 0.3274727678620594, Val Loss: 0.5876972544193267
Epoch [26/100], Loss: 0.4723750650882721
Epoch 27/100, Train Loss: 0.31757732449856413, Val Loss: 0.5966081461906433
Epoch [27/100], Loss: 0.46025460958480835
Epoch 28/100, Train Loss: 0.3080073303858707, Val Loss: 0.616452525138855
Epoch [28/100], Loss: 0.5010718107223511
Epoch 29/100, Train Loss: 0.3031787895734153, Val Loss: 0.6324330430030822
Epoch [29/100], Loss: 0.4895644783973694
Epoch 30/100, Train Loss: 0.2985244978740686, Val Loss: 0.8652244305610657
Epoch [30/100], Loss: 0.7619598507881165
Epoch 31/100, Train Loss: 0.29478831820906115, Val Loss: 0.6230260944366455
Epoch [31/100], Loss: 0.46558713912963867
Epoch 32/100, Train Loss: 0.29064217771687756, Val Loss: 0.6204942364692688
Epoch [32/100], Loss: 0.4791272282600403
Epoch 33/100, Train Loss: 0.28499701334694383, Val Loss: 0.6898695936203003
Epoch [33/100], Loss: 0.5354338884353638
Epoch 34/100, Train Loss: 0.284311547609043, Val Loss: 0.6410268647670746
Epoch [34/100], Loss: 0.4919005334377289
Epoch 35/100, Train Loss: 0.28326436791813997, Val Loss: 0.6268551368713379
Epoch [35/100], Loss: 0.4488093852996826
Epoch 36/100, Train Loss: 0.27425535094074616, Val Loss: 0.6400782716274261
Epoch [36/100], Loss: 0.4742337167263031
Epoch 37/100, Train Loss: 0.2658986021354669, Val Loss: 0.6229393057823182
Epoch [37/100], Loss: 0.4590300917625427
Epoch 38/100, Train Loss: 0.25986274950218846, Val Loss: 0.6318041305541993
Epoch [38/100], Loss: 0.4675869941711426
Epoch 39/100, Train Loss: 0.2569985080629738, Val Loss: 0.7451261157989502
Epoch [39/100], Loss: 0.5506138801574707
Epoch 40/100, Train Loss: 0.31432273828159096, Val Loss: 1.7060445690155028
Epoch [40/100], Loss: 1.5060546398162842
Epoch 41/100, Train Loss: 0.3099292272258971, Val Loss: 0.6424967069625854
Epoch [41/100], Loss: 0.5103257894515991
Epoch 42/100, Train Loss: 0.2872760625653484, Val Loss: 0.6371839067935944
Epoch [42/100], Loss: 0.4749116003513336
Epoch 43/100, Train Loss: 0.25990579193599306, Val Loss: 0.6170329494476319
Epoch [43/100], Loss: 0.4360685348510742
Epoch 44/100, Train Loss: 0.2489348141127855, Val Loss: 0.6370385839939118
Epoch [44/100], Loss: 0.4427310526371002
Epoch 45/100, Train Loss: 0.24166541193026114, Val Loss: 0.6513987448215485
Epoch [45/100], Loss: 0.4524458944797516
Epoch 46/100, Train Loss: 0.23603314181905974, Val Loss: 0.6585920884609222
Epoch [46/100], Loss: 0.4574349820613861
Epoch 47/100, Train Loss: 0.23129293466297812, Val Loss: 0.6941639518737793
Epoch [47/100], Loss: 0.45972347259521484
Epoch 48/100, Train Loss: 0.22776639420306702, Val Loss: 0.664518187046051
Epoch [48/100], Loss: 0.44462352991104126
Epoch 49/100, Train Loss: 0.22591769860124508, Val Loss: 0.6954797940254211
Epoch [49/100], Loss: 0.4443557858467102
Epoch 50/100, Train Loss: 0.2232312785935844, Val Loss: 0.707110981464386
Epoch [50/100], Loss: 0.45498353242874146
Epoch 51/100, Train Loss: 0.22165594168296351, Val Loss: 0.7153368222713471
Epoch [51/100], Loss: 0.49508246779441833
Epoch 52/100, Train Loss: 0.22037962615288934, Val Loss: 0.7157826380729675
Epoch [52/100], Loss: 0.4798831343650818
Epoch 53/100, Train Loss: 0.21648082268278274, Val Loss: 0.7034164960384369
Epoch [53/100], Loss: 0.4608672559261322
Epoch 54/100, Train Loss: 0.21565769944484478, Val Loss: 0.7282594118118286
Epoch [54/100], Loss: 0.5066345930099487
Epoch 55/100, Train Loss: 0.21318666202724482, Val Loss: 0.7244688017368317
Epoch [55/100], Loss: 0.4741913378238678
Epoch 56/100, Train Loss: 0.21248588950999872, Val Loss: 0.7228750772476197
Epoch [56/100], Loss: 0.5053492784500122
Epoch 57/100, Train Loss: 0.3025494181386134, Val Loss: 0.7798729124069214
Epoch [57/100], Loss: 0.6158589124679565
Epoch 58/100, Train Loss: 0.29463126383985677, Val Loss: 1.4709593458175658
Epoch [58/100], Loss: 1.5307692289352417
Epoch 59/100, Train Loss: 0.25393290353866693, Val Loss: 0.6837068791389466
Epoch [59/100], Loss: 0.4535902142524719
Epoch 60/100, Train Loss: 0.22494288731184214, Val Loss: 0.6917565958499908
Epoch [60/100], Loss: 0.46638908982276917
Epoch 61/100, Train Loss: 0.21328213678745153, Val Loss: 0.7280906820297242
Epoch [61/100], Loss: 0.516804575920105
Epoch 62/100, Train Loss: 0.20747817102913912, Val Loss: 0.7132845635414123
Epoch [62/100], Loss: 0.47960859537124634
Epoch 63/100, Train Loss: 0.20431111704740315, Val Loss: 0.7070522599220276
Epoch [63/100], Loss: 0.47596031427383423
Epoch 64/100, Train Loss: 0.1998831181160314, Val Loss: 0.7376588439941406
Epoch [64/100], Loss: 0.49135303497314453
Epoch 65/100, Train Loss: 0.19787177363595915, Val Loss: 0.7491901731491089
Epoch [65/100], Loss: 0.5458158254623413
Epoch 66/100, Train Loss: 0.195947060109592, Val Loss: 0.7401165962219238
Epoch [66/100], Loss: 0.4937586784362793
Epoch 67/100, Train Loss: 0.1939647102034313, Val Loss: 0.7501711378097534
Epoch [67/100], Loss: 0.5010350942611694
Epoch 68/100, Train Loss: 0.19243776750001698, Val Loss: 0.7275320744514465
Epoch [68/100], Loss: 0.5069513916969299
Epoch 69/100, Train Loss: 0.1908242955627972, Val Loss: 0.7676917452812195
Epoch [69/100], Loss: 0.5220090746879578
Epoch 70/100, Train Loss: 0.18974185170853922, Val Loss: 0.7556723475456237
Epoch [70/100], Loss: 0.5115084052085876
Epoch 71/100, Train Loss: 0.18890699911579917, Val Loss: 0.7849367852210999
Epoch [71/100], Loss: 0.5595067143440247
Epoch 72/100, Train Loss: 0.18863385584060902, Val Loss: 0.7904787797927857
Epoch [72/100], Loss: 0.5482388734817505
Epoch 73/100, Train Loss: 0.18638777091571493, Val Loss: 0.797913592338562
Epoch [73/100], Loss: 0.5415643453598022
Epoch 74/100, Train Loss: 0.2044918832248218, Val Loss: 1.0822339062690736
Epoch [74/100], Loss: 0.8266652226448059
Epoch 75/100, Train Loss: 0.2935890246804609, Val Loss: 0.7168715829849244
Epoch [75/100], Loss: 0.5309566259384155
Epoch 76/100, Train Loss: 0.2681463378677883, Val Loss: 0.6823556246757507
Epoch [76/100], Loss: 0.49069780111312866
Epoch 77/100, Train Loss: 0.21249933196058965, Val Loss: 0.7213101606369019
Epoch [77/100], Loss: 0.5257824659347534
Epoch 78/100, Train Loss: 0.1970903185477345, Val Loss: 0.7395220241546631
Epoch [78/100], Loss: 0.5258135795593262
Epoch 79/100, Train Loss: 0.1893497396329603, Val Loss: 0.7450625562667846
Epoch [79/100], Loss: 0.5224839448928833
Epoch 80/100, Train Loss: 0.18474727748417333, Val Loss: 0.7906281094551086
Epoch [80/100], Loss: 0.5704568028450012
Epoch 81/100, Train Loss: 0.18261555899657045, Val Loss: 0.7799484157562255
Epoch [81/100], Loss: 0.5477192401885986
Epoch 82/100, Train Loss: 0.17975234676271828, Val Loss: 0.7856404867172241
Epoch [82/100], Loss: 0.5165373086929321
Epoch 83/100, Train Loss: 0.17748554998766913, Val Loss: 0.8052281847000122
Epoch [83/100], Loss: 0.5518535375595093
Epoch 84/100, Train Loss: 0.17619645353815006, Val Loss: 0.7808851685523986
Epoch [84/100], Loss: 0.5238357186317444
Epoch 85/100, Train Loss: 0.1746779251560996, Val Loss: 0.8420632796287537
Epoch [85/100], Loss: 0.540181577205658
Epoch 86/100, Train Loss: 0.17399244370790196, Val Loss: 0.8007397360801697
Epoch [86/100], Loss: 0.5335130095481873
Epoch 87/100, Train Loss: 0.1726984340465089, Val Loss: 0.8316105489730835
Epoch [87/100], Loss: 0.5496293306350708
Epoch 88/100, Train Loss: 0.17250770085175565, Val Loss: 0.81439080286026
Epoch [88/100], Loss: 0.5354941487312317
Epoch 89/100, Train Loss: 0.17035059794708207, Val Loss: 0.836385422706604
Epoch [89/100], Loss: 0.5591355562210083
Epoch 90/100, Train Loss: 0.17013929013357595, Val Loss: 0.8366539950370788
Epoch [90/100], Loss: 0.55741947889328
Epoch 91/100, Train Loss: 0.1696124197308973, Val Loss: 0.8155174584388732
Epoch [91/100], Loss: 0.5529187321662903
Epoch 92/100, Train Loss: 0.16921842529440007, Val Loss: 0.8443380017280578
Epoch [92/100], Loss: 0.5614328980445862
Epoch 93/100, Train Loss: 0.16792828572841761, Val Loss: 0.8713047604560852
Epoch [93/100], Loss: 0.5449736714363098
Epoch 94/100, Train Loss: 0.16781491840267665, Val Loss: 0.8722471942901612
Epoch [94/100], Loss: 0.5749707221984863
Epoch 95/100, Train Loss: 0.16783433445991594, Val Loss: 0.8802995543479919
Epoch [95/100], Loss: 0.587411105632782
Epoch 96/100, Train Loss: 0.167300351082173, Val Loss: 0.8666585884094238
Epoch [96/100], Loss: 0.6021819114685059
Epoch 97/100, Train Loss: 0.1674758951137279, Val Loss: 1.065154688358307
Epoch [97/100], Loss: 0.7240782380104065
Epoch 98/100, Train Loss: 0.17206012544302274, Val Loss: 0.9084688901901246
Epoch [98/100], Loss: 0.5707892179489136
Epoch 99/100, Train Loss: 0.16874426613871202, Val Loss: 0.8785418195724487
Epoch [99/100], Loss: 0.5627597570419312
Epoch 100/100, Train Loss: 0.1660712581058779, Val Loss: 0.9321348185539245
Epoch [100/100], Loss: 0.6040155291557312
Epoch 1/100, Train Loss: 0.8877754450246416, Val Loss: 0.869747947216034
Epoch [1/100], Loss: 0.7843734622001648
Epoch 2/100, Train Loss: 0.6718406330272682, Val Loss: 0.7786843438148499
Epoch [2/100], Loss: 0.6440072655677795
Epoch 3/100, Train Loss: 0.6135011021443604, Val Loss: 0.8687914371490478
Epoch [3/100], Loss: 0.7507531642913818
Epoch 4/100, Train Loss: 0.581633530519463, Val Loss: 0.6838370003700256
Epoch [4/100], Loss: 0.565493643283844
Epoch 5/100, Train Loss: 0.5567449542161385, Val Loss: 0.8390156383514404
Epoch [5/100], Loss: 0.7005164623260498
Epoch 6/100, Train Loss: 0.5329760330523448, Val Loss: 1.023877974510193
Epoch [6/100], Loss: 0.8715537786483765
Epoch 7/100, Train Loss: 0.5136815222881697, Val Loss: 1.1159817233085632
Epoch [7/100], Loss: 0.9807330965995789
Epoch 8/100, Train Loss: 0.4982958945013821, Val Loss: 0.7124463648796081
Epoch [8/100], Loss: 0.5904318690299988
Epoch 9/100, Train Loss: 0.48467609767769076, Val Loss: 1.7271732950210572
Epoch [9/100], Loss: 1.4668203592300415
Epoch 10/100, Train Loss: 0.46633850342105654, Val Loss: 0.6348111910820007
Epoch [10/100], Loss: 0.5151669383049011
Epoch 11/100, Train Loss: 0.45808351856058, Val Loss: 0.665100055217743
Epoch [11/100], Loss: 0.6112546324729919
Epoch 12/100, Train Loss: 0.4472078087860577, Val Loss: 0.7156332731246948
Epoch [12/100], Loss: 0.5914567708969116
Epoch 13/100, Train Loss: 0.4407496930877435, Val Loss: 0.6767547044754029
Epoch [13/100], Loss: 0.6147083044052124
Epoch 14/100, Train Loss: 0.4282350041914549, Val Loss: 0.5861526641845703
Epoch [14/100], Loss: 0.4737381935119629
Epoch 15/100, Train Loss: 0.4099348907828532, Val Loss: 0.628344634771347
Epoch [15/100], Loss: 0.44522055983543396
Epoch 16/100, Train Loss: 0.40308419890186636, Val Loss: 0.8013634810447693
Epoch [16/100], Loss: 0.6225399374961853
Epoch 17/100, Train Loss: 0.4123935957381134, Val Loss: 0.6445273275375366
Epoch [17/100], Loss: 0.5102964639663696
Epoch 18/100, Train Loss: 0.3899792398409337, Val Loss: 0.7013413662910462
Epoch [18/100], Loss: 0.5039027333259583
Epoch 19/100, Train Loss: 0.37897624556370973, Val Loss: 0.6690833516120911
Epoch [19/100], Loss: 0.5281317830085754
Epoch 20/100, Train Loss: 0.36352336178541583, Val Loss: 0.593734947681427
Epoch [20/100], Loss: 0.43877869844436646
Epoch 21/100, Train Loss: 0.3541820748057373, Val Loss: 0.7508638830184936
Epoch [21/100], Loss: 0.5565768480300903
Epoch 22/100, Train Loss: 0.355442194070221, Val Loss: 0.671963027715683
Epoch [22/100], Loss: 0.47836121916770935
Epoch 23/100, Train Loss: 0.34994012902398136, Val Loss: 0.696994327545166
Epoch [23/100], Loss: 0.5663628578186035
Epoch 24/100, Train Loss: 0.3575631396565429, Val Loss: 0.6284235761165619
Epoch [24/100], Loss: 0.4849720895290375
Epoch 25/100, Train Loss: 0.3450170897814315, Val Loss: 0.628163456439972
Epoch [25/100], Loss: 0.4890053868293762
Epoch 26/100, Train Loss: 0.32532414561781475, Val Loss: 0.5982061421871185
Epoch [26/100], Loss: 0.4628647267818451
Epoch 27/100, Train Loss: 0.31712261203167613, Val Loss: 0.6008297824859619
Epoch [27/100], Loss: 0.42990875244140625
Epoch 28/100, Train Loss: 0.3247512760391525, Val Loss: 0.6526899905204773
Epoch [28/100], Loss: 0.5353440642356873
Epoch 29/100, Train Loss: 0.3239074254518416, Val Loss: 0.6483322987556458
Epoch [29/100], Loss: 0.5546699166297913
Epoch 30/100, Train Loss: 0.3068337776407625, Val Loss: 0.5855262494087219
Epoch [30/100], Loss: 0.47696834802627563
Epoch 31/100, Train Loss: 0.2938241830865207, Val Loss: 0.6075897290706634
Epoch [31/100], Loss: 0.4751339852809906
Epoch 32/100, Train Loss: 0.30538451185113863, Val Loss: 0.686827229976654
Epoch [32/100], Loss: 0.5520355105400085
Epoch 33/100, Train Loss: 0.3154507818049162, Val Loss: 0.6413436281681061
Epoch [33/100], Loss: 0.4802478849887848
Epoch 34/100, Train Loss: 0.2892584407510484, Val Loss: 0.6169041094779968
Epoch [34/100], Loss: 0.45119041204452515
Epoch 35/100, Train Loss: 0.2764501068081462, Val Loss: 0.6541233255863189
Epoch [35/100], Loss: 0.4728824198246002
Epoch 36/100, Train Loss: 0.26940894653584063, Val Loss: 0.6128460199832916
Epoch [36/100], Loss: 0.45617571473121643
Epoch 37/100, Train Loss: 0.2642050408442547, Val Loss: 0.6255811176300049
Epoch [37/100], Loss: 0.4631657600402832
Epoch 38/100, Train Loss: 0.2600395940206505, Val Loss: 0.6415783104896545
Epoch [38/100], Loss: 0.4616757035255432
Epoch 39/100, Train Loss: 0.25702761818747494, Val Loss: 0.6498081665039063
Epoch [39/100], Loss: 0.4941580295562744
Epoch 40/100, Train Loss: 0.25393994972235434, Val Loss: 0.6829517579078674
Epoch [40/100], Loss: 0.5114262700080872
Epoch 41/100, Train Loss: 0.25158030070603193, Val Loss: 0.657360975265503
Epoch [41/100], Loss: 0.511275053024292
Epoch 42/100, Train Loss: 0.24816106473414531, Val Loss: 0.6722861671447754
Epoch [42/100], Loss: 0.5179028511047363
Epoch 43/100, Train Loss: 0.24343084799499576, Val Loss: 0.6565627059936523
Epoch [43/100], Loss: 0.4936056137084961
Epoch 44/100, Train Loss: 0.23946057090168257, Val Loss: 0.6869887199401855
Epoch [44/100], Loss: 0.48735642433166504
Epoch 45/100, Train Loss: 0.2408091154056295, Val Loss: 0.6540542044639588
Epoch [45/100], Loss: 0.468352735042572
Epoch 46/100, Train Loss: 0.23944127033472462, Val Loss: 0.6686997816562653
Epoch [46/100], Loss: 0.4895457327365875
Epoch 47/100, Train Loss: 0.23563862137408523, Val Loss: 0.6964569635391236
Epoch [47/100], Loss: 0.5109230279922485
Epoch 48/100, Train Loss: 0.23358713893021943, Val Loss: 0.6633651032447815
Epoch [48/100], Loss: 0.46779853105545044
Epoch 49/100, Train Loss: 0.23169766827337254, Val Loss: 0.739533408164978
Epoch [49/100], Loss: 0.5319517850875854
Epoch 50/100, Train Loss: 0.23630224109500095, Val Loss: 0.9275972290039063
Epoch [50/100], Loss: 0.8214950561523438
Epoch 51/100, Train Loss: 0.34740320201868957, Val Loss: 0.6524989423751831
Epoch [51/100], Loss: 0.5320311784744263
Epoch 52/100, Train Loss: 0.2921680065371335, Val Loss: 0.7943843955993652
Epoch [52/100], Loss: 0.6134424209594727
Epoch 53/100, Train Loss: 0.2562279711686339, Val Loss: 0.6240607316493988
Epoch [53/100], Loss: 0.47196945548057556
Epoch 54/100, Train Loss: 0.2311253096211017, Val Loss: 0.6504714035987854
Epoch [54/100], Loss: 0.4793460965156555
Epoch 55/100, Train Loss: 0.22882850880767602, Val Loss: 0.6548769164085388
Epoch [55/100], Loss: 0.478951632976532
Epoch 56/100, Train Loss: 0.21837077310676317, Val Loss: 0.6593087408542633
Epoch [56/100], Loss: 0.47864213585853577
Epoch 57/100, Train Loss: 0.21385343543695157, Val Loss: 0.6534286842346192
Epoch [57/100], Loss: 0.4720125198364258
Epoch 58/100, Train Loss: 0.21024098222915077, Val Loss: 0.6914032225608826
Epoch [58/100], Loss: 0.5075384974479675
Epoch 59/100, Train Loss: 0.20747281987389665, Val Loss: 0.7046895456314087
Epoch [59/100], Loss: 0.5102354288101196
Epoch 60/100, Train Loss: 0.2058302509744493, Val Loss: 0.6947185163497924
Epoch [60/100], Loss: 0.5210942029953003
Epoch 61/100, Train Loss: 0.20283397190385885, Val Loss: 0.7025985105037689
Epoch [61/100], Loss: 0.49649152159690857
Epoch 62/100, Train Loss: 0.2012653619654062, Val Loss: 0.7027467138767243
Epoch [62/100], Loss: 0.4950639307498932
Epoch 63/100, Train Loss: 0.19892837127284296, Val Loss: 0.702032322883606
Epoch [63/100], Loss: 0.5151635408401489
Epoch 64/100, Train Loss: 0.19766356967150864, Val Loss: 0.7346187791824341
Epoch [64/100], Loss: 0.5334752798080444
Epoch 65/100, Train Loss: 0.19714888932833582, Val Loss: 0.7560358710289001
Epoch [65/100], Loss: 0.5384790301322937
Epoch 66/100, Train Loss: 0.1983034711161512, Val Loss: 0.7893622546195984
Epoch [66/100], Loss: 0.5581993460655212
Epoch 67/100, Train Loss: 0.1974755216710282, Val Loss: 0.7976222224235535
Epoch [67/100], Loss: 0.5345379710197449
Epoch 68/100, Train Loss: 0.19882627035071837, Val Loss: 0.819703408241272
Epoch [68/100], Loss: 0.5689355134963989
Epoch 69/100, Train Loss: 0.1940772197901901, Val Loss: 0.7944977197647095
Epoch [69/100], Loss: 0.5202158689498901
Epoch 70/100, Train Loss: 0.19146781232566093, Val Loss: 0.7704507780075073
Epoch [70/100], Loss: 0.5302881002426147
Epoch 71/100, Train Loss: 0.18951927934589516, Val Loss: 0.7645223393440247
Epoch [71/100], Loss: 0.5424845814704895
Epoch 72/100, Train Loss: 0.18821133834013046, Val Loss: 0.7597976713180542
Epoch [72/100], Loss: 0.5329996347427368
Epoch 73/100, Train Loss: 0.18777947884687485, Val Loss: 0.8195694313049317
Epoch [73/100], Loss: 0.5830652713775635
Epoch 74/100, Train Loss: 0.19006945720510982, Val Loss: 0.790352737903595
Epoch [74/100], Loss: 0.5484731793403625
Epoch 75/100, Train Loss: 0.2044896773755249, Val Loss: 0.8655107779502869
Epoch [75/100], Loss: 0.6702949404716492
Epoch 76/100, Train Loss: 0.24850950686364712, Val Loss: 1.6465255432128907
Epoch [76/100], Loss: 1.674696922302246
Epoch 77/100, Train Loss: 0.3287155855365386, Val Loss: 0.8853888077735901
Epoch [77/100], Loss: 0.6298909783363342
Epoch 78/100, Train Loss: 0.24162459496603447, Val Loss: 0.7634225850105285
Epoch [78/100], Loss: 0.5200610756874084
Epoch 79/100, Train Loss: 0.2075435068012289, Val Loss: 0.7338204841613769
Epoch [79/100], Loss: 0.5217537879943848
Epoch 80/100, Train Loss: 0.19478727567055173, Val Loss: 0.7424151692390442
Epoch [80/100], Loss: 0.4935527443885803
Epoch 81/100, Train Loss: 0.1880947307681957, Val Loss: 0.7520306100845336
Epoch [81/100], Loss: 0.5234740972518921
Epoch 82/100, Train Loss: 0.18331953835427056, Val Loss: 0.79337930727005
Epoch [82/100], Loss: 0.5193591713905334
Epoch 83/100, Train Loss: 0.1804436519968168, Val Loss: 0.8033343563079834
Epoch [83/100], Loss: 0.5496485233306885
Epoch 84/100, Train Loss: 0.17784934689685025, Val Loss: 0.7614714488983154
Epoch [84/100], Loss: 0.5153965950012207
Epoch 85/100, Train Loss: 0.17624110873995905, Val Loss: 0.8155216836929321
Epoch [85/100], Loss: 0.5466808080673218
Epoch 86/100, Train Loss: 0.1738364506380956, Val Loss: 0.8070334024429321
Epoch [86/100], Loss: 0.5456684827804565
Epoch 87/100, Train Loss: 0.1728040720921946, Val Loss: 0.8294075388908386
Epoch [87/100], Loss: 0.6079253554344177
Epoch 88/100, Train Loss: 0.17235872657564397, Val Loss: 0.8226533355712891
Epoch [88/100], Loss: 0.5500590801239014
Epoch 89/100, Train Loss: 0.17162180901277327, Val Loss: 0.8363921442031861
Epoch [89/100], Loss: 0.5573610067367554
Epoch 90/100, Train Loss: 0.16986855858996586, Val Loss: 0.8353292932510376
Epoch [90/100], Loss: 0.5690118074417114
Epoch 91/100, Train Loss: 0.16876738171955386, Val Loss: 0.8075239000320434
Epoch [91/100], Loss: 0.5143455266952515
Epoch 92/100, Train Loss: 0.1687512048681912, Val Loss: 0.9196136059761048
Epoch [92/100], Loss: 0.6371229290962219
Epoch 93/100, Train Loss: 0.1681475889019379, Val Loss: 0.8542033004760742
Epoch [93/100], Loss: 0.5604887008666992
Epoch 94/100, Train Loss: 0.1675820983230163, Val Loss: 0.8394383716583252
Epoch [94/100], Loss: 0.5714766979217529
Epoch 95/100, Train Loss: 0.16715865807629757, Val Loss: 0.8742087039947509
Epoch [95/100], Loss: 0.5769593715667725
Epoch 96/100, Train Loss: 0.1735462515189314, Val Loss: 2.3784219017028807
Epoch [96/100], Loss: 2.015246868133545
Epoch 97/100, Train Loss: 0.30115986061337424, Val Loss: 1.2590781049728395
Epoch [97/100], Loss: 0.8602417707443237
Epoch 98/100, Train Loss: 0.21459454800588085, Val Loss: 0.7714537987709046
Epoch [98/100], Loss: 0.5320680737495422
Epoch 99/100, Train Loss: 0.1843221805499738, Val Loss: 0.8338929691314697
Epoch [99/100], Loss: 0.5530843734741211
Epoch 100/100, Train Loss: 0.17544339970131145, Val Loss: 0.828115095615387
Epoch [100/100], Loss: 0.5421047806739807
Epoch 1/100, Train Loss: 0.8931486679570871, Val Loss: 0.7867049913406372
Epoch [1/100], Loss: 0.6707607507705688
Epoch 2/100, Train Loss: 0.6722300592401579, Val Loss: 0.7795557346343994
Epoch [2/100], Loss: 0.6780641078948975
Epoch 3/100, Train Loss: 0.6258148000574032, Val Loss: 0.7380248765945434
Epoch [3/100], Loss: 0.6208254098892212
Epoch 4/100, Train Loss: 0.5792883620897393, Val Loss: 0.6718536005020141
Epoch [4/100], Loss: 0.6017199754714966
Epoch 5/100, Train Loss: 0.5565786934120056, Val Loss: 0.6395100564956665
Epoch [5/100], Loss: 0.5431200265884399
Epoch 6/100, Train Loss: 0.5328239675919081, Val Loss: 1.233246042251587
Epoch [6/100], Loss: 1.2675049304962158
Epoch 7/100, Train Loss: 0.5165806154678081, Val Loss: 0.6313324675559998
Epoch [7/100], Loss: 0.5178229212760925
Epoch 8/100, Train Loss: 0.5037281844306354, Val Loss: 0.6510970621109009
Epoch [8/100], Loss: 0.5143412351608276
Epoch 9/100, Train Loss: 0.488069504057175, Val Loss: 0.6868478350639343
Epoch [9/100], Loss: 0.5605010390281677
Epoch 10/100, Train Loss: 0.4754004305470452, Val Loss: 0.6377554125785828
Epoch [10/100], Loss: 0.5263823866844177
Epoch 11/100, Train Loss: 0.45771491895437644, Val Loss: 0.8505855307579041
Epoch [11/100], Loss: 0.6922163367271423
Epoch 12/100, Train Loss: 0.45572321893392886, Val Loss: 0.6114740667343139
Epoch [12/100], Loss: 0.5232511758804321
Epoch 13/100, Train Loss: 0.4387561994600055, Val Loss: 0.677759524345398
Epoch [13/100], Loss: 0.5682166814804077
Epoch 14/100, Train Loss: 0.4265324192947722, Val Loss: 0.7169737296104431
Epoch [14/100], Loss: 0.6030206084251404
Epoch 15/100, Train Loss: 0.4195760125052467, Val Loss: 0.5866464598178863
Epoch [15/100], Loss: 0.4907435476779938
Epoch 16/100, Train Loss: 0.41295064992285496, Val Loss: 0.6854169163703918
Epoch [16/100], Loss: 0.5852788090705872
Epoch 17/100, Train Loss: 0.40159600040361815, Val Loss: 0.6408306918144226
Epoch [17/100], Loss: 0.4804655909538269
Epoch 18/100, Train Loss: 0.3880129384250705, Val Loss: 0.6450019030570984
Epoch [18/100], Loss: 0.5202938914299011
Epoch 19/100, Train Loss: 0.3743145882781802, Val Loss: 0.7384212160110474
Epoch [19/100], Loss: 0.6259433031082153
Epoch 20/100, Train Loss: 0.37550114995311523, Val Loss: 0.6128067655563354
Epoch [20/100], Loss: 0.5444227457046509
Epoch 21/100, Train Loss: 0.3642217180077583, Val Loss: 0.5569756605625152
Epoch [21/100], Loss: 0.4336189329624176
Epoch 22/100, Train Loss: 0.3571005857010917, Val Loss: 0.6341824622154236
Epoch [22/100], Loss: 0.4886769652366638
Epoch 23/100, Train Loss: 0.34977588012286825, Val Loss: 0.6100048427581787
Epoch [23/100], Loss: 0.4759945869445801
Epoch 24/100, Train Loss: 0.33984970886630916, Val Loss: 0.6530655558109284
Epoch [24/100], Loss: 0.49358072876930237
Epoch 25/100, Train Loss: 0.3279601452221959, Val Loss: 0.6182554702758789
Epoch [25/100], Loss: 0.497112512588501
Epoch 26/100, Train Loss: 0.3231582804031758, Val Loss: 0.6171712188720703
Epoch [26/100], Loss: 0.49518394470214844
Epoch 27/100, Train Loss: 0.3383851748694859, Val Loss: 0.6292382555007935
Epoch [27/100], Loss: 0.5206013917922974
Epoch 28/100, Train Loss: 0.3311063585454256, Val Loss: 0.5860976350307464
Epoch [28/100], Loss: 0.46932610869407654
Epoch 29/100, Train Loss: 0.3083011564275668, Val Loss: 0.5897185254096985
Epoch [29/100], Loss: 0.49244529008865356
Epoch 30/100, Train Loss: 0.30577676175617646, Val Loss: 0.622968980550766
Epoch [30/100], Loss: 0.4600251615047455
Validation loss hasn't improved for 10 epochs, stopping training...
Epoch 1/100, Train Loss: 0.9135695261054658, Val Loss: 0.830139552116394
Epoch [1/100], Loss: 0.7240346670150757
Epoch 2/100, Train Loss: 0.6804152327484465, Val Loss: 1.1073602380752563
Epoch [2/100], Loss: 0.9036790132522583
Epoch 3/100, Train Loss: 0.6201784290109477, Val Loss: 0.7051248726844788
Epoch [3/100], Loss: 0.6086550354957581
Epoch 4/100, Train Loss: 0.581519532143366, Val Loss: 0.8076895976066589
Epoch [4/100], Loss: 0.6723648905754089
Epoch 5/100, Train Loss: 0.5630158749438859, Val Loss: 0.6535628328323364
Epoch [5/100], Loss: 0.5320590734481812
Epoch 6/100, Train Loss: 0.5363630569805383, Val Loss: 0.6831872110366821
Epoch [6/100], Loss: 0.5640312433242798
Epoch 7/100, Train Loss: 0.5187294631744115, Val Loss: 0.6083063702583313
Epoch [7/100], Loss: 0.519980251789093
Epoch 8/100, Train Loss: 0.5100414315122376, Val Loss: 0.859612338066101
Epoch [8/100], Loss: 0.8039664030075073
Epoch 9/100, Train Loss: 0.4959925899417163, Val Loss: 0.9023489961624146
Epoch [9/100], Loss: 0.8152996301651001
Epoch 10/100, Train Loss: 0.47494580826108007, Val Loss: 1.1063830976486206
Epoch [10/100], Loss: 0.9040507078170776
Epoch 11/100, Train Loss: 0.4607946709878931, Val Loss: 0.6652004375457764
Epoch [11/100], Loss: 0.5699739456176758
Epoch 12/100, Train Loss: 0.46079561487217174, Val Loss: 0.6117746796607971
Epoch [12/100], Loss: 0.49522334337234497
Epoch 13/100, Train Loss: 0.44480195381187065, Val Loss: 0.6111135416030884
Epoch [13/100], Loss: 0.5237888097763062
Epoch 14/100, Train Loss: 0.4259163783131321, Val Loss: 0.6653857717514038
Epoch [14/100], Loss: 0.5735825300216675
Epoch 15/100, Train Loss: 0.41832486671500824, Val Loss: 0.6052321872711182
Epoch [15/100], Loss: 0.47837042808532715
Epoch 16/100, Train Loss: 0.4090567430999589, Val Loss: 0.6122936272621154
Epoch [16/100], Loss: 0.47571760416030884
Epoch 17/100, Train Loss: 0.4006997190981249, Val Loss: 0.6571006345748901
Epoch [17/100], Loss: 0.5496381521224976
Epoch 18/100, Train Loss: 0.402485711417753, Val Loss: 0.6168491673469544
Epoch [18/100], Loss: 0.44729167222976685
Epoch 19/100, Train Loss: 0.38071801340801115, Val Loss: 0.5832684934139252
Epoch [19/100], Loss: 0.42657670378685
Epoch 20/100, Train Loss: 0.3695407908541758, Val Loss: 0.6114973413944245
Epoch [20/100], Loss: 0.4542299807071686
Epoch 21/100, Train Loss: 0.3613838996392679, Val Loss: 0.6074955787658691
Epoch [21/100], Loss: 0.4278225898742676
Epoch 22/100, Train Loss: 0.3530101876636782, Val Loss: 0.6624469404220581
Epoch [22/100], Loss: 0.5248404741287231
Epoch 23/100, Train Loss: 0.36054055416362885, Val Loss: 0.8508631811141968
Epoch [23/100], Loss: 0.6353510618209839
Epoch 24/100, Train Loss: 0.3516419152787323, Val Loss: 0.6496874105930328
Epoch [24/100], Loss: 0.4675995409488678
Epoch 25/100, Train Loss: 0.3445186971110397, Val Loss: 0.7495107145309449
Epoch [25/100], Loss: 0.5446161031723022
Epoch 26/100, Train Loss: 0.3550891835211099, Val Loss: 0.6505381350517273
Epoch [26/100], Loss: 0.5507535338401794
Epoch 27/100, Train Loss: 0.33264078806463826, Val Loss: 0.6401587903499604
Epoch [27/100], Loss: 0.46033820509910583
Epoch 28/100, Train Loss: 0.3205610124397439, Val Loss: 0.8769617719650269
Epoch [28/100], Loss: 0.777518630027771
Epoch 29/100, Train Loss: 0.3116412614992055, Val Loss: 0.5958666892051697
Epoch [29/100], Loss: 0.49167579412460327
Epoch 30/100, Train Loss: 0.3011128436152087, Val Loss: 0.651326581478119
Epoch [30/100], Loss: 0.5009245276451111
Epoch 31/100, Train Loss: 0.2959547193717796, Val Loss: 0.6216892094612122
Epoch [31/100], Loss: 0.47625237703323364
Epoch 32/100, Train Loss: 0.2934244761780583, Val Loss: 0.6113220057487487
Epoch [32/100], Loss: 0.4381195902824402
Epoch 33/100, Train Loss: 0.2874546308742607, Val Loss: 0.6139205780029297
Epoch [33/100], Loss: 0.45120811462402344
Epoch 34/100, Train Loss: 0.29062163011621667, Val Loss: 0.9151542749404907
Epoch [34/100], Loss: 0.6566535234451294
Epoch 35/100, Train Loss: 0.35911359215064154, Val Loss: 0.6458096158504486
Epoch [35/100], Loss: 0.49976930022239685
Epoch 36/100, Train Loss: 0.3144895380403702, Val Loss: 0.6109716870784759
Epoch [36/100], Loss: 0.4284723699092865
Epoch 37/100, Train Loss: 0.2872922079659634, Val Loss: 0.6399928412437439
Epoch [37/100], Loss: 0.5099326968193054
Epoch 38/100, Train Loss: 0.2787288184813263, Val Loss: 0.6211160731315613
Epoch [38/100], Loss: 0.4932238459587097
Epoch 39/100, Train Loss: 0.2680593708614877, Val Loss: 0.6224526710510254
Epoch [39/100], Loss: 0.48270463943481445
Epoch 40/100, Train Loss: 0.2617666541323895, Val Loss: 0.6292276864051819
Epoch [40/100], Loss: 0.45759397745132446
Epoch 41/100, Train Loss: 0.2545112649164152, Val Loss: 0.6181402204036712
Epoch [41/100], Loss: 0.4606252610683441
Epoch 42/100, Train Loss: 0.25091328776706934, Val Loss: 0.6287457692623138
Epoch [42/100], Loss: 0.4390588700771332
Epoch 43/100, Train Loss: 0.24737923267920947, Val Loss: 0.6449757881164551
Epoch [43/100], Loss: 0.45030784606933594
Epoch 44/100, Train Loss: 0.24452321314289036, Val Loss: 0.6585935170650482
Epoch [44/100], Loss: 0.46371278166770935
Epoch 45/100, Train Loss: 0.24122619740979065, Val Loss: 0.6737662999629974
Epoch [45/100], Loss: 0.4934447705745697
Epoch 46/100, Train Loss: 0.23837082447832791, Val Loss: 0.6825070288181305
Epoch [46/100], Loss: 0.4619232714176178
Epoch 47/100, Train Loss: 0.23585545953369463, Val Loss: 0.6472829117774963
Epoch [47/100], Loss: 0.44101983308792114
Epoch 48/100, Train Loss: 0.27770520898986223, Val Loss: 0.6428740220069885
Epoch [48/100], Loss: 0.5078240036964417
Epoch 49/100, Train Loss: 0.2602285163700078, Val Loss: 0.6403519670963287
Epoch [49/100], Loss: 0.4973985254764557
Epoch 50/100, Train Loss: 0.24132645265851013, Val Loss: 0.6657962899208069
Epoch [50/100], Loss: 0.4631999135017395
Epoch 51/100, Train Loss: 0.2356291423107279, Val Loss: 0.6612789859771728
Epoch [51/100], Loss: 0.47093963623046875
Epoch 52/100, Train Loss: 0.22809256963544913, Val Loss: 0.6581858234405518
Epoch [52/100], Loss: 0.5110819339752197
Epoch 53/100, Train Loss: 0.22334558142075853, Val Loss: 0.6529068865776062
Epoch [53/100], Loss: 0.4747855067253113
Epoch 54/100, Train Loss: 0.21950429283446848, Val Loss: 0.6528243124485016
Epoch [54/100], Loss: 0.48598065972328186
Epoch 55/100, Train Loss: 0.2161824182605663, Val Loss: 0.6709582252502442
Epoch [55/100], Loss: 0.48917055130004883
Epoch 56/100, Train Loss: 0.21407151790634174, Val Loss: 0.7083737850189209
Epoch [56/100], Loss: 0.48265552520751953
Epoch 57/100, Train Loss: 0.21215781919771262, Val Loss: 0.7075226550102234
Epoch [57/100], Loss: 0.523927628993988
Epoch 58/100, Train Loss: 0.20902982364718065, Val Loss: 0.7335360617637634
Epoch [58/100], Loss: 0.5340384840965271
Epoch 59/100, Train Loss: 0.20761748457839477, Val Loss: 0.7132492308616638
Epoch [59/100], Loss: 0.5130218863487244
Epoch 60/100, Train Loss: 0.2056577012219276, Val Loss: 0.7301685547828675
Epoch [60/100], Loss: 0.5007351040840149
Epoch 61/100, Train Loss: 0.2050929989269974, Val Loss: 0.7393058137893677
Epoch [61/100], Loss: 0.5013638734817505
Epoch 62/100, Train Loss: 0.20324756823743978, Val Loss: 0.7433674449920654
Epoch [62/100], Loss: 0.5070602893829346
Epoch 63/100, Train Loss: 0.2716219146979398, Val Loss: 0.9663569140434265
Epoch [63/100], Loss: 0.725348174571991
Epoch 64/100, Train Loss: 0.3367132552860157, Val Loss: 0.9579516716003418
Epoch [64/100], Loss: 0.7829971313476562
Epoch 65/100, Train Loss: 0.25477080127039003, Val Loss: 0.6861311280727387
Epoch [65/100], Loss: 0.4947443902492523
Epoch 66/100, Train Loss: 0.22120492715658668, Val Loss: 0.7261204037666321
Epoch [66/100], Loss: 0.5463231205940247
Epoch 67/100, Train Loss: 0.2101393250450115, Val Loss: 0.679277700662613
Epoch [67/100], Loss: 0.4955498278141022
Epoch 68/100, Train Loss: 0.20279450160254917, Val Loss: 0.7079241576194764
Epoch [68/100], Loss: 0.48800772428512573
Epoch 69/100, Train Loss: 0.19787714559754474, Val Loss: 0.7456370925903321
Epoch [69/100], Loss: 0.5675792694091797
Epoch 70/100, Train Loss: 0.19512549670912563, Val Loss: 0.7342537121772766
Epoch [70/100], Loss: 0.5351553559303284
Epoch 71/100, Train Loss: 0.19250707236852052, Val Loss: 0.7441985278129578
Epoch [71/100], Loss: 0.5236539244651794
Epoch 72/100, Train Loss: 0.18997139476905583, Val Loss: 0.7398229494094849
Epoch [72/100], Loss: 0.5092159509658813
Epoch 73/100, Train Loss: 0.18809276669463662, Val Loss: 0.771577444076538
Epoch [73/100], Loss: 0.5136613845825195
Epoch 74/100, Train Loss: 0.1864570845540418, Val Loss: 0.779347131729126
Epoch [74/100], Loss: 0.5540866851806641
Epoch 75/100, Train Loss: 0.18558231246913665, Val Loss: 0.7801207146644592
Epoch [75/100], Loss: 0.5574002861976624
Epoch 76/100, Train Loss: 0.18448145031225419, Val Loss: 0.7690057735443115
Epoch [76/100], Loss: 0.5665502548217773
Epoch 77/100, Train Loss: 0.18340772164209698, Val Loss: 0.7817672147750855
Epoch [77/100], Loss: 0.5319215059280396
Epoch 78/100, Train Loss: 0.18253223887482944, Val Loss: 0.814687726020813
Epoch [78/100], Loss: 0.5643950700759888
Epoch 79/100, Train Loss: 0.1809717724536362, Val Loss: 0.7566996946334839
Epoch [79/100], Loss: 0.5340343713760376
Epoch 80/100, Train Loss: 0.18011153065434596, Val Loss: 0.8012486906051636
Epoch [80/100], Loss: 0.5534902811050415
Epoch 81/100, Train Loss: 0.1793426673739998, Val Loss: 0.8354840874671936
Epoch [81/100], Loss: 0.605415403842926
Epoch 82/100, Train Loss: 0.1784395933955355, Val Loss: 0.8369326410293579
Epoch [82/100], Loss: 0.5884474515914917
Epoch 83/100, Train Loss: 0.17716958183060208, Val Loss: 0.7929066281318664
Epoch [83/100], Loss: 0.5572031140327454
Epoch 84/100, Train Loss: 0.17703305451202553, Val Loss: 0.8305117559432983
Epoch [84/100], Loss: 0.5929046869277954
Epoch 85/100, Train Loss: 0.17584553816266243, Val Loss: 0.8265908799171447
Epoch [85/100], Loss: 0.5839231610298157
Epoch 86/100, Train Loss: 0.17459068263662605, Val Loss: 0.8957214031219483
Epoch [86/100], Loss: 0.6613905429840088
Epoch 87/100, Train Loss: 0.17674838537711518, Val Loss: 0.828190622329712
Epoch [87/100], Loss: 0.6611835956573486
Epoch 88/100, Train Loss: 0.27517791102949724, Val Loss: 3.0045323066711425
Epoch [88/100], Loss: 3.2009968757629395
Epoch 89/100, Train Loss: 0.27523946556534373, Val Loss: 0.767144009590149
Epoch [89/100], Loss: 0.5838407278060913
Epoch 90/100, Train Loss: 0.2087094590495047, Val Loss: 0.7330249571800231
Epoch [90/100], Loss: 0.508302628993988
Epoch 91/100, Train Loss: 0.18889078662729183, Val Loss: 0.7460863780975342
Epoch [91/100], Loss: 0.5391359329223633
Epoch 92/100, Train Loss: 0.1803773144746912, Val Loss: 0.7885901021957398
Epoch [92/100], Loss: 0.5418754816055298
Epoch 93/100, Train Loss: 0.1755427611467207, Val Loss: 0.8058484768867493
Epoch [93/100], Loss: 0.5708668828010559
Epoch 94/100, Train Loss: 0.17204307745419706, Val Loss: 0.8202921762466431
Epoch [94/100], Loss: 0.6043027639389038
Epoch 95/100, Train Loss: 0.17049681791065113, Val Loss: 0.8032883076667786
Epoch [95/100], Loss: 0.5704055428504944
Epoch 96/100, Train Loss: 0.168279089654276, Val Loss: 0.845844934463501
Epoch [96/100], Loss: 0.5930345058441162
Epoch 97/100, Train Loss: 0.1667226080950758, Val Loss: 0.8542287254333496
Epoch [97/100], Loss: 0.576101541519165
Epoch 98/100, Train Loss: 0.16586833128840686, Val Loss: 0.8206596202850341
Epoch [98/100], Loss: 0.6063001155853271
Epoch 99/100, Train Loss: 0.16488245724626577, Val Loss: 0.8563382015228271
Epoch [99/100], Loss: 0.5705621242523193
Epoch 100/100, Train Loss: 0.164054143725318, Val Loss: 0.849971978187561
Epoch [100/100], Loss: 0.5688227415084839
Epoch 1/100, Train Loss: 0.8955892992662942, Val Loss: 0.9146308012008667
Epoch [1/100], Loss: 0.7875226736068726
Epoch 2/100, Train Loss: 0.6728594014053602, Val Loss: 0.7739308667182923
Epoch [2/100], Loss: 0.6321309208869934
Epoch 3/100, Train Loss: 0.6143890186465811, Val Loss: 0.8255079836845398
Epoch [3/100], Loss: 0.7235438227653503
Epoch 4/100, Train Loss: 0.5815672860981843, Val Loss: 0.6524857559204101
Epoch [4/100], Loss: 0.5225074291229248
Epoch 5/100, Train Loss: 0.5549551054759935, Val Loss: 0.9582702641487122
Epoch [5/100], Loss: 0.8866303563117981
Epoch 6/100, Train Loss: 0.5405381983890502, Val Loss: 0.6468297786712647
Epoch [6/100], Loss: 0.5495166778564453
Epoch 7/100, Train Loss: 0.5197991171031939, Val Loss: 0.7369207692146301
Epoch [7/100], Loss: 0.6694920659065247
Epoch 8/100, Train Loss: 0.5073935445504888, Val Loss: 0.8716717252731323
Epoch [8/100], Loss: 0.7127708196640015
Epoch 9/100, Train Loss: 0.4852341650710339, Val Loss: 0.818714081287384
Epoch [9/100], Loss: 0.7493045926094055
Epoch 10/100, Train Loss: 0.4760701635133155, Val Loss: 0.733382869720459
Epoch [10/100], Loss: 0.6545767784118652
Epoch 11/100, Train Loss: 0.46332259151022914, Val Loss: 0.8244723253250122
Epoch [11/100], Loss: 0.6796752214431763
Epoch 12/100, Train Loss: 0.45779879644990573, Val Loss: 0.632472740650177
Epoch [12/100], Loss: 0.5139749646186829
Epoch 13/100, Train Loss: 0.4469970343788398, Val Loss: 0.6495362944602966
Epoch [13/100], Loss: 0.5063361525535583
Epoch 14/100, Train Loss: 0.43289068103037637, Val Loss: 0.5981379103660583
Epoch [14/100], Loss: 0.46987098455429077
Epoch 15/100, Train Loss: 0.4099205445378868, Val Loss: 0.6470566501617432
Epoch [15/100], Loss: 0.49774599075317383
Epoch 16/100, Train Loss: 0.404456323797345, Val Loss: 0.6082180533409118
Epoch [16/100], Loss: 0.49026578664779663
Epoch 17/100, Train Loss: 0.3932569684206334, Val Loss: 0.6425229997634888
Epoch [17/100], Loss: 0.5421415567398071
Epoch 18/100, Train Loss: 0.394212059327362, Val Loss: 0.6415069670677185
Epoch [18/100], Loss: 0.49170488119125366
Epoch 19/100, Train Loss: 0.38473529009553675, Val Loss: 0.6213019032478333
Epoch [19/100], Loss: 0.4734399914741516
Epoch 20/100, Train Loss: 0.3824259395643591, Val Loss: 1.3570176239013672
Epoch [20/100], Loss: 1.3657922744750977
Epoch 21/100, Train Loss: 0.3676987215097598, Val Loss: 0.6276001996994018
Epoch [21/100], Loss: 0.5229312181472778
Epoch 22/100, Train Loss: 0.3554615760834583, Val Loss: 0.6322710256576538
Epoch [22/100], Loss: 0.534502387046814
Epoch 23/100, Train Loss: 0.3571282434222268, Val Loss: 0.6052420172691345
Epoch [23/100], Loss: 0.4696125388145447
Epoch 24/100, Train Loss: 0.3436935039032973, Val Loss: 0.6047647943496705
Epoch [24/100], Loss: 0.5189486742019653
Epoch 25/100, Train Loss: 0.3325172320586232, Val Loss: 0.6003473629951477
Epoch [25/100], Loss: 0.4521821141242981
Epoch 26/100, Train Loss: 0.3248864273598785, Val Loss: 0.6320903844833374
Epoch [26/100], Loss: 0.5088180303573608
Epoch 27/100, Train Loss: 0.31537001443552526, Val Loss: 0.633719847202301
Epoch [27/100], Loss: 0.5104134678840637
Epoch 28/100, Train Loss: 0.3086460618606908, Val Loss: 0.5915497431755066
Epoch [28/100], Loss: 0.44494813680648804
Epoch 29/100, Train Loss: 0.3326774617170202, Val Loss: 0.8706073446273803
Epoch [29/100], Loss: 0.6201566457748413
Epoch 30/100, Train Loss: 0.3226218705937191, Val Loss: 0.6159442331790924
Epoch [30/100], Loss: 0.46928444504737854
Epoch 31/100, Train Loss: 0.3015025183181538, Val Loss: 0.6192368197441102
Epoch [31/100], Loss: 0.48988479375839233
Epoch 32/100, Train Loss: 0.29443364782638937, Val Loss: 0.6406261572837829
Epoch [32/100], Loss: 0.48073142766952515
Epoch 33/100, Train Loss: 0.2875409479285975, Val Loss: 0.6389118902683258
Epoch [33/100], Loss: 0.4985457956790924
Epoch 34/100, Train Loss: 0.28076249710826007, Val Loss: 0.6342343273162842
Epoch [34/100], Loss: 0.4656641483306885
Epoch 35/100, Train Loss: 0.2737782657950564, Val Loss: 0.6074203343391419
Epoch [35/100], Loss: 0.4550474286079407
Epoch 36/100, Train Loss: 0.26681313467468015, Val Loss: 0.670802704334259
Epoch [36/100], Loss: 0.5043841004371643
Epoch 37/100, Train Loss: 0.26791300209738556, Val Loss: 0.8759450225830078
Epoch [37/100], Loss: 0.6139602661132812
Epoch 38/100, Train Loss: 0.28017409368469987, Val Loss: 0.7727806134223938
Epoch [38/100], Loss: 0.6091838479042053
Epoch 39/100, Train Loss: 0.2730140047370885, Val Loss: 0.6619613690376281
Epoch [39/100], Loss: 0.4844592213630676
Epoch 40/100, Train Loss: 0.2616608409716749, Val Loss: 0.6261215357780456
Epoch [40/100], Loss: 0.4503304362297058
Epoch 41/100, Train Loss: 0.2536895438953355, Val Loss: 0.6991980729103089
Epoch [41/100], Loss: 0.5291939377784729
Epoch 42/100, Train Loss: 0.29287144955857003, Val Loss: 1.1020319833755494
Epoch [42/100], Loss: 0.9079176187515259
Epoch 43/100, Train Loss: 0.29975652737923053, Val Loss: 0.7933441877365113
Epoch [43/100], Loss: 0.5523945093154907
Epoch 44/100, Train Loss: 0.3123312851831845, Val Loss: 0.8460590181350708
Epoch [44/100], Loss: 0.6726113557815552
Epoch 45/100, Train Loss: 0.2789748264203385, Val Loss: 0.6383701226711274
Epoch [45/100], Loss: 0.46485862135887146
Epoch 46/100, Train Loss: 0.2514088116749543, Val Loss: 0.6359308552742005
Epoch [46/100], Loss: 0.4772658944129944
Epoch 47/100, Train Loss: 0.24304303974164476, Val Loss: 0.6374115967750549
Epoch [47/100], Loss: 0.47276216745376587
Epoch 48/100, Train Loss: 0.23452455932133112, Val Loss: 0.6525554487705231
Epoch [48/100], Loss: 0.4750918447971344
Epoch 49/100, Train Loss: 0.23170997382818548, Val Loss: 0.6593824052810668
Epoch [49/100], Loss: 0.5167170763015747
Epoch 50/100, Train Loss: 0.2274954086260691, Val Loss: 0.6695436954498291
Epoch [50/100], Loss: 0.4897444248199463
Epoch 51/100, Train Loss: 0.22391321716380963, Val Loss: 0.6594041428565979
Epoch [51/100], Loss: 0.4724140763282776
Epoch 52/100, Train Loss: 0.22073066836665894, Val Loss: 0.6905963020324707
Epoch [52/100], Loss: 0.5014102458953857
Epoch 53/100, Train Loss: 0.2184786638511976, Val Loss: 0.6887686462402344
Epoch [53/100], Loss: 0.5199546813964844
Epoch 54/100, Train Loss: 0.24706262964221318, Val Loss: 1.8642638988494873
Epoch [54/100], Loss: 1.4974849224090576
Epoch 55/100, Train Loss: 0.27622115750738985, Val Loss: 0.7234749188423156
Epoch [55/100], Loss: 0.5250440239906311
Epoch 56/100, Train Loss: 0.2506401988848868, Val Loss: 0.6838241631984711
Epoch [56/100], Loss: 0.4857259690761566
Epoch 57/100, Train Loss: 0.2263572770166156, Val Loss: 0.6733227763175964
Epoch [57/100], Loss: 0.47076791524887085
Epoch 58/100, Train Loss: 0.21778184318723406, Val Loss: 0.6746754150390625
Epoch [58/100], Loss: 0.5017585754394531
Epoch 59/100, Train Loss: 0.21119994793533273, Val Loss: 0.6974885029792786
Epoch [59/100], Loss: 0.5126257538795471
Epoch 60/100, Train Loss: 0.20733743720070708, Val Loss: 0.7025994379520416
Epoch [60/100], Loss: 0.4739433825016022
Epoch 61/100, Train Loss: 0.20544246744747707, Val Loss: 0.7262051706314087
Epoch [61/100], Loss: 0.5356396436691284
Epoch 62/100, Train Loss: 0.20423524903406784, Val Loss: 0.7185091841220855
Epoch [62/100], Loss: 0.49968424439430237
Epoch 63/100, Train Loss: 0.20183083206968003, Val Loss: 0.7557980403900146
Epoch [63/100], Loss: 0.5173203945159912
Epoch 64/100, Train Loss: 0.2012570995605012, Val Loss: 0.7442020740509033
Epoch [64/100], Loss: 0.5134539604187012
Epoch 65/100, Train Loss: 0.19792239401633985, Val Loss: 0.7385576581954956
Epoch [65/100], Loss: 0.5139733552932739
Epoch 66/100, Train Loss: 0.196363338617008, Val Loss: 0.7684156370162963
Epoch [66/100], Loss: 0.5170611143112183
Epoch 67/100, Train Loss: 0.19445834151809976, Val Loss: 0.7622622742652893
Epoch [67/100], Loss: 0.5418246388435364
Epoch 68/100, Train Loss: 0.19458468041271224, Val Loss: 0.7572038621902466
Epoch [68/100], Loss: 0.5064481496810913
Epoch 69/100, Train Loss: 0.1935316000378755, Val Loss: 0.7470097818374634
Epoch [69/100], Loss: 0.5576730966567993
Epoch 70/100, Train Loss: 0.1915129612057044, Val Loss: 0.8014833774566651
Epoch [70/100], Loss: 0.5237226486206055
Epoch 71/100, Train Loss: 0.1907004965396997, Val Loss: 0.7835686931610107
Epoch [71/100], Loss: 0.5241971015930176
Epoch 72/100, Train Loss: 0.1896532830611047, Val Loss: 0.790391935825348
Epoch [72/100], Loss: 0.5424934029579163
Epoch 73/100, Train Loss: 0.18774510182779514, Val Loss: 0.8033277935981751
Epoch [73/100], Loss: 0.5975092053413391
Epoch 74/100, Train Loss: 0.18672847392486683, Val Loss: 0.7938377256393433
Epoch [74/100], Loss: 0.5220431089401245
Epoch 75/100, Train Loss: 0.18566094413274054, Val Loss: 0.8192734956741333
Epoch [75/100], Loss: 0.6097432374954224
Epoch 76/100, Train Loss: 0.18580376596314108, Val Loss: 0.7855268607139587
Epoch [76/100], Loss: 0.5337690711021423
Epoch 77/100, Train Loss: 0.18447022942125696, Val Loss: 0.8061464915275574
Epoch [77/100], Loss: 0.5480703711509705
Epoch 78/100, Train Loss: 0.19276197121477046, Val Loss: 0.8720898094177246
Epoch [78/100], Loss: 0.6553149223327637
Epoch 79/100, Train Loss: 0.3012240159672388, Val Loss: 2.96673189163208
Epoch [79/100], Loss: 3.076817035675049
Epoch 80/100, Train Loss: 0.2815448262890515, Val Loss: 0.7429229454994202
Epoch [80/100], Loss: 0.5660234093666077
Epoch 81/100, Train Loss: 0.23039770353001246, Val Loss: 0.781963077545166
Epoch [81/100], Loss: 0.5349025726318359
Epoch 82/100, Train Loss: 0.20163239733163663, Val Loss: 0.7512129139900208
Epoch [82/100], Loss: 0.5345445275306702
Epoch 83/100, Train Loss: 0.18969118867012943, Val Loss: 0.7622772498130799
Epoch [83/100], Loss: 0.5116481184959412
Epoch 84/100, Train Loss: 0.18423233133745434, Val Loss: 0.7795415244102478
Epoch [84/100], Loss: 0.5147926211357117
Epoch 85/100, Train Loss: 0.18036997912303995, Val Loss: 0.8113700799942016
Epoch [85/100], Loss: 0.5823496580123901
Epoch 86/100, Train Loss: 0.1772983500115184, Val Loss: 0.7889124116897583
Epoch [86/100], Loss: 0.5390430688858032
Epoch 87/100, Train Loss: 0.1750331066762416, Val Loss: 0.8159079761505127
Epoch [87/100], Loss: 0.5642969608306885
Epoch 88/100, Train Loss: 0.17328087974961653, Val Loss: 0.8232793579101563
Epoch [88/100], Loss: 0.5804290771484375
Epoch 89/100, Train Loss: 0.17200922987111303, Val Loss: 0.8735378484725952
Epoch [89/100], Loss: 0.5957947969436646
Epoch 90/100, Train Loss: 0.1707084141633965, Val Loss: 0.893581841468811
Epoch [90/100], Loss: 0.6005104780197144
Epoch 91/100, Train Loss: 0.16994573498556223, Val Loss: 0.8579067778587341
Epoch [91/100], Loss: 0.5703760981559753
Epoch 92/100, Train Loss: 0.1687916065096654, Val Loss: 0.8712931294441223
Epoch [92/100], Loss: 0.5742107033729553
Epoch 93/100, Train Loss: 0.16799340071203736, Val Loss: 0.8677212400436402
Epoch [93/100], Loss: 0.5437444448471069
Epoch 94/100, Train Loss: 0.16716069188126023, Val Loss: 0.8635544066429138
Epoch [94/100], Loss: 0.5741905570030212
Epoch 95/100, Train Loss: 0.16647875635157547, Val Loss: 0.9229039664268494
Epoch [95/100], Loss: 0.6314913630485535
Epoch 96/100, Train Loss: 0.16607542774226974, Val Loss: 0.8626100044250489
Epoch [96/100], Loss: 0.5872056484222412
Epoch 97/100, Train Loss: 0.16598063726951862, Val Loss: 0.8710898866653443
Epoch [97/100], Loss: 0.5593444108963013
Epoch 98/100, Train Loss: 0.16536433833948075, Val Loss: 0.8599352650642395
Epoch [98/100], Loss: 0.5854209065437317
Epoch 99/100, Train Loss: 0.16525921834661023, Val Loss: 0.9133062286376953
Epoch [99/100], Loss: 0.6181535720825195
Epoch 100/100, Train Loss: 0.16388637823559984, Val Loss: 0.9326744256019592
Epoch [100/100], Loss: 0.6253781914710999
