50
Epoch 1/100, Train Loss: 0.8248556620958081, Val Loss: 0.713026752948761
Epoch [1/100], Loss: 0.5977938771247864
Epoch 2/100, Train Loss: 0.5836831612289455, Val Loss: 0.6107108731269837
Epoch [2/100], Loss: 0.49988943338394165
Epoch 3/100, Train Loss: 0.5307608868882788, Val Loss: 1.4004303827285767
Epoch [3/100], Loss: 1.1182972192764282
Epoch 4/100, Train Loss: 0.5004493276445701, Val Loss: 0.5785140452384949
Epoch [4/100], Loss: 0.4411167502403259
Epoch 5/100, Train Loss: 0.47290113452715177, Val Loss: 0.5961494746208191
Epoch [5/100], Loss: 0.4506797194480896
Epoch 6/100, Train Loss: 0.4563725411087827, Val Loss: 0.5862883665561676
Epoch [6/100], Loss: 0.4651471674442291
Epoch 7/100, Train Loss: 0.4397672022273528, Val Loss: 0.6007419550418853
Epoch [7/100], Loss: 0.45552197098731995
Epoch 8/100, Train Loss: 0.4162596879881912, Val Loss: 0.5768157844543457
Epoch [8/100], Loss: 0.4316997528076172
Epoch 9/100, Train Loss: 0.41838088627609393, Val Loss: 0.5552657887935638
Epoch [9/100], Loss: 0.4217253625392914
Epoch 10/100, Train Loss: 0.404038803342221, Val Loss: 0.5139858803749084
Epoch [10/100], Loss: 0.38737112283706665
Epoch 11/100, Train Loss: 0.38406788958063814, Val Loss: 0.5212870850563049
Epoch [11/100], Loss: 0.3715208172798157
Epoch 12/100, Train Loss: 0.3752808467232156, Val Loss: 0.6641452131271363
Epoch [12/100], Loss: 0.545456051826477
Epoch 13/100, Train Loss: 0.3734939143287794, Val Loss: 0.5756536774635315
Epoch [13/100], Loss: 0.438618004322052
Epoch 14/100, Train Loss: 0.37118698097200054, Val Loss: 0.5185643572807312
Epoch [14/100], Loss: 0.37352150678634644
Epoch 15/100, Train Loss: 0.346831713649515, Val Loss: 0.5607424941062927
Epoch [15/100], Loss: 0.4177097678184509
Epoch 16/100, Train Loss: 0.33837759036438864, Val Loss: 0.498816132068634
Epoch [16/100], Loss: 0.3521779179573059
Epoch 17/100, Train Loss: 0.355836113940604, Val Loss: 0.5783397405147552
Epoch [17/100], Loss: 0.4122858941555023
Epoch 18/100, Train Loss: 0.33477217868648934, Val Loss: 0.5420436954498291
Epoch [18/100], Loss: 0.43134069442749023
Epoch 19/100, Train Loss: 0.32408620211567485, Val Loss: 0.5059162573814392
Epoch [19/100], Loss: 0.3458077311515808
Epoch 20/100, Train Loss: 0.3133273551777684, Val Loss: 0.48657740974426267
Epoch [20/100], Loss: 0.3584768772125244
Epoch 21/100, Train Loss: 0.3077842444734268, Val Loss: 0.6265582842826843
Epoch [21/100], Loss: 0.4632672667503357
Epoch 22/100, Train Loss: 0.33108096905743695, Val Loss: 0.557291481256485
Epoch [22/100], Loss: 0.41487136483192444
Epoch 23/100, Train Loss: 0.30309831435724616, Val Loss: 0.4853258192539215
Epoch [23/100], Loss: 0.35475555062294006
Epoch 24/100, Train Loss: 0.2922757137384624, Val Loss: 0.5088803782463074
Epoch [24/100], Loss: 0.34125226736068726
Epoch 25/100, Train Loss: 0.2814320732328984, Val Loss: 0.5307762620449066
Epoch [25/100], Loss: 0.3729880750179291
Epoch 26/100, Train Loss: 0.2802566487210195, Val Loss: 0.4974015874862671
Epoch [26/100], Loss: 0.3194957971572876
Epoch 27/100, Train Loss: 0.2739450143521391, Val Loss: 0.7334466857910156
Epoch [27/100], Loss: 0.4553983211517334
Epoch 28/100, Train Loss: 0.3036569283342281, Val Loss: 0.6501678845882416
Epoch [28/100], Loss: 0.42719635367393494
Epoch 29/100, Train Loss: 0.29265765967899793, Val Loss: 0.5129722864627838
Epoch [29/100], Loss: 0.38227978348731995
Epoch 30/100, Train Loss: 0.30198810114627345, Val Loss: 0.5140297985076905
Epoch [30/100], Loss: 0.345461368560791
Epoch 31/100, Train Loss: 0.278613256382902, Val Loss: 0.4940058846473694
Epoch [31/100], Loss: 0.346884548664093
Epoch 32/100, Train Loss: 0.25906602636758636, Val Loss: 0.492261244058609
Epoch [32/100], Loss: 0.33775797486305237
Validation loss hasn't improved for 10 epochs, stopping training...
Epoch 1/100, Train Loss: 0.8247744930534299, Val Loss: 0.738856050491333
Epoch [1/100], Loss: 0.5914976596832275
Epoch 2/100, Train Loss: 0.581041727057999, Val Loss: 0.6813469243049621
Epoch [2/100], Loss: 0.5795274376869202
Epoch 3/100, Train Loss: 0.5317800891238561, Val Loss: 0.6119413969516754
Epoch [3/100], Loss: 0.4753212034702301
Epoch 4/100, Train Loss: 0.5006787446055806, Val Loss: 0.5745998861789703
Epoch [4/100], Loss: 0.44166937470436096
Epoch 5/100, Train Loss: 0.4746192076857536, Val Loss: 0.6269766941070557
Epoch [5/100], Loss: 0.46978116035461426
Epoch 6/100, Train Loss: 0.4506246580341815, Val Loss: 0.6151744306087494
Epoch [6/100], Loss: 0.44527944922447205
Epoch 7/100, Train Loss: 0.4340614296232066, Val Loss: 0.5644573321342469
Epoch [7/100], Loss: 0.4433240294456482
Epoch 8/100, Train Loss: 0.42102518981262965, Val Loss: 0.6263127918243409
Epoch [8/100], Loss: 0.4661405086517334
Epoch 9/100, Train Loss: 0.4169244922433696, Val Loss: 0.5704288275241852
Epoch [9/100], Loss: 0.4171127378940582
Epoch 10/100, Train Loss: 0.4079834890807861, Val Loss: 0.5112862594127655
Epoch [10/100], Loss: 0.3924045264720917
Epoch 11/100, Train Loss: 0.3873754883596507, Val Loss: 0.5470372242927551
Epoch [11/100], Loss: 0.4239676594734192
Epoch 12/100, Train Loss: 0.3822553918192801, Val Loss: 0.5948966097831726
Epoch [12/100], Loss: 0.45641010999679565
Epoch 13/100, Train Loss: 0.36999186486458097, Val Loss: 0.5336635863780975
Epoch [13/100], Loss: 0.37836501002311707
Epoch 14/100, Train Loss: 0.3555512733644418, Val Loss: 0.5099238963127136
Epoch [14/100], Loss: 0.37598198652267456
Epoch 15/100, Train Loss: 0.3608083859563477, Val Loss: 0.5464161915779113
Epoch [15/100], Loss: 0.4142645001411438
Epoch 16/100, Train Loss: 0.3496042804010401, Val Loss: 0.5248509562015533
Epoch [16/100], Loss: 0.4034523069858551
Epoch 17/100, Train Loss: 0.34376795224556433, Val Loss: 0.5192579724788666
Epoch [17/100], Loss: 0.39800867438316345
Epoch 18/100, Train Loss: 0.33687300101098483, Val Loss: 0.5523936650753021
Epoch [18/100], Loss: 0.4137767255306244
Epoch 19/100, Train Loss: 0.3237271444692982, Val Loss: 0.4861438505649567
Epoch [19/100], Loss: 0.3798743784427643
Epoch 20/100, Train Loss: 0.31962538388688083, Val Loss: 0.5157477860450744
Epoch [20/100], Loss: 0.3898993134498596
Epoch 21/100, Train Loss: 0.31592172657659445, Val Loss: 0.5120639216899872
Epoch [21/100], Loss: 0.3486005961894989
Epoch 22/100, Train Loss: 0.30019396437963386, Val Loss: 0.5140167622566223
Epoch [22/100], Loss: 0.3498454689979553
Epoch 23/100, Train Loss: 0.29168668922043167, Val Loss: 0.4925586745738983
Epoch [23/100], Loss: 0.3741423785686493
Epoch 24/100, Train Loss: 0.29134049350254454, Val Loss: 0.5075185775756836
Epoch [24/100], Loss: 0.3435020446777344
Epoch 25/100, Train Loss: 0.2802163845069493, Val Loss: 0.5075180630683899
Epoch [25/100], Loss: 0.3401392102241516
Epoch 26/100, Train Loss: 0.3062521090394932, Val Loss: 0.7014515075683594
Epoch [26/100], Loss: 0.5561199188232422
Epoch 27/100, Train Loss: 0.3118977392302798, Val Loss: 0.4914125716686249
Epoch [27/100], Loss: 0.35121747851371765
Epoch 28/100, Train Loss: 0.28075436152656, Val Loss: 0.4971984870433807
Epoch [28/100], Loss: 0.38199254870414734
Epoch 29/100, Train Loss: 0.2768625251056774, Val Loss: 0.528492669582367
Epoch [29/100], Loss: 0.37119096517562866
Epoch 30/100, Train Loss: 0.26613465796835706, Val Loss: 0.5088066184520721
Epoch [30/100], Loss: 0.3557593524456024
Epoch 31/100, Train Loss: 0.25595391450000654, Val Loss: 0.5107041084766388
Epoch [31/100], Loss: 0.34155920147895813
Epoch 32/100, Train Loss: 0.25924617884331974, Val Loss: 0.5784801812171936
Epoch [32/100], Loss: 0.40833503007888794
Epoch 33/100, Train Loss: 0.2881029459316453, Val Loss: 0.599861617565155
Epoch [33/100], Loss: 0.38521522283554077
Epoch 34/100, Train Loss: 0.2923220236426059, Val Loss: 0.7698168735504151
Epoch [34/100], Loss: 0.5961363315582275
Epoch 35/100, Train Loss: 0.2793438419925825, Val Loss: 0.4999454302787781
Epoch [35/100], Loss: 0.34411782026290894
Epoch 36/100, Train Loss: 0.253105467191032, Val Loss: 0.487561550617218
Epoch [36/100], Loss: 0.3371482491493225
Epoch 37/100, Train Loss: 0.24437561725685608, Val Loss: 0.5208266282081604
Epoch [37/100], Loss: 0.3710706830024719
Epoch 38/100, Train Loss: 0.23505614058163274, Val Loss: 0.5191222703456879
Epoch [38/100], Loss: 0.34998664259910583
Epoch 39/100, Train Loss: 0.23115388039895293, Val Loss: 0.5213922312259675
Epoch [39/100], Loss: 0.339193731546402
Epoch 40/100, Train Loss: 0.22943456441314788, Val Loss: 0.5427757980823517
Epoch [40/100], Loss: 0.3574393093585968
Epoch 41/100, Train Loss: 0.22768992424312773, Val Loss: 0.5331063826084137
Epoch [41/100], Loss: 0.34195080399513245
Epoch 42/100, Train Loss: 0.22784837209454675, Val Loss: 0.5556121945381165
Epoch [42/100], Loss: 0.33646541833877563
Epoch 43/100, Train Loss: 0.22223194539044397, Val Loss: 0.558097377538681
Epoch [43/100], Loss: 0.3622024953365326
Epoch 44/100, Train Loss: 0.2197196995930567, Val Loss: 0.5524917943477631
Epoch [44/100], Loss: 0.3990555703639984
Epoch 45/100, Train Loss: 0.2166482679357416, Val Loss: 0.591788694858551
Epoch [45/100], Loss: 0.3495705723762512
Epoch 46/100, Train Loss: 0.21337273890815336, Val Loss: 0.5734486882686615
Epoch [46/100], Loss: 0.36478814482688904
Epoch 47/100, Train Loss: 0.29238734999153304, Val Loss: 0.6676219460964203
Epoch [47/100], Loss: 0.4662984311580658
Epoch 48/100, Train Loss: 0.29194221880544496, Val Loss: 0.5671714248657227
Epoch [48/100], Loss: 0.4066643714904785
Epoch 49/100, Train Loss: 0.25126802840884177, Val Loss: 0.501399272441864
Epoch [49/100], Loss: 0.4028627276420593
Epoch 50/100, Train Loss: 0.2279608719968072, Val Loss: 0.5071917262077331
Epoch [50/100], Loss: 0.3449479937553406
Epoch 51/100, Train Loss: 0.21811703699837245, Val Loss: 0.5313165173530578
Epoch [51/100], Loss: 0.3620312809944153
Epoch 52/100, Train Loss: 0.21125128735579288, Val Loss: 0.537609757900238
Epoch [52/100], Loss: 0.3667551875114441
Epoch 53/100, Train Loss: 0.2080576708405255, Val Loss: 0.5360720674991608
Epoch [53/100], Loss: 0.37904778122901917
Epoch 54/100, Train Loss: 0.20407829142441034, Val Loss: 0.521099500656128
Epoch [54/100], Loss: 0.3584139347076416
Epoch 55/100, Train Loss: 0.20246833428162547, Val Loss: 0.5348976340293884
Epoch [55/100], Loss: 0.3870198130607605
Epoch 56/100, Train Loss: 0.1988404463656234, Val Loss: 0.5485225634574891
Epoch [56/100], Loss: 0.37140196561813354
Epoch 57/100, Train Loss: 0.19671191511327057, Val Loss: 0.5848735284805298
Epoch [57/100], Loss: 0.37930476665496826
Epoch 58/100, Train Loss: 0.19484109558403795, Val Loss: 0.5812508053779603
Epoch [58/100], Loss: 0.3741479516029358
Epoch 59/100, Train Loss: 0.19332710457792973, Val Loss: 0.5858430469036102
Epoch [59/100], Loss: 0.3869335353374481
Epoch 60/100, Train Loss: 0.19211778852831052, Val Loss: 0.5695376796722412
Epoch [60/100], Loss: 0.3646252155303955
Epoch 61/100, Train Loss: 0.19013156396341566, Val Loss: 0.612682103395462
Epoch [61/100], Loss: 0.37665799260139465
Epoch 62/100, Train Loss: 0.18787906030679835, Val Loss: 0.5988122391700744
Epoch [62/100], Loss: 0.3884614109992981
Epoch 63/100, Train Loss: 0.18726168195473605, Val Loss: 0.5903083884716034
Epoch [63/100], Loss: 0.37970611453056335
Epoch 64/100, Train Loss: 0.18670622358635747, Val Loss: 0.5918517603874206
Epoch [64/100], Loss: 0.3798643946647644
Epoch 65/100, Train Loss: 0.18488833839937568, Val Loss: 0.6078462171554565
Epoch [65/100], Loss: 0.38383209705352783
Epoch 66/100, Train Loss: 0.18380942596452432, Val Loss: 0.6341617341041565
Epoch [66/100], Loss: 0.35938555002212524
Epoch 67/100, Train Loss: 0.18330191331106735, Val Loss: 0.5977010536193847
Epoch [67/100], Loss: 0.3911778926849365
Epoch 68/100, Train Loss: 0.18209132410925113, Val Loss: 0.6116459326744079
Epoch [68/100], Loss: 0.3980035185813904
Epoch 69/100, Train Loss: 0.27630252962771795, Val Loss: 0.7484027953147888
Epoch [69/100], Loss: 0.5038909316062927
Epoch 70/100, Train Loss: 0.2856914564690743, Val Loss: 1.1174139738082887
Epoch [70/100], Loss: 0.8673437833786011
Epoch 71/100, Train Loss: 0.2515341943623043, Val Loss: 0.5333891830444336
Epoch [71/100], Loss: 0.36320948600769043
Epoch 72/100, Train Loss: 0.2089117007050506, Val Loss: 0.5233604950904847
Epoch [72/100], Loss: 0.3469398617744446
Epoch 73/100, Train Loss: 0.1935936552627895, Val Loss: 0.5470470032691955
Epoch [73/100], Loss: 0.3922043442726135
Epoch 74/100, Train Loss: 0.18555115990051732, Val Loss: 0.566537701845169
Epoch [74/100], Loss: 0.382541686296463
Epoch 75/100, Train Loss: 0.18123382674702906, Val Loss: 0.5694281640052795
Epoch [75/100], Loss: 0.3936637043952942
Epoch 76/100, Train Loss: 0.17859803980960814, Val Loss: 0.6013479824066162
Epoch [76/100], Loss: 0.3777141571044922
Epoch 77/100, Train Loss: 0.17756695700134034, Val Loss: 0.6057385506629944
Epoch [77/100], Loss: 0.3941882252693176
Epoch 78/100, Train Loss: 0.17632379430844047, Val Loss: 0.58208407330513
Epoch [78/100], Loss: 0.3774578869342804
Epoch 79/100, Train Loss: 0.17351987757429504, Val Loss: 0.617025993347168
Epoch [79/100], Loss: 0.39394593238830566
Epoch 80/100, Train Loss: 0.1708635908455712, Val Loss: 0.6219655959606171
Epoch [80/100], Loss: 0.3799853026866913
Epoch 81/100, Train Loss: 0.17004087022042394, Val Loss: 0.6148260605335235
Epoch [81/100], Loss: 0.38301709294319153
Epoch 82/100, Train Loss: 0.16906763268964486, Val Loss: 0.638566442489624
Epoch [82/100], Loss: 0.4098351001739502
Epoch 83/100, Train Loss: 0.16785077369735776, Val Loss: 0.6228211345672607
Epoch [83/100], Loss: 0.42365384101867676
Epoch 84/100, Train Loss: 0.1670346098143174, Val Loss: 0.6407740490436554
Epoch [84/100], Loss: 0.3994589149951935
Epoch 85/100, Train Loss: 0.16648270125433326, Val Loss: 0.6388598155975341
Epoch [85/100], Loss: 0.4012448787689209
Epoch 86/100, Train Loss: 0.1657169141767399, Val Loss: 0.6533246636390686
Epoch [86/100], Loss: 0.40563374757766724
Epoch 87/100, Train Loss: 0.1645461723635611, Val Loss: 0.6275656418800354
Epoch [87/100], Loss: 0.4093165993690491
Epoch 88/100, Train Loss: 0.1648890194261657, Val Loss: 0.6647860417366028
Epoch [88/100], Loss: 0.4168732762336731
Epoch 89/100, Train Loss: 0.16473328822981848, Val Loss: 0.6639822447299957
Epoch [89/100], Loss: 0.42057886719703674
Epoch 90/100, Train Loss: 0.16386534122351248, Val Loss: 0.6649163360595703
Epoch [90/100], Loss: 0.41438865661621094
Epoch 91/100, Train Loss: 0.163082718225997, Val Loss: 0.6749063470363617
Epoch [91/100], Loss: 0.42475971579551697
Epoch 92/100, Train Loss: 0.16352366993539852, Val Loss: 0.7057158601284027
Epoch [92/100], Loss: 0.49146756529808044
Epoch 93/100, Train Loss: 0.16379196332739338, Val Loss: 0.7253112540245056
Epoch [93/100], Loss: 0.42851418256759644
Epoch 94/100, Train Loss: 0.16315733937147697, Val Loss: 0.6648773095607757
Epoch [94/100], Loss: 0.4165104329586029
Epoch 95/100, Train Loss: 0.16765272546477905, Val Loss: 1.0361715188026428
Epoch [95/100], Loss: 0.6282637715339661
Epoch 96/100, Train Loss: 0.2123530828781916, Val Loss: 1.0712494387626648
Epoch [96/100], Loss: 0.6241790652275085
Epoch 97/100, Train Loss: 0.2625809175871677, Val Loss: 0.7274851040840149
Epoch [97/100], Loss: 0.4896093010902405
Epoch 98/100, Train Loss: 0.21391275902522153, Val Loss: 0.5833885593414306
Epoch [98/100], Loss: 0.37140655517578125
Epoch 99/100, Train Loss: 0.18314114769835899, Val Loss: 0.6103726830482483
Epoch [99/100], Loss: 0.41117411851882935
Epoch 100/100, Train Loss: 0.17133262083060022, Val Loss: 0.6321667611598969
Epoch [100/100], Loss: 0.4215143620967865
Epoch 1/100, Train Loss: 0.8322827480293647, Val Loss: 0.7461984376907349
Epoch [1/100], Loss: 0.6192446947097778
Epoch 2/100, Train Loss: 0.5898615445093602, Val Loss: 0.626637077331543
Epoch [2/100], Loss: 0.5078079700469971
Epoch 3/100, Train Loss: 0.5351893353422014, Val Loss: 0.6363376684188843
Epoch [3/100], Loss: 0.5252028703689575
Epoch 4/100, Train Loss: 0.49993008917942017, Val Loss: 0.7235937581062317
Epoch [4/100], Loss: 0.56646329164505
Epoch 5/100, Train Loss: 0.4797642297829183, Val Loss: 0.5822415118217468
Epoch [5/100], Loss: 0.45131915807724
Epoch 6/100, Train Loss: 0.45555050972139255, Val Loss: 0.5802494947910308
Epoch [6/100], Loss: 0.4604770243167877
Epoch 7/100, Train Loss: 0.4383977884486393, Val Loss: 1.0890974774360658
Epoch [7/100], Loss: 0.7874048352241516
Epoch 8/100, Train Loss: 0.4267922464550848, Val Loss: 0.5429002375602722
Epoch [8/100], Loss: 0.4332248568534851
Epoch 9/100, Train Loss: 0.41803683080721465, Val Loss: 0.6477117104530334
Epoch [9/100], Loss: 0.4907136559486389
Epoch 10/100, Train Loss: 0.3964898892337516, Val Loss: 0.516363933801651
Epoch [10/100], Loss: 0.3916880190372467
Epoch 11/100, Train Loss: 0.3857010729497842, Val Loss: 0.48425683641433714
Epoch [11/100], Loss: 0.38667017221450806
Epoch 12/100, Train Loss: 0.38155060618563, Val Loss: 0.5437338452339172
Epoch [12/100], Loss: 0.380143940448761
Epoch 13/100, Train Loss: 0.36924218240918033, Val Loss: 1.4953695964813232
Epoch [13/100], Loss: 1.0653150081634521
Epoch 14/100, Train Loss: 0.3791961283346051, Val Loss: 0.517287547826767
Epoch [14/100], Loss: 0.3811393678188324
Epoch 15/100, Train Loss: 0.3655438094175284, Val Loss: 0.5135904686450958
Epoch [15/100], Loss: 0.377825528383255
Epoch 16/100, Train Loss: 0.3495722610572538, Val Loss: 0.5382632813453674
Epoch [16/100], Loss: 0.41352158784866333
Epoch 17/100, Train Loss: 0.3400010017580769, Val Loss: 0.5087341265678406
Epoch [17/100], Loss: 0.41542619466781616
Epoch 18/100, Train Loss: 0.32901773479897495, Val Loss: 0.5307781524658203
Epoch [18/100], Loss: 0.40042996406555176
Epoch 19/100, Train Loss: 0.3188111432788746, Val Loss: 0.5096319878101349
Epoch [19/100], Loss: 0.3676035702228546
Epoch 20/100, Train Loss: 0.31354099460838214, Val Loss: 0.5244540424346924
Epoch [20/100], Loss: 0.3705606460571289
Validation loss hasn't improved for 10 epochs, stopping training...
Epoch 1/100, Train Loss: 0.8273247591560646, Val Loss: 0.6713752698898315
Epoch [1/100], Loss: 0.5445374250411987
Epoch 2/100, Train Loss: 0.590591347519101, Val Loss: 0.8689331288337707
Epoch [2/100], Loss: 0.6812704205513
Epoch 3/100, Train Loss: 0.529853411890805, Val Loss: 0.6424322781562806
Epoch [3/100], Loss: 0.5308592915534973
Epoch 4/100, Train Loss: 0.5021861762763276, Val Loss: 0.5799067707061768
Epoch [4/100], Loss: 0.46288251876831055
Epoch 5/100, Train Loss: 0.47320822800994927, Val Loss: 0.6788699774742126
Epoch [5/100], Loss: 0.4981960654258728
Epoch 6/100, Train Loss: 0.44934271585076896, Val Loss: 0.532800710439682
Epoch [6/100], Loss: 0.443474143743515
Epoch 7/100, Train Loss: 0.43493508076386345, Val Loss: 0.5262564084529877
Epoch [7/100], Loss: 0.4020105302333832
Epoch 8/100, Train Loss: 0.4307936405854121, Val Loss: 0.5670474066734313
Epoch [8/100], Loss: 0.425855815410614
Epoch 9/100, Train Loss: 0.4144522836799364, Val Loss: 0.7037118000984192
Epoch [9/100], Loss: 0.5692599415779114
Epoch 10/100, Train Loss: 0.39901104613661165, Val Loss: 0.6590945086479187
Epoch [10/100], Loss: 0.5373358130455017
Epoch 11/100, Train Loss: 0.3891317441732847, Val Loss: 0.5793344254493713
Epoch [11/100], Loss: 0.4090285897254944
Epoch 12/100, Train Loss: 0.3856067979014141, Val Loss: 0.6313974721431732
Epoch [12/100], Loss: 0.4587629735469818
Epoch 13/100, Train Loss: 0.38447439799220323, Val Loss: 0.5014575254917145
Epoch [13/100], Loss: 0.39490047097206116
Epoch 14/100, Train Loss: 0.3613820177909697, Val Loss: 0.5214407315254211
Epoch [14/100], Loss: 0.3711419701576233
Epoch 15/100, Train Loss: 0.3449319355403392, Val Loss: 0.520283529996872
Epoch [15/100], Loss: 0.3826539218425751
Epoch 16/100, Train Loss: 0.34091963549890564, Val Loss: 0.5073964884281158
Epoch [16/100], Loss: 0.38995471596717834
Epoch 17/100, Train Loss: 0.32924341249827793, Val Loss: 0.4882192759513855
Epoch [17/100], Loss: 0.3674761652946472
Epoch 18/100, Train Loss: 0.34376760261858896, Val Loss: 0.6646158368587494
Epoch [18/100], Loss: 0.4955380856990814
Epoch 19/100, Train Loss: 0.3496055837525887, Val Loss: 0.5280744178295136
Epoch [19/100], Loss: 0.3623752295970917
Epoch 20/100, Train Loss: 0.3186078028172305, Val Loss: 0.5272382330894471
Epoch [20/100], Loss: 0.4060167670249939
Epoch 21/100, Train Loss: 0.31004644151883826, Val Loss: 0.5286852965354919
Epoch [21/100], Loss: 0.36908119916915894
Epoch 22/100, Train Loss: 0.3001381838804152, Val Loss: 0.5653526425361634
Epoch [22/100], Loss: 0.44595247507095337
Epoch 23/100, Train Loss: 0.31574342433758973, Val Loss: 0.5088557877540588
Epoch [23/100], Loss: 0.3821924328804016
Epoch 24/100, Train Loss: 0.2978829874960206, Val Loss: 0.5047381994724274
Epoch [24/100], Loss: 0.4010879099369049
Epoch 25/100, Train Loss: 0.2873596808158527, Val Loss: 0.488104510307312
Epoch [25/100], Loss: 0.3338876962661743
Epoch 26/100, Train Loss: 0.297235794734794, Val Loss: 0.6100766122341156
Epoch [26/100], Loss: 0.4250098168849945
Epoch 27/100, Train Loss: 0.29535657686085565, Val Loss: 0.5769069654941559
Epoch [27/100], Loss: 0.3964006006717682
Epoch 28/100, Train Loss: 0.2832551262732501, Val Loss: 0.5050960385799408
Epoch [28/100], Loss: 0.3440888822078705
Epoch 29/100, Train Loss: 0.27509190528630006, Val Loss: 0.5038917260169983
Epoch [29/100], Loss: 0.33443957567214966
Epoch 30/100, Train Loss: 0.2643885490363605, Val Loss: 0.5014431591033935
Epoch [30/100], Loss: 0.3452887535095215
Epoch 31/100, Train Loss: 0.25593768648715287, Val Loss: 0.5153150026798248
Epoch [31/100], Loss: 0.3417016565799713
Epoch 32/100, Train Loss: 0.2525754285703019, Val Loss: 2.6382335891723634
Epoch [32/100], Loss: 2.270724296569824
Epoch 33/100, Train Loss: 0.27026017226819044, Val Loss: 0.5420459122657776
Epoch [33/100], Loss: 0.4105857014656067
Epoch 34/100, Train Loss: 0.2575275661370404, Val Loss: 0.5426516902446746
Epoch [34/100], Loss: 0.3300299346446991
Epoch 35/100, Train Loss: 0.2449963304787422, Val Loss: 0.5195164747238159
Epoch [35/100], Loss: 0.34368669986724854
Epoch 36/100, Train Loss: 0.24144662368860453, Val Loss: 0.5268740646839142
Epoch [36/100], Loss: 0.3341358006000519
Epoch 37/100, Train Loss: 0.23631771664193268, Val Loss: 0.522857064962387
Epoch [37/100], Loss: 0.34439191222190857
Epoch 38/100, Train Loss: 0.234378584741943, Val Loss: 0.553031459569931
Epoch [38/100], Loss: 0.356449693441391
Epoch 39/100, Train Loss: 0.24307772696118732, Val Loss: 0.6575254819393158
Epoch [39/100], Loss: 0.44940194487571716
Epoch 40/100, Train Loss: 0.3098965513867029, Val Loss: 2.0187185974121094
Epoch [40/100], Loss: 1.4516239166259766
Epoch 41/100, Train Loss: 0.29811993792125385, Val Loss: 0.488646959066391
Epoch [41/100], Loss: 0.338308185338974
Epoch 42/100, Train Loss: 0.24498537557221584, Val Loss: 0.49571170163154604
Epoch [42/100], Loss: 0.3392491638660431
Epoch 43/100, Train Loss: 0.23696205695403166, Val Loss: 0.5625262644290924
Epoch [43/100], Loss: 0.3854424059391022
Epoch 44/100, Train Loss: 0.23033889201901614, Val Loss: 0.5059138436317444
Epoch [44/100], Loss: 0.3520699143409729
Epoch 45/100, Train Loss: 0.22183723339644493, Val Loss: 0.5248721919059753
Epoch [45/100], Loss: 0.3713032603263855
Epoch 46/100, Train Loss: 0.21813459491347784, Val Loss: 0.5434716396331787
Epoch [46/100], Loss: 0.350740909576416
Epoch 47/100, Train Loss: 0.21437881531643024, Val Loss: 0.5387172214984893
Epoch [47/100], Loss: 0.34899452328681946
Epoch 48/100, Train Loss: 0.21136225706710784, Val Loss: 0.5328679378032685
Epoch [48/100], Loss: 0.34982940554618835
Epoch 49/100, Train Loss: 0.21093500114814026, Val Loss: 0.544149302482605
Epoch [49/100], Loss: 0.3459275960922241
Epoch 50/100, Train Loss: 0.2079962913795024, Val Loss: 0.5553303656578064
Epoch [50/100], Loss: 0.362318217754364
Epoch 51/100, Train Loss: 0.20559966653133122, Val Loss: 0.5473628697395325
Epoch [51/100], Loss: 0.3734799027442932
Epoch 52/100, Train Loss: 0.2051380918359676, Val Loss: 0.5555753712654113
Epoch [52/100], Loss: 0.3395124077796936
Epoch 53/100, Train Loss: 0.20127703553005977, Val Loss: 0.5558930554389954
Epoch [53/100], Loss: 0.3588586449623108
Epoch 54/100, Train Loss: 0.1998648548910228, Val Loss: 0.5784560668468476
Epoch [54/100], Loss: 0.35736557841300964
Epoch 55/100, Train Loss: 0.19788786576429468, Val Loss: 0.6197333741188049
Epoch [55/100], Loss: 0.4042516350746155
Epoch 56/100, Train Loss: 0.19590082330908784, Val Loss: 0.5694311599731445
Epoch [56/100], Loss: 0.3384730815887451
Epoch 57/100, Train Loss: 0.19650467695011858, Val Loss: 0.5991485347747803
Epoch [57/100], Loss: 0.37778520584106445
Epoch 58/100, Train Loss: 0.19826210589473203, Val Loss: 0.6036370987892151
Epoch [58/100], Loss: 0.3666682839393616
Epoch 59/100, Train Loss: 0.25225639669931355, Val Loss: 0.8513856463432312
Epoch [59/100], Loss: 0.5790392756462097
Epoch 60/100, Train Loss: 0.3212911201267178, Val Loss: 0.5528172819614411
Epoch [60/100], Loss: 0.401470810174942
Epoch 61/100, Train Loss: 0.24034348948910506, Val Loss: 0.5250682649612427
Epoch [61/100], Loss: 0.3542689085006714
Epoch 62/100, Train Loss: 0.21328885168289455, Val Loss: 0.5371243369579315
Epoch [62/100], Loss: 0.3520955741405487
Epoch 63/100, Train Loss: 0.20303493086845437, Val Loss: 0.5555609645843506
Epoch [63/100], Loss: 0.3594634532928467
Epoch 64/100, Train Loss: 0.19610286953075337, Val Loss: 0.5398856494426727
Epoch [64/100], Loss: 0.3666948974132538
Epoch 65/100, Train Loss: 0.19001096400100909, Val Loss: 0.5560655174255371
Epoch [65/100], Loss: 0.3791623115539551
Epoch 66/100, Train Loss: 0.18778655532037627, Val Loss: 0.5554679019451141
Epoch [66/100], Loss: 0.3758077323436737
Epoch 67/100, Train Loss: 0.18445012725726348, Val Loss: 0.5815025553703308
Epoch [67/100], Loss: 0.3824095129966736
Epoch 68/100, Train Loss: 0.18458523224115775, Val Loss: 0.5887625443935395
Epoch [68/100], Loss: 0.38209566473960876
Epoch 69/100, Train Loss: 0.18221511460375825, Val Loss: 0.5883190529346466
Epoch [69/100], Loss: 0.3545837700366974
Epoch 70/100, Train Loss: 0.18136830999316494, Val Loss: 0.5850812416076661
Epoch [70/100], Loss: 0.3660707473754883
Epoch 71/100, Train Loss: 0.17935679432815083, Val Loss: 0.5967267577648163
Epoch [71/100], Loss: 0.38107678294181824
Epoch 72/100, Train Loss: 0.17805494052463197, Val Loss: 0.6263535780906677
Epoch [72/100], Loss: 0.379649817943573
Epoch 73/100, Train Loss: 0.1763781597049401, Val Loss: 0.5947078678607941
Epoch [73/100], Loss: 0.3954766094684601
Epoch 74/100, Train Loss: 0.17575639683822356, Val Loss: 0.6453004443645477
Epoch [74/100], Loss: 0.3838357627391815
Epoch 75/100, Train Loss: 0.17463330156083454, Val Loss: 0.6246691253185273
Epoch [75/100], Loss: 0.36983391642570496
Epoch 76/100, Train Loss: 0.1726569389864727, Val Loss: 0.6431915192604065
Epoch [76/100], Loss: 0.3665211796760559
Epoch 77/100, Train Loss: 0.1724062161441597, Val Loss: 0.6616937639713287
Epoch [77/100], Loss: 0.4243535101413727
Epoch 78/100, Train Loss: 0.1710183428622418, Val Loss: 0.6574301416873932
Epoch [78/100], Loss: 0.42266884446144104
Epoch 79/100, Train Loss: 0.17067463807573205, Val Loss: 0.6412443547248841
Epoch [79/100], Loss: 0.40427571535110474
Epoch 80/100, Train Loss: 0.17011629972751385, Val Loss: 1.4428494310379028
Epoch [80/100], Loss: 0.7135878801345825
Epoch 81/100, Train Loss: 0.280418766881724, Val Loss: 0.6219231600761413
Epoch [81/100], Loss: 0.4003848433494568
Epoch 82/100, Train Loss: 0.24763082347270007, Val Loss: 0.7673211507797241
Epoch [82/100], Loss: 0.5604120492935181
Epoch 83/100, Train Loss: 0.21562395080245567, Val Loss: 0.5814859795570374
Epoch [83/100], Loss: 0.3944628834724426
Epoch 84/100, Train Loss: 0.18534922233922485, Val Loss: 0.5843039493560791
Epoch [84/100], Loss: 0.34583187103271484
Epoch 85/100, Train Loss: 0.17741702301506249, Val Loss: 0.6102229099273682
Epoch [85/100], Loss: 0.37831592559814453
Epoch 86/100, Train Loss: 0.1719036473843943, Val Loss: 0.5980506970882415
Epoch [86/100], Loss: 0.37731441855430603
Epoch 87/100, Train Loss: 0.16891408316401565, Val Loss: 0.6170698299407958
Epoch [87/100], Loss: 0.37637925148010254
Epoch 88/100, Train Loss: 0.16669440964522692, Val Loss: 0.6566155457496643
Epoch [88/100], Loss: 0.38146287202835083
Epoch 89/100, Train Loss: 0.16536393547038003, Val Loss: 0.6342543349266052
Epoch [89/100], Loss: 0.37269824743270874
Epoch 90/100, Train Loss: 0.16384795517684236, Val Loss: 0.6428083529472352
Epoch [90/100], Loss: 0.39373844861984253
Epoch 91/100, Train Loss: 0.16239580558283132, Val Loss: 0.6606009919643402
Epoch [91/100], Loss: 0.396127313375473
Epoch 92/100, Train Loss: 0.16153392521868667, Val Loss: 0.6501987156867981
Epoch [92/100], Loss: 0.3856967091560364
Epoch 93/100, Train Loss: 0.1607149072481448, Val Loss: 0.6732601618766785
Epoch [93/100], Loss: 0.3807060122489929
Epoch 94/100, Train Loss: 0.15967489493536507, Val Loss: 0.6705862975120545
Epoch [94/100], Loss: 0.39555448293685913
Epoch 95/100, Train Loss: 0.1593365609093018, Val Loss: 0.6780652506351471
Epoch [95/100], Loss: 0.3846224844455719
Epoch 96/100, Train Loss: 0.15869644374208144, Val Loss: 0.6679277877807617
Epoch [96/100], Loss: 0.37626004219055176
Epoch 97/100, Train Loss: 0.157552408146818, Val Loss: 0.7259857294559479
Epoch [97/100], Loss: 0.43204227089881897
Epoch 98/100, Train Loss: 0.15786197462934265, Val Loss: 0.7072879829406739
Epoch [98/100], Loss: 0.39601612091064453
Epoch 99/100, Train Loss: 0.15709470679345863, Val Loss: 0.6990040867328644
Epoch [99/100], Loss: 0.38286998867988586
Epoch 100/100, Train Loss: 0.15632531715283707, Val Loss: 0.7078488919734954
Epoch [100/100], Loss: 0.3933933675289154
Epoch 1/100, Train Loss: 0.7996088029160267, Val Loss: 0.7816982622146607
Epoch [1/100], Loss: 0.6009875535964966
Epoch 2/100, Train Loss: 0.5836491312787665, Val Loss: 0.6171549527645112
Epoch [2/100], Loss: 0.49958595633506775
Epoch 3/100, Train Loss: 0.5325007509019283, Val Loss: 0.6039695186614991
Epoch [3/100], Loss: 0.4947621822357178
Epoch 4/100, Train Loss: 0.5007996568189302, Val Loss: 0.7803228402137756
Epoch [4/100], Loss: 0.5940046906471252
Epoch 5/100, Train Loss: 0.4712934964422834, Val Loss: 0.567745258808136
Epoch [5/100], Loss: 0.4570232033729553
Epoch 6/100, Train Loss: 0.45502131341078633, Val Loss: 0.5799940984249115
Epoch [6/100], Loss: 0.4179564416408539
Epoch 7/100, Train Loss: 0.4343077012398995, Val Loss: 0.5097682380676269
Epoch [7/100], Loss: 0.39576292037963867
Epoch 8/100, Train Loss: 0.4248550015697994, Val Loss: 0.5582642726898194
Epoch [8/100], Loss: 0.453808069229126
Epoch 9/100, Train Loss: 0.4130579247945075, Val Loss: 0.6158459799289704
Epoch [9/100], Loss: 0.49969568848609924
Epoch 10/100, Train Loss: 0.40528841422741974, Val Loss: 0.5175357756614685
Epoch [10/100], Loss: 0.3778020739555359
Epoch 11/100, Train Loss: 0.38336492226055463, Val Loss: 0.508871817111969
Epoch [11/100], Loss: 0.3822711110115051
Epoch 12/100, Train Loss: 0.37608228067523514, Val Loss: 0.48523675322532656
Epoch [12/100], Loss: 0.36155614256858826
Epoch 13/100, Train Loss: 0.3674973617818263, Val Loss: 0.5126493706703186
Epoch [13/100], Loss: 0.36650973558425903
Epoch 14/100, Train Loss: 0.35546002502586144, Val Loss: 0.5764505922794342
Epoch [14/100], Loss: 0.4047607481479645
Epoch 15/100, Train Loss: 0.3557330108714144, Val Loss: 0.6179334008693695
Epoch [15/100], Loss: 0.43736395239830017
Epoch 16/100, Train Loss: 0.34320897960542224, Val Loss: 0.5009743220806122
Epoch [16/100], Loss: 0.3729803264141083
Epoch 17/100, Train Loss: 0.34542223660378996, Val Loss: 0.5234172768592834
Epoch [17/100], Loss: 0.3939130902290344
Epoch 18/100, Train Loss: 0.3349477225371195, Val Loss: 0.5426447236537933
Epoch [18/100], Loss: 0.39431366324424744
Epoch 19/100, Train Loss: 0.35021165388229525, Val Loss: 0.4715525093078613
Epoch [19/100], Loss: 0.38271594047546387
Epoch 20/100, Train Loss: 0.31951728197816653, Val Loss: 0.5197121901512146
Epoch [20/100], Loss: 0.40010470151901245
Epoch 21/100, Train Loss: 0.31311848861170055, Val Loss: 0.49881165647506714
Epoch [21/100], Loss: 0.3681146502494812
Epoch 22/100, Train Loss: 0.29912728576796854, Val Loss: 0.5177995619773865
Epoch [22/100], Loss: 0.3590065836906433
Epoch 23/100, Train Loss: 0.29597580145422564, Val Loss: 0.5442491557598114
Epoch [23/100], Loss: 0.3779115378856659
Epoch 24/100, Train Loss: 0.290008815524952, Val Loss: 0.6033428189754486
Epoch [24/100], Loss: 0.41723355650901794
Epoch 25/100, Train Loss: 0.2797541901896414, Val Loss: 0.5343377346992493
Epoch [25/100], Loss: 0.41381484270095825
Epoch 26/100, Train Loss: 0.2735758879031942, Val Loss: 0.510237773180008
Epoch [26/100], Loss: 0.38573983311653137
Epoch 27/100, Train Loss: 0.2759618940582565, Val Loss: 0.5098332114219666
Epoch [27/100], Loss: 0.34465378522872925
Epoch 28/100, Train Loss: 0.2679910993495639, Val Loss: 0.5395568680763244
Epoch [28/100], Loss: 0.3896632790565491
Validation loss hasn't improved for 10 epochs, stopping training...
Epoch 1/100, Train Loss: 0.8173300095191492, Val Loss: 0.6810962219238281
Epoch [1/100], Loss: 0.58139967918396
Epoch 2/100, Train Loss: 0.5849151664600405, Val Loss: 0.6154172341823578
Epoch [2/100], Loss: 0.4974380433559418
Epoch 3/100, Train Loss: 0.5368852877094211, Val Loss: 0.6293344182968139
Epoch [3/100], Loss: 0.5105689764022827
Epoch 4/100, Train Loss: 0.4998790738755495, Val Loss: 0.5711947157382965
Epoch [4/100], Loss: 0.4510566294193268
Epoch 5/100, Train Loss: 0.4690008607220288, Val Loss: 0.5731893725395203
Epoch [5/100], Loss: 0.4430975317955017
Epoch 6/100, Train Loss: 0.4593502601021257, Val Loss: 0.604083475112915
Epoch [6/100], Loss: 0.4670674800872803
Epoch 7/100, Train Loss: 0.4329478433220624, Val Loss: 0.5814582865238189
Epoch [7/100], Loss: 0.4406696856021881
Epoch 8/100, Train Loss: 0.4239704704606312, Val Loss: 0.5455415287017822
Epoch [8/100], Loss: 0.42296528816223145
Epoch 9/100, Train Loss: 0.4075496827571026, Val Loss: 0.618622832775116
Epoch [9/100], Loss: 0.4465598464012146
Epoch 10/100, Train Loss: 0.4042856150192113, Val Loss: 0.6223944528102875
Epoch [10/100], Loss: 0.41885027289390564
Epoch 11/100, Train Loss: 0.3884330139694889, Val Loss: 0.5723591175079346
Epoch [11/100], Loss: 0.44980645179748535
Epoch 12/100, Train Loss: 0.3798288267639797, Val Loss: 0.5276687641143799
Epoch [12/100], Loss: 0.4018588066101074
Epoch 13/100, Train Loss: 0.37182552684820924, Val Loss: 0.5381676781177521
Epoch [13/100], Loss: 0.3895581066608429
Epoch 14/100, Train Loss: 0.3597556238632781, Val Loss: 0.5207094554901123
Epoch [14/100], Loss: 0.4190208911895752
Epoch 15/100, Train Loss: 0.35394096975583855, Val Loss: 0.6383158166408539
Epoch [15/100], Loss: 0.4761994779109955
Epoch 16/100, Train Loss: 0.3511536901354991, Val Loss: 0.5088781230449676
Epoch [16/100], Loss: 0.38190361857414246
Epoch 17/100, Train Loss: 0.33630037831415815, Val Loss: 0.5062883791923523
Epoch [17/100], Loss: 0.3928353190422058
Epoch 18/100, Train Loss: 0.33386705371018804, Val Loss: 0.5078535807132721
Epoch [18/100], Loss: 0.36877408623695374
Epoch 19/100, Train Loss: 0.3245082815722712, Val Loss: 0.567806009054184
Epoch [19/100], Loss: 0.438387006521225
Epoch 20/100, Train Loss: 0.3176997194603764, Val Loss: 0.4939375433921814
Epoch [20/100], Loss: 0.3421174883842468
Epoch 21/100, Train Loss: 0.3085941252479264, Val Loss: 0.5008031632900238
Epoch [21/100], Loss: 0.37406453490257263
Epoch 22/100, Train Loss: 0.3046582338781823, Val Loss: 0.5354253981113434
Epoch [22/100], Loss: 0.43054142594337463
Epoch 23/100, Train Loss: 0.30089904019643643, Val Loss: 0.5811371178627014
Epoch [23/100], Loss: 0.420784056186676
Epoch 24/100, Train Loss: 0.2990105460003697, Val Loss: 0.48727816677093505
Epoch [24/100], Loss: 0.3606647253036499
Epoch 25/100, Train Loss: 0.3075774995211204, Val Loss: 0.5645503685474396
Epoch [25/100], Loss: 0.3986223042011261
Epoch 26/100, Train Loss: 0.2824201353183283, Val Loss: 0.4898552930355072
Epoch [26/100], Loss: 0.3395591676235199
Epoch 27/100, Train Loss: 0.2737940715497099, Val Loss: 0.5047256531715393
Epoch [27/100], Loss: 0.35123211145401
Epoch 28/100, Train Loss: 0.27293506900938524, Val Loss: 0.49996998167037965
Epoch [28/100], Loss: 0.3686444163322449
Epoch 29/100, Train Loss: 0.26363071023814794, Val Loss: 0.5176103086471557
Epoch [29/100], Loss: 0.3408724069595337
Epoch 30/100, Train Loss: 0.2574876256475561, Val Loss: 0.5102430057525634
Epoch [30/100], Loss: 0.3847334384918213
Epoch 31/100, Train Loss: 0.2813690403460652, Val Loss: 0.6033227040767669
Epoch [31/100], Loss: 0.41857871413230896
Epoch 32/100, Train Loss: 0.278016184252792, Val Loss: 0.5794802520275116
Epoch [32/100], Loss: 0.37382885813713074
Epoch 33/100, Train Loss: 0.2655177771039998, Val Loss: 0.5234872682094573
Epoch [33/100], Loss: 0.3741818368434906
Epoch 34/100, Train Loss: 0.25626594658444746, Val Loss: 0.6949087796211243
Epoch [34/100], Loss: 0.4991326928138733
Epoch 35/100, Train Loss: 0.2580309392730462, Val Loss: 0.6757621192932128
Epoch [35/100], Loss: 0.4471912384033203
Epoch 36/100, Train Loss: 0.25820966678566315, Val Loss: 0.5542987558841705
Epoch [36/100], Loss: 0.3338755667209625
Epoch 37/100, Train Loss: 0.2408755195583099, Val Loss: 0.5660178668498993
Epoch [37/100], Loss: 0.35663363337516785
Epoch 38/100, Train Loss: 0.23376419219560607, Val Loss: 0.5579795241355896
Epoch [38/100], Loss: 0.34959572553634644
Epoch 39/100, Train Loss: 0.2294427178058817, Val Loss: 0.5581564538478851
Epoch [39/100], Loss: 0.34097370505332947
Epoch 40/100, Train Loss: 0.22722163607459045, Val Loss: 0.5507252135276794
Epoch [40/100], Loss: 0.37294286489486694
Epoch 41/100, Train Loss: 0.22336344568665073, Val Loss: 0.547530419588089
Epoch [41/100], Loss: 0.3632500469684601
Epoch 42/100, Train Loss: 0.21991003322058544, Val Loss: 0.5666790509223938
Epoch [42/100], Loss: 0.36802560091018677
Epoch 43/100, Train Loss: 0.2172346639291432, Val Loss: 0.5732659645080567
Epoch [43/100], Loss: 0.3348531723022461
Epoch 44/100, Train Loss: 0.23649072766706072, Val Loss: 0.8780808968544006
Epoch [44/100], Loss: 0.5467782616615295
Epoch 45/100, Train Loss: 0.29537184684714823, Val Loss: 0.5850740430355073
Epoch [45/100], Loss: 0.41181430220603943
Epoch 46/100, Train Loss: 0.2833425524262916, Val Loss: 0.5649134712219238
Epoch [46/100], Loss: 0.37166714668273926
Epoch 47/100, Train Loss: 0.2365541004963709, Val Loss: 0.5257956218719483
Epoch [47/100], Loss: 0.34382176399230957
Epoch 48/100, Train Loss: 0.21967436552148242, Val Loss: 0.5410770313739777
Epoch [48/100], Loss: 0.36036184430122375
Epoch 49/100, Train Loss: 0.21325725585373015, Val Loss: 0.5656698520183563
Epoch [49/100], Loss: 0.3616761863231659
Epoch 50/100, Train Loss: 0.20860445366239466, Val Loss: 0.5504810893535614
Epoch [50/100], Loss: 0.33741089701652527
Epoch 51/100, Train Loss: 0.20589973574243547, Val Loss: 0.5685214750766754
Epoch [51/100], Loss: 0.3631354868412018
Epoch 52/100, Train Loss: 0.20366135718549083, Val Loss: 0.5376559860706329
Epoch [52/100], Loss: 0.32929590344429016
Epoch 53/100, Train Loss: 0.2009784709894637, Val Loss: 0.5627266483306885
Epoch [53/100], Loss: 0.3403592109680176
Epoch 54/100, Train Loss: 0.1991772503565375, Val Loss: 0.5751717748641968
Epoch [54/100], Loss: 0.35032856464385986
Epoch 55/100, Train Loss: 0.1963022576717261, Val Loss: 0.6841001782417298
Epoch [55/100], Loss: 0.4878402352333069
Epoch 56/100, Train Loss: 0.20461898435026557, Val Loss: 0.5759546213150024
Epoch [56/100], Loss: 0.357082724571228
Epoch 57/100, Train Loss: 0.20644588504633654, Val Loss: 0.5955718531608581
Epoch [57/100], Loss: 0.40039247274398804
Epoch 58/100, Train Loss: 0.2409818476508882, Val Loss: 0.600187099456787
Epoch [58/100], Loss: 0.40026426315307617
Epoch 59/100, Train Loss: 0.2540472102506969, Val Loss: 0.5998627240657807
Epoch [59/100], Loss: 0.46442660689353943
Epoch 60/100, Train Loss: 0.22875794205959088, Val Loss: 0.5439756290912628
Epoch [60/100], Loss: 0.3580823242664337
Epoch 61/100, Train Loss: 0.2072529168243553, Val Loss: 0.5553837304115296
Epoch [61/100], Loss: 0.343797504901886
Epoch 62/100, Train Loss: 0.19650300060717693, Val Loss: 0.5551448354721069
Epoch [62/100], Loss: 0.35252106189727783
Epoch 63/100, Train Loss: 0.19146631912879558, Val Loss: 0.561412472486496
Epoch [63/100], Loss: 0.35596296191215515
Epoch 64/100, Train Loss: 0.18734698461440924, Val Loss: 0.5643229842185974
Epoch [64/100], Loss: 0.37047499418258667
Epoch 65/100, Train Loss: 0.18493531827279328, Val Loss: 0.5963596549034119
Epoch [65/100], Loss: 0.3745822310447693
Epoch 66/100, Train Loss: 0.18231174014068977, Val Loss: 0.5939894835948945
Epoch [66/100], Loss: 0.3955170810222626
Epoch 67/100, Train Loss: 0.18178969686992252, Val Loss: 0.5983730452060699
Epoch [67/100], Loss: 0.3644470274448395
Epoch 68/100, Train Loss: 0.17999841680414158, Val Loss: 0.6175740733146667
Epoch [68/100], Loss: 0.35344022512435913
Epoch 69/100, Train Loss: 0.1795035769475049, Val Loss: 0.6351886444091797
Epoch [69/100], Loss: 0.403989315032959
Epoch 70/100, Train Loss: 0.17717291880618863, Val Loss: 0.622388233423233
Epoch [70/100], Loss: 0.3895670473575592
Epoch 71/100, Train Loss: 0.1763806337098046, Val Loss: 0.635308406829834
Epoch [71/100], Loss: 0.36685800552368164
Epoch 72/100, Train Loss: 0.17528830975243856, Val Loss: 0.6462124381065368
Epoch [72/100], Loss: 0.3920690417289734
Epoch 73/100, Train Loss: 0.17508370023453215, Val Loss: 0.6237773897647858
Epoch [73/100], Loss: 0.40321555733680725
Epoch 74/100, Train Loss: 0.17339310264607505, Val Loss: 0.6562963826656342
Epoch [74/100], Loss: 0.39340052008628845
Epoch 75/100, Train Loss: 0.17291752292474646, Val Loss: 0.643714795589447
Epoch [75/100], Loss: 0.4020368456840515
Epoch 76/100, Train Loss: 0.17124536012316635, Val Loss: 0.6485122663974762
Epoch [76/100], Loss: 0.37745681405067444
Epoch 77/100, Train Loss: 0.17032449664595156, Val Loss: 0.6552238261699677
Epoch [77/100], Loss: 0.3623470962047577
Epoch 78/100, Train Loss: 0.16937819275043867, Val Loss: 0.6438045833110809
Epoch [78/100], Loss: 0.3707084357738495
Epoch 79/100, Train Loss: 0.17048153751616132, Val Loss: 0.6548273901939392
Epoch [79/100], Loss: 0.3879198431968689
Epoch 80/100, Train Loss: 0.16881551848595702, Val Loss: 0.6553891425132752
Epoch [80/100], Loss: 0.4042198061943054
Epoch 81/100, Train Loss: 0.16790873571149817, Val Loss: 0.6634118704795837
Epoch [81/100], Loss: 0.37996262311935425
Epoch 82/100, Train Loss: 0.16998924083794148, Val Loss: 0.7360676553249359
Epoch [82/100], Loss: 0.48858317732810974
Epoch 83/100, Train Loss: 0.2883307983561672, Val Loss: 0.6478827915191651
Epoch [83/100], Loss: 0.4856536388397217
Epoch 84/100, Train Loss: 0.2755304931890703, Val Loss: 0.5528511483669281
Epoch [84/100], Loss: 0.40496858954429626
Epoch 85/100, Train Loss: 0.21580646108415033, Val Loss: 0.5710805611610412
Epoch [85/100], Loss: 0.3710535168647766
Epoch 86/100, Train Loss: 0.18852348331657268, Val Loss: 0.5718897845745087
Epoch [86/100], Loss: 0.38547298312187195
Epoch 87/100, Train Loss: 0.17644246748788361, Val Loss: 0.6009118905067444
Epoch [87/100], Loss: 0.39064937829971313
Epoch 88/100, Train Loss: 0.17103546253243748, Val Loss: 0.6339985220432282
Epoch [88/100], Loss: 0.4065634310245514
Epoch 89/100, Train Loss: 0.16734296630747603, Val Loss: 0.6334287774562836
Epoch [89/100], Loss: 0.3913503587245941
Epoch 90/100, Train Loss: 0.16441654567473252, Val Loss: 0.657855197429657
Epoch [90/100], Loss: 0.39238685369491577
Epoch 91/100, Train Loss: 0.16341017691723211, Val Loss: 0.6706475019454956
Epoch [91/100], Loss: 0.38321197032928467
Epoch 92/100, Train Loss: 0.16091683935154147, Val Loss: 0.6732240924835206
Epoch [92/100], Loss: 0.3805551528930664
Epoch 93/100, Train Loss: 0.15990854147915898, Val Loss: 0.6669897494316102
Epoch [93/100], Loss: 0.4004337191581726
Epoch 94/100, Train Loss: 0.1589116370999592, Val Loss: 0.6998559074401856
Epoch [94/100], Loss: 0.40663862228393555
Epoch 95/100, Train Loss: 0.15850649033288328, Val Loss: 0.6909629137516021
Epoch [95/100], Loss: 0.38752618432044983
Epoch 96/100, Train Loss: 0.15744790547412724, Val Loss: 0.6913896944522858
Epoch [96/100], Loss: 0.40603843331336975
Epoch 97/100, Train Loss: 0.15674613575509186, Val Loss: 0.6928316328525543
Epoch [97/100], Loss: 0.3969034254550934
Epoch 98/100, Train Loss: 0.15595081744567943, Val Loss: 0.7099980759620667
Epoch [98/100], Loss: 0.40336209535598755
Epoch 99/100, Train Loss: 0.1554583989900441, Val Loss: 0.7514659156799316
Epoch [99/100], Loss: 0.43448638916015625
Epoch 100/100, Train Loss: 0.15441251774561948, Val Loss: 0.7148102338314056
Epoch [100/100], Loss: 0.3729487359523773
Epoch 1/100, Train Loss: 0.8239878667546766, Val Loss: 0.6725581703186035
Epoch [1/100], Loss: 0.5534498691558838
Epoch 2/100, Train Loss: 0.5824841785189675, Val Loss: 0.8675171518325806
Epoch [2/100], Loss: 0.7023297548294067
Epoch 3/100, Train Loss: 0.5360580088115261, Val Loss: 0.6110612168312073
Epoch [3/100], Loss: 0.4863489270210266
Epoch 4/100, Train Loss: 0.49721106417464567, Val Loss: 0.5676484029293061
Epoch [4/100], Loss: 0.44604477286338806
Epoch 5/100, Train Loss: 0.479262532029948, Val Loss: 0.5496505010128021
Epoch [5/100], Loss: 0.43520697951316833
Epoch 6/100, Train Loss: 0.45165964773091255, Val Loss: 0.5475145914554596
Epoch [6/100], Loss: 0.44964924454689026
Epoch 7/100, Train Loss: 0.4354624269885116, Val Loss: 2.020031551361084
Epoch [7/100], Loss: 1.60247802734375
Epoch 8/100, Train Loss: 0.41675975759958134, Val Loss: 0.5181304993629455
Epoch [8/100], Loss: 0.39526015520095825
Epoch 9/100, Train Loss: 0.41220246254895226, Val Loss: 0.5203130669593811
Epoch [9/100], Loss: 0.4166761040687561
Epoch 10/100, Train Loss: 0.40088393350475754, Val Loss: 0.5102880008220673
Epoch [10/100], Loss: 0.3907489478588104
Epoch 11/100, Train Loss: 0.3854247259751942, Val Loss: 1.552866596221924
Epoch [11/100], Loss: 1.3982458114624023
Epoch 12/100, Train Loss: 0.38618974273562634, Val Loss: 0.5647912213802337
Epoch [12/100], Loss: 0.42382630705833435
Epoch 13/100, Train Loss: 0.3663579126835674, Val Loss: 0.5443570783138275
Epoch [13/100], Loss: 0.40603765845298767
Epoch 14/100, Train Loss: 0.3579918666493028, Val Loss: 0.5394134843349456
Epoch [14/100], Loss: 0.3644445836544037
Epoch 15/100, Train Loss: 0.35639768673034783, Val Loss: 0.5367903916835784
Epoch [15/100], Loss: 0.38689956068992615
Epoch 16/100, Train Loss: 0.347279557027865, Val Loss: 0.523499174118042
Epoch [16/100], Loss: 0.41639041900634766
Epoch 17/100, Train Loss: 0.34295540040902306, Val Loss: 0.4902076864242554
Epoch [17/100], Loss: 0.3537343740463257
Epoch 18/100, Train Loss: 0.34263660439351357, Val Loss: 0.6743465223312378
Epoch [18/100], Loss: 0.569428563117981
Epoch 19/100, Train Loss: 0.322382672701477, Val Loss: 0.48932528591156005
Epoch [19/100], Loss: 0.3569096326828003
Epoch 20/100, Train Loss: 0.32630820662336046, Val Loss: 0.5108266682624817
Epoch [20/100], Loss: 0.3863449692726135
Epoch 21/100, Train Loss: 0.31584401942827245, Val Loss: 0.46734744596481326
Epoch [21/100], Loss: 0.3444156050682068
Epoch 22/100, Train Loss: 0.3046687414533573, Val Loss: 0.49378006196022034
Epoch [22/100], Loss: 0.36429038643836975
Epoch 23/100, Train Loss: 0.3052430928356531, Val Loss: 0.48994061279296874
Epoch [23/100], Loss: 0.34845709800720215
Epoch 24/100, Train Loss: 0.29335469577404943, Val Loss: 0.490023627281189
Epoch [24/100], Loss: 0.3399087190628052
Epoch 25/100, Train Loss: 0.28904443002269803, Val Loss: 0.5261218104362487
Epoch [25/100], Loss: 0.4075893759727478
Epoch 26/100, Train Loss: 0.28555497865853785, Val Loss: 0.48387560367584226
Epoch [26/100], Loss: 0.36903226375579834
Epoch 27/100, Train Loss: 0.2723390156864919, Val Loss: 0.49374818754196165
Epoch [27/100], Loss: 0.3540744185447693
Epoch 28/100, Train Loss: 0.265160921120523, Val Loss: 0.5033653090000153
Epoch [28/100], Loss: 0.34916844964027405
Epoch 29/100, Train Loss: 0.26197135309746855, Val Loss: 0.5352211940288544
Epoch [29/100], Loss: 0.33185312151908875
Epoch 30/100, Train Loss: 0.2613916421016996, Val Loss: 0.5302408900260925
Epoch [30/100], Loss: 0.37199753522872925
Validation loss hasn't improved for 10 epochs, stopping training...
Epoch 1/100, Train Loss: 0.8281289874401704, Val Loss: 0.7028533215522766
Epoch [1/100], Loss: 0.5753567814826965
Epoch 2/100, Train Loss: 0.5924183572323688, Val Loss: 0.6352540459632874
Epoch [2/100], Loss: 0.526466429233551
Epoch 3/100, Train Loss: 0.5340241427164255, Val Loss: 0.5988690662384033
Epoch [3/100], Loss: 0.4852280616760254
Epoch 4/100, Train Loss: 0.49706299796474324, Val Loss: 0.6170337579250336
Epoch [4/100], Loss: 0.4813877046108246
Epoch 5/100, Train Loss: 0.48054015385159754, Val Loss: 0.5822363035678864
Epoch [5/100], Loss: 0.42935577034950256
Epoch 6/100, Train Loss: 0.46111660912306274, Val Loss: 0.5998540306091309
Epoch [6/100], Loss: 0.4801630973815918
Epoch 7/100, Train Loss: 0.438282813119245, Val Loss: 0.5316106352806091
Epoch [7/100], Loss: 0.4312426447868347
Epoch 8/100, Train Loss: 0.41891857510272407, Val Loss: 0.5189019875526428
Epoch [8/100], Loss: 0.3894246220588684
Epoch 9/100, Train Loss: 0.4137933704342448, Val Loss: 0.5637642669677735
Epoch [9/100], Loss: 0.41628026962280273
Epoch 10/100, Train Loss: 0.39996244392748825, Val Loss: 0.5956115796566009
Epoch [10/100], Loss: 0.4382067620754242
Epoch 11/100, Train Loss: 0.3958141519287585, Val Loss: 0.7391127634048462
Epoch [11/100], Loss: 0.5425130128860474
Epoch 12/100, Train Loss: 0.37861990439148013, Val Loss: 0.5930682921409607
Epoch [12/100], Loss: 0.46883052587509155
Epoch 13/100, Train Loss: 0.3730757003992444, Val Loss: 0.6743130149841309
Epoch [13/100], Loss: 0.5059094429016113
Epoch 14/100, Train Loss: 0.3666222229273283, Val Loss: 0.5573318018913269
Epoch [14/100], Loss: 0.4106687903404236
Epoch 15/100, Train Loss: 0.36476691697942465, Val Loss: 0.48403764033317564
Epoch [15/100], Loss: 0.3527161777019501
Epoch 16/100, Train Loss: 0.34504513682241583, Val Loss: 0.531632029056549
Epoch [16/100], Loss: 0.40318018198013306
Epoch 17/100, Train Loss: 0.3421354132398184, Val Loss: 0.510801011800766
Epoch [17/100], Loss: 0.37652215361595154
Epoch 18/100, Train Loss: 0.33118285437257455, Val Loss: 0.5095285840034485
Epoch [18/100], Loss: 0.38514333963394165
Epoch 19/100, Train Loss: 0.3313940626171749, Val Loss: 0.5013364191055298
Epoch [19/100], Loss: 0.36054956912994385
Epoch 20/100, Train Loss: 0.32350267532704047, Val Loss: 0.4978664309978485
Epoch [20/100], Loss: 0.3580121695995331
Epoch 21/100, Train Loss: 0.3116366886569919, Val Loss: 0.47658358883857727
Epoch [21/100], Loss: 0.3825691044330597
Epoch 22/100, Train Loss: 0.3014181240815135, Val Loss: 0.6340960652828217
Epoch [22/100], Loss: 0.4186731278896332
Epoch 23/100, Train Loss: 0.30237109819914, Val Loss: 0.4926406817436218
Epoch [23/100], Loss: 0.3491970896720886
Epoch 24/100, Train Loss: 0.2888063904004797, Val Loss: 0.4598450689315796
Epoch [24/100], Loss: 0.3712869882583618
Epoch 25/100, Train Loss: 0.32058390701601114, Val Loss: 0.521655207157135
Epoch [25/100], Loss: 0.3622608780860901
Epoch 26/100, Train Loss: 0.31143675184169467, Val Loss: 0.4798842852115631
Epoch [26/100], Loss: 0.40159812569618225
Epoch 27/100, Train Loss: 0.2850086632607156, Val Loss: 0.49817256927490233
Epoch [27/100], Loss: 0.3432328701019287
Epoch 28/100, Train Loss: 0.2737743551976363, Val Loss: 0.4813657569885254
Epoch [28/100], Loss: 0.35466766357421875
Epoch 29/100, Train Loss: 0.26835292579753806, Val Loss: 0.4787697789669037
Epoch [29/100], Loss: 0.3551402986049652
Epoch 30/100, Train Loss: 0.2733689598349656, Val Loss: 0.4975746350288391
Epoch [30/100], Loss: 0.3750656247138977
Epoch 31/100, Train Loss: 0.25949762250480524, Val Loss: 0.4869990744590759
Epoch [31/100], Loss: 0.336709201335907
Epoch 32/100, Train Loss: 0.253017555863218, Val Loss: 0.46697383880615234
Epoch [32/100], Loss: 0.32142138481140137
Epoch 33/100, Train Loss: 0.2470378814670328, Val Loss: 0.4902361912727356
Epoch [33/100], Loss: 0.33088475465774536
Validation loss hasn't improved for 10 epochs, stopping training...
Epoch 1/100, Train Loss: 0.8145184677728714, Val Loss: 0.6737158341407776
Epoch [1/100], Loss: 0.5373695492744446
Epoch 2/100, Train Loss: 0.5870102277493597, Val Loss: 0.606159345626831
Epoch [2/100], Loss: 0.4916806221008301
Epoch 3/100, Train Loss: 0.5290349049270655, Val Loss: 0.8720814814567566
Epoch [3/100], Loss: 0.7208148837089539
Epoch 4/100, Train Loss: 0.5035710858454391, Val Loss: 0.6807371611595154
Epoch [4/100], Loss: 0.5492276549339294
Epoch 5/100, Train Loss: 0.47730868302951573, Val Loss: 0.5591126170158386
Epoch [5/100], Loss: 0.4492012858390808
Epoch 6/100, Train Loss: 0.4547591741732361, Val Loss: 0.556740053653717
Epoch [6/100], Loss: 0.4354751706123352
Epoch 7/100, Train Loss: 0.4385275924989787, Val Loss: 0.5371401631832122
Epoch [7/100], Loss: 0.41830095648765564
Epoch 8/100, Train Loss: 0.42676677392264845, Val Loss: 0.5700256953239441
Epoch [8/100], Loss: 0.42975133657455444
Epoch 9/100, Train Loss: 0.4157291327921978, Val Loss: 0.5594255299568176
Epoch [9/100], Loss: 0.43572455644607544
Epoch 10/100, Train Loss: 0.40137908990427373, Val Loss: 0.6003641662597656
Epoch [10/100], Loss: 0.4671788215637207
Epoch 11/100, Train Loss: 0.3986205935980779, Val Loss: 0.6327777903079986
Epoch [11/100], Loss: 0.4913918077945709
Epoch 12/100, Train Loss: 0.3794572991022171, Val Loss: 0.5074149088859559
Epoch [12/100], Loss: 0.3804885745048523
Epoch 13/100, Train Loss: 0.37219002043818944, Val Loss: 0.48022841501235963
Epoch [13/100], Loss: 0.3627470135688782
Epoch 14/100, Train Loss: 0.36674142712083274, Val Loss: 0.5326580638885499
Epoch [14/100], Loss: 0.3873155117034912
Epoch 15/100, Train Loss: 0.3565755988051879, Val Loss: 0.6809812617301941
Epoch [15/100], Loss: 0.5201498866081238
Epoch 16/100, Train Loss: 0.34425595912322227, Val Loss: 0.5016398854255676
Epoch [16/100], Loss: 0.36361128091812134
Epoch 17/100, Train Loss: 0.3533893001722847, Val Loss: 0.5262172560691833
Epoch [17/100], Loss: 0.41722387075424194
Epoch 18/100, Train Loss: 0.3244986175686674, Val Loss: 0.465076443195343
Epoch [18/100], Loss: 0.35287052392959595
Epoch 19/100, Train Loss: 0.32604032451346593, Val Loss: 0.540671106338501
Epoch [19/100], Loss: 0.40758728981018066
Epoch 20/100, Train Loss: 0.3248446971429339, Val Loss: 0.5531849710941315
Epoch [20/100], Loss: 0.3856333792209625
Epoch 21/100, Train Loss: 0.3176005668121486, Val Loss: 0.5066686344146728
Epoch [21/100], Loss: 0.3919565677642822
Epoch 22/100, Train Loss: 0.3124981788117407, Val Loss: 0.5359326531887054
Epoch [22/100], Loss: 0.4328943192958832
Epoch 23/100, Train Loss: 0.3277506909925258, Val Loss: 0.6612526535987854
Epoch [23/100], Loss: 0.42962437868118286
Epoch 24/100, Train Loss: 0.3059816274132335, Val Loss: 0.538416690826416
Epoch [24/100], Loss: 0.40576934814453125
Epoch 25/100, Train Loss: 0.29735388056222745, Val Loss: 0.519052384853363
Epoch [25/100], Loss: 0.3198525309562683
Epoch 26/100, Train Loss: 0.2855801834726414, Val Loss: 0.4932557806968689
Epoch [26/100], Loss: 0.3304118514060974
Epoch 27/100, Train Loss: 0.27459842734553963, Val Loss: 0.5309407229423523
Epoch [27/100], Loss: 0.36090177297592163
Epoch 28/100, Train Loss: 0.2724528792837217, Val Loss: 0.5029534487724304
Epoch [28/100], Loss: 0.34314364194869995
Epoch 29/100, Train Loss: 0.26998847339044735, Val Loss: 0.5044553084373474
Epoch [29/100], Loss: 0.3394114375114441
Epoch 30/100, Train Loss: 0.26699605592185693, Val Loss: 0.5460277388095855
Epoch [30/100], Loss: 0.4028595983982086
Epoch 31/100, Train Loss: 0.25973467642903125, Val Loss: 0.5221369142532348
Epoch [31/100], Loss: 0.34217798709869385
Epoch 32/100, Train Loss: 0.25310000903389307, Val Loss: 0.5066130237579346
Epoch [32/100], Loss: 0.3289501667022705
Epoch 33/100, Train Loss: 0.24819550281029326, Val Loss: 0.5257781789302826
Epoch [33/100], Loss: 0.3468252122402191
Epoch 34/100, Train Loss: 0.2587936259592564, Val Loss: 0.512921142578125
Epoch [34/100], Loss: 0.3439366817474365
Epoch 35/100, Train Loss: 0.2546276766172348, Val Loss: 0.5584313926696778
Epoch [35/100], Loss: 0.3845057487487793
Epoch 36/100, Train Loss: 0.26105827080057603, Val Loss: 1.2568909854888917
Epoch [36/100], Loss: 1.1607840061187744
Epoch 37/100, Train Loss: 0.29062756925167965, Val Loss: 0.7006358714103699
Epoch [37/100], Loss: 0.4420401453971863
Epoch 38/100, Train Loss: 0.27981798995606616, Val Loss: 0.5823918154239655
Epoch [38/100], Loss: 0.4075841009616852
Epoch 39/100, Train Loss: 0.2572667435992628, Val Loss: 0.5130438044071197
Epoch [39/100], Loss: 0.3576332628726959
Epoch 40/100, Train Loss: 0.2477076769679232, Val Loss: 0.5267666373252868
Epoch [40/100], Loss: 0.35626548528671265
Epoch 41/100, Train Loss: 0.23475512992370792, Val Loss: 0.525189308643341
Epoch [41/100], Loss: 0.3302953839302063
Epoch 42/100, Train Loss: 0.2270538290324943, Val Loss: 0.5231197733879089
Epoch [42/100], Loss: 0.3334926962852478
Epoch 43/100, Train Loss: 0.22196626517965662, Val Loss: 0.5258468210697174
Epoch [43/100], Loss: 0.33964410424232483
Epoch 44/100, Train Loss: 0.21806766498852742, Val Loss: 0.5248215973377228
Epoch [44/100], Loss: 0.320893794298172
Epoch 45/100, Train Loss: 0.21597154750590783, Val Loss: 0.5530987536907196
Epoch [45/100], Loss: 0.3579404056072235
Epoch 46/100, Train Loss: 0.2135886182270404, Val Loss: 0.5546267819404602
Epoch [46/100], Loss: 0.36059194803237915
Epoch 47/100, Train Loss: 0.21148026914258833, Val Loss: 0.5870279994010925
Epoch [47/100], Loss: 0.35650748014450073
Epoch 48/100, Train Loss: 0.20956156889061503, Val Loss: 0.5566621813774109
Epoch [48/100], Loss: 0.3349544405937195
Epoch 49/100, Train Loss: 0.20789058690428935, Val Loss: 0.5545210695266723
Epoch [49/100], Loss: 0.37440025806427
Epoch 50/100, Train Loss: 0.21425132202157282, Val Loss: 0.603232236623764
Epoch [50/100], Loss: 0.4027651250362396
Epoch 51/100, Train Loss: 0.21612437426742373, Val Loss: 0.6037948212623596
Epoch [51/100], Loss: 0.3838730454444885
Epoch 52/100, Train Loss: 0.22850991164853962, Val Loss: 0.6073377766609191
Epoch [52/100], Loss: 0.4033549427986145
Epoch 53/100, Train Loss: 0.21387153115079535, Val Loss: 0.5507461297512054
Epoch [53/100], Loss: 0.389136403799057
Epoch 54/100, Train Loss: 0.2055810637407721, Val Loss: 0.5831331257820129
Epoch [54/100], Loss: 0.36413079500198364
Epoch 55/100, Train Loss: 0.20655704360285657, Val Loss: 0.5691234579086304
Epoch [55/100], Loss: 0.3459569215774536
Epoch 56/100, Train Loss: 0.19905861605078132, Val Loss: 0.5749443776607513
Epoch [56/100], Loss: 0.38090428709983826
Epoch 57/100, Train Loss: 0.1954012083162948, Val Loss: 0.5900199222564697
Epoch [57/100], Loss: 0.3455686569213867
Epoch 58/100, Train Loss: 0.19294592875855368, Val Loss: 0.6207774376869202
Epoch [58/100], Loss: 0.3716006875038147
Epoch 59/100, Train Loss: 0.1928548660386875, Val Loss: 0.5847304134368897
Epoch [59/100], Loss: 0.4031367301940918
Epoch 60/100, Train Loss: 0.2667020587253731, Val Loss: 0.6128635830879211
Epoch [60/100], Loss: 0.47106629610061646
Epoch 61/100, Train Loss: 0.2910966547303417, Val Loss: 0.5642253077030182
Epoch [61/100], Loss: 0.34863653779029846
Epoch 62/100, Train Loss: 0.22785290565096708, Val Loss: 0.5532507627010346
Epoch [62/100], Loss: 0.36709579825401306
Epoch 63/100, Train Loss: 0.20504670701983807, Val Loss: 0.545264818906784
Epoch [63/100], Loss: 0.335614413022995
Epoch 64/100, Train Loss: 0.19563460885774828, Val Loss: 0.555148690700531
Epoch [64/100], Loss: 0.36234158277511597
Epoch 65/100, Train Loss: 0.19073895202921373, Val Loss: 0.5642265076637268
Epoch [65/100], Loss: 0.3561416268348694
Epoch 66/100, Train Loss: 0.18755710439577472, Val Loss: 0.5702560753822327
Epoch [66/100], Loss: 0.3551636338233948
Epoch 67/100, Train Loss: 0.18538675214749767, Val Loss: 0.5616120676994324
Epoch [67/100], Loss: 0.3496193289756775
Epoch 68/100, Train Loss: 0.18287839309562118, Val Loss: 0.5743442239761353
Epoch [68/100], Loss: 0.3536120653152466
Epoch 69/100, Train Loss: 0.18058849217819323, Val Loss: 0.5841899762153625
Epoch [69/100], Loss: 0.3709433674812317
Epoch 70/100, Train Loss: 0.17960364467780063, Val Loss: 0.5891740841865539
Epoch [70/100], Loss: 0.3489578366279602
Epoch 71/100, Train Loss: 0.17788425821679035, Val Loss: 0.6100007042884826
Epoch [71/100], Loss: 0.39443570375442505
Epoch 72/100, Train Loss: 0.17670658374013629, Val Loss: 0.6026091296672821
Epoch [72/100], Loss: 0.38693687319755554
Epoch 73/100, Train Loss: 0.1759208263524668, Val Loss: 0.590736337184906
Epoch [73/100], Loss: 0.3806988596916199
Epoch 74/100, Train Loss: 0.1752297901333283, Val Loss: 0.6103160722255707
Epoch [74/100], Loss: 0.3764992654323578
Epoch 75/100, Train Loss: 0.1740773469209671, Val Loss: 0.5990202374458313
Epoch [75/100], Loss: 0.3851814866065979
Epoch 76/100, Train Loss: 0.1724472386841026, Val Loss: 0.6347943634986878
Epoch [76/100], Loss: 0.4072592854499817
Epoch 77/100, Train Loss: 0.17109583699683115, Val Loss: 0.6169586894512177
Epoch [77/100], Loss: 0.3801290690898895
Epoch 78/100, Train Loss: 0.17082831495728903, Val Loss: 0.6239190173149108
Epoch [78/100], Loss: 0.3981160521507263
Epoch 79/100, Train Loss: 0.17158749892076391, Val Loss: 0.6376459193229675
Epoch [79/100], Loss: 0.4030835032463074
Epoch 80/100, Train Loss: 0.17130727957915295, Val Loss: 0.6254258065223693
Epoch [80/100], Loss: 0.3760376572608948
Epoch 81/100, Train Loss: 0.16956942620707605, Val Loss: 0.6482529261112213
Epoch [81/100], Loss: 0.3725863993167877
Epoch 82/100, Train Loss: 0.1682360542112016, Val Loss: 0.6456193277835846
Epoch [82/100], Loss: 0.42926087975502014
Epoch 83/100, Train Loss: 0.16723665969970858, Val Loss: 0.6425191490650177
Epoch [83/100], Loss: 0.38366296887397766
Epoch 84/100, Train Loss: 0.1680934595971244, Val Loss: 0.698819076538086
Epoch [84/100], Loss: 0.4235818386077881
Epoch 85/100, Train Loss: 0.26882288730365633, Val Loss: 0.7364577450752259
Epoch [85/100], Loss: 0.5521381497383118
Epoch 86/100, Train Loss: 0.3025682752691272, Val Loss: 0.5634690268039704
Epoch [86/100], Loss: 0.43094363808631897
Epoch 87/100, Train Loss: 0.22352868040134694, Val Loss: 0.5234061934947968
Epoch [87/100], Loss: 0.3549599349498749
Epoch 88/100, Train Loss: 0.18788598347675137, Val Loss: 0.5716481776237488
Epoch [88/100], Loss: 0.35181182622909546
Epoch 89/100, Train Loss: 0.17748020831087186, Val Loss: 0.5842433805465699
Epoch [89/100], Loss: 0.3756929636001587
Epoch 90/100, Train Loss: 0.17155533291236144, Val Loss: 0.5981675248146057
Epoch [90/100], Loss: 0.3702297806739807
Epoch 91/100, Train Loss: 0.16752313421709342, Val Loss: 0.6163742470741272
Epoch [91/100], Loss: 0.3803110718727112
Epoch 92/100, Train Loss: 0.16530345459712095, Val Loss: 0.6426700329780579
Epoch [92/100], Loss: 0.3806925415992737
Epoch 93/100, Train Loss: 0.16356084049250585, Val Loss: 0.6342892813682556
Epoch [93/100], Loss: 0.40922659635543823
Epoch 94/100, Train Loss: 0.16216493750000482, Val Loss: 0.6516164774894715
Epoch [94/100], Loss: 0.38359683752059937
Epoch 95/100, Train Loss: 0.1605158913899433, Val Loss: 0.6445396561622619
Epoch [95/100], Loss: 0.37909847497940063
Epoch 96/100, Train Loss: 0.1592919031192641, Val Loss: 0.6531797444820404
Epoch [96/100], Loss: 0.40161165595054626
Epoch 97/100, Train Loss: 0.15834407051035768, Val Loss: 0.6759971044063569
Epoch [97/100], Loss: 0.3957742154598236
Epoch 98/100, Train Loss: 0.1578546477308965, Val Loss: 0.6593227553367614
Epoch [98/100], Loss: 0.3836466670036316
Epoch 99/100, Train Loss: 0.1571844548137755, Val Loss: 0.6581686468124389
Epoch [99/100], Loss: 0.3909100294113159
Epoch 100/100, Train Loss: 0.1566664010286331, Val Loss: 0.663348760843277
Epoch [100/100], Loss: 0.40867486596107483
Epoch 1/100, Train Loss: 0.8314220463043521, Val Loss: 0.7289483098983764
Epoch [1/100], Loss: 0.6086257696151733
Epoch 2/100, Train Loss: 0.5906007964333636, Val Loss: 0.6538415045738221
Epoch [2/100], Loss: 0.5339187979698181
Epoch 3/100, Train Loss: 0.5384347985204918, Val Loss: 0.7078505897521973
Epoch [3/100], Loss: 0.6410055160522461
Epoch 4/100, Train Loss: 0.5006418260514837, Val Loss: 0.6693527464866638
Epoch [4/100], Loss: 0.5353421568870544
Epoch 5/100, Train Loss: 0.47543515660509494, Val Loss: 0.6116028728485108
Epoch [5/100], Loss: 0.48292970657348633
Epoch 6/100, Train Loss: 0.46400228471418253, Val Loss: 0.5635829908847809
Epoch [6/100], Loss: 0.4506291449069977
Epoch 7/100, Train Loss: 0.4435755911203098, Val Loss: 0.9813097939491272
Epoch [7/100], Loss: 0.7350378632545471
Epoch 8/100, Train Loss: 0.42860409771210023, Val Loss: 0.5425780255794526
Epoch [8/100], Loss: 0.4351681172847748
Epoch 9/100, Train Loss: 0.4183508142150474, Val Loss: 0.5415793075561524
Epoch [9/100], Loss: 0.41155171394348145
Epoch 10/100, Train Loss: 0.4031475045528219, Val Loss: 0.6804423775672913
Epoch [10/100], Loss: 0.6176550984382629
Epoch 11/100, Train Loss: 0.390319991694735, Val Loss: 0.541651641368866
Epoch [11/100], Loss: 0.4255334734916687
Epoch 12/100, Train Loss: 0.3856783399091402, Val Loss: 0.6154697060585022
Epoch [12/100], Loss: 0.47568970918655396
Epoch 13/100, Train Loss: 0.3787384020940449, Val Loss: 0.5308353641033172
Epoch [13/100], Loss: 0.38171789050102234
Epoch 14/100, Train Loss: 0.3622631568932815, Val Loss: 0.49064362597465516
Epoch [14/100], Loss: 0.3564858138561249
Epoch 15/100, Train Loss: 0.3522135633541802, Val Loss: 0.5706893754005432
Epoch [15/100], Loss: 0.4591098427772522
Epoch 16/100, Train Loss: 0.3532400785067431, Val Loss: 0.4917459998130798
Epoch [16/100], Loss: 0.3908006548881531
Epoch 17/100, Train Loss: 0.3427553253471349, Val Loss: 0.5245801911354065
Epoch [17/100], Loss: 0.3796246647834778
Epoch 18/100, Train Loss: 0.34291448199125807, Val Loss: 0.5250697095394135
Epoch [18/100], Loss: 0.411125510931015
Epoch 19/100, Train Loss: 0.325825709536747, Val Loss: 0.5178905491828918
Epoch [19/100], Loss: 0.3994353413581848
Epoch 20/100, Train Loss: 0.31527618779902916, Val Loss: 0.489487359046936
Epoch [20/100], Loss: 0.3685373067855835
Epoch 21/100, Train Loss: 0.30576953240631, Val Loss: 0.5018012125492096
Epoch [21/100], Loss: 0.37663355469703674
Epoch 22/100, Train Loss: 0.29952058817242694, Val Loss: 0.5091863796710968
Epoch [22/100], Loss: 0.3700430691242218
Epoch 23/100, Train Loss: 0.29406112868709466, Val Loss: 0.5193214583396911
Epoch [23/100], Loss: 0.34683555364608765
Epoch 24/100, Train Loss: 0.300064042306067, Val Loss: 0.5021279072761535
Epoch [24/100], Loss: 0.3624933362007141
Epoch 25/100, Train Loss: 0.306692845795247, Val Loss: 0.5469537901878357
Epoch [25/100], Loss: 0.40172141790390015
Epoch 26/100, Train Loss: 0.3202073323083366, Val Loss: 0.5086294808387757
Epoch [26/100], Loss: 0.38014155626296997
Epoch 27/100, Train Loss: 0.29875764787498654, Val Loss: 0.5563203089237213
Epoch [27/100], Loss: 0.46730175614356995
Epoch 28/100, Train Loss: 0.2772312520627831, Val Loss: 0.5100595479011536
Epoch [28/100], Loss: 0.34839826822280884
Epoch 29/100, Train Loss: 0.2678745850041182, Val Loss: 0.5105721642971038
Epoch [29/100], Loss: 0.3795185983181
Epoch 30/100, Train Loss: 0.25900759717565763, Val Loss: 0.4933420605659485
Epoch [30/100], Loss: 0.33640414476394653
Epoch 31/100, Train Loss: 0.25894682056586216, Val Loss: 0.5267147734165192
Epoch [31/100], Loss: 0.37805333733558655
Epoch 32/100, Train Loss: 0.28274963863985536, Val Loss: 0.5253397946357727
Epoch [32/100], Loss: 0.3875609040260315
Epoch 33/100, Train Loss: 0.2702063564606903, Val Loss: 0.5521622390747071
Epoch [33/100], Loss: 0.34958791732788086
Epoch 34/100, Train Loss: 0.2561652742891649, Val Loss: 0.6969115347862244
Epoch [34/100], Loss: 0.4597100615501404
Epoch 35/100, Train Loss: 0.25756875454474865, Val Loss: 0.4830949022769928
Epoch [35/100], Loss: 0.3620716631412506
Epoch 36/100, Train Loss: 0.2469312214680506, Val Loss: 0.5407834997177124
Epoch [36/100], Loss: 0.35640132427215576
Epoch 37/100, Train Loss: 0.24239563343396275, Val Loss: 0.5153578455448151
Epoch [37/100], Loss: 0.35573211312294006
Epoch 38/100, Train Loss: 0.23500158344513247, Val Loss: 0.511358836889267
Epoch [38/100], Loss: 0.348686546087265
Epoch 39/100, Train Loss: 0.2387428706200891, Val Loss: 0.5501667518615723
Epoch [39/100], Loss: 0.35372328758239746
Epoch 40/100, Train Loss: 0.23319542463272055, Val Loss: 0.5338016974925995
Epoch [40/100], Loss: 0.3203873336315155
Epoch 41/100, Train Loss: 0.22839583834950478, Val Loss: 0.5063985686302185
Epoch [41/100], Loss: 0.3352355360984802
Epoch 42/100, Train Loss: 0.22277045882672925, Val Loss: 0.5355522246360779
Epoch [42/100], Loss: 0.33156031370162964
Epoch 43/100, Train Loss: 0.22025022075509945, Val Loss: 0.5375888974666595
Epoch [43/100], Loss: 0.36402806639671326
Epoch 44/100, Train Loss: 0.2174927320840186, Val Loss: 0.552345478773117
Epoch [44/100], Loss: 0.3420059382915497
Epoch 45/100, Train Loss: 0.21479043466546283, Val Loss: 0.5540724997520446
Epoch [45/100], Loss: 0.3562855124473572
Epoch 46/100, Train Loss: 0.2130282812285383, Val Loss: 0.5782714886665344
Epoch [46/100], Loss: 0.3551996350288391
Epoch 47/100, Train Loss: 0.22169302338090352, Val Loss: 0.6188868539333343
Epoch [47/100], Loss: 0.49967631697654724
Epoch 48/100, Train Loss: 0.2942470597577537, Val Loss: 1.0206781096458435
Epoch [48/100], Loss: 0.6777214407920837
Epoch 49/100, Train Loss: 0.2908858672362355, Val Loss: 0.5241292557716369
Epoch [49/100], Loss: 0.36966997385025024
Epoch 50/100, Train Loss: 0.23660531872239524, Val Loss: 0.5263658671379089
Epoch [50/100], Loss: 0.34047096967697144
Epoch 51/100, Train Loss: 0.2192344316995968, Val Loss: 0.5363274383544921
Epoch [51/100], Loss: 0.34279656410217285
Epoch 52/100, Train Loss: 0.21108168609829817, Val Loss: 0.5559508440494537
Epoch [52/100], Loss: 0.35092678666114807
Epoch 53/100, Train Loss: 0.20714641683821333, Val Loss: 0.5501378345489502
Epoch [53/100], Loss: 0.352736234664917
Epoch 54/100, Train Loss: 0.20517441470044057, Val Loss: 0.5522616567611695
Epoch [54/100], Loss: 0.39315927028656006
Epoch 55/100, Train Loss: 0.20127979696902618, Val Loss: 0.5565888397693634
Epoch [55/100], Loss: 0.356937438249588
Epoch 56/100, Train Loss: 0.1983513272230782, Val Loss: 0.5565700569152832
Epoch [56/100], Loss: 0.36382579803466797
Epoch 57/100, Train Loss: 0.19580500155536562, Val Loss: 0.5775728290081024
Epoch [57/100], Loss: 0.35798022150993347
Epoch 58/100, Train Loss: 0.19389433880378987, Val Loss: 0.5513371512889862
Epoch [58/100], Loss: 0.37050554156303406
Epoch 59/100, Train Loss: 0.19231723078587806, Val Loss: 0.5585183408260346
Epoch [59/100], Loss: 0.36273226141929626
Epoch 60/100, Train Loss: 0.19065813392048944, Val Loss: 0.5732468025684356
Epoch [60/100], Loss: 0.3549478352069855
Epoch 61/100, Train Loss: 0.18993597832739254, Val Loss: 0.5776963884830475
Epoch [61/100], Loss: 0.3829886019229889
Epoch 62/100, Train Loss: 0.18781689154156947, Val Loss: 0.5891573152542114
Epoch [62/100], Loss: 0.36666715145111084
Epoch 63/100, Train Loss: 0.18642380374780593, Val Loss: 0.5887878093719482
Epoch [63/100], Loss: 0.37540769577026367
Epoch 64/100, Train Loss: 0.18462649003852277, Val Loss: 0.6245275690555573
Epoch [64/100], Loss: 0.3872195780277252
Epoch 65/100, Train Loss: 0.18470175537150385, Val Loss: 0.6197087509632111
Epoch [65/100], Loss: 0.36830952763557434
Epoch 66/100, Train Loss: 0.18420808899261898, Val Loss: 0.614287201166153
Epoch [66/100], Loss: 0.3734077513217926
Epoch 67/100, Train Loss: 0.18310405299896734, Val Loss: 0.6652337899208068
Epoch [67/100], Loss: 0.39577895402908325
Epoch 68/100, Train Loss: 0.18141090860857328, Val Loss: 0.6080384764671326
Epoch [68/100], Loss: 0.39648813009262085
Epoch 69/100, Train Loss: 0.17989321539514583, Val Loss: 0.6145106320381164
Epoch [69/100], Loss: 0.3770621418952942
Epoch 70/100, Train Loss: 0.1813080060743361, Val Loss: 0.6447850852012634
Epoch [70/100], Loss: 0.39044398069381714
Epoch 71/100, Train Loss: 0.2993677075757546, Val Loss: 0.748882294178009
Epoch [71/100], Loss: 0.5532014966011047
Epoch 72/100, Train Loss: 0.2756265110149351, Val Loss: 0.5447314758300781
Epoch [72/100], Loss: 0.39579200744628906
Epoch 73/100, Train Loss: 0.23023641560773223, Val Loss: 0.5284685862064361
Epoch [73/100], Loss: 0.3647548258304596
Epoch 74/100, Train Loss: 0.20054999650730854, Val Loss: 0.5704452252388
Epoch [74/100], Loss: 0.36968356370925903
Epoch 75/100, Train Loss: 0.18609449044749468, Val Loss: 0.5622287023067475
Epoch [75/100], Loss: 0.3504718244075775
Epoch 76/100, Train Loss: 0.18323490626695385, Val Loss: 0.6000041408538819
Epoch [76/100], Loss: 0.3655998706817627
Epoch 77/100, Train Loss: 0.17848313316627457, Val Loss: 0.5808656079769134
Epoch [77/100], Loss: 0.38905271887779236
Epoch 78/100, Train Loss: 0.17506088303373796, Val Loss: 0.6075216412544251
Epoch [78/100], Loss: 0.3773267865180969
Epoch 79/100, Train Loss: 0.17337829040435676, Val Loss: 0.5890245819091797
Epoch [79/100], Loss: 0.3749873638153076
Epoch 80/100, Train Loss: 0.1713922296517213, Val Loss: 0.620153103351593
Epoch [80/100], Loss: 0.3747714161872864
Epoch 81/100, Train Loss: 0.16931592854239286, Val Loss: 0.6272555065155029
Epoch [81/100], Loss: 0.3718373775482178
Epoch 82/100, Train Loss: 0.16811989663925783, Val Loss: 0.6540390009880066
Epoch [82/100], Loss: 0.3727871775627136
Epoch 83/100, Train Loss: 0.1670956959260053, Val Loss: 0.656968026638031
Epoch [83/100], Loss: 0.38279813528060913
Epoch 84/100, Train Loss: 0.1663813185380241, Val Loss: 0.6548888208866119
Epoch [84/100], Loss: 0.4084424078464508
Epoch 85/100, Train Loss: 0.16523652997427002, Val Loss: 0.6726195542812348
Epoch [85/100], Loss: 0.40119728446006775
Epoch 86/100, Train Loss: 0.164335554365766, Val Loss: 0.6984647424221039
Epoch [86/100], Loss: 0.4002414643764496
Epoch 87/100, Train Loss: 0.16348816570503916, Val Loss: 0.6737729220390319
Epoch [87/100], Loss: 0.4008638262748718
Epoch 88/100, Train Loss: 0.16370035356655088, Val Loss: 0.6549963686466217
Epoch [88/100], Loss: 0.3611721098423004
Epoch 89/100, Train Loss: 0.17062020435502115, Val Loss: 0.6618183062076569
Epoch [89/100], Loss: 0.42470183968544006
Epoch 90/100, Train Loss: 0.16780969155779576, Val Loss: 0.6430993237495423
Epoch [90/100], Loss: 0.39828282594680786
Epoch 91/100, Train Loss: 0.16284215219105275, Val Loss: 0.6480898537635803
Epoch [91/100], Loss: 0.40427500009536743
Epoch 92/100, Train Loss: 0.1618388252656335, Val Loss: 0.6715703964233398
Epoch [92/100], Loss: 0.4177970886230469
Epoch 93/100, Train Loss: 0.16093027912344138, Val Loss: 0.7006412963867188
Epoch [93/100], Loss: 0.41800737380981445
Epoch 94/100, Train Loss: 0.1600139065446178, Val Loss: 0.6844170734882354
Epoch [94/100], Loss: 0.3969264328479767
Epoch 95/100, Train Loss: 0.1588684169980768, Val Loss: 0.6907682497501373
Epoch [95/100], Loss: 0.4103752672672272
Epoch 96/100, Train Loss: 0.15870649207000187, Val Loss: 0.6725615630149842
Epoch [96/100], Loss: 0.41597455739974976
Epoch 97/100, Train Loss: 0.15858856082766695, Val Loss: 0.7288525233268738
Epoch [97/100], Loss: 0.4262468218803406
Epoch 98/100, Train Loss: 0.15912168499892718, Val Loss: 0.712678158044815
Epoch [98/100], Loss: 0.4214150011539459
Epoch 99/100, Train Loss: 0.21892550110213874, Val Loss: 1.2294002332687377
Epoch [99/100], Loss: 1.0714844465255737
Epoch 100/100, Train Loss: 0.31495543339401233, Val Loss: 1.2698028373718262
Epoch [100/100], Loss: 0.7686901092529297
