101
Epoch 1/100, Train Loss: 1.0290027720128103, Val Loss: 0.9221899790763854
Epoch [1/100], Loss: 0.833544909954071
Epoch 2/100, Train Loss: 0.844202872231276, Val Loss: 1.3111692762374878
Epoch [2/100], Loss: 1.2977551221847534
Epoch 3/100, Train Loss: 0.7976771049515594, Val Loss: 0.9734220018386841
Epoch [3/100], Loss: 0.900185227394104
Epoch 4/100, Train Loss: 0.7635375362624608, Val Loss: 0.9799214668273926
Epoch [4/100], Loss: 1.0212292671203613
Epoch 5/100, Train Loss: 0.736578048964174, Val Loss: 0.9702445478439331
Epoch [5/100], Loss: 0.9837473630905151
Epoch 6/100, Train Loss: 0.711304712476457, Val Loss: 0.845878197669983
Epoch [6/100], Loss: 0.8063355684280396
Epoch 7/100, Train Loss: 0.6913672295830905, Val Loss: 0.8114915809631348
Epoch [7/100], Loss: 0.7514762878417969
Epoch 8/100, Train Loss: 0.6775502435674555, Val Loss: 0.7810433301925659
Epoch [8/100], Loss: 0.7213748693466187
Epoch 9/100, Train Loss: 0.656855822494018, Val Loss: 0.8676795964241028
Epoch [9/100], Loss: 0.7914188504219055
Epoch 10/100, Train Loss: 0.6445610615495485, Val Loss: 0.9021950178146362
Epoch [10/100], Loss: 0.8736857175827026
Epoch 11/100, Train Loss: 0.6287287834522897, Val Loss: 0.8120849804878235
Epoch [11/100], Loss: 0.7798402905464172
Epoch 12/100, Train Loss: 0.6135321643059009, Val Loss: 0.9950924792289734
Epoch [12/100], Loss: 0.9655892252922058
Epoch 13/100, Train Loss: 0.6002456486727696, Val Loss: 0.8843068203926087
Epoch [13/100], Loss: 0.8179987072944641
Epoch 14/100, Train Loss: 0.590076395934589, Val Loss: 0.8181452689170837
Epoch [14/100], Loss: 0.779561460018158
Epoch 15/100, Train Loss: 0.5753815661795425, Val Loss: 0.8599611654281616
Epoch [15/100], Loss: 0.7921165227890015
Epoch 16/100, Train Loss: 0.5617141268908676, Val Loss: 1.246143581390381
Epoch [16/100], Loss: 1.193617343902588
Epoch 17/100, Train Loss: 0.548438780323852, Val Loss: 0.7784705476760865
Epoch [17/100], Loss: 0.7660742998123169
Epoch 18/100, Train Loss: 0.53719288637425, Val Loss: 0.990349760055542
Epoch [18/100], Loss: 1.0062248706817627
Epoch 19/100, Train Loss: 0.5213905739945063, Val Loss: 0.9838273882865906
Epoch [19/100], Loss: 0.9479548335075378
Epoch 20/100, Train Loss: 0.5134096195685722, Val Loss: 1.1039867067337037
Epoch [20/100], Loss: 1.1834536790847778
Epoch 21/100, Train Loss: 0.4995953770753304, Val Loss: 1.6901303939819337
Epoch [21/100], Loss: 1.577244758605957
Epoch 22/100, Train Loss: 0.48269704630563876, Val Loss: 0.8274187350273132
Epoch [22/100], Loss: 0.7548577189445496
Epoch 23/100, Train Loss: 0.4823067486788732, Val Loss: 0.814691903591156
Epoch [23/100], Loss: 0.7069148421287537
Epoch 24/100, Train Loss: 0.46996140232777717, Val Loss: 0.7941203184127807
Epoch [24/100], Loss: 0.7078255414962769
Epoch 25/100, Train Loss: 0.4545212107002233, Val Loss: 1.0884767045974733
Epoch [25/100], Loss: 1.1707621812820435
Epoch 26/100, Train Loss: 0.4438806456417901, Val Loss: 0.8339710049629211
Epoch [26/100], Loss: 0.7556059956550598
Validation loss hasn't improved for 10 epochs, stopping training...
Epoch 1/100, Train Loss: 1.0366715438048313, Val Loss: 0.9323130497932434
Epoch [1/100], Loss: 0.8486650586128235
Epoch 2/100, Train Loss: 0.8398970897040922, Val Loss: 0.9308693509101867
Epoch [2/100], Loss: 0.8275306820869446
Epoch 3/100, Train Loss: 0.7875393402315111, Val Loss: 0.9547690496444702
Epoch [3/100], Loss: 0.8107026815414429
Epoch 4/100, Train Loss: 0.7604276066887841, Val Loss: 1.0452864990234374
Epoch [4/100], Loss: 1.073225498199463
Epoch 5/100, Train Loss: 0.7245083475997436, Val Loss: 0.8613498039245605
Epoch [5/100], Loss: 0.8231816291809082
Epoch 6/100, Train Loss: 0.7087336558515668, Val Loss: 0.9463393893241883
Epoch [6/100], Loss: 0.9708506464958191
Epoch 7/100, Train Loss: 0.6912315688084993, Val Loss: 1.6380987167358398
Epoch [7/100], Loss: 1.7703962326049805
Epoch 8/100, Train Loss: 0.6760603117299522, Val Loss: 0.7778078203201294
Epoch [8/100], Loss: 0.7408853769302368
Epoch 9/100, Train Loss: 0.6591109433624435, Val Loss: 0.811946313381195
Epoch [9/100], Loss: 0.7631840109825134
Epoch 10/100, Train Loss: 0.6331760714468224, Val Loss: 1.0805458011627198
Epoch [10/100], Loss: 1.0022594928741455
Epoch 11/100, Train Loss: 0.6231037872034623, Val Loss: 0.8181455106735229
Epoch [11/100], Loss: 0.7511366605758667
Epoch 12/100, Train Loss: 0.6155091382600807, Val Loss: 0.9991046533584594
Epoch [12/100], Loss: 1.0528899431228638
Epoch 13/100, Train Loss: 0.5959971664526812, Val Loss: 1.0966197490692138
Epoch [13/100], Loss: 1.2351114749908447
Epoch 14/100, Train Loss: 0.5843585652605479, Val Loss: 0.8892038340568542
Epoch [14/100], Loss: 0.8694459795951843
Epoch 15/100, Train Loss: 0.5697502388318916, Val Loss: 0.9658199310302734
Epoch [15/100], Loss: 0.8287124633789062
Epoch 16/100, Train Loss: 0.5538677848611674, Val Loss: 0.9299053225517273
Epoch [16/100], Loss: 0.8563587069511414
Epoch 17/100, Train Loss: 0.5456681415564294, Val Loss: 0.8766958498954773
Epoch [17/100], Loss: 0.8187586665153503
Epoch 18/100, Train Loss: 0.5305094368542226, Val Loss: 0.7529924607276917
Epoch [18/100], Loss: 0.6782007813453674
Epoch 19/100, Train Loss: 0.5263982483548619, Val Loss: 1.7032545518875122
Epoch [19/100], Loss: 1.470439076423645
Epoch 20/100, Train Loss: 0.509826479090808, Val Loss: 1.208730573654175
Epoch [20/100], Loss: 1.2220165729522705
Epoch 21/100, Train Loss: 0.4912379286341482, Val Loss: 0.8529383220672607
Epoch [21/100], Loss: 0.7064225673675537
Epoch 22/100, Train Loss: 0.48255970814778876, Val Loss: 0.9851315298080444
Epoch [22/100], Loss: 0.7820895910263062
Epoch 23/100, Train Loss: 0.4720505817945651, Val Loss: 0.8423663969039917
Epoch [23/100], Loss: 0.7081187963485718
Epoch 24/100, Train Loss: 0.46267165920585646, Val Loss: 0.8767034001350403
Epoch [24/100], Loss: 0.8532312512397766
Epoch 25/100, Train Loss: 0.4507945814180937, Val Loss: 0.8407749929428101
Epoch [25/100], Loss: 0.7177709341049194
Epoch 26/100, Train Loss: 0.4468190014864904, Val Loss: 0.851151213645935
Epoch [26/100], Loss: 0.7843683958053589
Epoch 27/100, Train Loss: 0.43159170595027546, Val Loss: 0.8114326348304749
Epoch [27/100], Loss: 0.7803297638893127
Validation loss hasn't improved for 10 epochs, stopping training...
Epoch 1/100, Train Loss: 1.0379873216252704, Val Loss: 0.9211351766586303
Epoch [1/100], Loss: 0.8278001546859741
Epoch 2/100, Train Loss: 0.8435413200778865, Val Loss: 0.8837873458862304
Epoch [2/100], Loss: 0.8075990676879883
Epoch 3/100, Train Loss: 0.7956515630421309, Val Loss: 1.0384312362670898
Epoch [3/100], Loss: 0.9288349151611328
Epoch 4/100, Train Loss: 0.7560277891601318, Val Loss: 1.2818223581314088
Epoch [4/100], Loss: 1.3617368936538696
Epoch 5/100, Train Loss: 0.7320899124491275, Val Loss: 0.8579277439117432
Epoch [5/100], Loss: 0.7635500431060791
Epoch 6/100, Train Loss: 0.7146489870085885, Val Loss: 1.0395055446624757
Epoch [6/100], Loss: 1.0938575267791748
Epoch 7/100, Train Loss: 0.6907460646524799, Val Loss: 0.950563205242157
Epoch [7/100], Loss: 0.8539287447929382
Epoch 8/100, Train Loss: 0.6691615599805951, Val Loss: 1.2653419971466064
Epoch [8/100], Loss: 1.2397758960723877
Epoch 9/100, Train Loss: 0.6550162309940911, Val Loss: 0.8088911561965942
Epoch [9/100], Loss: 0.7337371110916138
Epoch 10/100, Train Loss: 0.638555597474965, Val Loss: 0.9144841923713684
Epoch [10/100], Loss: 0.9476497769355774
Epoch 11/100, Train Loss: 0.6295399070389154, Val Loss: 0.8062098455429078
Epoch [11/100], Loss: 0.7534044981002808
Epoch 12/100, Train Loss: 0.6112402410370503, Val Loss: 0.789775978088379
Epoch [12/100], Loss: 0.7131648063659668
Epoch 13/100, Train Loss: 0.6058528144685253, Val Loss: 0.8866483488082886
Epoch [13/100], Loss: 0.8911498785018921
Epoch 14/100, Train Loss: 0.5856092903907544, Val Loss: 0.932895492553711
Epoch [14/100], Loss: 0.8432645797729492
Epoch 15/100, Train Loss: 0.5725541300958565, Val Loss: 1.1094578971862794
Epoch [15/100], Loss: 1.1092562675476074
Epoch 16/100, Train Loss: 0.5601389723523672, Val Loss: 0.88335728931427
Epoch [16/100], Loss: 0.7941962480545044
Epoch 17/100, Train Loss: 0.5487373770589973, Val Loss: 0.797127254486084
Epoch [17/100], Loss: 0.7565093040466309
Epoch 18/100, Train Loss: 0.5321857083909226, Val Loss: 0.775742705821991
Epoch [18/100], Loss: 0.7091304659843445
Epoch 19/100, Train Loss: 0.5234098133711147, Val Loss: 0.8596280517578125
Epoch [19/100], Loss: 0.7672510147094727
Epoch 20/100, Train Loss: 0.5126695027540346, Val Loss: 0.8311161699295044
Epoch [20/100], Loss: 0.8009911775588989
Epoch 21/100, Train Loss: 0.5042265894843193, Val Loss: 1.4312108278274536
Epoch [21/100], Loss: 1.3166457414627075
Epoch 22/100, Train Loss: 0.48859616508974396, Val Loss: 0.9880802235603332
Epoch [22/100], Loss: 0.8671253323554993
Epoch 23/100, Train Loss: 0.478946790948485, Val Loss: 0.7630898275375366
Epoch [23/100], Loss: 0.7013810873031616
Epoch 24/100, Train Loss: 0.45965540118603443, Val Loss: 0.8709762964248657
Epoch [24/100], Loss: 0.795354962348938
Epoch 25/100, Train Loss: 0.4520934784593309, Val Loss: 0.8867313756942748
Epoch [25/100], Loss: 0.8364251852035522
Epoch 26/100, Train Loss: 0.44283598887578635, Val Loss: 4.787125551223755
Epoch [26/100], Loss: 3.62235951423645
Epoch 27/100, Train Loss: 0.43846152748466544, Val Loss: 0.8561167039871216
Epoch [27/100], Loss: 0.7275139093399048
Epoch 28/100, Train Loss: 0.4224848665334724, Val Loss: 1.1160819625854492
Epoch [28/100], Loss: 0.8979463577270508
Epoch 29/100, Train Loss: 0.41573012923510844, Val Loss: 0.8237304601669312
Epoch [29/100], Loss: 0.7953423261642456
Epoch 30/100, Train Loss: 0.40282526606250973, Val Loss: 1.1025690746307373
Epoch [30/100], Loss: 1.0560152530670166
Epoch 31/100, Train Loss: 0.3946418283560626, Val Loss: 0.9372168469429016
Epoch [31/100], Loss: 0.9430211186408997
Epoch 32/100, Train Loss: 0.3849801660388155, Val Loss: 0.807752163887024
Epoch [32/100], Loss: 0.7341433763504028
Epoch 33/100, Train Loss: 0.3753786073667806, Val Loss: 0.9469183931350708
Epoch [33/100], Loss: 0.9310051202774048
Epoch 34/100, Train Loss: 0.3654496921556193, Val Loss: 0.8892261905670166
Epoch [34/100], Loss: 0.7929222583770752
Epoch 35/100, Train Loss: 0.3565517542334069, Val Loss: 0.8885035214424133
Epoch [35/100], Loss: 0.8355687260627747
Epoch 36/100, Train Loss: 0.35152456073897687, Val Loss: 1.0195573687553405
Epoch [36/100], Loss: 0.8669220805168152
Epoch 37/100, Train Loss: 0.34549576779843183, Val Loss: 0.8852053918838501
Epoch [37/100], Loss: 0.865392804145813
Epoch 38/100, Train Loss: 0.33971056343130074, Val Loss: 0.9253615341186523
Epoch [38/100], Loss: 0.8790240287780762
Epoch 39/100, Train Loss: 0.33388124475189646, Val Loss: 0.8767483258247375
Epoch [39/100], Loss: 0.827465832233429
Epoch 40/100, Train Loss: 0.329300554365573, Val Loss: 1.70870645236969
Epoch [40/100], Loss: 1.635705590248108
Epoch 41/100, Train Loss: 0.31975463740339166, Val Loss: 0.9211371688842773
Epoch [41/100], Loss: 0.8616819381713867
Epoch 42/100, Train Loss: 0.31349898434006945, Val Loss: 0.9832240872383118
Epoch [42/100], Loss: 0.8819172978401184
Epoch 43/100, Train Loss: 0.30827396209485214, Val Loss: 0.8932718205451965
Epoch [43/100], Loss: 0.8398788571357727
Epoch 44/100, Train Loss: 0.30081202655176287, Val Loss: 1.0492516508102416
Epoch [44/100], Loss: 0.990139365196228
Epoch 45/100, Train Loss: 0.29711355562957903, Val Loss: 1.1320687847137452
Epoch [45/100], Loss: 1.0359728336334229
Epoch 46/100, Train Loss: 0.2937273825400997, Val Loss: 1.07659082365036
Epoch [46/100], Loss: 0.9029232859611511
Epoch 47/100, Train Loss: 0.28919374517606444, Val Loss: 0.9176332631111145
Epoch [47/100], Loss: 0.8302543759346008
Epoch 48/100, Train Loss: 0.28451410216384554, Val Loss: 1.0083645215034485
Epoch [48/100], Loss: 0.9415777325630188
Epoch 49/100, Train Loss: 0.2793468685314989, Val Loss: 0.8993577809333801
Epoch [49/100], Loss: 0.8462160229682922
Epoch 50/100, Train Loss: 0.27750934136255595, Val Loss: 0.9129862065315246
Epoch [50/100], Loss: 0.8787801861763
Epoch 51/100, Train Loss: 0.27222657280064755, Val Loss: 1.4158699789047242
Epoch [51/100], Loss: 1.1615155935287476
Epoch 52/100, Train Loss: 0.2686681958917422, Val Loss: 0.9386462740898133
Epoch [52/100], Loss: 0.9220439791679382
Epoch 53/100, Train Loss: 0.26621082666350454, Val Loss: 0.9780162959098816
Epoch [53/100], Loss: 0.9451896548271179
Epoch 54/100, Train Loss: 0.2616294808070133, Val Loss: 0.9275233416557312
Epoch [54/100], Loss: 0.8661968111991882
Epoch 55/100, Train Loss: 0.25768202907118387, Val Loss: 0.9388757410049439
Epoch [55/100], Loss: 0.9317351579666138
Epoch 56/100, Train Loss: 0.25511859497573686, Val Loss: 1.0166437358856202
Epoch [56/100], Loss: 1.0289828777313232
Epoch 57/100, Train Loss: 0.25470922364653864, Val Loss: 1.1492052841186524
Epoch [57/100], Loss: 1.2861876487731934
Epoch 58/100, Train Loss: 0.25388849333908664, Val Loss: 1.1433766775131227
Epoch [58/100], Loss: 1.0056928396224976
Epoch 59/100, Train Loss: 0.25781184068015617, Val Loss: 1.0401986675262451
Epoch [59/100], Loss: 1.01705002784729
Epoch 60/100, Train Loss: 0.2561526790336654, Val Loss: 1.1064740467071532
Epoch [60/100], Loss: 1.0382449626922607
Epoch 61/100, Train Loss: 0.2595086187174509, Val Loss: 1.2567383289337157
Epoch [61/100], Loss: 1.0133512020111084
Epoch 62/100, Train Loss: 0.2463394180719205, Val Loss: 1.024977035522461
Epoch [62/100], Loss: 0.9789013862609863
Epoch 63/100, Train Loss: 0.24019768876832412, Val Loss: 1.0313556590080262
Epoch [63/100], Loss: 0.9309317469596863
Epoch 64/100, Train Loss: 0.23370887139595378, Val Loss: 1.0228808546066284
Epoch [64/100], Loss: 0.952053427696228
Epoch 65/100, Train Loss: 0.23030375420142588, Val Loss: 1.047111053466797
Epoch [65/100], Loss: 1.034682273864746
Epoch 66/100, Train Loss: 0.22689842171150357, Val Loss: 1.0613510036468505
Epoch [66/100], Loss: 1.079411268234253
Epoch 67/100, Train Loss: 0.22482412492143364, Val Loss: 1.1715826969146728
Epoch [67/100], Loss: 1.0769784450531006
Epoch 68/100, Train Loss: 0.22365986802827245, Val Loss: 1.0801862182617188
Epoch [68/100], Loss: 1.0313496589660645
Epoch 69/100, Train Loss: 0.22062226401714208, Val Loss: 1.0639229850769043
Epoch [69/100], Loss: 1.1078453063964844
Epoch 70/100, Train Loss: 0.22276778099006184, Val Loss: 1.1947159557342528
Epoch [70/100], Loss: 1.1764838695526123
Epoch 71/100, Train Loss: 0.21941187505376278, Val Loss: 1.2970634098052978
Epoch [71/100], Loss: 1.2744553089141846
Epoch 72/100, Train Loss: 0.21642194299332007, Val Loss: 1.096453676223755
Epoch [72/100], Loss: 1.0323970317840576
Epoch 73/100, Train Loss: 0.21436784048305596, Val Loss: 1.065022692680359
Epoch [73/100], Loss: 0.9653457403182983
Epoch 74/100, Train Loss: 0.21285448069817703, Val Loss: 1.0961155767440796
Epoch [74/100], Loss: 1.129844069480896
Epoch 75/100, Train Loss: 0.2110473870979795, Val Loss: 1.0849564514160157
Epoch [75/100], Loss: 1.0310182571411133
Epoch 76/100, Train Loss: 0.2101395783647518, Val Loss: 1.162432077407837
Epoch [76/100], Loss: 1.1263210773468018
Epoch 77/100, Train Loss: 0.20949644666498066, Val Loss: 1.1376279010772705
Epoch [77/100], Loss: 1.0952699184417725
Epoch 78/100, Train Loss: 0.2075413230800307, Val Loss: 1.190552315711975
Epoch [78/100], Loss: 1.1786457300186157
Epoch 79/100, Train Loss: 0.20704021161362454, Val Loss: 1.1914123020172118
Epoch [79/100], Loss: 1.1666877269744873
Epoch 80/100, Train Loss: 0.20850156520008037, Val Loss: 1.1918280544281006
Epoch [80/100], Loss: 1.2010562419891357
Epoch 81/100, Train Loss: 0.20765309840390495, Val Loss: 1.201580186843872
Epoch [81/100], Loss: 1.1053917407989502
Epoch 82/100, Train Loss: 0.20641461187631244, Val Loss: 1.3786602687835694
Epoch [82/100], Loss: 1.3008315563201904
Epoch 83/100, Train Loss: 0.20452051433604243, Val Loss: 1.1258488311767578
Epoch [83/100], Loss: 1.126734733581543
Epoch 84/100, Train Loss: 0.2000679270212003, Val Loss: 1.2640159244537355
Epoch [84/100], Loss: 1.2062733173370361
Epoch 85/100, Train Loss: 0.19820725265984593, Val Loss: 1.154157060623169
Epoch [85/100], Loss: 1.0967085361480713
Epoch 86/100, Train Loss: 0.196027021107545, Val Loss: 1.2040293560028077
Epoch [86/100], Loss: 1.1384832859039307
Epoch 87/100, Train Loss: 0.2998858414552666, Val Loss: 1.4199323463439941
Epoch [87/100], Loss: 1.3351750373840332
Epoch 88/100, Train Loss: 0.2981063128824379, Val Loss: 1.4054505615234374
Epoch [88/100], Loss: 1.362584114074707
Epoch 89/100, Train Loss: 0.2348560173686399, Val Loss: 1.097767988204956
Epoch [89/100], Loss: 1.0273377895355225
Epoch 90/100, Train Loss: 0.2091275160117656, Val Loss: 1.0713544540405273
Epoch [90/100], Loss: 1.0246868133544922
Epoch 91/100, Train Loss: 0.1983448932786012, Val Loss: 1.0976669034957887
Epoch [91/100], Loss: 1.06399667263031
Epoch 92/100, Train Loss: 0.1929529148199506, Val Loss: 1.153922387123108
Epoch [92/100], Loss: 1.1131492853164673
Epoch 93/100, Train Loss: 0.1894300879203851, Val Loss: 1.1512787961959838
Epoch [93/100], Loss: 1.0969432592391968
Epoch 94/100, Train Loss: 0.18773551622490456, Val Loss: 1.1884134092330934
Epoch [94/100], Loss: 1.1094988584518433
Epoch 95/100, Train Loss: 0.1851835112246052, Val Loss: 1.2373467655181885
Epoch [95/100], Loss: 1.158240556716919
Epoch 96/100, Train Loss: 0.18420874378934476, Val Loss: 1.1550981330871581
Epoch [96/100], Loss: 1.0713868141174316
Epoch 97/100, Train Loss: 0.18325332473542597, Val Loss: 1.2575879354476929
Epoch [97/100], Loss: 1.211093783378601
Epoch 98/100, Train Loss: 0.18165033131486047, Val Loss: 1.2391154413223266
Epoch [98/100], Loss: 1.148971676826477
Epoch 99/100, Train Loss: 0.18119004900499702, Val Loss: 1.2457272806167603
Epoch [99/100], Loss: 1.1794267892837524
Epoch 100/100, Train Loss: 0.18010522432210674, Val Loss: 1.2722926483154298
Epoch [100/100], Loss: 1.2293462753295898
Epoch 1/100, Train Loss: 1.0408658727023492, Val Loss: 1.2788518400192261
Epoch [1/100], Loss: 1.1591395139694214
Epoch 2/100, Train Loss: 0.8490472062442194, Val Loss: 1.025332417011261
Epoch [2/100], Loss: 0.9891431927680969
Epoch 3/100, Train Loss: 0.7979288643970457, Val Loss: 1.031380090713501
Epoch [3/100], Loss: 1.023585557937622
Epoch 4/100, Train Loss: 0.7595808631051049, Val Loss: 1.0042897930145265
Epoch [4/100], Loss: 1.0130765438079834
Epoch 5/100, Train Loss: 0.7297553947763942, Val Loss: 1.0108448448181153
Epoch [5/100], Loss: 1.0611305236816406
Epoch 6/100, Train Loss: 0.7156662767693325, Val Loss: 0.9081416134834289
Epoch [6/100], Loss: 0.8463295102119446
Epoch 7/100, Train Loss: 0.6953427598810116, Val Loss: 0.9114651880264282
Epoch [7/100], Loss: 0.8090959787368774
Epoch 8/100, Train Loss: 0.6728308716069586, Val Loss: 0.8174830346107483
Epoch [8/100], Loss: 0.7949524521827698
Epoch 9/100, Train Loss: 0.6605869189080661, Val Loss: 0.8570518732070923
Epoch [9/100], Loss: 0.8260685205459595
Epoch 10/100, Train Loss: 0.6356542616027202, Val Loss: 0.7935171575546265
Epoch [10/100], Loss: 0.6805456876754761
Epoch 11/100, Train Loss: 0.6264276335251472, Val Loss: 0.9024685931205749
Epoch [11/100], Loss: 0.9596177935600281
Epoch 12/100, Train Loss: 0.615613694476438, Val Loss: 0.9206896710395813
Epoch [12/100], Loss: 0.8993900418281555
Epoch 13/100, Train Loss: 0.5939429377021919, Val Loss: 0.9441859169006348
Epoch [13/100], Loss: 0.9300293922424316
Epoch 14/100, Train Loss: 0.5825406391745273, Val Loss: 0.7789632997512818
Epoch [14/100], Loss: 0.745456337928772
Epoch 15/100, Train Loss: 0.5746470168710358, Val Loss: 0.7739212918281555
Epoch [15/100], Loss: 0.7630355954170227
Epoch 16/100, Train Loss: 0.5516281087020597, Val Loss: 0.7249984617233276
Epoch [16/100], Loss: 0.6654027700424194
Epoch 17/100, Train Loss: 0.5387834728065671, Val Loss: 0.9404896469116211
Epoch [17/100], Loss: 0.8546910285949707
Epoch 18/100, Train Loss: 0.5306371245175148, Val Loss: 1.2293631496429442
Epoch [18/100], Loss: 1.2021992206573486
Epoch 19/100, Train Loss: 0.5181880771410204, Val Loss: 0.7437736501693726
Epoch [19/100], Loss: 0.6916865110397339
Epoch 20/100, Train Loss: 0.5058712519039392, Val Loss: 0.9878291282653808
Epoch [20/100], Loss: 0.894742488861084
Epoch 21/100, Train Loss: 0.49514756775626045, Val Loss: 0.7902355446815491
Epoch [21/100], Loss: 0.7352142930030823
Epoch 22/100, Train Loss: 0.48145830337755996, Val Loss: 0.85211918258667
Epoch [22/100], Loss: 0.7720870971679688
Epoch 23/100, Train Loss: 0.4706964512297516, Val Loss: 0.8432120475769043
Epoch [23/100], Loss: 0.749638557434082
Epoch 24/100, Train Loss: 0.4601443388208772, Val Loss: 0.8465830345153809
Epoch [24/100], Loss: 0.7467236518859863
Epoch 25/100, Train Loss: 0.44985280903354663, Val Loss: 0.8198884057998658
Epoch [25/100], Loss: 0.783267617225647
Validation loss hasn't improved for 10 epochs, stopping training...
Epoch 1/100, Train Loss: 1.0258598429356618, Val Loss: 0.962814983844757
Epoch [1/100], Loss: 0.9011791348457336
Epoch 2/100, Train Loss: 0.8369976894248397, Val Loss: 0.8620428562164306
Epoch [2/100], Loss: 0.7971627712249756
Epoch 3/100, Train Loss: 0.7871669095040976, Val Loss: 0.9488023271560669
Epoch [3/100], Loss: 0.8344117403030396
Epoch 4/100, Train Loss: 0.7552189342288103, Val Loss: 0.8618529825210571
Epoch [4/100], Loss: 0.8101521730422974
Epoch 5/100, Train Loss: 0.7318884653747584, Val Loss: 0.9246207799911499
Epoch [5/100], Loss: 0.8528021574020386
Epoch 6/100, Train Loss: 0.711685623788914, Val Loss: 1.3532221212387086
Epoch [6/100], Loss: 1.518393874168396
Epoch 7/100, Train Loss: 0.6920279826924933, Val Loss: 0.8337580442428589
Epoch [7/100], Loss: 0.7700399160385132
Epoch 8/100, Train Loss: 0.6705713834971642, Val Loss: 0.825590012550354
Epoch [8/100], Loss: 0.7606755495071411
Epoch 9/100, Train Loss: 0.6508246479709876, Val Loss: 3.649807830810547
Epoch [9/100], Loss: 3.248004913330078
Epoch 10/100, Train Loss: 0.6344854270024807, Val Loss: 0.8564956593513489
Epoch [10/100], Loss: 0.8389967083930969
Epoch 11/100, Train Loss: 0.6195809306221909, Val Loss: 0.8748058738708496
Epoch [11/100], Loss: 0.8272981643676758
Epoch 12/100, Train Loss: 0.6099814782054187, Val Loss: 0.8339625058174134
Epoch [12/100], Loss: 0.7608736157417297
Epoch 13/100, Train Loss: 0.5996460894911124, Val Loss: 1.2436176557540894
Epoch [13/100], Loss: 1.270931601524353
Epoch 14/100, Train Loss: 0.5836513774793023, Val Loss: 0.7793462519645691
Epoch [14/100], Loss: 0.75702303647995
Epoch 15/100, Train Loss: 0.5635592819868412, Val Loss: 0.7825780611038208
Epoch [15/100], Loss: 0.7085229158401489
Epoch 16/100, Train Loss: 0.559720492362976, Val Loss: 0.7641659169197083
Epoch [16/100], Loss: 0.7349613308906555
Epoch 17/100, Train Loss: 0.547229720066611, Val Loss: 2.3722651710510254
Epoch [17/100], Loss: 2.348842144012451
Epoch 18/100, Train Loss: 0.528532686844644, Val Loss: 1.02548006772995
Epoch [18/100], Loss: 0.9235355257987976
Epoch 19/100, Train Loss: 0.5228382141352906, Val Loss: 1.9223009424209594
Epoch [19/100], Loss: 1.861108422279358
Epoch 20/100, Train Loss: 0.5093316948735492, Val Loss: 0.9031430363655091
Epoch [20/100], Loss: 0.8823664784431458
Epoch 21/100, Train Loss: 0.48984142959017374, Val Loss: 2.843681121826172
Epoch [21/100], Loss: 3.341236114501953
Epoch 22/100, Train Loss: 0.4777278504323397, Val Loss: 0.8743475217819214
Epoch [22/100], Loss: 0.898912787437439
Epoch 23/100, Train Loss: 0.46380351166701034, Val Loss: 0.8180714225769044
Epoch [23/100], Loss: 0.8488788604736328
Epoch 24/100, Train Loss: 0.459482226765779, Val Loss: 0.8149199666976928
Epoch [24/100], Loss: 0.747306227684021
Epoch 25/100, Train Loss: 0.4493334061480292, Val Loss: 0.9236416430473328
Epoch [25/100], Loss: 0.9346820712089539
Epoch 26/100, Train Loss: 0.4390126886295428, Val Loss: 0.7926586923599244
Epoch [26/100], Loss: 0.7487622499465942
Epoch 27/100, Train Loss: 0.43592425139517244, Val Loss: 0.8002015638351441
Epoch [27/100], Loss: 0.8261703252792358
Epoch 28/100, Train Loss: 0.4267842980299591, Val Loss: 0.8041722812652587
Epoch [28/100], Loss: 0.7896735668182373
Epoch 29/100, Train Loss: 0.41708601518183896, Val Loss: 1.2162031574249268
Epoch [29/100], Loss: 1.0236985683441162
Epoch 30/100, Train Loss: 0.39887439390459106, Val Loss: 0.7955896916389466
Epoch [30/100], Loss: 0.724351704120636
Epoch 31/100, Train Loss: 0.38759293326036925, Val Loss: 0.8087841105461121
Epoch [31/100], Loss: 0.8010699152946472
Epoch 32/100, Train Loss: 0.3813192041788696, Val Loss: 0.8701078338623047
Epoch [32/100], Loss: 0.8242745399475098
Epoch 33/100, Train Loss: 0.3744507462942178, Val Loss: 0.9493666152954101
Epoch [33/100], Loss: 1.0068273544311523
Epoch 34/100, Train Loss: 0.3617648170629601, Val Loss: 0.8342223544120788
Epoch [34/100], Loss: 0.7856218218803406
Epoch 35/100, Train Loss: 0.35550054613293525, Val Loss: 0.8371481819152832
Epoch [35/100], Loss: 0.7383198738098145
Epoch 36/100, Train Loss: 0.3522766626906435, Val Loss: 0.9668848195075989
Epoch [36/100], Loss: 0.9646738171577454
Epoch 37/100, Train Loss: 0.34574319933357367, Val Loss: 1.134789270401001
Epoch [37/100], Loss: 1.032095193862915
Epoch 38/100, Train Loss: 0.3361020219366225, Val Loss: 0.8502861433029175
Epoch [38/100], Loss: 0.788206934928894
Epoch 39/100, Train Loss: 0.3291249047242369, Val Loss: 0.8732650079727173
Epoch [39/100], Loss: 0.7979985475540161
Epoch 40/100, Train Loss: 0.3233018486133916, Val Loss: 0.9156694149971009
Epoch [40/100], Loss: 0.8312118649482727
Epoch 41/100, Train Loss: 0.31431844247533336, Val Loss: 0.8889733514785767
Epoch [41/100], Loss: 0.8045936822891235
Epoch 42/100, Train Loss: 0.3119559473070688, Val Loss: 0.8999574213027954
Epoch [42/100], Loss: 0.9300252199172974
Epoch 43/100, Train Loss: 0.30675113991179315, Val Loss: 0.9380456914901734
Epoch [43/100], Loss: 0.8244413137435913
Epoch 44/100, Train Loss: 0.3062350211718432, Val Loss: 0.9107083673477173
Epoch [44/100], Loss: 0.8867789506912231
Epoch 45/100, Train Loss: 0.301160350436907, Val Loss: 0.9130083646774292
Epoch [45/100], Loss: 0.9137953519821167
Epoch 46/100, Train Loss: 0.29192248829098616, Val Loss: 0.8747399444580078
Epoch [46/100], Loss: 0.8328828811645508
Epoch 47/100, Train Loss: 0.2868046368455002, Val Loss: 1.0263118290901183
Epoch [47/100], Loss: 0.9772966504096985
Epoch 48/100, Train Loss: 0.2844068895705032, Val Loss: 0.9790377955436707
Epoch [48/100], Loss: 0.8734905123710632
Epoch 49/100, Train Loss: 0.28094949762495536, Val Loss: 1.0552111010551453
Epoch [49/100], Loss: 0.9327113032341003
Epoch 50/100, Train Loss: 0.2748149270351982, Val Loss: 0.9471176710128785
Epoch [50/100], Loss: 0.8802884817123413
Epoch 51/100, Train Loss: 0.27022339474491486, Val Loss: 0.955327820777893
Epoch [51/100], Loss: 0.9394131898880005
Epoch 52/100, Train Loss: 0.26654415479397897, Val Loss: 1.0627853965759277
Epoch [52/100], Loss: 0.9527668952941895
Epoch 53/100, Train Loss: 0.2672138035699449, Val Loss: 0.9602381281852722
Epoch [53/100], Loss: 0.8992707133293152
Epoch 54/100, Train Loss: 0.26192628866906514, Val Loss: 0.9689075050354004
Epoch [54/100], Loss: 0.9161205291748047
Epoch 55/100, Train Loss: 0.2592277271249041, Val Loss: 0.992612105846405
Epoch [55/100], Loss: 0.8941628336906433
Epoch 56/100, Train Loss: 0.25470327268563475, Val Loss: 1.0213514218330384
Epoch [56/100], Loss: 0.8703320622444153
Epoch 57/100, Train Loss: 0.2501111380667952, Val Loss: 1.0778078136444091
Epoch [57/100], Loss: 1.0081517696380615
Epoch 58/100, Train Loss: 0.2470585747271726, Val Loss: 1.0248593730926514
Epoch [58/100], Loss: 1.0117089748382568
Epoch 59/100, Train Loss: 0.2599818222036249, Val Loss: 1.1213144397735595
Epoch [59/100], Loss: 1.013578176498413
Epoch 60/100, Train Loss: 0.26283382799532923, Val Loss: 1.2693911409378051
Epoch [60/100], Loss: 1.3039427995681763
Epoch 61/100, Train Loss: 0.25372382443630676, Val Loss: 1.0579720726013184
Epoch [61/100], Loss: 1.00779390335083
Epoch 62/100, Train Loss: 0.24342547386733918, Val Loss: 1.192868987083435
Epoch [62/100], Loss: 1.0598877668380737
Epoch 63/100, Train Loss: 0.23694974684092085, Val Loss: 0.9891848492622376
Epoch [63/100], Loss: 0.9609368443489075
Epoch 64/100, Train Loss: 0.2513405641355563, Val Loss: 1.080264183998108
Epoch [64/100], Loss: 0.9459682703018188
Epoch 65/100, Train Loss: 0.3047432562754086, Val Loss: 0.9780650587081909
Epoch [65/100], Loss: 0.9700888395309448
Epoch 66/100, Train Loss: 0.26534063706510586, Val Loss: 2.0394623355865478
Epoch [66/100], Loss: 1.961609125137329
Epoch 67/100, Train Loss: 0.2683688822926397, Val Loss: 1.1324639682769775
Epoch [67/100], Loss: 1.15372633934021
Epoch 68/100, Train Loss: 0.25635958116935037, Val Loss: 1.0072757115364075
Epoch [68/100], Loss: 0.9212043881416321
Epoch 69/100, Train Loss: 0.23352824804352668, Val Loss: 0.9794462766647339
Epoch [69/100], Loss: 0.9012397527694702
Epoch 70/100, Train Loss: 0.22444776125742252, Val Loss: 1.0384927630424499
Epoch [70/100], Loss: 0.9568836092948914
Epoch 71/100, Train Loss: 0.21844702826885107, Val Loss: 1.0595894818305969
Epoch [71/100], Loss: 0.9927075505256653
Epoch 72/100, Train Loss: 0.21518854989872815, Val Loss: 0.9958221893310547
Epoch [72/100], Loss: 0.8451189994812012
Epoch 73/100, Train Loss: 0.2129279335976451, Val Loss: 1.1372914400100709
Epoch [73/100], Loss: 1.031337857246399
Epoch 74/100, Train Loss: 0.21082719190024204, Val Loss: 1.2609121389389037
Epoch [74/100], Loss: 1.1719359159469604
Epoch 75/100, Train Loss: 0.20867272919486787, Val Loss: 1.0625169706344604
Epoch [75/100], Loss: 0.9868401288986206
Epoch 76/100, Train Loss: 0.2073027609070075, Val Loss: 1.0728835253715514
Epoch [76/100], Loss: 0.9544999003410339
Epoch 77/100, Train Loss: 0.20598802584620793, Val Loss: 1.1145870771408082
Epoch [77/100], Loss: 1.0367783308029175
Epoch 78/100, Train Loss: 0.2046133731760424, Val Loss: 1.1095265550613402
Epoch [78/100], Loss: 0.9967619180679321
Epoch 79/100, Train Loss: 0.2038021808530991, Val Loss: 1.195457498550415
Epoch [79/100], Loss: 1.1201374530792236
Epoch 80/100, Train Loss: 0.2024364262467492, Val Loss: 1.154011649131775
Epoch [80/100], Loss: 1.0481261014938354
Epoch 81/100, Train Loss: 0.20059317452409015, Val Loss: 1.127475082874298
Epoch [81/100], Loss: 0.9522731900215149
Epoch 82/100, Train Loss: 0.1991799277057133, Val Loss: 1.118156255722046
Epoch [82/100], Loss: 1.112821340560913
Epoch 83/100, Train Loss: 0.1988980122601604, Val Loss: 1.1688799686431885
Epoch [83/100], Loss: 1.0664947032928467
Epoch 84/100, Train Loss: 0.19810675915839498, Val Loss: 1.1790776872634887
Epoch [84/100], Loss: 1.0955253839492798
Epoch 85/100, Train Loss: 0.1977049080205808, Val Loss: 1.1653405847549438
Epoch [85/100], Loss: 1.083764672279358
Epoch 86/100, Train Loss: 0.19562226882672432, Val Loss: 1.1517994723320006
Epoch [86/100], Loss: 0.9825708270072937
Epoch 87/100, Train Loss: 0.19539107118448962, Val Loss: 1.1192617473602295
Epoch [87/100], Loss: 1.0518858432769775
Epoch 88/100, Train Loss: 0.19393873744429063, Val Loss: 1.241560136795044
Epoch [88/100], Loss: 1.1487634181976318
Epoch 89/100, Train Loss: 0.19300314365912852, Val Loss: 1.1512208185195922
Epoch [89/100], Loss: 1.0622626543045044
Epoch 90/100, Train Loss: 0.19149911213685047, Val Loss: 1.1154102134704589
Epoch [90/100], Loss: 1.0566353797912598
Epoch 91/100, Train Loss: 0.19205421236976605, Val Loss: 1.219097177505493
Epoch [91/100], Loss: 1.145141839981079
Epoch 92/100, Train Loss: 0.19205815972003326, Val Loss: 1.3060044975280762
Epoch [92/100], Loss: 1.2288589477539062
Epoch 93/100, Train Loss: 0.18992989755300005, Val Loss: 1.2952013454437257
Epoch [93/100], Loss: 1.1940367221832275
Epoch 94/100, Train Loss: 0.18930246472157677, Val Loss: 1.1974048891067506
Epoch [94/100], Loss: 1.0815383195877075
Epoch 95/100, Train Loss: 0.1889183874274989, Val Loss: 1.3256638050079346
Epoch [95/100], Loss: 1.1549670696258545
Epoch 96/100, Train Loss: 0.1878833447801323, Val Loss: 1.3143626708984375
Epoch [96/100], Loss: 1.1945629119873047
Epoch 97/100, Train Loss: 0.18893682115898164, Val Loss: 1.8795950899124145
Epoch [97/100], Loss: 1.5002156496047974
Epoch 98/100, Train Loss: 0.19329338076243313, Val Loss: 1.2522632083892822
Epoch [98/100], Loss: 1.2112901210784912
Epoch 99/100, Train Loss: 0.18940588310235265, Val Loss: 1.2691082696914673
Epoch [99/100], Loss: 1.1283999681472778
Epoch 100/100, Train Loss: 0.18547178513384588, Val Loss: 1.2539725732803344
Epoch [100/100], Loss: 1.072301983833313
Epoch 1/100, Train Loss: 1.0321935617501579, Val Loss: 0.9452271432876587
Epoch [1/100], Loss: 0.8703466653823853
Epoch 2/100, Train Loss: 0.8355132516479814, Val Loss: 2.4234654636383057
Epoch [2/100], Loss: 2.3479559421539307
Epoch 3/100, Train Loss: 0.7843014834904148, Val Loss: 1.1595094680786133
Epoch [3/100], Loss: 1.0553269386291504
Epoch 4/100, Train Loss: 0.7499178120699942, Val Loss: 0.9370845565795899
Epoch [4/100], Loss: 0.8383402824401855
Epoch 5/100, Train Loss: 0.7247200063268009, Val Loss: 0.804317714214325
Epoch [5/100], Loss: 0.7415992617607117
Epoch 6/100, Train Loss: 0.6993620547838195, Val Loss: 0.8362062001228332
Epoch [6/100], Loss: 0.7585404515266418
Epoch 7/100, Train Loss: 0.6825938615388855, Val Loss: 0.9191867895126343
Epoch [7/100], Loss: 0.7608345746994019
Epoch 8/100, Train Loss: 0.6614422928824594, Val Loss: 1.356520444869995
Epoch [8/100], Loss: 1.396019697189331
Epoch 9/100, Train Loss: 0.6480351510779653, Val Loss: 0.8185240869522095
Epoch [9/100], Loss: 0.7414003610610962
Epoch 10/100, Train Loss: 0.6350606364906337, Val Loss: 1.0329146814346313
Epoch [10/100], Loss: 0.8360224962234497
Epoch 11/100, Train Loss: 0.620155211664975, Val Loss: 1.0239309921264648
Epoch [11/100], Loss: 0.9103407859802246
Epoch 12/100, Train Loss: 0.6053082532263526, Val Loss: 0.8344883108139038
Epoch [12/100], Loss: 0.780394434928894
Epoch 13/100, Train Loss: 0.596636503442343, Val Loss: 0.9892611722946167
Epoch [13/100], Loss: 1.0486506223678589
Epoch 14/100, Train Loss: 0.5733912645664826, Val Loss: 1.0506776394844055
Epoch [14/100], Loss: 0.7881682515144348
Epoch 15/100, Train Loss: 0.5746123459045642, Val Loss: 0.809050048828125
Epoch [15/100], Loss: 0.7355456352233887
Epoch 16/100, Train Loss: 0.5561782468832766, Val Loss: 0.8548304204940795
Epoch [16/100], Loss: 0.7819136381149292
Epoch 17/100, Train Loss: 0.5384260411608279, Val Loss: 0.8775453882217408
Epoch [17/100], Loss: 0.8493515253067017
Epoch 18/100, Train Loss: 0.5420266749484945, Val Loss: 0.7747339406013489
Epoch [18/100], Loss: 0.7289407849311829
Epoch 19/100, Train Loss: 0.5170870193140503, Val Loss: 1.473599712371826
Epoch [19/100], Loss: 1.2516589164733887
Epoch 20/100, Train Loss: 0.5041570653400775, Val Loss: 0.8421849279403687
Epoch [20/100], Loss: 0.7415655851364136
Epoch 21/100, Train Loss: 0.48434541455609803, Val Loss: 0.7657582597732544
Epoch [21/100], Loss: 0.6391617059707642
Epoch 22/100, Train Loss: 0.47376208537545617, Val Loss: 0.7672876811027527
Epoch [22/100], Loss: 0.6823803782463074
Epoch 23/100, Train Loss: 0.45997778029506164, Val Loss: 1.1049680705070495
Epoch [23/100], Loss: 0.8849985003471375
Epoch 24/100, Train Loss: 0.45241958070766264, Val Loss: 1.446906536102295
Epoch [24/100], Loss: 1.2356915473937988
Epoch 25/100, Train Loss: 0.442111501484657, Val Loss: 1.201322286605835
Epoch [25/100], Loss: 1.2393710613250732
Epoch 26/100, Train Loss: 0.4331367244205829, Val Loss: 0.8972242918014527
Epoch [26/100], Loss: 0.8334616422653198
Epoch 27/100, Train Loss: 0.4194849155101969, Val Loss: 1.1512405290603638
Epoch [27/100], Loss: 1.0714861154556274
Epoch 28/100, Train Loss: 0.4111577572750201, Val Loss: 0.851523024559021
Epoch [28/100], Loss: 0.7998512983322144
Epoch 29/100, Train Loss: 0.4051967004197846, Val Loss: 1.0761883430480956
Epoch [29/100], Loss: 0.903165340423584
Epoch 30/100, Train Loss: 0.40686729462914684, Val Loss: 0.867354552268982
Epoch [30/100], Loss: 0.7900427579879761
Epoch 31/100, Train Loss: 0.3931401950010361, Val Loss: 0.8665886421203614
Epoch [31/100], Loss: 0.814692497253418
Epoch 32/100, Train Loss: 0.37447583033101756, Val Loss: 0.8069914526939392
Epoch [32/100], Loss: 0.7077931761741638
Epoch 33/100, Train Loss: 0.3663490060610072, Val Loss: 0.8411060461997986
Epoch [33/100], Loss: 0.7880715727806091
Epoch 34/100, Train Loss: 0.3596477702134375, Val Loss: 1.0633970804214476
Epoch [34/100], Loss: 1.114078164100647
Epoch 35/100, Train Loss: 0.3488161315503852, Val Loss: 0.8327659792900085
Epoch [35/100], Loss: 0.732794463634491
Epoch 36/100, Train Loss: 0.3400000722271596, Val Loss: 0.8305816144943238
Epoch [36/100], Loss: 0.7708758115768433
Epoch 37/100, Train Loss: 0.33624420469567107, Val Loss: 0.9504643669128418
Epoch [37/100], Loss: 0.876556396484375
Epoch 38/100, Train Loss: 0.32709641537014994, Val Loss: 1.3673611440658568
Epoch [38/100], Loss: 1.2904027700424194
Epoch 39/100, Train Loss: 0.33908489872191044, Val Loss: 0.8820413928031922
Epoch [39/100], Loss: 0.811475932598114
Epoch 40/100, Train Loss: 0.32621716384541927, Val Loss: 1.3531788902282715
Epoch [40/100], Loss: 1.3438467979431152
Epoch 41/100, Train Loss: 0.31417000022344604, Val Loss: 0.9172244524955749
Epoch [41/100], Loss: 0.8413588404655457
Epoch 42/100, Train Loss: 0.3037566295562667, Val Loss: 0.8821016397476197
Epoch [42/100], Loss: 0.845039963722229
Epoch 43/100, Train Loss: 0.2984325276558958, Val Loss: 0.9001352396011353
Epoch [43/100], Loss: 0.8892503976821899
Epoch 44/100, Train Loss: 0.29527213866955915, Val Loss: 1.0091474409103394
Epoch [44/100], Loss: 0.9248288869857788
Epoch 45/100, Train Loss: 0.2925938812918446, Val Loss: 0.9785134725570679
Epoch [45/100], Loss: 0.8642352819442749
Epoch 46/100, Train Loss: 0.286351476511706, Val Loss: 0.9583871579170227
Epoch [46/100], Loss: 0.9022095799446106
Epoch 47/100, Train Loss: 0.2794672034040068, Val Loss: 0.9657027020454406
Epoch [47/100], Loss: 0.8544071316719055
Epoch 48/100, Train Loss: 0.2754844011283443, Val Loss: 1.1771375169754028
Epoch [48/100], Loss: 1.0588642358779907
Epoch 49/100, Train Loss: 0.27510022614999324, Val Loss: 1.0430975947380066
Epoch [49/100], Loss: 0.960580050945282
Epoch 50/100, Train Loss: 0.27268064580920576, Val Loss: 1.0252267422676087
Epoch [50/100], Loss: 0.8954275250434875
Epoch 51/100, Train Loss: 0.26801767946294747, Val Loss: 0.9449410848617553
Epoch [51/100], Loss: 0.8556960821151733
Epoch 52/100, Train Loss: 0.26092615272303255, Val Loss: 0.9777252683639527
Epoch [52/100], Loss: 0.8543046712875366
Epoch 53/100, Train Loss: 0.2574036650573222, Val Loss: 1.0433352966308593
Epoch [53/100], Loss: 0.9003715515136719
Epoch 54/100, Train Loss: 0.2534196363834265, Val Loss: 1.2993405332565309
Epoch [54/100], Loss: 1.062966227531433
Epoch 55/100, Train Loss: 0.25839237600916753, Val Loss: 1.0317585372924805
Epoch [55/100], Loss: 0.948951244354248
Epoch 56/100, Train Loss: 0.25559983283633125, Val Loss: 0.9766309237480164
Epoch [56/100], Loss: 0.8997651934623718
Epoch 57/100, Train Loss: 0.24865761005255263, Val Loss: 1.0240854902267456
Epoch [57/100], Loss: 1.0157502889633179
Epoch 58/100, Train Loss: 0.2431647234732948, Val Loss: 0.9891616778373719
Epoch [58/100], Loss: 0.9074999690055847
Epoch 59/100, Train Loss: 0.23899675956463934, Val Loss: 1.043235878944397
Epoch [59/100], Loss: 0.9058204889297485
Epoch 60/100, Train Loss: 0.2358582514936566, Val Loss: 1.0429560160636902
Epoch [60/100], Loss: 0.970111072063446
Epoch 61/100, Train Loss: 0.23549919782762382, Val Loss: 1.060276882648468
Epoch [61/100], Loss: 0.9246953129768372
Epoch 62/100, Train Loss: 0.23106588923810506, Val Loss: 1.055294457435608
Epoch [62/100], Loss: 0.994733452796936
Epoch 63/100, Train Loss: 0.22964136953800163, Val Loss: 1.1073521451950072
Epoch [63/100], Loss: 1.0317152738571167
Epoch 64/100, Train Loss: 0.22807208217718147, Val Loss: 1.0677213778495789
Epoch [64/100], Loss: 0.9331437945365906
Epoch 65/100, Train Loss: 0.22562281875344994, Val Loss: 1.114292218208313
Epoch [65/100], Loss: 0.9771825075149536
Epoch 66/100, Train Loss: 0.22327623801528904, Val Loss: 1.1438709545135497
Epoch [66/100], Loss: 1.0093834400177002
Epoch 67/100, Train Loss: 0.22462825614324508, Val Loss: 1.1418726291656494
Epoch [67/100], Loss: 1.126572847366333
Epoch 68/100, Train Loss: 0.297751976155109, Val Loss: 2.3583746719360352
Epoch [68/100], Loss: 2.149500846862793
Epoch 69/100, Train Loss: 0.3176685827377474, Val Loss: 0.9586821522712707
Epoch [69/100], Loss: 0.8779023289680481
Epoch 70/100, Train Loss: 0.25686790424997447, Val Loss: 1.0231018109321595
Epoch [70/100], Loss: 0.9012454152107239
Epoch 71/100, Train Loss: 0.2304121118472358, Val Loss: 1.1180444774627685
Epoch [71/100], Loss: 1.0728919506072998
Epoch 72/100, Train Loss: 0.22032478120536064, Val Loss: 1.0521556062698365
Epoch [72/100], Loss: 1.0072437524795532
Epoch 73/100, Train Loss: 0.21495071319363773, Val Loss: 1.0627443923950195
Epoch [73/100], Loss: 0.9035553932189941
Epoch 74/100, Train Loss: 0.20945048014590953, Val Loss: 1.1569007682800292
Epoch [74/100], Loss: 1.0247397422790527
Epoch 75/100, Train Loss: 0.20700859247532502, Val Loss: 1.1078081607818604
Epoch [75/100], Loss: 1.0395820140838623
Epoch 76/100, Train Loss: 0.20463100609449672, Val Loss: 1.0961925163269044
Epoch [76/100], Loss: 0.9820175170898438
Epoch 77/100, Train Loss: 0.2018391277999138, Val Loss: 1.1324613695144654
Epoch [77/100], Loss: 1.02346670627594
Epoch 78/100, Train Loss: 0.20011238898535402, Val Loss: 1.1616540603637695
Epoch [78/100], Loss: 1.0990877151489258
Epoch 79/100, Train Loss: 0.19920392833009337, Val Loss: 1.5837862691879272
Epoch [79/100], Loss: 1.5379337072372437
Epoch 80/100, Train Loss: 0.20807639326253186, Val Loss: 1.1000670108795165
Epoch [80/100], Loss: 1.0216572284698486
Epoch 81/100, Train Loss: 0.20042094995360352, Val Loss: 1.202259744644165
Epoch [81/100], Loss: 1.0890591144561768
Epoch 82/100, Train Loss: 0.1977187643465264, Val Loss: 1.179907214164734
Epoch [82/100], Loss: 1.0574215650558472
Epoch 83/100, Train Loss: 0.1962926328785303, Val Loss: 1.1695731563568115
Epoch [83/100], Loss: 1.0574986934661865
Epoch 84/100, Train Loss: 0.19471030887624666, Val Loss: 1.1791401653289795
Epoch [84/100], Loss: 1.092613935470581
Epoch 85/100, Train Loss: 0.1944102669948269, Val Loss: 1.1587858242988587
Epoch [85/100], Loss: 0.9765642285346985
Epoch 86/100, Train Loss: 0.1929353561560179, Val Loss: 1.1809507513046265
Epoch [86/100], Loss: 1.1030057668685913
Epoch 87/100, Train Loss: 0.1919009474135973, Val Loss: 1.4713569087982177
Epoch [87/100], Loss: 1.3918859958648682
Epoch 88/100, Train Loss: 0.19095405628166554, Val Loss: 1.1645369148254394
Epoch [88/100], Loss: 1.0400376319885254
Epoch 89/100, Train Loss: 0.18936157475836563, Val Loss: 1.2391033687591553
Epoch [89/100], Loss: 1.0825402736663818
Epoch 90/100, Train Loss: 0.18858080329420596, Val Loss: 1.367738345146179
Epoch [90/100], Loss: 1.2408865690231323
Epoch 91/100, Train Loss: 0.18757208610365, Val Loss: 1.315165952682495
Epoch [91/100], Loss: 1.2179038524627686
Epoch 92/100, Train Loss: 0.18768485467912374, Val Loss: 1.34328546333313
Epoch [92/100], Loss: 1.219376802444458
Epoch 93/100, Train Loss: 0.18665637642295926, Val Loss: 1.220508909225464
Epoch [93/100], Loss: 1.1175997257232666
Epoch 94/100, Train Loss: 0.18545856447686232, Val Loss: 1.2729460773468018
Epoch [94/100], Loss: 1.1282637119293213
Epoch 95/100, Train Loss: 0.18567131131535639, Val Loss: 1.1873728790283202
Epoch [95/100], Loss: 1.1914024353027344
Epoch 96/100, Train Loss: 0.18520462431553844, Val Loss: 1.2532632570266724
Epoch [96/100], Loss: 1.1603223085403442
Epoch 97/100, Train Loss: 0.18345113465496501, Val Loss: 1.2462338724136353
Epoch [97/100], Loss: 1.1827999353408813
Epoch 98/100, Train Loss: 0.1836447571522068, Val Loss: 1.4388974771499634
Epoch [98/100], Loss: 1.3150936365127563
Epoch 99/100, Train Loss: 0.18237028575767755, Val Loss: 1.3473070316314697
Epoch [99/100], Loss: 1.1947486400604248
Epoch 100/100, Train Loss: 0.18166389387936455, Val Loss: 1.3217288837432861
Epoch [100/100], Loss: 1.2175266742706299
Epoch 1/100, Train Loss: 1.0292633365820874, Val Loss: 0.9075656089782714
Epoch [1/100], Loss: 0.8490843772888184
Epoch 2/100, Train Loss: 0.8371253832596751, Val Loss: 1.0967041425704955
Epoch [2/100], Loss: 1.0399287939071655
Epoch 3/100, Train Loss: 0.792488062019895, Val Loss: 1.0312600512504577
Epoch [3/100], Loss: 0.9187166094779968
Epoch 4/100, Train Loss: 0.7586254704460929, Val Loss: 1.467355478286743
Epoch [4/100], Loss: 1.1706440448760986
Epoch 5/100, Train Loss: 0.732530449936402, Val Loss: 0.9755177640914917
Epoch [5/100], Loss: 0.9315661191940308
Epoch 6/100, Train Loss: 0.7131052705127916, Val Loss: 1.0947091274261476
Epoch [6/100], Loss: 1.1409552097320557
Epoch 7/100, Train Loss: 0.6876849099516266, Val Loss: 1.0452267827987671
Epoch [7/100], Loss: 0.895105242729187
Epoch 8/100, Train Loss: 0.6720858057675032, Val Loss: 0.8718017191886902
Epoch [8/100], Loss: 0.8216349482536316
Epoch 9/100, Train Loss: 0.658733413030486, Val Loss: 1.248251298904419
Epoch [9/100], Loss: 1.2270691394805908
Epoch 10/100, Train Loss: 0.6490702228240581, Val Loss: 0.8680659561157227
Epoch [10/100], Loss: 0.7988219261169434
Epoch 11/100, Train Loss: 0.6355662172801579, Val Loss: 0.8676383695602417
Epoch [11/100], Loss: 0.8172858953475952
Epoch 12/100, Train Loss: 0.6203635898448564, Val Loss: 0.8306767349243164
Epoch [12/100], Loss: 0.7634096145629883
Epoch 13/100, Train Loss: 0.6038374997110029, Val Loss: 0.7894895277023315
Epoch [13/100], Loss: 0.7541483640670776
Epoch 14/100, Train Loss: 0.5904747239654824, Val Loss: 1.1272330584526062
Epoch [14/100], Loss: 0.9700199961662292
Epoch 15/100, Train Loss: 0.5744508937277641, Val Loss: 0.8012911972999572
Epoch [15/100], Loss: 0.7234836220741272
Epoch 16/100, Train Loss: 0.5594225218686044, Val Loss: 1.1677931652069091
Epoch [16/100], Loss: 1.0311944484710693
Epoch 17/100, Train Loss: 0.5427643360617189, Val Loss: 0.7768752727508544
Epoch [17/100], Loss: 0.7035248279571533
Epoch 18/100, Train Loss: 0.5341710769506972, Val Loss: 0.9018546781539917
Epoch [18/100], Loss: 0.852049708366394
Epoch 19/100, Train Loss: 0.5271938825035578, Val Loss: 1.1314976997375488
Epoch [19/100], Loss: 1.1770005226135254
Epoch 20/100, Train Loss: 0.515951751727881, Val Loss: 0.8006346416473389
Epoch [20/100], Loss: 0.7077319622039795
Epoch 21/100, Train Loss: 0.49880000857438445, Val Loss: 0.9471425170898438
Epoch [21/100], Loss: 0.8681764602661133
Epoch 22/100, Train Loss: 0.4905240941007463, Val Loss: 0.8288258438110352
Epoch [22/100], Loss: 0.7854399681091309
Epoch 23/100, Train Loss: 0.4808963974450933, Val Loss: 0.8464357013702393
Epoch [23/100], Loss: 0.7382533550262451
Epoch 24/100, Train Loss: 0.47321660705601787, Val Loss: 0.7868663682937622
Epoch [24/100], Loss: 0.765727162361145
Epoch 25/100, Train Loss: 0.45551345431784557, Val Loss: 0.8217408618927002
Epoch [25/100], Loss: 0.7853553295135498
Epoch 26/100, Train Loss: 0.4441575070858806, Val Loss: 0.8259523367881775
Epoch [26/100], Loss: 0.7516483664512634
Epoch 27/100, Train Loss: 0.432509292448552, Val Loss: 0.8760277605056763
Epoch [27/100], Loss: 0.8202196359634399
Epoch 28/100, Train Loss: 0.4287580409600803, Val Loss: 0.8782933621406556
Epoch [28/100], Loss: 0.8417032361030579
Epoch 29/100, Train Loss: 0.4226665835557458, Val Loss: 0.8999185223579407
Epoch [29/100], Loss: 0.8763912320137024
Epoch 30/100, Train Loss: 0.4065781156892117, Val Loss: 0.9667438926696778
Epoch [30/100], Loss: 1.0345377922058105
Epoch 31/100, Train Loss: 0.3945623850943065, Val Loss: 1.1527816123962402
Epoch [31/100], Loss: 1.132359504699707
Epoch 32/100, Train Loss: 0.387323106852993, Val Loss: 0.8523850717544555
Epoch [32/100], Loss: 0.7919274568557739
Epoch 33/100, Train Loss: 0.3805714998739767, Val Loss: 0.8568216547966003
Epoch [33/100], Loss: 0.8098832964897156
Epoch 34/100, Train Loss: 0.37021169052357217, Val Loss: 0.8867339639663696
Epoch [34/100], Loss: 0.9154306650161743
Epoch 35/100, Train Loss: 0.36139393193524766, Val Loss: 0.9077755007743835
Epoch [35/100], Loss: 0.8199307322502136
Epoch 36/100, Train Loss: 0.35139479895466297, Val Loss: 0.89622988986969
Epoch [36/100], Loss: 0.8063355684280396
Epoch 37/100, Train Loss: 0.3476399449634713, Val Loss: 0.8574275245666504
Epoch [37/100], Loss: 0.8675069808959961
Epoch 38/100, Train Loss: 0.3406446674018847, Val Loss: 0.8517162585258484
Epoch [38/100], Loss: 0.7561842799186707
Epoch 39/100, Train Loss: 0.3329565656727924, Val Loss: 0.8682556686401367
Epoch [39/100], Loss: 0.8248462677001953
Epoch 40/100, Train Loss: 0.32674247223450403, Val Loss: 0.8979494061470031
Epoch [40/100], Loss: 0.8612950444221497
Epoch 41/100, Train Loss: 0.3220795060591191, Val Loss: 0.9228021922111511
Epoch [41/100], Loss: 0.9674341082572937
Epoch 42/100, Train Loss: 0.31908288557855113, Val Loss: 0.9281206636428833
Epoch [42/100], Loss: 0.8799945116043091
Epoch 43/100, Train Loss: 0.3149916842554713, Val Loss: 0.9171064653396607
Epoch [43/100], Loss: 0.9233213663101196
Epoch 44/100, Train Loss: 0.3043681427358978, Val Loss: 0.8928595428466797
Epoch [44/100], Loss: 0.8537716865539551
Epoch 45/100, Train Loss: 0.3006695188318095, Val Loss: 0.9766483812332153
Epoch [45/100], Loss: 0.9267059564590454
Epoch 46/100, Train Loss: 0.29793037964159885, Val Loss: 1.099050687789917
Epoch [46/100], Loss: 1.0045287609100342
Epoch 47/100, Train Loss: 0.29154711806955064, Val Loss: 0.8925763354301453
Epoch [47/100], Loss: 0.8404905200004578
Epoch 48/100, Train Loss: 0.28403965308131496, Val Loss: 0.9091318392753601
Epoch [48/100], Loss: 0.8447958827018738
Epoch 49/100, Train Loss: 0.2790481555321164, Val Loss: 1.0540207319259645
Epoch [49/100], Loss: 0.9770239591598511
Epoch 50/100, Train Loss: 0.2760889172956071, Val Loss: 1.0365799713134765
Epoch [50/100], Loss: 1.006180763244629
Epoch 51/100, Train Loss: 0.2742092956579958, Val Loss: 0.9542736921310425
Epoch [51/100], Loss: 0.940996527671814
Epoch 52/100, Train Loss: 0.2700325135135329, Val Loss: 1.0408044748306275
Epoch [52/100], Loss: 1.057188630104065
Epoch 53/100, Train Loss: 0.2671861219114638, Val Loss: 1.1227645692825317
Epoch [53/100], Loss: 1.1226726770401
Epoch 54/100, Train Loss: 0.26111501623164945, Val Loss: 1.0342953944206237
Epoch [54/100], Loss: 0.9729568362236023
Epoch 55/100, Train Loss: 0.25855588621474035, Val Loss: 1.039477797985077
Epoch [55/100], Loss: 0.9372879862785339
Epoch 56/100, Train Loss: 0.2579656561450251, Val Loss: 1.0313459811210632
Epoch [56/100], Loss: 0.977740466594696
Epoch 57/100, Train Loss: 0.25297409970482926, Val Loss: 1.0119460215568543
Epoch [57/100], Loss: 0.9215947985649109
Epoch 58/100, Train Loss: 0.24964371151707024, Val Loss: 0.9942203722000122
Epoch [58/100], Loss: 0.9750853776931763
Epoch 59/100, Train Loss: 0.24672027738359686, Val Loss: 1.068180853843689
Epoch [59/100], Loss: 1.008257269859314
Epoch 60/100, Train Loss: 0.2439623096339015, Val Loss: 1.1333835353851318
Epoch [60/100], Loss: 1.0254948139190674
Epoch 61/100, Train Loss: 0.24434230158240558, Val Loss: 1.0259455060958862
Epoch [61/100], Loss: 1.0077232122421265
Epoch 62/100, Train Loss: 0.24241229223360702, Val Loss: 1.0799292726516723
Epoch [62/100], Loss: 0.9683433771133423
Epoch 63/100, Train Loss: 0.23933882396699607, Val Loss: 1.1416706495285034
Epoch [63/100], Loss: 1.1042035818099976
Epoch 64/100, Train Loss: 0.23376733639590053, Val Loss: 1.0336831092834473
Epoch [64/100], Loss: 0.9718084335327148
Epoch 65/100, Train Loss: 0.23265454737975264, Val Loss: 1.0692560997009277
Epoch [65/100], Loss: 0.9886178970336914
Epoch 66/100, Train Loss: 0.2297729212055721, Val Loss: 1.0889568338394164
Epoch [66/100], Loss: 0.9998828172683716
Epoch 67/100, Train Loss: 0.23512774002290696, Val Loss: 1.081400902748108
Epoch [67/100], Loss: 1.1212531328201294
Epoch 68/100, Train Loss: 0.24471967546473467, Val Loss: 1.2076552753448486
Epoch [68/100], Loss: 1.0123779773712158
Epoch 69/100, Train Loss: 0.31635798535499765, Val Loss: 1.6030831813812256
Epoch [69/100], Loss: 1.6227376461029053
Epoch 70/100, Train Loss: 0.29087010623029674, Val Loss: 1.1441727924346923
Epoch [70/100], Loss: 1.1101362705230713
Epoch 71/100, Train Loss: 0.24558270215284564, Val Loss: 1.0190658807754516
Epoch [71/100], Loss: 1.0088917016983032
Epoch 72/100, Train Loss: 0.22816895147499708, Val Loss: 1.2679448823928834
Epoch [72/100], Loss: 1.3104673624038696
Epoch 73/100, Train Loss: 0.22010580102267596, Val Loss: 1.109660792350769
Epoch [73/100], Loss: 1.0217117071151733
Epoch 74/100, Train Loss: 0.21551424868995384, Val Loss: 1.079650791168213
Epoch [74/100], Loss: 0.9923419952392578
Epoch 75/100, Train Loss: 0.21171217718574692, Val Loss: 1.0950564212799072
Epoch [75/100], Loss: 1.0406873226165771
Epoch 76/100, Train Loss: 0.2090070772432356, Val Loss: 1.102048138141632
Epoch [76/100], Loss: 0.966569721698761
Epoch 77/100, Train Loss: 0.2070686840789917, Val Loss: 1.1423553915023803
Epoch [77/100], Loss: 1.0846728086471558
Epoch 78/100, Train Loss: 0.20514135228039643, Val Loss: 1.2418782815933227
Epoch [78/100], Loss: 1.2140074968338013
Epoch 79/100, Train Loss: 0.2032876402089407, Val Loss: 1.134052502632141
Epoch [79/100], Loss: 1.124916672706604
Epoch 80/100, Train Loss: 0.2019116760104342, Val Loss: 1.1600910806655884
Epoch [80/100], Loss: 1.1606999635696411
Epoch 81/100, Train Loss: 0.20094193016598236, Val Loss: 1.1247601051330567
Epoch [81/100], Loss: 1.0893359184265137
Epoch 82/100, Train Loss: 0.19896354430542024, Val Loss: 1.2886676931381225
Epoch [82/100], Loss: 1.3602412939071655
Epoch 83/100, Train Loss: 0.19965740546810284, Val Loss: 1.1695638217926025
Epoch [83/100], Loss: 1.125962495803833
Epoch 84/100, Train Loss: 0.1987005446250684, Val Loss: 1.1476966733932494
Epoch [84/100], Loss: 1.132501482963562
Epoch 85/100, Train Loss: 0.19655192616516584, Val Loss: 1.196013708114624
Epoch [85/100], Loss: 1.080599069595337
Epoch 86/100, Train Loss: 0.1961087516849801, Val Loss: 1.1794022541046143
Epoch [86/100], Loss: 1.167210340499878
Epoch 87/100, Train Loss: 0.1956303744352286, Val Loss: 1.194117078781128
Epoch [87/100], Loss: 1.1462266445159912
Epoch 88/100, Train Loss: 0.19401730749297505, Val Loss: 1.244228401184082
Epoch [88/100], Loss: 1.1924567222595215
Epoch 89/100, Train Loss: 0.19452845683387318, Val Loss: 1.2521596298217774
Epoch [89/100], Loss: 1.1633005142211914
Epoch 90/100, Train Loss: 0.1927600771942589, Val Loss: 1.1814555959701538
Epoch [90/100], Loss: 1.1515659093856812
Epoch 91/100, Train Loss: 0.1924222225634284, Val Loss: 1.2702386150360108
Epoch [91/100], Loss: 1.2299277782440186
Epoch 92/100, Train Loss: 0.19110169543886266, Val Loss: 1.273668667793274
Epoch [92/100], Loss: 1.231014370918274
Epoch 93/100, Train Loss: 0.18950821477385837, Val Loss: 1.3124003009796144
Epoch [93/100], Loss: 1.14963698387146
Epoch 94/100, Train Loss: 0.18874982134085683, Val Loss: 1.2184657182693481
Epoch [94/100], Loss: 1.1870099306106567
Epoch 95/100, Train Loss: 0.1883960399468874, Val Loss: 1.4255018892288207
Epoch [95/100], Loss: 1.4418851137161255
Epoch 96/100, Train Loss: 0.18837051395622112, Val Loss: 3.1069421405792235
Epoch [96/100], Loss: 3.8090126514434814
Epoch 97/100, Train Loss: 0.2735854359340507, Val Loss: 2.6087741622924803
Epoch [97/100], Loss: 2.7975330352783203
Epoch 98/100, Train Loss: 0.2978630899377858, Val Loss: 1.0295541234016419
Epoch [98/100], Loss: 0.9548900723457336
Epoch 99/100, Train Loss: 0.2238068028807037, Val Loss: 1.1086415910720826
Epoch [99/100], Loss: 1.0783153772354126
Epoch 100/100, Train Loss: 0.20013811551097271, Val Loss: 1.1327991428375244
Epoch [100/100], Loss: 1.098219633102417
Epoch 1/100, Train Loss: 1.0217803516838242, Val Loss: 1.2621375827789307
Epoch [1/100], Loss: 1.127887487411499
Epoch 2/100, Train Loss: 0.8429724933526166, Val Loss: 1.8834948749542237
Epoch [2/100], Loss: 2.0108511447906494
Epoch 3/100, Train Loss: 0.7903191496308698, Val Loss: 0.851865921497345
Epoch [3/100], Loss: 0.7714994549751282
Epoch 4/100, Train Loss: 0.749407180384882, Val Loss: 1.2331630926132202
Epoch [4/100], Loss: 1.2391904592514038
Epoch 5/100, Train Loss: 0.7345928924079689, Val Loss: 0.8672218422889709
Epoch [5/100], Loss: 0.7680144906044006
Epoch 6/100, Train Loss: 0.7084850306454638, Val Loss: 1.2090715188980103
Epoch [6/100], Loss: 1.2910410165786743
Epoch 7/100, Train Loss: 0.6886144970761986, Val Loss: 1.1567760572433472
Epoch [7/100], Loss: 1.2232722043991089
Epoch 8/100, Train Loss: 0.6701813125489735, Val Loss: 0.9071880941390991
Epoch [8/100], Loss: 0.8539284467697144
Epoch 9/100, Train Loss: 0.6561344708399266, Val Loss: 1.0738956112861633
Epoch [9/100], Loss: 0.8536155819892883
Epoch 10/100, Train Loss: 0.6402479926209024, Val Loss: 0.9045810971260071
Epoch [10/100], Loss: 0.8219636082649231
Epoch 11/100, Train Loss: 0.6200600450597766, Val Loss: 0.8181638517379761
Epoch [11/100], Loss: 0.7906430959701538
Epoch 12/100, Train Loss: 0.6119393242953398, Val Loss: 0.8453013949394226
Epoch [12/100], Loss: 0.7168037295341492
Epoch 13/100, Train Loss: 0.6017535397817474, Val Loss: 1.4287831449508668
Epoch [13/100], Loss: 1.1293267011642456
Epoch 14/100, Train Loss: 0.5843508214612836, Val Loss: 0.9046282992362976
Epoch [14/100], Loss: 0.8641783595085144
Epoch 15/100, Train Loss: 0.5641734134085464, Val Loss: 0.7757663044929505
Epoch [15/100], Loss: 0.7586973309516907
Epoch 16/100, Train Loss: 0.5539234432764037, Val Loss: 0.8345704145431518
Epoch [16/100], Loss: 0.7396448850631714
Epoch 17/100, Train Loss: 0.5417477342973873, Val Loss: 0.8177129664421081
Epoch [17/100], Loss: 0.7596561312675476
Epoch 18/100, Train Loss: 0.533640721797139, Val Loss: 1.024886417865753
Epoch [18/100], Loss: 0.8921220898628235
Epoch 19/100, Train Loss: 0.5240181894567725, Val Loss: 0.8567712717056274
Epoch [19/100], Loss: 0.80030357837677
Epoch 20/100, Train Loss: 0.5063947374663907, Val Loss: 0.8459465513229371
Epoch [20/100], Loss: 0.7147434949874878
Epoch 21/100, Train Loss: 0.49250974687315763, Val Loss: 0.7446520867347717
Epoch [21/100], Loss: 0.6650462746620178
Epoch 22/100, Train Loss: 0.4820069302595888, Val Loss: 0.8988450164794922
Epoch [22/100], Loss: 0.832362174987793
Epoch 23/100, Train Loss: 0.47259870327343223, Val Loss: 0.8031858191490173
Epoch [23/100], Loss: 0.7768000960350037
Epoch 24/100, Train Loss: 0.46869380238888436, Val Loss: 0.780711528301239
Epoch [24/100], Loss: 0.7167288661003113
Epoch 25/100, Train Loss: 0.4536420277962194, Val Loss: 0.8512995448112488
Epoch [25/100], Loss: 0.7666055560112
Epoch 26/100, Train Loss: 0.4518679769807079, Val Loss: 0.8457414789199829
Epoch [26/100], Loss: 0.7760535478591919
Epoch 27/100, Train Loss: 0.4435053592890149, Val Loss: 0.9128174209594726
Epoch [27/100], Loss: 0.8046770095825195
Epoch 28/100, Train Loss: 0.42250201810672755, Val Loss: 0.8577708697319031
Epoch [28/100], Loss: 0.8147494196891785
Epoch 29/100, Train Loss: 0.4084638373646728, Val Loss: 0.8616178021430969
Epoch [29/100], Loss: 0.7605975270271301
Epoch 30/100, Train Loss: 0.39994189530158725, Val Loss: 0.8435137395858765
Epoch [30/100], Loss: 0.8065069913864136
Epoch 31/100, Train Loss: 0.388803197159534, Val Loss: 0.809330638885498
Epoch [31/100], Loss: 0.8001623153686523
Epoch 32/100, Train Loss: 0.3817197005423084, Val Loss: 0.8116388711929321
Epoch [32/100], Loss: 0.7387319803237915
Epoch 33/100, Train Loss: 0.37236664860083724, Val Loss: 0.876769591808319
Epoch [33/100], Loss: 0.846545398235321
Epoch 34/100, Train Loss: 0.36465727765282735, Val Loss: 0.8579967880249023
Epoch [34/100], Loss: 0.8158326148986816
Epoch 35/100, Train Loss: 0.3558052181493975, Val Loss: 0.9143892359733582
Epoch [35/100], Loss: 0.8383623957633972
Epoch 36/100, Train Loss: 0.35318482985584976, Val Loss: 0.994235511302948
Epoch [36/100], Loss: 0.9900910258293152
Epoch 37/100, Train Loss: 0.3455983364159904, Val Loss: 0.9647858510017395
Epoch [37/100], Loss: 0.8748143315315247
Epoch 38/100, Train Loss: 0.3352997577914098, Val Loss: 0.8669430685043334
Epoch [38/100], Loss: 0.7836016416549683
Epoch 39/100, Train Loss: 0.3320842147275529, Val Loss: 1.5708501577377318
Epoch [39/100], Loss: 1.3769859075546265
Epoch 40/100, Train Loss: 0.359207476954436, Val Loss: 1.3073730144500733
Epoch [40/100], Loss: 1.2974865436553955
Epoch 41/100, Train Loss: 0.3384970616831948, Val Loss: 0.8344131097793579
Epoch [41/100], Loss: 0.7817941904067993
Epoch 42/100, Train Loss: 0.31807142523247717, Val Loss: 0.8976822009086609
Epoch [42/100], Loss: 0.7654039263725281
Epoch 43/100, Train Loss: 0.3106461361528046, Val Loss: 0.8863725929260254
Epoch [43/100], Loss: 0.8459529876708984
Epoch 44/100, Train Loss: 0.30417915372583154, Val Loss: 0.8547546834945678
Epoch [44/100], Loss: 0.7929538488388062
Epoch 45/100, Train Loss: 0.2981636982643584, Val Loss: 0.9278733057975769
Epoch [45/100], Loss: 0.8564159274101257
Epoch 46/100, Train Loss: 0.29451398955026725, Val Loss: 0.9121083149909973
Epoch [46/100], Loss: 0.828294575214386
Epoch 47/100, Train Loss: 0.2867002764298984, Val Loss: 0.9462593688964843
Epoch [47/100], Loss: 0.8717155456542969
Epoch 48/100, Train Loss: 0.28221904946016824, Val Loss: 0.9464350390434265
Epoch [48/100], Loss: 0.8663627505302429
Epoch 49/100, Train Loss: 0.27795338093430355, Val Loss: 0.9599879879951477
Epoch [49/100], Loss: 0.8299463391304016
Epoch 50/100, Train Loss: 0.2775258371439993, Val Loss: 0.968362144947052
Epoch [50/100], Loss: 0.9048874974250793
Epoch 51/100, Train Loss: 0.272335643581355, Val Loss: 1.2236575946807862
Epoch [51/100], Loss: 1.126331090927124
Epoch 52/100, Train Loss: 0.26771588233027854, Val Loss: 0.9464402341842652
Epoch [52/100], Loss: 0.8735507726669312
Epoch 53/100, Train Loss: 0.2673242214457784, Val Loss: 1.142255142211914
Epoch [53/100], Loss: 1.081791877746582
Epoch 54/100, Train Loss: 0.2628037275693067, Val Loss: 0.9940272331237793
Epoch [54/100], Loss: 0.8880395889282227
Epoch 55/100, Train Loss: 0.26032787690074205, Val Loss: 0.9282197294235229
Epoch [55/100], Loss: 0.8769692182540894
Epoch 56/100, Train Loss: 0.25505610104355, Val Loss: 0.9966752166748047
Epoch [56/100], Loss: 0.9279012680053711
Epoch 57/100, Train Loss: 0.25254077520378526, Val Loss: 1.1683382139205933
Epoch [57/100], Loss: 1.0797752141952515
Epoch 58/100, Train Loss: 0.26833671437950196, Val Loss: 1.2438215856552124
Epoch [58/100], Loss: 1.0799092054367065
Epoch 59/100, Train Loss: 0.251586917479967, Val Loss: 1.0095007705688477
Epoch [59/100], Loss: 0.9403657913208008
Epoch 60/100, Train Loss: 0.2458893024298232, Val Loss: 1.2027663021087647
Epoch [60/100], Loss: 1.1404354572296143
Epoch 61/100, Train Loss: 0.2415504752835777, Val Loss: 0.9941055750846863
Epoch [61/100], Loss: 0.8423277735710144
Epoch 62/100, Train Loss: 0.2373051136581331, Val Loss: 1.2360754880905152
Epoch [62/100], Loss: 1.1100414991378784
Epoch 63/100, Train Loss: 0.23549556864353297, Val Loss: 1.1311058588027953
Epoch [63/100], Loss: 0.9867254495620728
Epoch 64/100, Train Loss: 0.234496216533759, Val Loss: 1.0439575023651122
Epoch [64/100], Loss: 1.0061399936676025
Epoch 65/100, Train Loss: 0.22937337720977113, Val Loss: 1.0370422134399413
Epoch [65/100], Loss: 0.9526157379150391
Epoch 66/100, Train Loss: 0.22804104317400548, Val Loss: 1.0809638261795045
Epoch [66/100], Loss: 0.9437166452407837
Epoch 67/100, Train Loss: 0.22540806033358002, Val Loss: 1.0662263650894166
Epoch [67/100], Loss: 1.0816112756729126
Epoch 68/100, Train Loss: 0.22351743572377436, Val Loss: 1.1630776405334473
Epoch [68/100], Loss: 1.082385540008545
Epoch 69/100, Train Loss: 0.22124388775274687, Val Loss: 1.0520343823432923
Epoch [69/100], Loss: 0.9986193776130676
Epoch 70/100, Train Loss: 0.22079561531644246, Val Loss: 1.1129988889694213
Epoch [70/100], Loss: 1.0095471143722534
Epoch 71/100, Train Loss: 0.21818207281737464, Val Loss: 1.0770056762695313
Epoch [71/100], Loss: 1.0520029067993164
Epoch 72/100, Train Loss: 0.21801645571827688, Val Loss: 1.0774203114509582
Epoch [72/100], Loss: 0.9456318020820618
Epoch 73/100, Train Loss: 0.2229644349714958, Val Loss: 1.2980216665267945
Epoch [73/100], Loss: 1.2725166082382202
Epoch 74/100, Train Loss: 0.21722841628184808, Val Loss: 1.0985032358169555
Epoch [74/100], Loss: 0.9924660921096802
Epoch 75/100, Train Loss: 0.213293597634888, Val Loss: 1.0611627779006958
Epoch [75/100], Loss: 0.967056393623352
Epoch 76/100, Train Loss: 0.2112257094246541, Val Loss: 1.1114962787628173
Epoch [76/100], Loss: 1.0468151569366455
Epoch 77/100, Train Loss: 0.20870402117101178, Val Loss: 1.1330204820632934
Epoch [77/100], Loss: 1.050282597541809
Epoch 78/100, Train Loss: 0.20641805368772445, Val Loss: 1.0732895317077638
Epoch [78/100], Loss: 0.9842348098754883
Epoch 79/100, Train Loss: 0.20595684448542925, Val Loss: 1.2976641960144042
Epoch [79/100], Loss: 1.2058124542236328
Epoch 80/100, Train Loss: 0.22591541200423923, Val Loss: 1.1960656328201293
Epoch [80/100], Loss: 1.1704984903335571
Epoch 81/100, Train Loss: 0.21858595777522855, Val Loss: 1.289716591835022
Epoch [81/100], Loss: 1.154584527015686
Epoch 82/100, Train Loss: 0.20918008555449283, Val Loss: 1.132588402748108
Epoch [82/100], Loss: 1.1174899339675903
Epoch 83/100, Train Loss: 0.20463015125533582, Val Loss: 1.1661627759933473
Epoch [83/100], Loss: 1.076980471611023
Epoch 84/100, Train Loss: 0.20076430436933623, Val Loss: 1.2013363971710205
Epoch [84/100], Loss: 1.1613695621490479
Epoch 85/100, Train Loss: 0.19726973114689125, Val Loss: 1.2446448678970337
Epoch [85/100], Loss: 1.1005789041519165
Epoch 86/100, Train Loss: 0.19483341777706628, Val Loss: 1.1777381677627563
Epoch [86/100], Loss: 1.0694223642349243
Epoch 87/100, Train Loss: 0.19388230181162514, Val Loss: 1.2002756099700929
Epoch [87/100], Loss: 1.1034977436065674
Epoch 88/100, Train Loss: 0.192962671431884, Val Loss: 1.199603419303894
Epoch [88/100], Loss: 1.0750659704208374
Epoch 89/100, Train Loss: 0.19211794287720177, Val Loss: 1.2294243364334105
Epoch [89/100], Loss: 1.0911237001419067
Epoch 90/100, Train Loss: 0.19132881935491128, Val Loss: 1.2686466121673583
Epoch [90/100], Loss: 1.1508829593658447
Epoch 91/100, Train Loss: 0.18927526079985182, Val Loss: 1.2048032093048096
Epoch [91/100], Loss: 1.12026047706604
Epoch 92/100, Train Loss: 0.18847918309409542, Val Loss: 1.3485239725112914
Epoch [92/100], Loss: 1.2595750093460083
Epoch 93/100, Train Loss: 0.1884047962411057, Val Loss: 1.3111646404266357
Epoch [93/100], Loss: 1.1913259029388428
Epoch 94/100, Train Loss: 0.1877691222131755, Val Loss: 1.303743567466736
Epoch [94/100], Loss: 1.1819037199020386
Epoch 95/100, Train Loss: 0.18627793957772987, Val Loss: 1.2739776334762574
Epoch [95/100], Loss: 1.149980902671814
Epoch 96/100, Train Loss: 0.18555888290851555, Val Loss: 1.2118857688903808
Epoch [96/100], Loss: 1.1795344352722168
Epoch 97/100, Train Loss: 0.18390889444700984, Val Loss: 1.3364798793792725
Epoch [97/100], Loss: 1.1332576274871826
Epoch 98/100, Train Loss: 0.18322024124267733, Val Loss: 1.3193413286209106
Epoch [98/100], Loss: 1.1402522325515747
Epoch 99/100, Train Loss: 0.18455583775324927, Val Loss: 1.350706241607666
Epoch [99/100], Loss: 1.2481451034545898
Epoch 100/100, Train Loss: 0.18409698492459464, Val Loss: 1.3061055545806886
Epoch [100/100], Loss: 1.1576473712921143
Epoch 1/100, Train Loss: 1.0508208712277083, Val Loss: 0.9205257878303528
Epoch [1/100], Loss: 0.8414304852485657
Epoch 2/100, Train Loss: 0.84370917843727, Val Loss: 0.9772079005241394
Epoch [2/100], Loss: 0.8879019618034363
Epoch 3/100, Train Loss: 0.7914658249530181, Val Loss: 0.9159614186286926
Epoch [3/100], Loss: 0.8235271573066711
Epoch 4/100, Train Loss: 0.7603482239362964, Val Loss: 0.8257872323989868
Epoch [4/100], Loss: 0.7527567148208618
Epoch 5/100, Train Loss: 0.7300948963599503, Val Loss: 1.0152068433761596
Epoch [5/100], Loss: 0.9486116170883179
Epoch 6/100, Train Loss: 0.7136889262102909, Val Loss: 1.0071397819519043
Epoch [6/100], Loss: 0.9842715263366699
Epoch 7/100, Train Loss: 0.6896444817417589, Val Loss: 0.9133266115188599
Epoch [7/100], Loss: 0.8469506502151489
Epoch 8/100, Train Loss: 0.6684947730718938, Val Loss: 1.406735463142395
Epoch [8/100], Loss: 1.393097996711731
Epoch 9/100, Train Loss: 0.6551596305221571, Val Loss: 1.0032305788993836
Epoch [9/100], Loss: 0.9483653903007507
Epoch 10/100, Train Loss: 0.6535334754352022, Val Loss: 0.9012929420471192
Epoch [10/100], Loss: 0.8182215690612793
Epoch 11/100, Train Loss: 0.6326730349212634, Val Loss: 1.300215368270874
Epoch [11/100], Loss: 1.404606580734253
Epoch 12/100, Train Loss: 0.6130771586706023, Val Loss: 1.004502215385437
Epoch [12/100], Loss: 0.9955319166183472
Epoch 13/100, Train Loss: 0.5932786136413304, Val Loss: 0.8766915020942688
Epoch [13/100], Loss: 0.8894618153572083
Epoch 14/100, Train Loss: 0.5802629797494834, Val Loss: 0.8141308946609497
Epoch [14/100], Loss: 0.7389184236526489
Epoch 15/100, Train Loss: 0.5745132425181179, Val Loss: 0.8836593971252441
Epoch [15/100], Loss: 0.9244728088378906
Epoch 16/100, Train Loss: 0.5660881583646418, Val Loss: 0.841366427898407
Epoch [16/100], Loss: 0.7578179240226746
Epoch 17/100, Train Loss: 0.5502002200026939, Val Loss: 0.8666463856697082
Epoch [17/100], Loss: 0.8147161602973938
Epoch 18/100, Train Loss: 0.538765851291396, Val Loss: 0.834757550239563
Epoch [18/100], Loss: 0.7757230997085571
Epoch 19/100, Train Loss: 0.5276210760587785, Val Loss: 1.0493494424819947
Epoch [19/100], Loss: 1.0600892305374146
Epoch 20/100, Train Loss: 0.5177018680017674, Val Loss: 0.887587197303772
Epoch [20/100], Loss: 0.8413501977920532
Epoch 21/100, Train Loss: 0.5014828669080043, Val Loss: 0.9737034597396851
Epoch [21/100], Loss: 0.8338168859481812
Epoch 22/100, Train Loss: 0.48704520644868204, Val Loss: 0.8517551240921021
Epoch [22/100], Loss: 0.8267837762832642
Epoch 23/100, Train Loss: 0.47548838055757003, Val Loss: 2.4420093727111816
Epoch [23/100], Loss: 2.0976805686950684
Epoch 24/100, Train Loss: 0.46255444568687104, Val Loss: 0.9059609718322754
Epoch [24/100], Loss: 0.852686882019043
Epoch 25/100, Train Loss: 0.45490463358957894, Val Loss: 0.8233680200576782
Epoch [25/100], Loss: 0.6996861696243286
Epoch 26/100, Train Loss: 0.44148845318799074, Val Loss: 0.8482370371818543
Epoch [26/100], Loss: 0.874668300151825
Epoch 27/100, Train Loss: 0.4332402259262175, Val Loss: 1.1558306550979613
Epoch [27/100], Loss: 1.2641788721084595
Epoch 28/100, Train Loss: 0.4217241782161076, Val Loss: 0.7889033818244934
Epoch [28/100], Loss: 0.7395699620246887
Epoch 29/100, Train Loss: 0.4149186334360711, Val Loss: 0.9414552421569824
Epoch [29/100], Loss: 0.9390764236450195
Epoch 30/100, Train Loss: 0.4054831644535869, Val Loss: 0.9290511584281922
Epoch [30/100], Loss: 0.7866842150688171
Epoch 31/100, Train Loss: 0.404684291330196, Val Loss: 1.131114483833313
Epoch [31/100], Loss: 1.0293551683425903
Epoch 32/100, Train Loss: 0.39898846894251355, Val Loss: 0.8620059962272644
Epoch [32/100], Loss: 0.8665282130241394
Epoch 33/100, Train Loss: 0.38424426276004336, Val Loss: 0.8095210318565369
Epoch [33/100], Loss: 0.7081641554832458
Epoch 34/100, Train Loss: 0.370976048275753, Val Loss: 0.9592461881637573
Epoch [34/100], Loss: 0.8430670499801636
Epoch 35/100, Train Loss: 0.35774741950766836, Val Loss: 1.0222447299957276
Epoch [35/100], Loss: 1.016979455947876
Epoch 36/100, Train Loss: 0.3491895318332852, Val Loss: 0.9047074327468873
Epoch [36/100], Loss: 0.9399405717849731
Epoch 37/100, Train Loss: 0.34416672644687546, Val Loss: 0.8672983675003052
Epoch [37/100], Loss: 0.8044415712356567
Epoch 38/100, Train Loss: 0.3368634110357468, Val Loss: 1.1259346208572387
Epoch [38/100], Loss: 0.8929315805435181
Epoch 39/100, Train Loss: 0.3329626118654344, Val Loss: 0.9231561284065246
Epoch [39/100], Loss: 0.8330309987068176
Epoch 40/100, Train Loss: 0.32617497966824255, Val Loss: 0.9636355400085449
Epoch [40/100], Loss: 0.9367828369140625
Epoch 41/100, Train Loss: 0.31852260601862287, Val Loss: 0.9776193623542786
Epoch [41/100], Loss: 0.9143550992012024
Epoch 42/100, Train Loss: 0.3135406920519888, Val Loss: 0.888627010345459
Epoch [42/100], Loss: 0.767369270324707
Epoch 43/100, Train Loss: 0.3072987459964334, Val Loss: 0.8694699087142944
Epoch [43/100], Loss: 0.8292382955551147
Epoch 44/100, Train Loss: 0.30555322919084893, Val Loss: 0.9109331974983216
Epoch [44/100], Loss: 0.871260941028595
Epoch 45/100, Train Loss: 0.30475232364958493, Val Loss: 0.9055478086471558
Epoch [45/100], Loss: 0.8218477964401245
Epoch 46/100, Train Loss: 0.2986378886044327, Val Loss: 0.8851770410537719
Epoch [46/100], Loss: 0.8569823503494263
Epoch 47/100, Train Loss: 0.2906281367220726, Val Loss: 1.0429312953948975
Epoch [47/100], Loss: 1.0407812595367432
Epoch 48/100, Train Loss: 0.2848749880444943, Val Loss: 1.118990288734436
Epoch [48/100], Loss: 1.147138237953186
Epoch 49/100, Train Loss: 0.28079153315413863, Val Loss: 0.943444667339325
Epoch [49/100], Loss: 0.9109336733818054
Epoch 50/100, Train Loss: 0.2798504528468616, Val Loss: 0.9233193964958191
Epoch [50/100], Loss: 0.9253985285758972
Epoch 51/100, Train Loss: 0.2729997964673259, Val Loss: 1.0186452655792235
Epoch [51/100], Loss: 1.0614941120147705
Epoch 52/100, Train Loss: 0.2677979540764582, Val Loss: 0.9336368288993836
Epoch [52/100], Loss: 0.8727080225944519
Epoch 53/100, Train Loss: 0.2638641810336764, Val Loss: 1.075918622970581
Epoch [53/100], Loss: 1.0078470706939697
Epoch 54/100, Train Loss: 0.2639921718664957, Val Loss: 0.9904765286445618
Epoch [54/100], Loss: 0.9276331067085266
Epoch 55/100, Train Loss: 0.2604396731867557, Val Loss: 1.0427151865959168
Epoch [55/100], Loss: 0.9162213206291199
Epoch 56/100, Train Loss: 0.25827012491266405, Val Loss: 1.1985122952461242
Epoch [56/100], Loss: 0.948660671710968
Epoch 57/100, Train Loss: 0.2615236168215287, Val Loss: 1.103858154296875
Epoch [57/100], Loss: 1.084618091583252
Epoch 58/100, Train Loss: 0.2526757964044558, Val Loss: 0.9438439865112305
Epoch [58/100], Loss: 0.9038190841674805
Epoch 59/100, Train Loss: 0.25040395086973555, Val Loss: 0.9898097333908081
Epoch [59/100], Loss: 0.9380472898483276
Epoch 60/100, Train Loss: 0.24239249356078457, Val Loss: 0.970380524635315
Epoch [60/100], Loss: 0.9385315179824829
Epoch 61/100, Train Loss: 0.2427006579772216, Val Loss: 0.9712867889404296
Epoch [61/100], Loss: 0.9017586708068848
Epoch 62/100, Train Loss: 0.23793334245279707, Val Loss: 1.0230313005447387
Epoch [62/100], Loss: 0.9414221048355103
Epoch 63/100, Train Loss: 0.23447985109852698, Val Loss: 1.0250116720199585
Epoch [63/100], Loss: 1.0230039358139038
Epoch 64/100, Train Loss: 0.23275676638038725, Val Loss: 1.1532103395462037
Epoch [64/100], Loss: 1.0475765466690063
Epoch 65/100, Train Loss: 0.23028130202631122, Val Loss: 1.0592863664627075
Epoch [65/100], Loss: 1.0028735399246216
Epoch 66/100, Train Loss: 0.2306022784259629, Val Loss: 1.1792785482406616
Epoch [66/100], Loss: 1.1339391469955444
Epoch 67/100, Train Loss: 0.22597769915957072, Val Loss: 1.0469022331237794
Epoch [67/100], Loss: 0.9286308288574219
Epoch 68/100, Train Loss: 0.22435825033895482, Val Loss: 1.0353684496879578
Epoch [68/100], Loss: 0.9123985171318054
Epoch 69/100, Train Loss: 0.2235735639100533, Val Loss: 1.1983994903564452
Epoch [69/100], Loss: 1.1518502235412598
Epoch 70/100, Train Loss: 0.22171966160127726, Val Loss: 1.1030439558029175
Epoch [70/100], Loss: 1.0220979452133179
Epoch 71/100, Train Loss: 0.21981482478157063, Val Loss: 1.0387015800476074
Epoch [71/100], Loss: 1.011617660522461
Epoch 72/100, Train Loss: 0.21673826937128682, Val Loss: 1.1042109508514404
Epoch [72/100], Loss: 1.1190407276153564
Epoch 73/100, Train Loss: 0.21524584101384245, Val Loss: 1.194029722213745
Epoch [73/100], Loss: 1.0309889316558838
Epoch 74/100, Train Loss: 0.21243727462488723, Val Loss: 1.0660335721969605
Epoch [74/100], Loss: 1.0344728231430054
Epoch 75/100, Train Loss: 0.21436458283793464, Val Loss: 1.244988275527954
Epoch [75/100], Loss: 1.1607825756072998
Epoch 76/100, Train Loss: 0.2136081420199264, Val Loss: 1.089832799911499
Epoch [76/100], Loss: 1.0432765483856201
Epoch 77/100, Train Loss: 0.2088611252241553, Val Loss: 1.1260879411697389
Epoch [77/100], Loss: 1.0133000612258911
Epoch 78/100, Train Loss: 0.20822475850079555, Val Loss: 1.0745328760147095
Epoch [78/100], Loss: 1.0677353143692017
Epoch 79/100, Train Loss: 0.20946670097203118, Val Loss: 1.0737237577438354
Epoch [79/100], Loss: 0.9668859243392944
Epoch 80/100, Train Loss: 0.3036785311481804, Val Loss: 2.18807474899292
Epoch [80/100], Loss: 2.4897570610046387
Epoch 81/100, Train Loss: 0.31580588927156406, Val Loss: 1.985045726776123
Epoch [81/100], Loss: 2.1910758018493652
Epoch 82/100, Train Loss: 0.2765311844483596, Val Loss: 1.0841096687316893
Epoch [82/100], Loss: 1.0904359817504883
Epoch 83/100, Train Loss: 0.2268664675357973, Val Loss: 1.031730884552002
Epoch [83/100], Loss: 0.9141063690185547
Epoch 84/100, Train Loss: 0.21102642469221183, Val Loss: 1.1347442378997803
Epoch [84/100], Loss: 1.2004444599151611
Epoch 85/100, Train Loss: 0.20368985369374337, Val Loss: 1.064786870956421
Epoch [85/100], Loss: 1.0572612285614014
Epoch 86/100, Train Loss: 0.1994148044019284, Val Loss: 1.099765851020813
Epoch [86/100], Loss: 1.0103741884231567
Epoch 87/100, Train Loss: 0.19587881234403806, Val Loss: 1.1180138635635375
Epoch [87/100], Loss: 1.041770577430725
Epoch 88/100, Train Loss: 0.19431543651258362, Val Loss: 1.2247535800933838
Epoch [88/100], Loss: 1.178499460220337
Epoch 89/100, Train Loss: 0.1911832864479512, Val Loss: 1.1575007963180541
Epoch [89/100], Loss: 1.110120177268982
Epoch 90/100, Train Loss: 0.18971720097137343, Val Loss: 1.1562151336669921
Epoch [90/100], Loss: 1.0303616523742676
Epoch 91/100, Train Loss: 0.18839846046336786, Val Loss: 1.1960328006744385
Epoch [91/100], Loss: 1.1102354526519775
Epoch 92/100, Train Loss: 0.187013419794192, Val Loss: 1.2360021705627442
Epoch [92/100], Loss: 1.167710304260254
Epoch 93/100, Train Loss: 0.1874753428199038, Val Loss: 1.1651100206375122
Epoch [93/100], Loss: 1.0676523447036743
Epoch 94/100, Train Loss: 0.18548994566397162, Val Loss: 1.2268246059417725
Epoch [94/100], Loss: 1.1251976490020752
Epoch 95/100, Train Loss: 0.18360340063025135, Val Loss: 1.255265417098999
Epoch [95/100], Loss: 1.151505708694458
Epoch 96/100, Train Loss: 0.18387018051155501, Val Loss: 1.2327550840377808
Epoch [96/100], Loss: 1.1201714277267456
Epoch 97/100, Train Loss: 0.1826854605749124, Val Loss: 1.208166090965271
Epoch [97/100], Loss: 1.1243304014205933
Epoch 98/100, Train Loss: 0.18227038161348533, Val Loss: 1.1988830614089965
Epoch [98/100], Loss: 1.085811734199524
Epoch 99/100, Train Loss: 0.18194485243416153, Val Loss: 1.259107141494751
Epoch [99/100], Loss: 1.2203714847564697
Epoch 100/100, Train Loss: 0.1803760800805904, Val Loss: 1.2975662059783934
Epoch [100/100], Loss: 1.2066295146942139
Epoch 1/100, Train Loss: 1.04415767349642, Val Loss: 0.9645721392631531
Epoch [1/100], Loss: 0.8887602686882019
Epoch 2/100, Train Loss: 0.848969611791897, Val Loss: 1.2421032609939575
Epoch [2/100], Loss: 1.258278489112854
Epoch 3/100, Train Loss: 0.7930564894644044, Val Loss: 0.8603878507614136
Epoch [3/100], Loss: 0.8411201238632202
Epoch 4/100, Train Loss: 0.7616008225018017, Val Loss: 0.8128703174591064
Epoch [4/100], Loss: 0.7433936595916748
Epoch 5/100, Train Loss: 0.7282814392351984, Val Loss: 0.9405201497077942
Epoch [5/100], Loss: 0.9086979031562805
Epoch 6/100, Train Loss: 0.7090790843682184, Val Loss: 0.8010912351608276
Epoch [6/100], Loss: 0.7728070020675659
Epoch 7/100, Train Loss: 0.6939579201588945, Val Loss: 0.8011211676597595
Epoch [7/100], Loss: 0.7751850485801697
Epoch 8/100, Train Loss: 0.6755660513400228, Val Loss: 0.841651967048645
Epoch [8/100], Loss: 0.7203823328018188
Epoch 9/100, Train Loss: 0.6555341979303408, Val Loss: 0.8740523381233215
Epoch [9/100], Loss: 0.8238604664802551
Epoch 10/100, Train Loss: 0.6446722262625348, Val Loss: 0.7875725989341735
Epoch [10/100], Loss: 0.7015966773033142
Epoch 11/100, Train Loss: 0.6273011041732904, Val Loss: 1.781460991859436
Epoch [11/100], Loss: 1.928627610206604
Epoch 12/100, Train Loss: 0.6146445219472528, Val Loss: 1.2207246856689453
Epoch [12/100], Loss: 1.172673225402832
Epoch 13/100, Train Loss: 0.5990267006582997, Val Loss: 1.4312895946502686
Epoch [13/100], Loss: 1.4450185298919678
Epoch 14/100, Train Loss: 0.5829297615544993, Val Loss: 0.8400233979225159
Epoch [14/100], Loss: 0.7947316765785217
Epoch 15/100, Train Loss: 0.573245089854197, Val Loss: 0.8456613135337829
Epoch [15/100], Loss: 0.7909559607505798
Epoch 16/100, Train Loss: 0.5626205214963594, Val Loss: 1.6500006656646728
Epoch [16/100], Loss: 1.3437588214874268
Epoch 17/100, Train Loss: 0.5451253467426332, Val Loss: 1.0646070775985719
Epoch [17/100], Loss: 0.9815500974655151
Epoch 18/100, Train Loss: 0.530514548419901, Val Loss: 0.8630160756111145
Epoch [18/100], Loss: 0.7733290791511536
Epoch 19/100, Train Loss: 0.5232499406470417, Val Loss: 0.9295098948478698
Epoch [19/100], Loss: 0.8963777422904968
Epoch 20/100, Train Loss: 0.5070739625879324, Val Loss: 0.9000328903198243
Epoch [20/100], Loss: 0.7694859504699707
Epoch 21/100, Train Loss: 0.4986058143600445, Val Loss: 0.845730914592743
Epoch [21/100], Loss: 0.7732145190238953
Epoch 22/100, Train Loss: 0.4819229575775526, Val Loss: 0.7905639305114746
Epoch [22/100], Loss: 0.7667407989501953
Epoch 23/100, Train Loss: 0.4722580055563285, Val Loss: 0.8946112470626831
Epoch [23/100], Loss: 0.7909129858016968
Epoch 24/100, Train Loss: 0.46690100684736874, Val Loss: 0.9057470664978028
Epoch [24/100], Loss: 0.8064260482788086
Epoch 25/100, Train Loss: 0.4551487733501608, Val Loss: 0.9554139490127563
Epoch [25/100], Loss: 0.8456217050552368
Epoch 26/100, Train Loss: 0.44254117197974335, Val Loss: 0.8191701169013977
Epoch [26/100], Loss: 0.7190240025520325
Epoch 27/100, Train Loss: 0.43855551131459153, Val Loss: 0.8643197960853577
Epoch [27/100], Loss: 0.7880707383155823
Epoch 28/100, Train Loss: 0.4310882448446489, Val Loss: 1.1324634160995484
Epoch [28/100], Loss: 1.1675294637680054
Epoch 29/100, Train Loss: 0.41506500627097953, Val Loss: 0.9776263971328736
Epoch [29/100], Loss: 0.9429298639297485
Epoch 30/100, Train Loss: 0.3996242636673366, Val Loss: 0.8485141749382019
Epoch [30/100], Loss: 0.7683584094047546
Epoch 31/100, Train Loss: 0.39073407779656616, Val Loss: 0.8755754084587097
Epoch [31/100], Loss: 0.7464219927787781
Epoch 32/100, Train Loss: 0.3816691018276633, Val Loss: 1.0176763081550597
Epoch [32/100], Loss: 0.9027069211006165
Epoch 33/100, Train Loss: 0.37301693679309417, Val Loss: 0.8179373426437377
Epoch [33/100], Loss: 0.7353585958480835
Epoch 34/100, Train Loss: 0.3699352805369218, Val Loss: 0.9807227411270142
Epoch [34/100], Loss: 0.9101825952529907
Epoch 35/100, Train Loss: 0.3618923689623506, Val Loss: 0.8637609677314758
Epoch [35/100], Loss: 0.7222397923469543
Epoch 36/100, Train Loss: 0.35229176455766315, Val Loss: 0.8579947490692139
Epoch [36/100], Loss: 0.777545690536499
Epoch 37/100, Train Loss: 0.3439648279653231, Val Loss: 0.9176903715133667
Epoch [37/100], Loss: 0.8432396650314331
Epoch 38/100, Train Loss: 0.3418707126007112, Val Loss: 0.8378056840896606
Epoch [38/100], Loss: 0.7852493524551392
Epoch 39/100, Train Loss: 0.3316442908464757, Val Loss: 1.176007911682129
Epoch [39/100], Loss: 1.057908058166504
Epoch 40/100, Train Loss: 0.3235151783611883, Val Loss: 0.8913784441947937
Epoch [40/100], Loss: 0.7957846522331238
Epoch 41/100, Train Loss: 0.3184896846344258, Val Loss: 0.8512771654129029
Epoch [41/100], Loss: 0.7504030466079712
Epoch 42/100, Train Loss: 0.31390213038627857, Val Loss: 0.9035798449516297
Epoch [42/100], Loss: 0.8367883563041687
Epoch 43/100, Train Loss: 0.30447137745797737, Val Loss: 0.9502783694267273
Epoch [43/100], Loss: 0.9013678431510925
Epoch 44/100, Train Loss: 0.30245378345100316, Val Loss: 0.934852499961853
Epoch [44/100], Loss: 0.8845657110214233
Epoch 45/100, Train Loss: 0.302197182681066, Val Loss: 0.901470314025879
Epoch [45/100], Loss: 0.7997994422912598
Epoch 46/100, Train Loss: 0.30400581510633884, Val Loss: 1.4784271697998046
Epoch [46/100], Loss: 1.4138669967651367
Epoch 47/100, Train Loss: 0.30021521919493327, Val Loss: 0.9680168333053589
Epoch [47/100], Loss: 0.8006733655929565
Epoch 48/100, Train Loss: 0.29283328208111187, Val Loss: 1.1376355667114257
Epoch [48/100], Loss: 1.088231086730957
Epoch 49/100, Train Loss: 0.2826774467505251, Val Loss: 0.912113422870636
Epoch [49/100], Loss: 0.7896369099617004
Epoch 50/100, Train Loss: 0.2776618565716993, Val Loss: 1.005255103111267
Epoch [50/100], Loss: 0.8852990865707397
Epoch 51/100, Train Loss: 0.27109038417697157, Val Loss: 0.9461962699890136
Epoch [51/100], Loss: 0.8977799415588379
Epoch 52/100, Train Loss: 0.2832727421898062, Val Loss: 0.9548265047073364
Epoch [52/100], Loss: 0.8993450403213501
Epoch 53/100, Train Loss: 0.3008270068775743, Val Loss: 0.9321862564086915
Epoch [53/100], Loss: 0.8150539398193359
Epoch 54/100, Train Loss: 0.2766385167686372, Val Loss: 1.0494193201065063
Epoch [54/100], Loss: 0.9460612535476685
Epoch 55/100, Train Loss: 0.26605493997240953, Val Loss: 0.9489194483757019
Epoch [55/100], Loss: 0.8833243250846863
Epoch 56/100, Train Loss: 0.2563580941390026, Val Loss: 1.0621058130264283
Epoch [56/100], Loss: 1.0520035028457642
Epoch 57/100, Train Loss: 0.25601530076078377, Val Loss: 0.9676785202026367
Epoch [57/100], Loss: 0.8788633346557617
Epoch 58/100, Train Loss: 0.24970053102676623, Val Loss: 0.9563945889472961
Epoch [58/100], Loss: 0.8864534497261047
Epoch 59/100, Train Loss: 0.2469061360542127, Val Loss: 0.9758972654342651
Epoch [59/100], Loss: 0.9033011198043823
Epoch 60/100, Train Loss: 0.24212683974992968, Val Loss: 1.004844741344452
Epoch [60/100], Loss: 0.9519807696342468
Epoch 61/100, Train Loss: 0.24078128328311302, Val Loss: 1.0853473091125487
Epoch [61/100], Loss: 0.9718813896179199
Epoch 62/100, Train Loss: 0.24054061107048497, Val Loss: 1.0440614385604858
Epoch [62/100], Loss: 0.8852204084396362
Epoch 63/100, Train Loss: 0.23419598326413668, Val Loss: 0.9998709039688111
Epoch [63/100], Loss: 0.9607664346694946
Epoch 64/100, Train Loss: 0.23078893949772414, Val Loss: 1.044694272994995
Epoch [64/100], Loss: 1.0025913715362549
Epoch 65/100, Train Loss: 0.22879223377768948, Val Loss: 1.0547422485351563
Epoch [65/100], Loss: 0.953153133392334
Epoch 66/100, Train Loss: 0.2289909538591491, Val Loss: 1.1174999585151673
Epoch [66/100], Loss: 0.9432676434516907
Epoch 67/100, Train Loss: 0.22644756370008898, Val Loss: 1.0800448269844056
Epoch [67/100], Loss: 0.9735973477363586
Epoch 68/100, Train Loss: 0.2242983388961065, Val Loss: 1.0731440205574037
Epoch [68/100], Loss: 0.9584334492683411
Epoch 69/100, Train Loss: 0.22371013054960293, Val Loss: 1.148907642364502
Epoch [69/100], Loss: 1.0898418426513672
Epoch 70/100, Train Loss: 0.22042539716772044, Val Loss: 1.1683616981506348
Epoch [70/100], Loss: 0.9728002548217773
Epoch 71/100, Train Loss: 0.21888053532294036, Val Loss: 1.13276979637146
Epoch [71/100], Loss: 1.004427194595337
Epoch 72/100, Train Loss: 0.21762525119628714, Val Loss: 1.2300915021896361
Epoch [72/100], Loss: 1.0200194120407104
Epoch 73/100, Train Loss: 0.21495525877652644, Val Loss: 1.085785943031311
Epoch [73/100], Loss: 1.0064455270767212
Epoch 74/100, Train Loss: 0.21382361955526105, Val Loss: 1.084511682510376
Epoch [74/100], Loss: 1.0116827487945557
Epoch 75/100, Train Loss: 0.21110413439358267, Val Loss: 1.1224767169952392
Epoch [75/100], Loss: 1.0522792339324951
Epoch 76/100, Train Loss: 0.21021420298298132, Val Loss: 1.1946477241516114
Epoch [76/100], Loss: 1.0760860443115234
Epoch 77/100, Train Loss: 0.20962480939861897, Val Loss: 1.143359697341919
Epoch [77/100], Loss: 1.091212511062622
Epoch 78/100, Train Loss: 0.2079650771658095, Val Loss: 1.1444144020080567
Epoch [78/100], Loss: 1.0457358360290527
Epoch 79/100, Train Loss: 0.20758399502020863, Val Loss: 1.337940221786499
Epoch [79/100], Loss: 1.1987464427947998
Epoch 80/100, Train Loss: 0.21367826706542936, Val Loss: 1.1563690104484559
Epoch [80/100], Loss: 0.9552003741264343
Epoch 81/100, Train Loss: 0.20633836215704326, Val Loss: 1.2986808376312255
Epoch [81/100], Loss: 1.2198455333709717
Epoch 82/100, Train Loss: 0.20276669970953848, Val Loss: 1.155559687614441
Epoch [82/100], Loss: 1.0930265188217163
Epoch 83/100, Train Loss: 0.20059579221333862, Val Loss: 1.192921018600464
Epoch [83/100], Loss: 1.1228740215301514
Epoch 84/100, Train Loss: 0.19797387933751182, Val Loss: 1.3449404678344727
Epoch [84/100], Loss: 1.1366558074951172
Epoch 85/100, Train Loss: 0.1968237774468594, Val Loss: 1.3874359464645385
Epoch [85/100], Loss: 1.1668509244918823
Epoch 86/100, Train Loss: 0.19633381988407186, Val Loss: 1.212853178024292
Epoch [86/100], Loss: 1.1258056163787842
Epoch 87/100, Train Loss: 0.19590221854526718, Val Loss: 1.2972891368865966
Epoch [87/100], Loss: 1.104032278060913
Epoch 88/100, Train Loss: 0.19574474014379523, Val Loss: 1.3277311992645264
Epoch [88/100], Loss: 1.3525893688201904
Epoch 89/100, Train Loss: 0.19534067889490175, Val Loss: 1.3305754957199096
Epoch [89/100], Loss: 1.2069710493087769
Epoch 90/100, Train Loss: 0.19306052938279575, Val Loss: 1.4865533924102783
Epoch [90/100], Loss: 1.3691112995147705
Epoch 91/100, Train Loss: 0.19434650813246657, Val Loss: 1.2551625375747681
Epoch [91/100], Loss: 1.14877188205719
Epoch 92/100, Train Loss: 0.22023174211910562, Val Loss: 2.5281104106903074
Epoch [92/100], Loss: 2.5546863079071045
Epoch 93/100, Train Loss: 0.3308055034375311, Val Loss: 1.5700842504501342
Epoch [93/100], Loss: 1.6050447225570679
Epoch 94/100, Train Loss: 0.26983109334669064, Val Loss: 1.2856254405975343
Epoch [94/100], Loss: 1.1129062175750732
Epoch 95/100, Train Loss: 0.2195784084712474, Val Loss: 1.1367806510925293
Epoch [95/100], Loss: 0.9669666290283203
Epoch 96/100, Train Loss: 0.20042941750201568, Val Loss: 1.187574091911316
Epoch [96/100], Loss: 1.102190375328064
Epoch 97/100, Train Loss: 0.19287271141804893, Val Loss: 1.1514514179229736
Epoch [97/100], Loss: 1.055795431137085
Epoch 98/100, Train Loss: 0.18761788523217277, Val Loss: 1.1854338359832763
Epoch [98/100], Loss: 1.0969221591949463
Epoch 99/100, Train Loss: 0.18425502904249483, Val Loss: 1.1907945737838745
Epoch [99/100], Loss: 1.0596846342086792
Epoch 100/100, Train Loss: 0.18174700155024986, Val Loss: 1.2653818454742431
Epoch [100/100], Loss: 1.114128828048706
