50
Traceback (most recent call last):
  File "/home/mfaykus/dissertation/segmentation/pytorch_resnet/train.py", line 223, in <module>
    loss.backward()
  File "/home/mfaykus/.local/lib/python3.11/site-packages/torch/_tensor.py", line 522, in backward
    torch.autograd.backward(
  File "/home/mfaykus/.local/lib/python3.11/site-packages/torch/autograd/__init__.py", line 266, in backward
    Variable._execution_engine.run_backward(  # Calls into the C++ engine to run the backward pass
RuntimeError: CUDA error: device-side assert triggered
CUDA kernel errors might be asynchronously reported at some other API call, so the stacktrace below might be incorrect.
For debugging consider passing CUDA_LAUNCH_BLOCKING=1.
Compile with `TORCH_USE_CUDA_DSA` to enable device-side assertions.

../aten/src/ATen/native/cuda/NLLLoss2d.cu:104: nll_loss2d_forward_kernel: block: [27,0,0], thread: [864,0,0] Assertion `t >= 0 && t < n_classes` failed.
../aten/src/ATen/native/cuda/NLLLoss2d.cu:104: nll_loss2d_forward_kernel: block: [27,0,0], thread: [608,0,0] Assertion `t >= 0 && t < n_classes` failed.
../aten/src/ATen/native/cuda/NLLLoss2d.cu:104: nll_loss2d_forward_kernel: block: [27,0,0], thread: [610,0,0] Assertion `t >= 0 && t < n_classes` failed.
../aten/src/ATen/native/cuda/NLLLoss2d.cu:104: nll_loss2d_forward_kernel: block: [3,0,0], thread: [674,0,0] Assertion `t >= 0 && t < n_classes` failed.
../aten/src/ATen/native/cuda/NLLLoss2d.cu:104: nll_loss2d_forward_kernel: block: [3,0,0], thread: [418,0,0] Assertion `t >= 0 && t < n_classes` failed.
../aten/src/ATen/native/cuda/NLLLoss2d.cu:104: nll_loss2d_forward_kernel: block: [3,0,0], thread: [162,0,0] Assertion `t >= 0 && t < n_classes` failed.
../aten/src/ATen/native/cuda/NLLLoss2d.cu:104: nll_loss2d_forward_kernel: block: [27,0,0], thread: [352,0,0] Assertion `t >= 0 && t < n_classes` failed.
../aten/src/ATen/native/cuda/NLLLoss2d.cu:104: nll_loss2d_forward_kernel: block: [27,0,0], thread: [354,0,0] Assertion `t >= 0 && t < n_classes` failed.
../aten/src/ATen/native/cuda/NLLLoss2d.cu:104: nll_loss2d_forward_kernel: block: [27,0,0], thread: [96,0,0] Assertion `t >= 0 && t < n_classes` failed.
../aten/src/ATen/native/cuda/NLLLoss2d.cu:104: nll_loss2d_forward_kernel: block: [27,0,0], thread: [98,0,0] Assertion `t >= 0 && t < n_classes` failed.
../aten/src/ATen/native/cuda/NLLLoss2d.cu:104: nll_loss2d_forward_kernel: block: [3,0,0], thread: [873,0,0] Assertion `t >= 0 && t < n_classes` failed.
../aten/src/ATen/native/cuda/NLLLoss2d.cu:104: nll_loss2d_forward_kernel: block: [3,0,0], thread: [874,0,0] Assertion `t >= 0 && t < n_classes` failed.
../aten/src/ATen/native/cuda/NLLLoss2d.cu:104: nll_loss2d_forward_kernel: block: [3,0,0], thread: [367,0,0] Assertion `t >= 0 && t < n_classes` failed.
../aten/src/ATen/native/cuda/NLLLoss2d.cu:104: nll_loss2d_forward_kernel: block: [3,0,0], thread: [111,0,0] Assertion `t >= 0 && t < n_classes` failed.
../aten/src/ATen/native/cuda/NLLLoss2d.cu:104: nll_loss2d_forward_kernel: block: [27,0,0], thread: [272,0,0] Assertion `t >= 0 && t < n_classes` failed.
../aten/src/ATen/native/cuda/NLLLoss2d.cu:104: nll_loss2d_forward_kernel: block: [18,0,0], thread: [960,0,0] Assertion `t >= 0 && t < n_classes` failed.
../aten/src/ATen/native/cuda/NLLLoss2d.cu:104: nll_loss2d_forward_kernel: block: [18,0,0], thread: [961,0,0] Assertion `t >= 0 && t < n_classes` failed.
../aten/src/ATen/native/cuda/NLLLoss2d.cu:104: nll_loss2d_forward_kernel: block: [18,0,0], thread: [962,0,0] Assertion `t >= 0 && t < n_classes` failed.
../aten/src/ATen/native/cuda/NLLLoss2d.cu:104: nll_loss2d_forward_kernel: block: [18,0,0], thread: [963,0,0] Assertion `t >= 0 && t < n_classes` failed.
../aten/src/ATen/native/cuda/NLLLoss2d.cu:104: nll_loss2d_forward_kernel: block: [18,0,0], thread: [964,0,0] Assertion `t >= 0 && t < n_classes` failed.
../aten/src/ATen/native/cuda/NLLLoss2d.cu:104: nll_loss2d_forward_kernel: block: [3,0,0], thread: [616,0,0] Assertion `t >= 0 && t < n_classes` failed.
../aten/src/ATen/native/cuda/NLLLoss2d.cu:104: nll_loss2d_forward_kernel: block: [3,0,0], thread: [617,0,0] Assertion `t >= 0 && t < n_classes` failed.
../aten/src/ATen/native/cuda/NLLLoss2d.cu:104: nll_loss2d_forward_kernel: block: [3,0,0], thread: [618,0,0] Assertion `t >= 0 && t < n_classes` failed.
../aten/src/ATen/native/cuda/NLLLoss2d.cu:104: nll_loss2d_forward_kernel: block: [3,0,0], thread: [619,0,0] Assertion `t >= 0 && t < n_classes` failed.
../aten/src/ATen/native/cuda/NLLLoss2d.cu:104: nll_loss2d_forward_kernel: block: [3,0,0], thread: [622,0,0] Assertion `t >= 0 && t < n_classes` failed.
../aten/src/ATen/native/cuda/NLLLoss2d.cu:104: nll_loss2d_forward_kernel: block: [3,0,0], thread: [623,0,0] Assertion `t >= 0 && t < n_classes` failed.
../aten/src/ATen/native/cuda/NLLLoss2d.cu:104: nll_loss2d_forward_kernel: block: [18,0,0], thread: [704,0,0] Assertion `t >= 0 && t < n_classes` failed.
../aten/src/ATen/native/cuda/NLLLoss2d.cu:104: nll_loss2d_forward_kernel: block: [27,0,0], thread: [4,0,0] Assertion `t >= 0 && t < n_classes` failed.
../aten/src/ATen/native/cuda/NLLLoss2d.cu:104: nll_loss2d_forward_kernel: block: [27,0,0], thread: [5,0,0] Assertion `t >= 0 && t < n_classes` failed.
../aten/src/ATen/native/cuda/NLLLoss2d.cu:104: nll_loss2d_forward_kernel: block: [27,0,0], thread: [6,0,0] Assertion `t >= 0 && t < n_classes` failed.
../aten/src/ATen/native/cuda/NLLLoss2d.cu:104: nll_loss2d_forward_kernel: block: [27,0,0], thread: [7,0,0] Assertion `t >= 0 && t < n_classes` failed.
../aten/src/ATen/native/cuda/NLLLoss2d.cu:104: nll_loss2d_forward_kernel: block: [27,0,0], thread: [8,0,0] Assertion `t >= 0 && t < n_classes` failed.
../aten/src/ATen/native/cuda/NLLLoss2d.cu:104: nll_loss2d_forward_kernel: block: [27,0,0], thread: [9,0,0] Assertion `t >= 0 && t < n_classes` failed.
../aten/src/ATen/native/cuda/NLLLoss2d.cu:104: nll_loss2d_forward_kernel: block: [27,0,0], thread: [11,0,0] Assertion `t >= 0 && t < n_classes` failed.
../aten/src/ATen/native/cuda/NLLLoss2d.cu:104: nll_loss2d_forward_kernel: block: [27,0,0], thread: [12,0,0] Assertion `t >= 0 && t < n_classes` failed.
../aten/src/ATen/native/cuda/NLLLoss2d.cu:104: nll_loss2d_forward_kernel: block: [27,0,0], thread: [13,0,0] Assertion `t >= 0 && t < n_classes` failed.
../aten/src/ATen/native/cuda/NLLLoss2d.cu:104: nll_loss2d_forward_kernel: block: [27,0,0], thread: [768,0,0] Assertion `t >= 0 && t < n_classes` failed.
../aten/src/ATen/native/cuda/NLLLoss2d.cu:104: nll_loss2d_forward_kernel: block: [27,0,0], thread: [769,0,0] Assertion `t >= 0 && t < n_classes` failed.
../aten/src/ATen/native/cuda/NLLLoss2d.cu:104: nll_loss2d_forward_kernel: block: [27,0,0], thread: [770,0,0] Assertion `t >= 0 && t < n_classes` failed.
../aten/src/ATen/native/cuda/NLLLoss2d.cu:104: nll_loss2d_forward_kernel: block: [27,0,0], thread: [771,0,0] Assertion `t >= 0 && t < n_classes` failed.
../aten/src/ATen/native/cuda/NLLLoss2d.cu:104: nll_loss2d_forward_kernel: block: [27,0,0], thread: [772,0,0] Assertion `t >= 0 && t < n_classes` failed.
../aten/src/ATen/native/cuda/NLLLoss2d.cu:104: nll_loss2d_forward_kernel: block: [27,0,0], thread: [781,0,0] Assertion `t >= 0 && t < n_classes` failed.
../aten/src/ATen/native/cuda/NLLLoss2d.cu:104: nll_loss2d_forward_kernel: block: [27,0,0], thread: [782,0,0] Assertion `t >= 0 && t < n_classes` failed.
../aten/src/ATen/native/cuda/NLLLoss2d.cu:104: nll_loss2d_forward_kernel: block: [27,0,0], thread: [512,0,0] Assertion `t >= 0 && t < n_classes` failed.
../aten/src/ATen/native/cuda/NLLLoss2d.cu:104: nll_loss2d_forward_kernel: block: [27,0,0], thread: [513,0,0] Assertion `t >= 0 && t < n_classes` failed.
../aten/src/ATen/native/cuda/NLLLoss2d.cu:104: nll_loss2d_forward_kernel: block: [27,0,0], thread: [515,0,0] Assertion `t >= 0 && t < n_classes` failed.
../aten/src/ATen/native/cuda/NLLLoss2d.cu:104: nll_loss2d_forward_kernel: block: [27,0,0], thread: [527,0,0] Assertion `t >= 0 && t < n_classes` failed.
../aten/src/ATen/native/cuda/NLLLoss2d.cu:104: nll_loss2d_forward_kernel: block: [27,0,0], thread: [528,0,0] Assertion `t >= 0 && t < n_classes` failed.
../aten/src/ATen/native/cuda/NLLLoss2d.cu:104: nll_loss2d_forward_kernel: block: [17,0,0], thread: [932,0,0] Assertion `t >= 0 && t < n_classes` failed.
../aten/src/ATen/native/cuda/NLLLoss2d.cu:104: nll_loss2d_forward_kernel: block: [17,0,0], thread: [933,0,0] Assertion `t >= 0 && t < n_classes` failed.
../aten/src/ATen/native/cuda/NLLLoss2d.cu:104: nll_loss2d_forward_kernel: block: [17,0,0], thread: [934,0,0] Assertion `t >= 0 && t < n_classes` failed.
../aten/src/ATen/native/cuda/NLLLoss2d.cu:104: nll_loss2d_forward_kernel: block: [17,0,0], thread: [420,0,0] Assertion `t >= 0 && t < n_classes` failed.
../aten/src/ATen/native/cuda/NLLLoss2d.cu:104: nll_loss2d_forward_kernel: block: [17,0,0], thread: [421,0,0] Assertion `t >= 0 && t < n_classes` failed.
../aten/src/ATen/native/cuda/NLLLoss2d.cu:104: nll_loss2d_forward_kernel: block: [17,0,0], thread: [422,0,0] Assertion `t >= 0 && t < n_classes` failed.
../aten/src/ATen/native/cuda/NLLLoss2d.cu:104: nll_loss2d_forward_kernel: block: [18,0,0], thread: [449,0,0] Assertion `t >= 0 && t < n_classes` failed.
../aten/src/ATen/native/cuda/NLLLoss2d.cu:104: nll_loss2d_forward_kernel: block: [18,0,0], thread: [450,0,0] Assertion `t >= 0 && t < n_classes` failed.
../aten/src/ATen/native/cuda/NLLLoss2d.cu:104: nll_loss2d_forward_kernel: block: [18,0,0], thread: [451,0,0] Assertion `t >= 0 && t < n_classes` failed.
../aten/src/ATen/native/cuda/NLLLoss2d.cu:104: nll_loss2d_forward_kernel: block: [18,0,0], thread: [452,0,0] Assertion `t >= 0 && t < n_classes` failed.
../aten/src/ATen/native/cuda/NLLLoss2d.cu:104: nll_loss2d_forward_kernel: block: [17,0,0], thread: [165,0,0] Assertion `t >= 0 && t < n_classes` failed.
../aten/src/ATen/native/cuda/NLLLoss2d.cu:104: nll_loss2d_forward_kernel: block: [17,0,0], thread: [166,0,0] Assertion `t >= 0 && t < n_classes` failed.
../aten/src/ATen/native/cuda/NLLLoss2d.cu:104: nll_loss2d_forward_kernel: block: [18,0,0], thread: [192,0,0] Assertion `t >= 0 && t < n_classes` failed.
../aten/src/ATen/native/cuda/NLLLoss2d.cu:104: nll_loss2d_forward_kernel: block: [18,0,0], thread: [193,0,0] Assertion `t >= 0 && t < n_classes` failed.
../aten/src/ATen/native/cuda/NLLLoss2d.cu:104: nll_loss2d_forward_kernel: block: [18,0,0], thread: [194,0,0] Assertion `t >= 0 && t < n_classes` failed.
../aten/src/ATen/native/cuda/NLLLoss2d.cu:104: nll_loss2d_forward_kernel: block: [18,0,0], thread: [195,0,0] Assertion `t >= 0 && t < n_classes` failed.
../aten/src/ATen/native/cuda/NLLLoss2d.cu:104: nll_loss2d_forward_kernel: block: [18,0,0], thread: [196,0,0] Assertion `t >= 0 && t < n_classes` failed.
../aten/src/ATen/native/cuda/NLLLoss2d.cu:104: nll_loss2d_forward_kernel: block: [17,0,0], thread: [677,0,0] Assertion `t >= 0 && t < n_classes` failed.
../aten/src/ATen/native/cuda/NLLLoss2d.cu:104: nll_loss2d_forward_kernel: block: [17,0,0], thread: [678,0,0] Assertion `t >= 0 && t < n_classes` failed.
../aten/src/ATen/native/cuda/NLLLoss2d.cu:104: nll_loss2d_forward_kernel: block: [27,0,0], thread: [858,0,0] Assertion `t >= 0 && t < n_classes` failed.
../aten/src/ATen/native/cuda/NLLLoss2d.cu:104: nll_loss2d_forward_kernel: block: [27,0,0], thread: [863,0,0] Assertion `t >= 0 && t < n_classes` failed.
../aten/src/ATen/native/cuda/NLLLoss2d.cu:104: nll_loss2d_forward_kernel: block: [21,0,0], thread: [904,0,0] Assertion `t >= 0 && t < n_classes` failed.
../aten/src/ATen/native/cuda/NLLLoss2d.cu:104: nll_loss2d_forward_kernel: block: [21,0,0], thread: [905,0,0] Assertion `t >= 0 && t < n_classes` failed.
../aten/src/ATen/native/cuda/NLLLoss2d.cu:104: nll_loss2d_forward_kernel: block: [21,0,0], thread: [907,0,0] Assertion `t >= 0 && t < n_classes` failed.
../aten/src/ATen/native/cuda/NLLLoss2d.cu:104: nll_loss2d_forward_kernel: block: [21,0,0], thread: [908,0,0] Assertion `t >= 0 && t < n_classes` failed.
../aten/src/ATen/native/cuda/NLLLoss2d.cu:104: nll_loss2d_forward_kernel: block: [27,0,0], thread: [602,0,0] Assertion `t >= 0 && t < n_classes` failed.
../aten/src/ATen/native/cuda/NLLLoss2d.cu:104: nll_loss2d_forward_kernel: block: [27,0,0], thread: [607,0,0] Assertion `t >= 0 && t < n_classes` failed.
../aten/src/ATen/native/cuda/NLLLoss2d.cu:104: nll_loss2d_forward_kernel: block: [21,0,0], thread: [648,0,0] Assertion `t >= 0 && t < n_classes` failed.
../aten/src/ATen/native/cuda/NLLLoss2d.cu:104: nll_loss2d_forward_kernel: block: [21,0,0], thread: [649,0,0] Assertion `t >= 0 && t < n_classes` failed.
../aten/src/ATen/native/cuda/NLLLoss2d.cu:104: nll_loss2d_forward_kernel: block: [21,0,0], thread: [651,0,0] Assertion `t >= 0 && t < n_classes` failed.
../aten/src/ATen/native/cuda/NLLLoss2d.cu:104: nll_loss2d_forward_kernel: block: [27,0,0], thread: [346,0,0] Assertion `t >= 0 && t < n_classes` failed.
../aten/src/ATen/native/cuda/NLLLoss2d.cu:104: nll_loss2d_forward_kernel: block: [27,0,0], thread: [347,0,0] Assertion `t >= 0 && t < n_classes` failed.
../aten/src/ATen/native/cuda/NLLLoss2d.cu:104: nll_loss2d_forward_kernel: block: [27,0,0], thread: [351,0,0] Assertion `t >= 0 && t < n_classes` failed.
../aten/src/ATen/native/cuda/NLLLoss2d.cu:104: nll_loss2d_forward_kernel: block: [15,0,0], thread: [578,0,0] Assertion `t >= 0 && t < n_classes` failed.
../aten/src/ATen/native/cuda/NLLLoss2d.cu:104: nll_loss2d_forward_kernel: block: [15,0,0], thread: [580,0,0] Assertion `t >= 0 && t < n_classes` failed.
../aten/src/ATen/native/cuda/NLLLoss2d.cu:104: nll_loss2d_forward_kernel: block: [15,0,0], thread: [584,0,0] Assertion `t >= 0 && t < n_classes` failed.
../aten/src/ATen/native/cuda/NLLLoss2d.cu:104: nll_loss2d_forward_kernel: block: [15,0,0], thread: [323,0,0] Assertion `t >= 0 && t < n_classes` failed.
../aten/src/ATen/native/cuda/NLLLoss2d.cu:104: nll_loss2d_forward_kernel: block: [14,0,0], thread: [329,0,0] Assertion `t >= 0 && t < n_classes` failed.
../aten/src/ATen/native/cuda/NLLLoss2d.cu:104: nll_loss2d_forward_kernel: block: [14,0,0], thread: [330,0,0] Assertion `t >= 0 && t < n_classes` failed.
../aten/src/ATen/native/cuda/NLLLoss2d.cu:104: nll_loss2d_forward_kernel: block: [14,0,0], thread: [331,0,0] Assertion `t >= 0 && t < n_classes` failed.
../aten/src/ATen/native/cuda/NLLLoss2d.cu:104: nll_loss2d_forward_kernel: block: [14,0,0], thread: [332,0,0] Assertion `t >= 0 && t < n_classes` failed.
../aten/src/ATen/native/cuda/NLLLoss2d.cu:104: nll_loss2d_forward_kernel: block: [14,0,0], thread: [333,0,0] Assertion `t >= 0 && t < n_classes` failed.
../aten/src/ATen/native/cuda/NLLLoss2d.cu:104: nll_loss2d_forward_kernel: block: [4,0,0], thread: [773,0,0] Assertion `t >= 0 && t < n_classes` failed.
../aten/src/ATen/native/cuda/NLLLoss2d.cu:104: nll_loss2d_forward_kernel: block: [4,0,0], thread: [774,0,0] Assertion `t >= 0 && t < n_classes` failed.
../aten/src/ATen/native/cuda/NLLLoss2d.cu:104: nll_loss2d_forward_kernel: block: [4,0,0], thread: [775,0,0] Assertion `t >= 0 && t < n_classes` failed.
../aten/src/ATen/native/cuda/NLLLoss2d.cu:104: nll_loss2d_forward_kernel: block: [14,0,0], thread: [585,0,0] Assertion `t >= 0 && t < n_classes` failed.
../aten/src/ATen/native/cuda/NLLLoss2d.cu:104: nll_loss2d_forward_kernel: block: [14,0,0], thread: [586,0,0] Assertion `t >= 0 && t < n_classes` failed.
../aten/src/ATen/native/cuda/NLLLoss2d.cu:104: nll_loss2d_forward_kernel: block: [14,0,0], thread: [589,0,0] Assertion `t >= 0 && t < n_classes` failed.
../aten/src/ATen/native/cuda/NLLLoss2d.cu:104: nll_loss2d_forward_kernel: block: [14,0,0], thread: [841,0,0] Assertion `t >= 0 && t < n_classes` failed.
../aten/src/ATen/native/cuda/NLLLoss2d.cu:104: nll_loss2d_forward_kernel: block: [14,0,0], thread: [842,0,0] Assertion `t >= 0 && t < n_classes` failed.
../aten/src/ATen/native/cuda/NLLLoss2d.cu:104: nll_loss2d_forward_kernel: block: [14,0,0], thread: [845,0,0] Assertion `t >= 0 && t < n_classes` failed.
../aten/src/ATen/native/cuda/NLLLoss2d.cu:104: nll_loss2d_forward_kernel: block: [14,0,0], thread: [75,0,0] Assertion `t >= 0 && t < n_classes` failed.
../aten/src/ATen/native/cuda/NLLLoss2d.cu:104: nll_loss2d_forward_kernel: block: [14,0,0], thread: [76,0,0] Assertion `t >= 0 && t < n_classes` failed.
../aten/src/ATen/native/cuda/NLLLoss2d.cu:104: nll_loss2d_forward_kernel: block: [14,0,0], thread: [77,0,0] Assertion `t >= 0 && t < n_classes` failed.
../aten/src/ATen/native/cuda/NLLLoss2d.cu:104: nll_loss2d_forward_kernel: block: [14,0,0], thread: [78,0,0] Assertion `t >= 0 && t < n_classes` failed.
../aten/src/ATen/native/cuda/NLLLoss2d.cu:104: nll_loss2d_forward_kernel: block: [5,0,0], thread: [874,0,0] Assertion `t >= 0 && t < n_classes` failed.
../aten/src/ATen/native/cuda/NLLLoss2d.cu:104: nll_loss2d_forward_kernel: block: [5,0,0], thread: [875,0,0] Assertion `t >= 0 && t < n_classes` failed.
../aten/src/ATen/native/cuda/NLLLoss2d.cu:104: nll_loss2d_forward_kernel: block: [5,0,0], thread: [876,0,0] Assertion `t >= 0 && t < n_classes` failed.
../aten/src/ATen/native/cuda/NLLLoss2d.cu:104: nll_loss2d_forward_kernel: block: [5,0,0], thread: [877,0,0] Assertion `t >= 0 && t < n_classes` failed.
../aten/src/ATen/native/cuda/NLLLoss2d.cu:104: nll_loss2d_forward_kernel: block: [15,0,0], thread: [833,0,0] Assertion `t >= 0 && t < n_classes` failed.
../aten/src/ATen/native/cuda/NLLLoss2d.cu:104: nll_loss2d_forward_kernel: block: [15,0,0], thread: [834,0,0] Assertion `t >= 0 && t < n_classes` failed.
../aten/src/ATen/native/cuda/NLLLoss2d.cu:104: nll_loss2d_forward_kernel: block: [15,0,0], thread: [835,0,0] Assertion `t >= 0 && t < n_classes` failed.
../aten/src/ATen/native/cuda/NLLLoss2d.cu:104: nll_loss2d_forward_kernel: block: [15,0,0], thread: [836,0,0] Assertion `t >= 0 && t < n_classes` failed.
../aten/src/ATen/native/cuda/NLLLoss2d.cu:104: nll_loss2d_forward_kernel: block: [15,0,0], thread: [837,0,0] Assertion `t >= 0 && t < n_classes` failed.
../aten/src/ATen/native/cuda/NLLLoss2d.cu:104: nll_loss2d_forward_kernel: block: [15,0,0], thread: [839,0,0] Assertion `t >= 0 && t < n_classes` failed.
../aten/src/ATen/native/cuda/NLLLoss2d.cu:104: nll_loss2d_forward_kernel: block: [15,0,0], thread: [840,0,0] Assertion `t >= 0 && t < n_classes` failed.
../aten/src/ATen/native/cuda/NLLLoss2d.cu:104: nll_loss2d_forward_kernel: block: [18,0,0], thread: [959,0,0] Assertion `t >= 0 && t < n_classes` failed.
../aten/src/ATen/native/cuda/NLLLoss2d.cu:104: nll_loss2d_forward_kernel: block: [5,0,0], thread: [619,0,0] Assertion `t >= 0 && t < n_classes` failed.
../aten/src/ATen/native/cuda/NLLLoss2d.cu:104: nll_loss2d_forward_kernel: block: [5,0,0], thread: [620,0,0] Assertion `t >= 0 && t < n_classes` failed.
../aten/src/ATen/native/cuda/NLLLoss2d.cu:104: nll_loss2d_forward_kernel: block: [4,0,0], thread: [626,0,0] Assertion `t >= 0 && t < n_classes` failed.
../aten/src/ATen/native/cuda/NLLLoss2d.cu:104: nll_loss2d_forward_kernel: block: [18,0,0], thread: [703,0,0] Assertion `t >= 0 && t < n_classes` failed.
../aten/src/ATen/native/cuda/NLLLoss2d.cu:104: nll_loss2d_forward_kernel: block: [15,0,0], thread: [65,0,0] Assertion `t >= 0 && t < n_classes` failed.
../aten/src/ATen/native/cuda/NLLLoss2d.cu:104: nll_loss2d_forward_kernel: block: [15,0,0], thread: [66,0,0] Assertion `t >= 0 && t < n_classes` failed.
../aten/src/ATen/native/cuda/NLLLoss2d.cu:104: nll_loss2d_forward_kernel: block: [15,0,0], thread: [67,0,0] Assertion `t >= 0 && t < n_classes` failed.
../aten/src/ATen/native/cuda/NLLLoss2d.cu:104: nll_loss2d_forward_kernel: block: [15,0,0], thread: [68,0,0] Assertion `t >= 0 && t < n_classes` failed.
../aten/src/ATen/native/cuda/NLLLoss2d.cu:104: nll_loss2d_forward_kernel: block: [15,0,0], thread: [71,0,0] Assertion `t >= 0 && t < n_classes` failed.
../aten/src/ATen/native/cuda/NLLLoss2d.cu:104: nll_loss2d_forward_kernel: block: [15,0,0], thread: [72,0,0] Assertion `t >= 0 && t < n_classes` failed.
../aten/src/ATen/native/cuda/NLLLoss2d.cu:104: nll_loss2d_forward_kernel: block: [18,0,0], thread: [447,0,0] Assertion `t >= 0 && t < n_classes` failed.
../aten/src/ATen/native/cuda/NLLLoss2d.cu:104: nll_loss2d_forward_kernel: block: [18,0,0], thread: [191,0,0] Assertion `t >= 0 && t < n_classes` failed.
../aten/src/ATen/native/cuda/NLLLoss2d.cu:104: nll_loss2d_forward_kernel: block: [22,0,0], thread: [916,0,0] Assertion `t >= 0 && t < n_classes` failed.
../aten/src/ATen/native/cuda/NLLLoss2d.cu:104: nll_loss2d_forward_kernel: block: [22,0,0], thread: [917,0,0] Assertion `t >= 0 && t < n_classes` failed.
../aten/src/ATen/native/cuda/NLLLoss2d.cu:104: nll_loss2d_forward_kernel: block: [22,0,0], thread: [918,0,0] Assertion `t >= 0 && t < n_classes` failed.
../aten/src/ATen/native/cuda/NLLLoss2d.cu:104: nll_loss2d_forward_kernel: block: [22,0,0], thread: [919,0,0] Assertion `t >= 0 && t < n_classes` failed.
../aten/src/ATen/native/cuda/NLLLoss2d.cu:104: nll_loss2d_forward_kernel: block: [15,0,0], thread: [574,0,0] Assertion `t >= 0 && t < n_classes` failed.
../aten/src/ATen/native/cuda/NLLLoss2d.cu:104: nll_loss2d_forward_kernel: block: [15,0,0], thread: [830,0,0] Assertion `t >= 0 && t < n_classes` failed.
../aten/src/ATen/native/cuda/NLLLoss2d.cu:104: nll_loss2d_forward_kernel: block: [15,0,0], thread: [831,0,0] Assertion `t >= 0 && t < n_classes` failed.
../aten/src/ATen/native/cuda/NLLLoss2d.cu:104: nll_loss2d_forward_kernel: block: [4,0,0], thread: [370,0,0] Assertion `t >= 0 && t < n_classes` failed.
../aten/src/ATen/native/cuda/NLLLoss2d.cu:104: nll_loss2d_forward_kernel: block: [4,0,0], thread: [114,0,0] Assertion `t >= 0 && t < n_classes` failed.
../aten/src/ATen/native/cuda/NLLLoss2d.cu:104: nll_loss2d_forward_kernel: block: [8,0,0], thread: [672,0,0] Assertion `t >= 0 && t < n_classes` failed.
../aten/src/ATen/native/cuda/NLLLoss2d.cu:104: nll_loss2d_forward_kernel: block: [8,0,0], thread: [673,0,0] Assertion `t >= 0 && t < n_classes` failed.
../aten/src/ATen/native/cuda/NLLLoss2d.cu:104: nll_loss2d_forward_kernel: block: [8,0,0], thread: [674,0,0] Assertion `t >= 0 && t < n_classes` failed.
../aten/src/ATen/native/cuda/NLLLoss2d.cu:104: nll_loss2d_forward_kernel: block: [8,0,0], thread: [675,0,0] Assertion `t >= 0 && t < n_classes` failed.
../aten/src/ATen/native/cuda/NLLLoss2d.cu:104: nll_loss2d_forward_kernel: block: [22,0,0], thread: [155,0,0] Assertion `t >= 0 && t < n_classes` failed.
../aten/src/ATen/native/cuda/NLLLoss2d.cu:104: nll_loss2d_forward_kernel: block: [22,0,0], thread: [406,0,0] Assertion `t >= 0 && t < n_classes` failed.
../aten/src/ATen/native/cuda/NLLLoss2d.cu:104: nll_loss2d_forward_kernel: block: [22,0,0], thread: [407,0,0] Assertion `t >= 0 && t < n_classes` failed.
../aten/src/ATen/native/cuda/NLLLoss2d.cu:104: nll_loss2d_forward_kernel: block: [22,0,0], thread: [411,0,0] Assertion `t >= 0 && t < n_classes` failed.
../aten/src/ATen/native/cuda/NLLLoss2d.cu:104: nll_loss2d_forward_kernel: block: [28,0,0], thread: [917,0,0] Assertion `t >= 0 && t < n_classes` failed.
../aten/src/ATen/native/cuda/NLLLoss2d.cu:104: nll_loss2d_forward_kernel: block: [15,0,0], thread: [62,0,0] Assertion `t >= 0 && t < n_classes` failed.
../aten/src/ATen/native/cuda/NLLLoss2d.cu:104: nll_loss2d_forward_kernel: block: [15,0,0], thread: [318,0,0] Assertion `t >= 0 && t < n_classes` failed.
../aten/src/ATen/native/cuda/NLLLoss2d.cu:104: nll_loss2d_forward_kernel: block: [15,0,0], thread: [319,0,0] Assertion `t >= 0 && t < n_classes` failed.
../aten/src/ATen/native/cuda/NLLLoss2d.cu:104: nll_loss2d_forward_kernel: block: [8,0,0], thread: [928,0,0] Assertion `t >= 0 && t < n_classes` failed.
../aten/src/ATen/native/cuda/NLLLoss2d.cu:104: nll_loss2d_forward_kernel: block: [8,0,0], thread: [929,0,0] Assertion `t >= 0 && t < n_classes` failed.
../aten/src/ATen/native/cuda/NLLLoss2d.cu:104: nll_loss2d_forward_kernel: block: [8,0,0], thread: [930,0,0] Assertion `t >= 0 && t < n_classes` failed.
../aten/src/ATen/native/cuda/NLLLoss2d.cu:104: nll_loss2d_forward_kernel: block: [8,0,0], thread: [931,0,0] Assertion `t >= 0 && t < n_classes` failed.
../aten/src/ATen/native/cuda/NLLLoss2d.cu:104: nll_loss2d_forward_kernel: block: [8,0,0], thread: [160,0,0] Assertion `t >= 0 && t < n_classes` failed.
../aten/src/ATen/native/cuda/NLLLoss2d.cu:104: nll_loss2d_forward_kernel: block: [8,0,0], thread: [161,0,0] Assertion `t >= 0 && t < n_classes` failed.
../aten/src/ATen/native/cuda/NLLLoss2d.cu:104: nll_loss2d_forward_kernel: block: [8,0,0], thread: [162,0,0] Assertion `t >= 0 && t < n_classes` failed.
../aten/src/ATen/native/cuda/NLLLoss2d.cu:104: nll_loss2d_forward_kernel: block: [4,0,0], thread: [959,0,0] Assertion `t >= 0 && t < n_classes` failed.
../aten/src/ATen/native/cuda/NLLLoss2d.cu:104: nll_loss2d_forward_kernel: block: [8,0,0], thread: [416,0,0] Assertion `t >= 0 && t < n_classes` failed.
../aten/src/ATen/native/cuda/NLLLoss2d.cu:104: nll_loss2d_forward_kernel: block: [8,0,0], thread: [417,0,0] Assertion `t >= 0 && t < n_classes` failed.
../aten/src/ATen/native/cuda/NLLLoss2d.cu:104: nll_loss2d_forward_kernel: block: [8,0,0], thread: [418,0,0] Assertion `t >= 0 && t < n_classes` failed.
../aten/src/ATen/native/cuda/NLLLoss2d.cu:104: nll_loss2d_forward_kernel: block: [8,0,0], thread: [419,0,0] Assertion `t >= 0 && t < n_classes` failed.
../aten/src/ATen/native/cuda/NLLLoss2d.cu:104: nll_loss2d_forward_kernel: block: [8,0,0], thread: [420,0,0] Assertion `t >= 0 && t < n_classes` failed.
../aten/src/ATen/native/cuda/NLLLoss2d.cu:104: nll_loss2d_forward_kernel: block: [22,0,0], thread: [659,0,0] Assertion `t >= 0 && t < n_classes` failed.
../aten/src/ATen/native/cuda/NLLLoss2d.cu:104: nll_loss2d_forward_kernel: block: [22,0,0], thread: [660,0,0] Assertion `t >= 0 && t < n_classes` failed.
../aten/src/ATen/native/cuda/NLLLoss2d.cu:104: nll_loss2d_forward_kernel: block: [22,0,0], thread: [661,0,0] Assertion `t >= 0 && t < n_classes` failed.
../aten/src/ATen/native/cuda/NLLLoss2d.cu:104: nll_loss2d_forward_kernel: block: [22,0,0], thread: [662,0,0] Assertion `t >= 0 && t < n_classes` failed.
../aten/src/ATen/native/cuda/NLLLoss2d.cu:104: nll_loss2d_forward_kernel: block: [22,0,0], thread: [663,0,0] Assertion `t >= 0 && t < n_classes` failed.
../aten/src/ATen/native/cuda/NLLLoss2d.cu:104: nll_loss2d_forward_kernel: block: [22,0,0], thread: [667,0,0] Assertion `t >= 0 && t < n_classes` failed.
../aten/src/ATen/native/cuda/NLLLoss2d.cu:104: nll_loss2d_forward_kernel: block: [22,0,0], thread: [668,0,0] Assertion `t >= 0 && t < n_classes` failed.
../aten/src/ATen/native/cuda/NLLLoss2d.cu:104: nll_loss2d_forward_kernel: block: [22,0,0], thread: [669,0,0] Assertion `t >= 0 && t < n_classes` failed.
../aten/src/ATen/native/cuda/NLLLoss2d.cu:104: nll_loss2d_forward_kernel: block: [22,0,0], thread: [670,0,0] Assertion `t >= 0 && t < n_classes` failed.
../aten/src/ATen/native/cuda/NLLLoss2d.cu:104: nll_loss2d_forward_kernel: block: [8,0,0], thread: [671,0,0] Assertion `t >= 0 && t < n_classes` failed.
../aten/src/ATen/native/cuda/NLLLoss2d.cu:104: nll_loss2d_forward_kernel: block: [8,0,0], thread: [926,0,0] Assertion `t >= 0 && t < n_classes` failed.
../aten/src/ATen/native/cuda/NLLLoss2d.cu:104: nll_loss2d_forward_kernel: block: [8,0,0], thread: [927,0,0] Assertion `t >= 0 && t < n_classes` failed.
../aten/src/ATen/native/cuda/NLLLoss2d.cu:104: nll_loss2d_forward_kernel: block: [8,0,0], thread: [414,0,0] Assertion `t >= 0 && t < n_classes` failed.
../aten/src/ATen/native/cuda/NLLLoss2d.cu:104: nll_loss2d_forward_kernel: block: [8,0,0], thread: [415,0,0] Assertion `t >= 0 && t < n_classes` failed.
../aten/src/ATen/native/cuda/NLLLoss2d.cu:104: nll_loss2d_forward_kernel: block: [8,0,0], thread: [158,0,0] Assertion `t >= 0 && t < n_classes` failed.
../aten/src/ATen/native/cuda/NLLLoss2d.cu:104: nll_loss2d_forward_kernel: block: [8,0,0], thread: [159,0,0] Assertion `t >= 0 && t < n_classes` failed.
../aten/src/ATen/native/cuda/NLLLoss2d.cu:104: nll_loss2d_forward_kernel: block: [27,0,0], thread: [90,0,0] Assertion `t >= 0 && t < n_classes` failed.
../aten/src/ATen/native/cuda/NLLLoss2d.cu:104: nll_loss2d_forward_kernel: block: [27,0,0], thread: [95,0,0] Assertion `t >= 0 && t < n_classes` failed.
