50
Traceback (most recent call last):
  File "/home/mfaykus/dissertation/segmentation/pytorch_resnet/train.py", line 223, in <module>
    loss.backward()
  File "/home/mfaykus/.local/lib/python3.11/site-packages/torch/_tensor.py", line 522, in backward
    torch.autograd.backward(
  File "/home/mfaykus/.local/lib/python3.11/site-packages/torch/autograd/__init__.py", line 266, in backward
    Variable._execution_engine.run_backward(  # Calls into the C++ engine to run the backward pass
RuntimeError: cuDNN error: CUDNN_STATUS_INTERNAL_ERROR
../aten/src/ATen/native/cuda/NLLLoss2d.cu:104: nll_loss2d_forward_kernel: block: [27,0,0], thread: [928,0,0] Assertion `t >= 0 && t < n_classes` failed.
../aten/src/ATen/native/cuda/NLLLoss2d.cu:104: nll_loss2d_forward_kernel: block: [27,0,0], thread: [672,0,0] Assertion `t >= 0 && t < n_classes` failed.
../aten/src/ATen/native/cuda/NLLLoss2d.cu:104: nll_loss2d_forward_kernel: block: [27,0,0], thread: [160,0,0] Assertion `t >= 0 && t < n_classes` failed.
../aten/src/ATen/native/cuda/NLLLoss2d.cu:104: nll_loss2d_forward_kernel: block: [27,0,0], thread: [416,0,0] Assertion `t >= 0 && t < n_classes` failed.
../aten/src/ATen/native/cuda/NLLLoss2d.cu:104: nll_loss2d_forward_kernel: block: [18,0,0], thread: [771,0,0] Assertion `t >= 0 && t < n_classes` failed.
../aten/src/ATen/native/cuda/NLLLoss2d.cu:104: nll_loss2d_forward_kernel: block: [18,0,0], thread: [772,0,0] Assertion `t >= 0 && t < n_classes` failed.
../aten/src/ATen/native/cuda/NLLLoss2d.cu:104: nll_loss2d_forward_kernel: block: [27,0,0], thread: [406,0,0] Assertion `t >= 0 && t < n_classes` failed.
../aten/src/ATen/native/cuda/NLLLoss2d.cu:104: nll_loss2d_forward_kernel: block: [27,0,0], thread: [407,0,0] Assertion `t >= 0 && t < n_classes` failed.
../aten/src/ATen/native/cuda/NLLLoss2d.cu:104: nll_loss2d_forward_kernel: block: [22,0,0], thread: [109,0,0] Assertion `t >= 0 && t < n_classes` failed.
../aten/src/ATen/native/cuda/NLLLoss2d.cu:104: nll_loss2d_forward_kernel: block: [29,0,0], thread: [869,0,0] Assertion `t >= 0 && t < n_classes` failed.
../aten/src/ATen/native/cuda/NLLLoss2d.cu:104: nll_loss2d_forward_kernel: block: [29,0,0], thread: [353,0,0] Assertion `t >= 0 && t < n_classes` failed.
../aten/src/ATen/native/cuda/NLLLoss2d.cu:104: nll_loss2d_forward_kernel: block: [29,0,0], thread: [355,0,0] Assertion `t >= 0 && t < n_classes` failed.
../aten/src/ATen/native/cuda/NLLLoss2d.cu:104: nll_loss2d_forward_kernel: block: [29,0,0], thread: [356,0,0] Assertion `t >= 0 && t < n_classes` failed.
../aten/src/ATen/native/cuda/NLLLoss2d.cu:104: nll_loss2d_forward_kernel: block: [29,0,0], thread: [357,0,0] Assertion `t >= 0 && t < n_classes` failed.
../aten/src/ATen/native/cuda/NLLLoss2d.cu:104: nll_loss2d_forward_kernel: block: [29,0,0], thread: [358,0,0] Assertion `t >= 0 && t < n_classes` failed.
../aten/src/ATen/native/cuda/NLLLoss2d.cu:104: nll_loss2d_forward_kernel: block: [29,0,0], thread: [359,0,0] Assertion `t >= 0 && t < n_classes` failed.
../aten/src/ATen/native/cuda/NLLLoss2d.cu:104: nll_loss2d_forward_kernel: block: [29,0,0], thread: [360,0,0] Assertion `t >= 0 && t < n_classes` failed.
../aten/src/ATen/native/cuda/NLLLoss2d.cu:104: nll_loss2d_forward_kernel: block: [27,0,0], thread: [657,0,0] Assertion `t >= 0 && t < n_classes` failed.
../aten/src/ATen/native/cuda/NLLLoss2d.cu:104: nll_loss2d_forward_kernel: block: [27,0,0], thread: [658,0,0] Assertion `t >= 0 && t < n_classes` failed.
../aten/src/ATen/native/cuda/NLLLoss2d.cu:104: nll_loss2d_forward_kernel: block: [27,0,0], thread: [659,0,0] Assertion `t >= 0 && t < n_classes` failed.
../aten/src/ATen/native/cuda/NLLLoss2d.cu:104: nll_loss2d_forward_kernel: block: [27,0,0], thread: [660,0,0] Assertion `t >= 0 && t < n_classes` failed.
../aten/src/ATen/native/cuda/NLLLoss2d.cu:104: nll_loss2d_forward_kernel: block: [27,0,0], thread: [661,0,0] Assertion `t >= 0 && t < n_classes` failed.
../aten/src/ATen/native/cuda/NLLLoss2d.cu:104: nll_loss2d_forward_kernel: block: [27,0,0], thread: [662,0,0] Assertion `t >= 0 && t < n_classes` failed.
../aten/src/ATen/native/cuda/NLLLoss2d.cu:104: nll_loss2d_forward_kernel: block: [27,0,0], thread: [663,0,0] Assertion `t >= 0 && t < n_classes` failed.
../aten/src/ATen/native/cuda/NLLLoss2d.cu:104: nll_loss2d_forward_kernel: block: [22,0,0], thread: [360,0,0] Assertion `t >= 0 && t < n_classes` failed.
../aten/src/ATen/native/cuda/NLLLoss2d.cu:104: nll_loss2d_forward_kernel: block: [22,0,0], thread: [361,0,0] Assertion `t >= 0 && t < n_classes` failed.
../aten/src/ATen/native/cuda/NLLLoss2d.cu:104: nll_loss2d_forward_kernel: block: [22,0,0], thread: [362,0,0] Assertion `t >= 0 && t < n_classes` failed.
../aten/src/ATen/native/cuda/NLLLoss2d.cu:104: nll_loss2d_forward_kernel: block: [22,0,0], thread: [363,0,0] Assertion `t >= 0 && t < n_classes` failed.
../aten/src/ATen/native/cuda/NLLLoss2d.cu:104: nll_loss2d_forward_kernel: block: [22,0,0], thread: [365,0,0] Assertion `t >= 0 && t < n_classes` failed.
../aten/src/ATen/native/cuda/NLLLoss2d.cu:104: nll_loss2d_forward_kernel: block: [27,0,0], thread: [328,0,0] Assertion `t >= 0 && t < n_classes` failed.
../aten/src/ATen/native/cuda/NLLLoss2d.cu:104: nll_loss2d_forward_kernel: block: [27,0,0], thread: [329,0,0] Assertion `t >= 0 && t < n_classes` failed.
../aten/src/ATen/native/cuda/NLLLoss2d.cu:104: nll_loss2d_forward_kernel: block: [27,0,0], thread: [330,0,0] Assertion `t >= 0 && t < n_classes` failed.
../aten/src/ATen/native/cuda/NLLLoss2d.cu:104: nll_loss2d_forward_kernel: block: [12,0,0], thread: [968,0,0] Assertion `t >= 0 && t < n_classes` failed.
../aten/src/ATen/native/cuda/NLLLoss2d.cu:104: nll_loss2d_forward_kernel: block: [12,0,0], thread: [969,0,0] Assertion `t >= 0 && t < n_classes` failed.
../aten/src/ATen/native/cuda/NLLLoss2d.cu:104: nll_loss2d_forward_kernel: block: [12,0,0], thread: [970,0,0] Assertion `t >= 0 && t < n_classes` failed.
../aten/src/ATen/native/cuda/NLLLoss2d.cu:104: nll_loss2d_forward_kernel: block: [18,0,0], thread: [866,0,0] Assertion `t >= 0 && t < n_classes` failed.
../aten/src/ATen/native/cuda/NLLLoss2d.cu:104: nll_loss2d_forward_kernel: block: [18,0,0], thread: [867,0,0] Assertion `t >= 0 && t < n_classes` failed.
../aten/src/ATen/native/cuda/NLLLoss2d.cu:104: nll_loss2d_forward_kernel: block: [18,0,0], thread: [869,0,0] Assertion `t >= 0 && t < n_classes` failed.
../aten/src/ATen/native/cuda/NLLLoss2d.cu:104: nll_loss2d_forward_kernel: block: [29,0,0], thread: [100,0,0] Assertion `t >= 0 && t < n_classes` failed.
../aten/src/ATen/native/cuda/NLLLoss2d.cu:104: nll_loss2d_forward_kernel: block: [29,0,0], thread: [101,0,0] Assertion `t >= 0 && t < n_classes` failed.
../aten/src/ATen/native/cuda/NLLLoss2d.cu:104: nll_loss2d_forward_kernel: block: [29,0,0], thread: [102,0,0] Assertion `t >= 0 && t < n_classes` failed.
../aten/src/ATen/native/cuda/NLLLoss2d.cu:104: nll_loss2d_forward_kernel: block: [29,0,0], thread: [103,0,0] Assertion `t >= 0 && t < n_classes` failed.
../aten/src/ATen/native/cuda/NLLLoss2d.cu:104: nll_loss2d_forward_kernel: block: [20,0,0], thread: [864,0,0] Assertion `t >= 0 && t < n_classes` failed.
../aten/src/ATen/native/cuda/NLLLoss2d.cu:104: nll_loss2d_forward_kernel: block: [12,0,0], thread: [934,0,0] Assertion `t >= 0 && t < n_classes` failed.
../aten/src/ATen/native/cuda/NLLLoss2d.cu:104: nll_loss2d_forward_kernel: block: [12,0,0], thread: [935,0,0] Assertion `t >= 0 && t < n_classes` failed.
../aten/src/ATen/native/cuda/NLLLoss2d.cu:104: nll_loss2d_forward_kernel: block: [12,0,0], thread: [936,0,0] Assertion `t >= 0 && t < n_classes` failed.
../aten/src/ATen/native/cuda/NLLLoss2d.cu:104: nll_loss2d_forward_kernel: block: [12,0,0], thread: [937,0,0] Assertion `t >= 0 && t < n_classes` failed.
../aten/src/ATen/native/cuda/NLLLoss2d.cu:104: nll_loss2d_forward_kernel: block: [12,0,0], thread: [938,0,0] Assertion `t >= 0 && t < n_classes` failed.
../aten/src/ATen/native/cuda/NLLLoss2d.cu:104: nll_loss2d_forward_kernel: block: [12,0,0], thread: [678,0,0] Assertion `t >= 0 && t < n_classes` failed.
../aten/src/ATen/native/cuda/NLLLoss2d.cu:104: nll_loss2d_forward_kernel: block: [12,0,0], thread: [679,0,0] Assertion `t >= 0 && t < n_classes` failed.
../aten/src/ATen/native/cuda/NLLLoss2d.cu:104: nll_loss2d_forward_kernel: block: [12,0,0], thread: [680,0,0] Assertion `t >= 0 && t < n_classes` failed.
../aten/src/ATen/native/cuda/NLLLoss2d.cu:104: nll_loss2d_forward_kernel: block: [12,0,0], thread: [681,0,0] Assertion `t >= 0 && t < n_classes` failed.
../aten/src/ATen/native/cuda/NLLLoss2d.cu:104: nll_loss2d_forward_kernel: block: [12,0,0], thread: [711,0,0] Assertion `t >= 0 && t < n_classes` failed.
../aten/src/ATen/native/cuda/NLLLoss2d.cu:104: nll_loss2d_forward_kernel: block: [12,0,0], thread: [712,0,0] Assertion `t >= 0 && t < n_classes` failed.
../aten/src/ATen/native/cuda/NLLLoss2d.cu:104: nll_loss2d_forward_kernel: block: [12,0,0], thread: [713,0,0] Assertion `t >= 0 && t < n_classes` failed.
../aten/src/ATen/native/cuda/NLLLoss2d.cu:104: nll_loss2d_forward_kernel: block: [27,0,0], thread: [913,0,0] Assertion `t >= 0 && t < n_classes` failed.
../aten/src/ATen/native/cuda/NLLLoss2d.cu:104: nll_loss2d_forward_kernel: block: [27,0,0], thread: [914,0,0] Assertion `t >= 0 && t < n_classes` failed.
../aten/src/ATen/native/cuda/NLLLoss2d.cu:104: nll_loss2d_forward_kernel: block: [27,0,0], thread: [915,0,0] Assertion `t >= 0 && t < n_classes` failed.
../aten/src/ATen/native/cuda/NLLLoss2d.cu:104: nll_loss2d_forward_kernel: block: [27,0,0], thread: [916,0,0] Assertion `t >= 0 && t < n_classes` failed.
../aten/src/ATen/native/cuda/NLLLoss2d.cu:104: nll_loss2d_forward_kernel: block: [27,0,0], thread: [917,0,0] Assertion `t >= 0 && t < n_classes` failed.
../aten/src/ATen/native/cuda/NLLLoss2d.cu:104: nll_loss2d_forward_kernel: block: [27,0,0], thread: [918,0,0] Assertion `t >= 0 && t < n_classes` failed.
../aten/src/ATen/native/cuda/NLLLoss2d.cu:104: nll_loss2d_forward_kernel: block: [27,0,0], thread: [919,0,0] Assertion `t >= 0 && t < n_classes` failed.
../aten/src/ATen/native/cuda/NLLLoss2d.cu:104: nll_loss2d_forward_kernel: block: [27,0,0], thread: [927,0,0] Assertion `t >= 0 && t < n_classes` failed.
../aten/src/ATen/native/cuda/NLLLoss2d.cu:104: nll_loss2d_forward_kernel: block: [29,0,0], thread: [609,0,0] Assertion `t >= 0 && t < n_classes` failed.
../aten/src/ATen/native/cuda/NLLLoss2d.cu:104: nll_loss2d_forward_kernel: block: [29,0,0], thread: [611,0,0] Assertion `t >= 0 && t < n_classes` failed.
../aten/src/ATen/native/cuda/NLLLoss2d.cu:104: nll_loss2d_forward_kernel: block: [29,0,0], thread: [612,0,0] Assertion `t >= 0 && t < n_classes` failed.
../aten/src/ATen/native/cuda/NLLLoss2d.cu:104: nll_loss2d_forward_kernel: block: [29,0,0], thread: [613,0,0] Assertion `t >= 0 && t < n_classes` failed.
../aten/src/ATen/native/cuda/NLLLoss2d.cu:104: nll_loss2d_forward_kernel: block: [29,0,0], thread: [614,0,0] Assertion `t >= 0 && t < n_classes` failed.
../aten/src/ATen/native/cuda/NLLLoss2d.cu:104: nll_loss2d_forward_kernel: block: [29,0,0], thread: [615,0,0] Assertion `t >= 0 && t < n_classes` failed.
../aten/src/ATen/native/cuda/NLLLoss2d.cu:104: nll_loss2d_forward_kernel: block: [29,0,0], thread: [616,0,0] Assertion `t >= 0 && t < n_classes` failed.
../aten/src/ATen/native/cuda/NLLLoss2d.cu:104: nll_loss2d_forward_kernel: block: [12,0,0], thread: [422,0,0] Assertion `t >= 0 && t < n_classes` failed.
../aten/src/ATen/native/cuda/NLLLoss2d.cu:104: nll_loss2d_forward_kernel: block: [7,0,0], thread: [1001,0,0] Assertion `t >= 0 && t < n_classes` failed.
../aten/src/ATen/native/cuda/NLLLoss2d.cu:104: nll_loss2d_forward_kernel: block: [7,0,0], thread: [1002,0,0] Assertion `t >= 0 && t < n_classes` failed.
../aten/src/ATen/native/cuda/NLLLoss2d.cu:104: nll_loss2d_forward_kernel: block: [7,0,0], thread: [1003,0,0] Assertion `t >= 0 && t < n_classes` failed.
../aten/src/ATen/native/cuda/NLLLoss2d.cu:104: nll_loss2d_forward_kernel: block: [18,0,0], thread: [3,0,0] Assertion `t >= 0 && t < n_classes` failed.
../aten/src/ATen/native/cuda/NLLLoss2d.cu:104: nll_loss2d_forward_kernel: block: [18,0,0], thread: [4,0,0] Assertion `t >= 0 && t < n_classes` failed.
../aten/src/ATen/native/cuda/NLLLoss2d.cu:104: nll_loss2d_forward_kernel: block: [18,0,0], thread: [5,0,0] Assertion `t >= 0 && t < n_classes` failed.
../aten/src/ATen/native/cuda/NLLLoss2d.cu:104: nll_loss2d_forward_kernel: block: [18,0,0], thread: [14,0,0] Assertion `t >= 0 && t < n_classes` failed.
../aten/src/ATen/native/cuda/NLLLoss2d.cu:104: nll_loss2d_forward_kernel: block: [18,0,0], thread: [15,0,0] Assertion `t >= 0 && t < n_classes` failed.
../aten/src/ATen/native/cuda/NLLLoss2d.cu:104: nll_loss2d_forward_kernel: block: [18,0,0], thread: [16,0,0] Assertion `t >= 0 && t < n_classes` failed.
../aten/src/ATen/native/cuda/NLLLoss2d.cu:104: nll_loss2d_forward_kernel: block: [18,0,0], thread: [17,0,0] Assertion `t >= 0 && t < n_classes` failed.
../aten/src/ATen/native/cuda/NLLLoss2d.cu:104: nll_loss2d_forward_kernel: block: [22,0,0], thread: [617,0,0] Assertion `t >= 0 && t < n_classes` failed.
../aten/src/ATen/native/cuda/NLLLoss2d.cu:104: nll_loss2d_forward_kernel: block: [22,0,0], thread: [618,0,0] Assertion `t >= 0 && t < n_classes` failed.
../aten/src/ATen/native/cuda/NLLLoss2d.cu:104: nll_loss2d_forward_kernel: block: [22,0,0], thread: [619,0,0] Assertion `t >= 0 && t < n_classes` failed.
../aten/src/ATen/native/cuda/NLLLoss2d.cu:104: nll_loss2d_forward_kernel: block: [22,0,0], thread: [621,0,0] Assertion `t >= 0 && t < n_classes` failed.
../aten/src/ATen/native/cuda/NLLLoss2d.cu:104: nll_loss2d_forward_kernel: block: [22,0,0], thread: [626,0,0] Assertion `t >= 0 && t < n_classes` failed.
../aten/src/ATen/native/cuda/NLLLoss2d.cu:104: nll_loss2d_forward_kernel: block: [22,0,0], thread: [627,0,0] Assertion `t >= 0 && t < n_classes` failed.
../aten/src/ATen/native/cuda/NLLLoss2d.cu:104: nll_loss2d_forward_kernel: block: [22,0,0], thread: [629,0,0] Assertion `t >= 0 && t < n_classes` failed.
../aten/src/ATen/native/cuda/NLLLoss2d.cu:104: nll_loss2d_forward_kernel: block: [11,0,0], thread: [934,0,0] Assertion `t >= 0 && t < n_classes` failed.
../aten/src/ATen/native/cuda/NLLLoss2d.cu:104: nll_loss2d_forward_kernel: block: [20,0,0], thread: [608,0,0] Assertion `t >= 0 && t < n_classes` failed.
../aten/src/ATen/native/cuda/NLLLoss2d.cu:104: nll_loss2d_forward_kernel: block: [7,0,0], thread: [492,0,0] Assertion `t >= 0 && t < n_classes` failed.
../aten/src/ATen/native/cuda/NLLLoss2d.cu:104: nll_loss2d_forward_kernel: block: [7,0,0], thread: [745,0,0] Assertion `t >= 0 && t < n_classes` failed.
../aten/src/ATen/native/cuda/NLLLoss2d.cu:104: nll_loss2d_forward_kernel: block: [7,0,0], thread: [746,0,0] Assertion `t >= 0 && t < n_classes` failed.
../aten/src/ATen/native/cuda/NLLLoss2d.cu:104: nll_loss2d_forward_kernel: block: [7,0,0], thread: [747,0,0] Assertion `t >= 0 && t < n_classes` failed.
../aten/src/ATen/native/cuda/NLLLoss2d.cu:104: nll_loss2d_forward_kernel: block: [27,0,0], thread: [467,0,0] Assertion `t >= 0 && t < n_classes` failed.
../aten/src/ATen/native/cuda/NLLLoss2d.cu:104: nll_loss2d_forward_kernel: block: [27,0,0], thread: [468,0,0] Assertion `t >= 0 && t < n_classes` failed.
../aten/src/ATen/native/cuda/NLLLoss2d.cu:104: nll_loss2d_forward_kernel: block: [27,0,0], thread: [469,0,0] Assertion `t >= 0 && t < n_classes` failed.
../aten/src/ATen/native/cuda/NLLLoss2d.cu:104: nll_loss2d_forward_kernel: block: [7,0,0], thread: [235,0,0] Assertion `t >= 0 && t < n_classes` failed.
../aten/src/ATen/native/cuda/NLLLoss2d.cu:104: nll_loss2d_forward_kernel: block: [7,0,0], thread: [236,0,0] Assertion `t >= 0 && t < n_classes` failed.
../aten/src/ATen/native/cuda/NLLLoss2d.cu:104: nll_loss2d_forward_kernel: block: [11,0,0], thread: [678,0,0] Assertion `t >= 0 && t < n_classes` failed.
../aten/src/ATen/native/cuda/NLLLoss2d.cu:104: nll_loss2d_forward_kernel: block: [22,0,0], thread: [873,0,0] Assertion `t >= 0 && t < n_classes` failed.
../aten/src/ATen/native/cuda/NLLLoss2d.cu:104: nll_loss2d_forward_kernel: block: [22,0,0], thread: [874,0,0] Assertion `t >= 0 && t < n_classes` failed.
../aten/src/ATen/native/cuda/NLLLoss2d.cu:104: nll_loss2d_forward_kernel: block: [22,0,0], thread: [875,0,0] Assertion `t >= 0 && t < n_classes` failed.
../aten/src/ATen/native/cuda/NLLLoss2d.cu:104: nll_loss2d_forward_kernel: block: [22,0,0], thread: [876,0,0] Assertion `t >= 0 && t < n_classes` failed.
../aten/src/ATen/native/cuda/NLLLoss2d.cu:104: nll_loss2d_forward_kernel: block: [22,0,0], thread: [877,0,0] Assertion `t >= 0 && t < n_classes` failed.
../aten/src/ATen/native/cuda/NLLLoss2d.cu:104: nll_loss2d_forward_kernel: block: [22,0,0], thread: [881,0,0] Assertion `t >= 0 && t < n_classes` failed.
../aten/src/ATen/native/cuda/NLLLoss2d.cu:104: nll_loss2d_forward_kernel: block: [22,0,0], thread: [882,0,0] Assertion `t >= 0 && t < n_classes` failed.
../aten/src/ATen/native/cuda/NLLLoss2d.cu:104: nll_loss2d_forward_kernel: block: [22,0,0], thread: [883,0,0] Assertion `t >= 0 && t < n_classes` failed.
../aten/src/ATen/native/cuda/NLLLoss2d.cu:104: nll_loss2d_forward_kernel: block: [22,0,0], thread: [884,0,0] Assertion `t >= 0 && t < n_classes` failed.
../aten/src/ATen/native/cuda/NLLLoss2d.cu:104: nll_loss2d_forward_kernel: block: [22,0,0], thread: [885,0,0] Assertion `t >= 0 && t < n_classes` failed.
../aten/src/ATen/native/cuda/NLLLoss2d.cu:104: nll_loss2d_forward_kernel: block: [27,0,0], thread: [722,0,0] Assertion `t >= 0 && t < n_classes` failed.
../aten/src/ATen/native/cuda/NLLLoss2d.cu:104: nll_loss2d_forward_kernel: block: [27,0,0], thread: [723,0,0] Assertion `t >= 0 && t < n_classes` failed.
../aten/src/ATen/native/cuda/NLLLoss2d.cu:104: nll_loss2d_forward_kernel: block: [27,0,0], thread: [724,0,0] Assertion `t >= 0 && t < n_classes` failed.
../aten/src/ATen/native/cuda/NLLLoss2d.cu:104: nll_loss2d_forward_kernel: block: [27,0,0], thread: [725,0,0] Assertion `t >= 0 && t < n_classes` failed.
../aten/src/ATen/native/cuda/NLLLoss2d.cu:104: nll_loss2d_forward_kernel: block: [12,0,0], thread: [200,0,0] Assertion `t >= 0 && t < n_classes` failed.
../aten/src/ATen/native/cuda/NLLLoss2d.cu:104: nll_loss2d_forward_kernel: block: [12,0,0], thread: [201,0,0] Assertion `t >= 0 && t < n_classes` failed.
../aten/src/ATen/native/cuda/NLLLoss2d.cu:104: nll_loss2d_forward_kernel: block: [12,0,0], thread: [202,0,0] Assertion `t >= 0 && t < n_classes` failed.
../aten/src/ATen/native/cuda/NLLLoss2d.cu:104: nll_loss2d_forward_kernel: block: [20,0,0], thread: [352,0,0] Assertion `t >= 0 && t < n_classes` failed.
../aten/src/ATen/native/cuda/NLLLoss2d.cu:104: nll_loss2d_forward_kernel: block: [27,0,0], thread: [975,0,0] Assertion `t >= 0 && t < n_classes` failed.
../aten/src/ATen/native/cuda/NLLLoss2d.cu:104: nll_loss2d_forward_kernel: block: [27,0,0], thread: [976,0,0] Assertion `t >= 0 && t < n_classes` failed.
../aten/src/ATen/native/cuda/NLLLoss2d.cu:104: nll_loss2d_forward_kernel: block: [27,0,0], thread: [977,0,0] Assertion `t >= 0 && t < n_classes` failed.
../aten/src/ATen/native/cuda/NLLLoss2d.cu:104: nll_loss2d_forward_kernel: block: [27,0,0], thread: [978,0,0] Assertion `t >= 0 && t < n_classes` failed.
../aten/src/ATen/native/cuda/NLLLoss2d.cu:104: nll_loss2d_forward_kernel: block: [27,0,0], thread: [979,0,0] Assertion `t >= 0 && t < n_classes` failed.
../aten/src/ATen/native/cuda/NLLLoss2d.cu:104: nll_loss2d_forward_kernel: block: [27,0,0], thread: [980,0,0] Assertion `t >= 0 && t < n_classes` failed.
../aten/src/ATen/native/cuda/NLLLoss2d.cu:104: nll_loss2d_forward_kernel: block: [12,0,0], thread: [454,0,0] Assertion `t >= 0 && t < n_classes` failed.
../aten/src/ATen/native/cuda/NLLLoss2d.cu:104: nll_loss2d_forward_kernel: block: [12,0,0], thread: [455,0,0] Assertion `t >= 0 && t < n_classes` failed.
../aten/src/ATen/native/cuda/NLLLoss2d.cu:104: nll_loss2d_forward_kernel: block: [12,0,0], thread: [456,0,0] Assertion `t >= 0 && t < n_classes` failed.
../aten/src/ATen/native/cuda/NLLLoss2d.cu:104: nll_loss2d_forward_kernel: block: [12,0,0], thread: [457,0,0] Assertion `t >= 0 && t < n_classes` failed.
../aten/src/ATen/native/cuda/NLLLoss2d.cu:104: nll_loss2d_forward_kernel: block: [12,0,0], thread: [458,0,0] Assertion `t >= 0 && t < n_classes` failed.
../aten/src/ATen/native/cuda/NLLLoss2d.cu:104: nll_loss2d_forward_kernel: block: [18,0,0], thread: [515,0,0] Assertion `t >= 0 && t < n_classes` failed.
../aten/src/ATen/native/cuda/NLLLoss2d.cu:104: nll_loss2d_forward_kernel: block: [18,0,0], thread: [516,0,0] Assertion `t >= 0 && t < n_classes` failed.
../aten/src/ATen/native/cuda/NLLLoss2d.cu:104: nll_loss2d_forward_kernel: block: [18,0,0], thread: [517,0,0] Assertion `t >= 0 && t < n_classes` failed.
../aten/src/ATen/native/cuda/NLLLoss2d.cu:104: nll_loss2d_forward_kernel: block: [18,0,0], thread: [518,0,0] Assertion `t >= 0 && t < n_classes` failed.
../aten/src/ATen/native/cuda/NLLLoss2d.cu:104: nll_loss2d_forward_kernel: block: [18,0,0], thread: [524,0,0] Assertion `t >= 0 && t < n_classes` failed.
../aten/src/ATen/native/cuda/NLLLoss2d.cu:104: nll_loss2d_forward_kernel: block: [18,0,0], thread: [525,0,0] Assertion `t >= 0 && t < n_classes` failed.
../aten/src/ATen/native/cuda/NLLLoss2d.cu:104: nll_loss2d_forward_kernel: block: [18,0,0], thread: [526,0,0] Assertion `t >= 0 && t < n_classes` failed.
../aten/src/ATen/native/cuda/NLLLoss2d.cu:104: nll_loss2d_forward_kernel: block: [18,0,0], thread: [527,0,0] Assertion `t >= 0 && t < n_classes` failed.
../aten/src/ATen/native/cuda/NLLLoss2d.cu:104: nll_loss2d_forward_kernel: block: [18,0,0], thread: [528,0,0] Assertion `t >= 0 && t < n_classes` failed.
../aten/src/ATen/native/cuda/NLLLoss2d.cu:104: nll_loss2d_forward_kernel: block: [18,0,0], thread: [529,0,0] Assertion `t >= 0 && t < n_classes` failed.
../aten/src/ATen/native/cuda/NLLLoss2d.cu:104: nll_loss2d_forward_kernel: block: [18,0,0], thread: [530,0,0] Assertion `t >= 0 && t < n_classes` failed.
../aten/src/ATen/native/cuda/NLLLoss2d.cu:104: nll_loss2d_forward_kernel: block: [18,0,0], thread: [531,0,0] Assertion `t >= 0 && t < n_classes` failed.
../aten/src/ATen/native/cuda/NLLLoss2d.cu:104: nll_loss2d_forward_kernel: block: [6,0,0], thread: [928,0,0] Assertion `t >= 0 && t < n_classes` failed.
../aten/src/ATen/native/cuda/NLLLoss2d.cu:104: nll_loss2d_forward_kernel: block: [29,0,0], thread: [567,0,0] Assertion `t >= 0 && t < n_classes` failed.
../aten/src/ATen/native/cuda/NLLLoss2d.cu:104: nll_loss2d_forward_kernel: block: [29,0,0], thread: [568,0,0] Assertion `t >= 0 && t < n_classes` failed.
../aten/src/ATen/native/cuda/NLLLoss2d.cu:104: nll_loss2d_forward_kernel: block: [11,0,0], thread: [167,0,0] Assertion `t >= 0 && t < n_classes` failed.
../aten/src/ATen/native/cuda/NLLLoss2d.cu:104: nll_loss2d_forward_kernel: block: [11,0,0], thread: [168,0,0] Assertion `t >= 0 && t < n_classes` failed.
../aten/src/ATen/native/cuda/NLLLoss2d.cu:104: nll_loss2d_forward_kernel: block: [18,0,0], thread: [259,0,0] Assertion `t >= 0 && t < n_classes` failed.
../aten/src/ATen/native/cuda/NLLLoss2d.cu:104: nll_loss2d_forward_kernel: block: [18,0,0], thread: [260,0,0] Assertion `t >= 0 && t < n_classes` failed.
../aten/src/ATen/native/cuda/NLLLoss2d.cu:104: nll_loss2d_forward_kernel: block: [18,0,0], thread: [261,0,0] Assertion `t >= 0 && t < n_classes` failed.
../aten/src/ATen/native/cuda/NLLLoss2d.cu:104: nll_loss2d_forward_kernel: block: [18,0,0], thread: [262,0,0] Assertion `t >= 0 && t < n_classes` failed.
../aten/src/ATen/native/cuda/NLLLoss2d.cu:104: nll_loss2d_forward_kernel: block: [18,0,0], thread: [269,0,0] Assertion `t >= 0 && t < n_classes` failed.
../aten/src/ATen/native/cuda/NLLLoss2d.cu:104: nll_loss2d_forward_kernel: block: [18,0,0], thread: [270,0,0] Assertion `t >= 0 && t < n_classes` failed.
../aten/src/ATen/native/cuda/NLLLoss2d.cu:104: nll_loss2d_forward_kernel: block: [18,0,0], thread: [271,0,0] Assertion `t >= 0 && t < n_classes` failed.
../aten/src/ATen/native/cuda/NLLLoss2d.cu:104: nll_loss2d_forward_kernel: block: [18,0,0], thread: [272,0,0] Assertion `t >= 0 && t < n_classes` failed.
../aten/src/ATen/native/cuda/NLLLoss2d.cu:104: nll_loss2d_forward_kernel: block: [18,0,0], thread: [273,0,0] Assertion `t >= 0 && t < n_classes` failed.
../aten/src/ATen/native/cuda/NLLLoss2d.cu:104: nll_loss2d_forward_kernel: block: [18,0,0], thread: [274,0,0] Assertion `t >= 0 && t < n_classes` failed.
../aten/src/ATen/native/cuda/NLLLoss2d.cu:104: nll_loss2d_forward_kernel: block: [18,0,0], thread: [275,0,0] Assertion `t >= 0 && t < n_classes` failed.
../aten/src/ATen/native/cuda/NLLLoss2d.cu:104: nll_loss2d_forward_kernel: block: [12,0,0], thread: [166,0,0] Assertion `t >= 0 && t < n_classes` failed.
../aten/src/ATen/native/cuda/NLLLoss2d.cu:104: nll_loss2d_forward_kernel: block: [12,0,0], thread: [167,0,0] Assertion `t >= 0 && t < n_classes` failed.
../aten/src/ATen/native/cuda/NLLLoss2d.cu:104: nll_loss2d_forward_kernel: block: [12,0,0], thread: [168,0,0] Assertion `t >= 0 && t < n_classes` failed.
../aten/src/ATen/native/cuda/NLLLoss2d.cu:104: nll_loss2d_forward_kernel: block: [12,0,0], thread: [170,0,0] Assertion `t >= 0 && t < n_classes` failed.
../aten/src/ATen/native/cuda/NLLLoss2d.cu:104: nll_loss2d_forward_kernel: block: [0,0,0], thread: [994,0,0] Assertion `t >= 0 && t < n_classes` failed.
../aten/src/ATen/native/cuda/NLLLoss2d.cu:104: nll_loss2d_forward_kernel: block: [0,0,0], thread: [995,0,0] Assertion `t >= 0 && t < n_classes` failed.
../aten/src/ATen/native/cuda/NLLLoss2d.cu:104: nll_loss2d_forward_kernel: block: [0,0,0], thread: [996,0,0] Assertion `t >= 0 && t < n_classes` failed.
../aten/src/ATen/native/cuda/NLLLoss2d.cu:104: nll_loss2d_forward_kernel: block: [22,0,0], thread: [939,0,0] Assertion `t >= 0 && t < n_classes` failed.
../aten/src/ATen/native/cuda/NLLLoss2d.cu:104: nll_loss2d_forward_kernel: block: [22,0,0], thread: [940,0,0] Assertion `t >= 0 && t < n_classes` failed.
../aten/src/ATen/native/cuda/NLLLoss2d.cu:104: nll_loss2d_forward_kernel: block: [22,0,0], thread: [941,0,0] Assertion `t >= 0 && t < n_classes` failed.
../aten/src/ATen/native/cuda/NLLLoss2d.cu:104: nll_loss2d_forward_kernel: block: [22,0,0], thread: [942,0,0] Assertion `t >= 0 && t < n_classes` failed.
../aten/src/ATen/native/cuda/NLLLoss2d.cu:104: nll_loss2d_forward_kernel: block: [22,0,0], thread: [170,0,0] Assertion `t >= 0 && t < n_classes` failed.
../aten/src/ATen/native/cuda/NLLLoss2d.cu:104: nll_loss2d_forward_kernel: block: [22,0,0], thread: [426,0,0] Assertion `t >= 0 && t < n_classes` failed.
../aten/src/ATen/native/cuda/NLLLoss2d.cu:104: nll_loss2d_forward_kernel: block: [22,0,0], thread: [427,0,0] Assertion `t >= 0 && t < n_classes` failed.
../aten/src/ATen/native/cuda/NLLLoss2d.cu:104: nll_loss2d_forward_kernel: block: [22,0,0], thread: [428,0,0] Assertion `t >= 0 && t < n_classes` failed.
../aten/src/ATen/native/cuda/NLLLoss2d.cu:104: nll_loss2d_forward_kernel: block: [22,0,0], thread: [682,0,0] Assertion `t >= 0 && t < n_classes` failed.
../aten/src/ATen/native/cuda/NLLLoss2d.cu:104: nll_loss2d_forward_kernel: block: [22,0,0], thread: [683,0,0] Assertion `t >= 0 && t < n_classes` failed.
../aten/src/ATen/native/cuda/NLLLoss2d.cu:104: nll_loss2d_forward_kernel: block: [22,0,0], thread: [684,0,0] Assertion `t >= 0 && t < n_classes` failed.
../aten/src/ATen/native/cuda/NLLLoss2d.cu:104: nll_loss2d_forward_kernel: block: [22,0,0], thread: [685,0,0] Assertion `t >= 0 && t < n_classes` failed.
../aten/src/ATen/native/cuda/NLLLoss2d.cu:104: nll_loss2d_forward_kernel: block: [0,0,0], thread: [482,0,0] Assertion `t >= 0 && t < n_classes` failed.
../aten/src/ATen/native/cuda/NLLLoss2d.cu:104: nll_loss2d_forward_kernel: block: [0,0,0], thread: [483,0,0] Assertion `t >= 0 && t < n_classes` failed.
../aten/src/ATen/native/cuda/NLLLoss2d.cu:104: nll_loss2d_forward_kernel: block: [0,0,0], thread: [484,0,0] Assertion `t >= 0 && t < n_classes` failed.
../aten/src/ATen/native/cuda/NLLLoss2d.cu:104: nll_loss2d_forward_kernel: block: [0,0,0], thread: [738,0,0] Assertion `t >= 0 && t < n_classes` failed.
../aten/src/ATen/native/cuda/NLLLoss2d.cu:104: nll_loss2d_forward_kernel: block: [0,0,0], thread: [739,0,0] Assertion `t >= 0 && t < n_classes` failed.
../aten/src/ATen/native/cuda/NLLLoss2d.cu:104: nll_loss2d_forward_kernel: block: [0,0,0], thread: [740,0,0] Assertion `t >= 0 && t < n_classes` failed.
../aten/src/ATen/native/cuda/NLLLoss2d.cu:104: nll_loss2d_forward_kernel: block: [22,0,0], thread: [803,0,0] Assertion `t >= 0 && t < n_classes` failed.
../aten/src/ATen/native/cuda/NLLLoss2d.cu:104: nll_loss2d_forward_kernel: block: [22,0,0], thread: [804,0,0] Assertion `t >= 0 && t < n_classes` failed.
../aten/src/ATen/native/cuda/NLLLoss2d.cu:104: nll_loss2d_forward_kernel: block: [22,0,0], thread: [805,0,0] Assertion `t >= 0 && t < n_classes` failed.
../aten/src/ATen/native/cuda/NLLLoss2d.cu:104: nll_loss2d_forward_kernel: block: [22,0,0], thread: [806,0,0] Assertion `t >= 0 && t < n_classes` failed.
../aten/src/ATen/native/cuda/NLLLoss2d.cu:104: nll_loss2d_forward_kernel: block: [22,0,0], thread: [813,0,0] Assertion `t >= 0 && t < n_classes` failed.
../aten/src/ATen/native/cuda/NLLLoss2d.cu:104: nll_loss2d_forward_kernel: block: [20,0,0], thread: [20,0,0] Assertion `t >= 0 && t < n_classes` failed.
../aten/src/ATen/native/cuda/NLLLoss2d.cu:104: nll_loss2d_forward_kernel: block: [20,0,0], thread: [22,0,0] Assertion `t >= 0 && t < n_classes` failed.
../aten/src/ATen/native/cuda/NLLLoss2d.cu:104: nll_loss2d_forward_kernel: block: [22,0,0], thread: [555,0,0] Assertion `t >= 0 && t < n_classes` failed.
../aten/src/ATen/native/cuda/NLLLoss2d.cu:104: nll_loss2d_forward_kernel: block: [22,0,0], thread: [556,0,0] Assertion `t >= 0 && t < n_classes` failed.
../aten/src/ATen/native/cuda/NLLLoss2d.cu:104: nll_loss2d_forward_kernel: block: [22,0,0], thread: [557,0,0] Assertion `t >= 0 && t < n_classes` failed.
../aten/src/ATen/native/cuda/NLLLoss2d.cu:104: nll_loss2d_forward_kernel: block: [22,0,0], thread: [558,0,0] Assertion `t >= 0 && t < n_classes` failed.
../aten/src/ATen/native/cuda/NLLLoss2d.cu:104: nll_loss2d_forward_kernel: block: [22,0,0], thread: [304,0,0] Assertion `t >= 0 && t < n_classes` failed.
../aten/src/ATen/native/cuda/NLLLoss2d.cu:104: nll_loss2d_forward_kernel: block: [29,0,0], thread: [819,0,0] Assertion `t >= 0 && t < n_classes` failed.
../aten/src/ATen/native/cuda/NLLLoss2d.cu:104: nll_loss2d_forward_kernel: block: [29,0,0], thread: [820,0,0] Assertion `t >= 0 && t < n_classes` failed.
../aten/src/ATen/native/cuda/NLLLoss2d.cu:104: nll_loss2d_forward_kernel: block: [29,0,0], thread: [824,0,0] Assertion `t >= 0 && t < n_classes` failed.
../aten/src/ATen/native/cuda/NLLLoss2d.cu:104: nll_loss2d_forward_kernel: block: [6,0,0], thread: [160,0,0] Assertion `t >= 0 && t < n_classes` failed.
../aten/src/ATen/native/cuda/NLLLoss2d.cu:104: nll_loss2d_forward_kernel: block: [6,0,0], thread: [161,0,0] Assertion `t >= 0 && t < n_classes` failed.
../aten/src/ATen/native/cuda/NLLLoss2d.cu:104: nll_loss2d_forward_kernel: block: [6,0,0], thread: [162,0,0] Assertion `t >= 0 && t < n_classes` failed.
../aten/src/ATen/native/cuda/NLLLoss2d.cu:104: nll_loss2d_forward_kernel: block: [6,0,0], thread: [163,0,0] Assertion `t >= 0 && t < n_classes` failed.
../aten/src/ATen/native/cuda/NLLLoss2d.cu:104: nll_loss2d_forward_kernel: block: [13,0,0], thread: [885,0,0] Assertion `t >= 0 && t < n_classes` failed.
../aten/src/ATen/native/cuda/NLLLoss2d.cu:104: nll_loss2d_forward_kernel: block: [13,0,0], thread: [886,0,0] Assertion `t >= 0 && t < n_classes` failed.
../aten/src/ATen/native/cuda/NLLLoss2d.cu:104: nll_loss2d_forward_kernel: block: [0,0,0], thread: [986,0,0] Assertion `t >= 0 && t < n_classes` failed.
../aten/src/ATen/native/cuda/NLLLoss2d.cu:104: nll_loss2d_forward_kernel: block: [13,0,0], thread: [629,0,0] Assertion `t >= 0 && t < n_classes` failed.
../aten/src/ATen/native/cuda/NLLLoss2d.cu:104: nll_loss2d_forward_kernel: block: [13,0,0], thread: [630,0,0] Assertion `t >= 0 && t < n_classes` failed.
../aten/src/ATen/native/cuda/NLLLoss2d.cu:104: nll_loss2d_forward_kernel: block: [27,0,0], thread: [146,0,0] Assertion `t >= 0 && t < n_classes` failed.
../aten/src/ATen/native/cuda/NLLLoss2d.cu:104: nll_loss2d_forward_kernel: block: [27,0,0], thread: [147,0,0] Assertion `t >= 0 && t < n_classes` failed.
../aten/src/ATen/native/cuda/NLLLoss2d.cu:104: nll_loss2d_forward_kernel: block: [27,0,0], thread: [148,0,0] Assertion `t >= 0 && t < n_classes` failed.
../aten/src/ATen/native/cuda/NLLLoss2d.cu:104: nll_loss2d_forward_kernel: block: [27,0,0], thread: [149,0,0] Assertion `t >= 0 && t < n_classes` failed.
../aten/src/ATen/native/cuda/NLLLoss2d.cu:104: nll_loss2d_forward_kernel: block: [27,0,0], thread: [150,0,0] Assertion `t >= 0 && t < n_classes` failed.
../aten/src/ATen/native/cuda/NLLLoss2d.cu:104: nll_loss2d_forward_kernel: block: [27,0,0], thread: [151,0,0] Assertion `t >= 0 && t < n_classes` failed.
../aten/src/ATen/native/cuda/NLLLoss2d.cu:104: nll_loss2d_forward_kernel: block: [27,0,0], thread: [159,0,0] Assertion `t >= 0 && t < n_classes` failed.
../aten/src/ATen/native/cuda/NLLLoss2d.cu:104: nll_loss2d_forward_kernel: block: [20,0,0], thread: [812,0,0] Assertion `t >= 0 && t < n_classes` failed.
../aten/src/ATen/native/cuda/NLLLoss2d.cu:104: nll_loss2d_forward_kernel: block: [20,0,0], thread: [818,0,0] Assertion `t >= 0 && t < n_classes` failed.
../aten/src/ATen/native/cuda/NLLLoss2d.cu:104: nll_loss2d_forward_kernel: block: [20,0,0], thread: [819,0,0] Assertion `t >= 0 && t < n_classes` failed.
../aten/src/ATen/native/cuda/NLLLoss2d.cu:104: nll_loss2d_forward_kernel: block: [6,0,0], thread: [672,0,0] Assertion `t >= 0 && t < n_classes` failed.
../aten/src/ATen/native/cuda/NLLLoss2d.cu:104: nll_loss2d_forward_kernel: block: [6,0,0], thread: [673,0,0] Assertion `t >= 0 && t < n_classes` failed.
../aten/src/ATen/native/cuda/NLLLoss2d.cu:104: nll_loss2d_forward_kernel: block: [6,0,0], thread: [674,0,0] Assertion `t >= 0 && t < n_classes` failed.
../aten/src/ATen/native/cuda/NLLLoss2d.cu:104: nll_loss2d_forward_kernel: block: [6,0,0], thread: [675,0,0] Assertion `t >= 0 && t < n_classes` failed.
../aten/src/ATen/native/cuda/NLLLoss2d.cu:104: nll_loss2d_forward_kernel: block: [6,0,0], thread: [676,0,0] Assertion `t >= 0 && t < n_classes` failed.
../aten/src/ATen/native/cuda/NLLLoss2d.cu:104: nll_loss2d_forward_kernel: block: [6,0,0], thread: [677,0,0] Assertion `t >= 0 && t < n_classes` failed.
../aten/src/ATen/native/cuda/NLLLoss2d.cu:104: nll_loss2d_forward_kernel: block: [13,0,0], thread: [373,0,0] Assertion `t >= 0 && t < n_classes` failed.
../aten/src/ATen/native/cuda/NLLLoss2d.cu:104: nll_loss2d_forward_kernel: block: [13,0,0], thread: [374,0,0] Assertion `t >= 0 && t < n_classes` failed.
../aten/src/ATen/native/cuda/NLLLoss2d.cu:104: nll_loss2d_forward_kernel: block: [22,0,0], thread: [35,0,0] Assertion `t >= 0 && t < n_classes` failed.
../aten/src/ATen/native/cuda/NLLLoss2d.cu:104: nll_loss2d_forward_kernel: block: [22,0,0], thread: [36,0,0] Assertion `t >= 0 && t < n_classes` failed.
../aten/src/ATen/native/cuda/NLLLoss2d.cu:104: nll_loss2d_forward_kernel: block: [22,0,0], thread: [38,0,0] Assertion `t >= 0 && t < n_classes` failed.
../aten/src/ATen/native/cuda/NLLLoss2d.cu:104: nll_loss2d_forward_kernel: block: [22,0,0], thread: [39,0,0] Assertion `t >= 0 && t < n_classes` failed.
../aten/src/ATen/native/cuda/NLLLoss2d.cu:104: nll_loss2d_forward_kernel: block: [22,0,0], thread: [40,0,0] Assertion `t >= 0 && t < n_classes` failed.
../aten/src/ATen/native/cuda/NLLLoss2d.cu:104: nll_loss2d_forward_kernel: block: [22,0,0], thread: [41,0,0] Assertion `t >= 0 && t < n_classes` failed.
../aten/src/ATen/native/cuda/NLLLoss2d.cu:104: nll_loss2d_forward_kernel: block: [22,0,0], thread: [42,0,0] Assertion `t >= 0 && t < n_classes` failed.
../aten/src/ATen/native/cuda/NLLLoss2d.cu:104: nll_loss2d_forward_kernel: block: [20,0,0], thread: [860,0,0] Assertion `t >= 0 && t < n_classes` failed.
../aten/src/ATen/native/cuda/NLLLoss2d.cu:104: nll_loss2d_forward_kernel: block: [20,0,0], thread: [861,0,0] Assertion `t >= 0 && t < n_classes` failed.
../aten/src/ATen/native/cuda/NLLLoss2d.cu:104: nll_loss2d_forward_kernel: block: [20,0,0], thread: [862,0,0] Assertion `t >= 0 && t < n_classes` failed.
../aten/src/ATen/native/cuda/NLLLoss2d.cu:104: nll_loss2d_forward_kernel: block: [6,0,0], thread: [416,0,0] Assertion `t >= 0 && t < n_classes` failed.
../aten/src/ATen/native/cuda/NLLLoss2d.cu:104: nll_loss2d_forward_kernel: block: [6,0,0], thread: [417,0,0] Assertion `t >= 0 && t < n_classes` failed.
../aten/src/ATen/native/cuda/NLLLoss2d.cu:104: nll_loss2d_forward_kernel: block: [6,0,0], thread: [418,0,0] Assertion `t >= 0 && t < n_classes` failed.
../aten/src/ATen/native/cuda/NLLLoss2d.cu:104: nll_loss2d_forward_kernel: block: [6,0,0], thread: [419,0,0] Assertion `t >= 0 && t < n_classes` failed.
../aten/src/ATen/native/cuda/NLLLoss2d.cu:104: nll_loss2d_forward_kernel: block: [6,0,0], thread: [420,0,0] Assertion `t >= 0 && t < n_classes` failed.
../aten/src/ATen/native/cuda/NLLLoss2d.cu:104: nll_loss2d_forward_kernel: block: [6,0,0], thread: [421,0,0] Assertion `t >= 0 && t < n_classes` failed.
../aten/src/ATen/native/cuda/NLLLoss2d.cu:104: nll_loss2d_forward_kernel: block: [6,0,0], thread: [422,0,0] Assertion `t >= 0 && t < n_classes` failed.
../aten/src/ATen/native/cuda/NLLLoss2d.cu:104: nll_loss2d_forward_kernel: block: [29,0,0], thread: [860,0,0] Assertion `t >= 0 && t < n_classes` failed.
../aten/src/ATen/native/cuda/NLLLoss2d.cu:104: nll_loss2d_forward_kernel: block: [29,0,0], thread: [308,0,0] Assertion `t >= 0 && t < n_classes` failed.
../aten/src/ATen/native/cuda/NLLLoss2d.cu:104: nll_loss2d_forward_kernel: block: [29,0,0], thread: [309,0,0] Assertion `t >= 0 && t < n_classes` failed.
../aten/src/ATen/native/cuda/NLLLoss2d.cu:104: nll_loss2d_forward_kernel: block: [13,0,0], thread: [117,0,0] Assertion `t >= 0 && t < n_classes` failed.
../aten/src/ATen/native/cuda/NLLLoss2d.cu:104: nll_loss2d_forward_kernel: block: [13,0,0], thread: [118,0,0] Assertion `t >= 0 && t < n_classes` failed.
../aten/src/ATen/native/cuda/NLLLoss2d.cu:104: nll_loss2d_forward_kernel: block: [0,0,0], thread: [218,0,0] Assertion `t >= 0 && t < n_classes` failed.
../aten/src/ATen/native/cuda/NLLLoss2d.cu:104: nll_loss2d_forward_kernel: block: [0,0,0], thread: [219,0,0] Assertion `t >= 0 && t < n_classes` failed.
../aten/src/ATen/native/cuda/NLLLoss2d.cu:104: nll_loss2d_forward_kernel: block: [0,0,0], thread: [220,0,0] Assertion `t >= 0 && t < n_classes` failed.
../aten/src/ATen/native/cuda/NLLLoss2d.cu:104: nll_loss2d_forward_kernel: block: [0,0,0], thread: [226,0,0] Assertion `t >= 0 && t < n_classes` failed.
../aten/src/ATen/native/cuda/NLLLoss2d.cu:104: nll_loss2d_forward_kernel: block: [0,0,0], thread: [227,0,0] Assertion `t >= 0 && t < n_classes` failed.
../aten/src/ATen/native/cuda/NLLLoss2d.cu:104: nll_loss2d_forward_kernel: block: [0,0,0], thread: [228,0,0] Assertion `t >= 0 && t < n_classes` failed.
../aten/src/ATen/native/cuda/NLLLoss2d.cu:104: nll_loss2d_forward_kernel: block: [29,0,0], thread: [95,0,0] Assertion `t >= 0 && t < n_classes` failed.
../aten/src/ATen/native/cuda/NLLLoss2d.cu:104: nll_loss2d_forward_kernel: block: [29,0,0], thread: [348,0,0] Assertion `t >= 0 && t < n_classes` failed.
../aten/src/ATen/native/cuda/NLLLoss2d.cu:104: nll_loss2d_forward_kernel: block: [29,0,0], thread: [350,0,0] Assertion `t >= 0 && t < n_classes` failed.
../aten/src/ATen/native/cuda/NLLLoss2d.cu:104: nll_loss2d_forward_kernel: block: [29,0,0], thread: [351,0,0] Assertion `t >= 0 && t < n_classes` failed.
../aten/src/ATen/native/cuda/NLLLoss2d.cu:104: nll_loss2d_forward_kernel: block: [20,0,0], thread: [83,0,0] Assertion `t >= 0 && t < n_classes` failed.
../aten/src/ATen/native/cuda/NLLLoss2d.cu:104: nll_loss2d_forward_kernel: block: [20,0,0], thread: [84,0,0] Assertion `t >= 0 && t < n_classes` failed.
../aten/src/ATen/native/cuda/NLLLoss2d.cu:104: nll_loss2d_forward_kernel: block: [20,0,0], thread: [85,0,0] Assertion `t >= 0 && t < n_classes` failed.
../aten/src/ATen/native/cuda/NLLLoss2d.cu:104: nll_loss2d_forward_kernel: block: [20,0,0], thread: [89,0,0] Assertion `t >= 0 && t < n_classes` failed.
../aten/src/ATen/native/cuda/NLLLoss2d.cu:104: nll_loss2d_forward_kernel: block: [20,0,0], thread: [91,0,0] Assertion `t >= 0 && t < n_classes` failed.
../aten/src/ATen/native/cuda/NLLLoss2d.cu:104: nll_loss2d_forward_kernel: block: [20,0,0], thread: [94,0,0] Assertion `t >= 0 && t < n_classes` failed.
../aten/src/ATen/native/cuda/NLLLoss2d.cu:104: nll_loss2d_forward_kernel: block: [29,0,0], thread: [604,0,0] Assertion `t >= 0 && t < n_classes` failed.
../aten/src/ATen/native/cuda/NLLLoss2d.cu:104: nll_loss2d_forward_kernel: block: [29,0,0], thread: [605,0,0] Assertion `t >= 0 && t < n_classes` failed.
../aten/src/ATen/native/cuda/NLLLoss2d.cu:104: nll_loss2d_forward_kernel: block: [29,0,0], thread: [606,0,0] Assertion `t >= 0 && t < n_classes` failed.
../aten/src/ATen/native/cuda/NLLLoss2d.cu:104: nll_loss2d_forward_kernel: block: [29,0,0], thread: [607,0,0] Assertion `t >= 0 && t < n_classes` failed.
../aten/src/ATen/native/cuda/NLLLoss2d.cu:104: nll_loss2d_forward_kernel: block: [6,0,0], thread: [666,0,0] Assertion `t >= 0 && t < n_classes` failed.
../aten/src/ATen/native/cuda/NLLLoss2d.cu:104: nll_loss2d_forward_kernel: block: [6,0,0], thread: [667,0,0] Assertion `t >= 0 && t < n_classes` failed.
../aten/src/ATen/native/cuda/NLLLoss2d.cu:104: nll_loss2d_forward_kernel: block: [6,0,0], thread: [668,0,0] Assertion `t >= 0 && t < n_classes` failed.
../aten/src/ATen/native/cuda/NLLLoss2d.cu:104: nll_loss2d_forward_kernel: block: [6,0,0], thread: [669,0,0] Assertion `t >= 0 && t < n_classes` failed.
../aten/src/ATen/native/cuda/NLLLoss2d.cu:104: nll_loss2d_forward_kernel: block: [0,0,0], thread: [730,0,0] Assertion `t >= 0 && t < n_classes` failed.
../aten/src/ATen/native/cuda/NLLLoss2d.cu:104: nll_loss2d_forward_kernel: block: [0,0,0], thread: [731,0,0] Assertion `t >= 0 && t < n_classes` failed.
../aten/src/ATen/native/cuda/NLLLoss2d.cu:104: nll_loss2d_forward_kernel: block: [20,0,0], thread: [33,0,0] Assertion `t >= 0 && t < n_classes` failed.
../aten/src/ATen/native/cuda/NLLLoss2d.cu:104: nll_loss2d_forward_kernel: block: [20,0,0], thread: [34,0,0] Assertion `t >= 0 && t < n_classes` failed.
../aten/src/ATen/native/cuda/NLLLoss2d.cu:104: nll_loss2d_forward_kernel: block: [20,0,0], thread: [45,0,0] Assertion `t >= 0 && t < n_classes` failed.
../aten/src/ATen/native/cuda/NLLLoss2d.cu:104: nll_loss2d_forward_kernel: block: [20,0,0], thread: [46,0,0] Assertion `t >= 0 && t < n_classes` failed.
../aten/src/ATen/native/cuda/NLLLoss2d.cu:104: nll_loss2d_forward_kernel: block: [20,0,0], thread: [47,0,0] Assertion `t >= 0 && t < n_classes` failed.
../aten/src/ATen/native/cuda/NLLLoss2d.cu:104: nll_loss2d_forward_kernel: block: [20,0,0], thread: [48,0,0] Assertion `t >= 0 && t < n_classes` failed.
../aten/src/ATen/native/cuda/NLLLoss2d.cu:104: nll_loss2d_forward_kernel: block: [20,0,0], thread: [49,0,0] Assertion `t >= 0 && t < n_classes` failed.
../aten/src/ATen/native/cuda/NLLLoss2d.cu:104: nll_loss2d_forward_kernel: block: [20,0,0], thread: [50,0,0] Assertion `t >= 0 && t < n_classes` failed.
../aten/src/ATen/native/cuda/NLLLoss2d.cu:104: nll_loss2d_forward_kernel: block: [20,0,0], thread: [51,0,0] Assertion `t >= 0 && t < n_classes` failed.
../aten/src/ATen/native/cuda/NLLLoss2d.cu:104: nll_loss2d_forward_kernel: block: [6,0,0], thread: [923,0,0] Assertion `t >= 0 && t < n_classes` failed.
../aten/src/ATen/native/cuda/NLLLoss2d.cu:104: nll_loss2d_forward_kernel: block: [6,0,0], thread: [924,0,0] Assertion `t >= 0 && t < n_classes` failed.
../aten/src/ATen/native/cuda/NLLLoss2d.cu:104: nll_loss2d_forward_kernel: block: [6,0,0], thread: [925,0,0] Assertion `t >= 0 && t < n_classes` failed.
../aten/src/ATen/native/cuda/NLLLoss2d.cu:104: nll_loss2d_forward_kernel: block: [6,0,0], thread: [926,0,0] Assertion `t >= 0 && t < n_classes` failed.
../aten/src/ATen/native/cuda/NLLLoss2d.cu:104: nll_loss2d_forward_kernel: block: [6,0,0], thread: [927,0,0] Assertion `t >= 0 && t < n_classes` failed.
../aten/src/ATen/native/cuda/NLLLoss2d.cu:104: nll_loss2d_forward_kernel: block: [27,0,0], thread: [583,0,0] Assertion `t >= 0 && t < n_classes` failed.
../aten/src/ATen/native/cuda/NLLLoss2d.cu:104: nll_loss2d_forward_kernel: block: [27,0,0], thread: [585,0,0] Assertion `t >= 0 && t < n_classes` failed.
../aten/src/ATen/native/cuda/NLLLoss2d.cu:104: nll_loss2d_forward_kernel: block: [27,0,0], thread: [586,0,0] Assertion `t >= 0 && t < n_classes` failed.
../aten/src/ATen/native/cuda/NLLLoss2d.cu:104: nll_loss2d_forward_kernel: block: [0,0,0], thread: [475,0,0] Assertion `t >= 0 && t < n_classes` failed.
../aten/src/ATen/native/cuda/NLLLoss2d.cu:104: nll_loss2d_forward_kernel: block: [0,0,0], thread: [476,0,0] Assertion `t >= 0 && t < n_classes` failed.
../aten/src/ATen/native/cuda/NLLLoss2d.cu:104: nll_loss2d_forward_kernel: block: [0,0,0], thread: [477,0,0] Assertion `t >= 0 && t < n_classes` failed.
../aten/src/ATen/native/cuda/NLLLoss2d.cu:104: nll_loss2d_forward_kernel: block: [6,0,0], thread: [753,0,0] Assertion `t >= 0 && t < n_classes` failed.
../aten/src/ATen/native/cuda/NLLLoss2d.cu:104: nll_loss2d_forward_kernel: block: [6,0,0], thread: [754,0,0] Assertion `t >= 0 && t < n_classes` failed.
../aten/src/ATen/native/cuda/NLLLoss2d.cu:104: nll_loss2d_forward_kernel: block: [6,0,0], thread: [761,0,0] Assertion `t >= 0 && t < n_classes` failed.
../aten/src/ATen/native/cuda/NLLLoss2d.cu:104: nll_loss2d_forward_kernel: block: [6,0,0], thread: [1010,0,0] Assertion `t >= 0 && t < n_classes` failed.
../aten/src/ATen/native/cuda/NLLLoss2d.cu:104: nll_loss2d_forward_kernel: block: [6,0,0], thread: [1011,0,0] Assertion `t >= 0 && t < n_classes` failed.
../aten/src/ATen/native/cuda/NLLLoss2d.cu:104: nll_loss2d_forward_kernel: block: [6,0,0], thread: [1017,0,0] Assertion `t >= 0 && t < n_classes` failed.
../aten/src/ATen/native/cuda/NLLLoss2d.cu:104: nll_loss2d_forward_kernel: block: [6,0,0], thread: [497,0,0] Assertion `t >= 0 && t < n_classes` failed.
../aten/src/ATen/native/cuda/NLLLoss2d.cu:104: nll_loss2d_forward_kernel: block: [6,0,0], thread: [506,0,0] Assertion `t >= 0 && t < n_classes` failed.
../aten/src/ATen/native/cuda/NLLLoss2d.cu:104: nll_loss2d_forward_kernel: block: [20,0,0], thread: [593,0,0] Assertion `t >= 0 && t < n_classes` failed.
../aten/src/ATen/native/cuda/NLLLoss2d.cu:104: nll_loss2d_forward_kernel: block: [20,0,0], thread: [594,0,0] Assertion `t >= 0 && t < n_classes` failed.
../aten/src/ATen/native/cuda/NLLLoss2d.cu:104: nll_loss2d_forward_kernel: block: [20,0,0], thread: [595,0,0] Assertion `t >= 0 && t < n_classes` failed.
../aten/src/ATen/native/cuda/NLLLoss2d.cu:104: nll_loss2d_forward_kernel: block: [20,0,0], thread: [600,0,0] Assertion `t >= 0 && t < n_classes` failed.
../aten/src/ATen/native/cuda/NLLLoss2d.cu:104: nll_loss2d_forward_kernel: block: [20,0,0], thread: [603,0,0] Assertion `t >= 0 && t < n_classes` failed.
../aten/src/ATen/native/cuda/NLLLoss2d.cu:104: nll_loss2d_forward_kernel: block: [20,0,0], thread: [604,0,0] Assertion `t >= 0 && t < n_classes` failed.
../aten/src/ATen/native/cuda/NLLLoss2d.cu:104: nll_loss2d_forward_kernel: block: [20,0,0], thread: [605,0,0] Assertion `t >= 0 && t < n_classes` failed.
../aten/src/ATen/native/cuda/NLLLoss2d.cu:104: nll_loss2d_forward_kernel: block: [20,0,0], thread: [606,0,0] Assertion `t >= 0 && t < n_classes` failed.
../aten/src/ATen/native/cuda/NLLLoss2d.cu:104: nll_loss2d_forward_kernel: block: [6,0,0], thread: [735,0,0] Assertion `t >= 0 && t < n_classes` failed.
../aten/src/ATen/native/cuda/NLLLoss2d.cu:104: nll_loss2d_forward_kernel: block: [6,0,0], thread: [479,0,0] Assertion `t >= 0 && t < n_classes` failed.
../aten/src/ATen/native/cuda/NLLLoss2d.cu:104: nll_loss2d_forward_kernel: block: [6,0,0], thread: [991,0,0] Assertion `t >= 0 && t < n_classes` failed.
../aten/src/ATen/native/cuda/NLLLoss2d.cu:104: nll_loss2d_forward_kernel: block: [28,0,0], thread: [1016,0,0] Assertion `t >= 0 && t < n_classes` failed.
../aten/src/ATen/native/cuda/NLLLoss2d.cu:104: nll_loss2d_forward_kernel: block: [28,0,0], thread: [1017,0,0] Assertion `t >= 0 && t < n_classes` failed.
../aten/src/ATen/native/cuda/NLLLoss2d.cu:104: nll_loss2d_forward_kernel: block: [28,0,0], thread: [1018,0,0] Assertion `t >= 0 && t < n_classes` failed.
../aten/src/ATen/native/cuda/NLLLoss2d.cu:104: nll_loss2d_forward_kernel: block: [28,0,0], thread: [1019,0,0] Assertion `t >= 0 && t < n_classes` failed.
../aten/src/ATen/native/cuda/NLLLoss2d.cu:104: nll_loss2d_forward_kernel: block: [28,0,0], thread: [1020,0,0] Assertion `t >= 0 && t < n_classes` failed.
../aten/src/ATen/native/cuda/NLLLoss2d.cu:104: nll_loss2d_forward_kernel: block: [20,0,0], thread: [544,0,0] Assertion `t >= 0 && t < n_classes` failed.
../aten/src/ATen/native/cuda/NLLLoss2d.cu:104: nll_loss2d_forward_kernel: block: [20,0,0], thread: [545,0,0] Assertion `t >= 0 && t < n_classes` failed.
../aten/src/ATen/native/cuda/NLLLoss2d.cu:104: nll_loss2d_forward_kernel: block: [20,0,0], thread: [546,0,0] Assertion `t >= 0 && t < n_classes` failed.
../aten/src/ATen/native/cuda/NLLLoss2d.cu:104: nll_loss2d_forward_kernel: block: [20,0,0], thread: [547,0,0] Assertion `t >= 0 && t < n_classes` failed.
../aten/src/ATen/native/cuda/NLLLoss2d.cu:104: nll_loss2d_forward_kernel: block: [20,0,0], thread: [548,0,0] Assertion `t >= 0 && t < n_classes` failed.
../aten/src/ATen/native/cuda/NLLLoss2d.cu:104: nll_loss2d_forward_kernel: block: [20,0,0], thread: [549,0,0] Assertion `t >= 0 && t < n_classes` failed.
../aten/src/ATen/native/cuda/NLLLoss2d.cu:104: nll_loss2d_forward_kernel: block: [20,0,0], thread: [550,0,0] Assertion `t >= 0 && t < n_classes` failed.
../aten/src/ATen/native/cuda/NLLLoss2d.cu:104: nll_loss2d_forward_kernel: block: [20,0,0], thread: [551,0,0] Assertion `t >= 0 && t < n_classes` failed.
../aten/src/ATen/native/cuda/NLLLoss2d.cu:104: nll_loss2d_forward_kernel: block: [20,0,0], thread: [557,0,0] Assertion `t >= 0 && t < n_classes` failed.
../aten/src/ATen/native/cuda/NLLLoss2d.cu:104: nll_loss2d_forward_kernel: block: [20,0,0], thread: [558,0,0] Assertion `t >= 0 && t < n_classes` failed.
../aten/src/ATen/native/cuda/NLLLoss2d.cu:104: nll_loss2d_forward_kernel: block: [20,0,0], thread: [559,0,0] Assertion `t >= 0 && t < n_classes` failed.
../aten/src/ATen/native/cuda/NLLLoss2d.cu:104: nll_loss2d_forward_kernel: block: [20,0,0], thread: [565,0,0] Assertion `t >= 0 && t < n_classes` failed.
../aten/src/ATen/native/cuda/NLLLoss2d.cu:104: nll_loss2d_forward_kernel: block: [20,0,0], thread: [566,0,0] Assertion `t >= 0 && t < n_classes` failed.
../aten/src/ATen/native/cuda/NLLLoss2d.cu:104: nll_loss2d_forward_kernel: block: [20,0,0], thread: [567,0,0] Assertion `t >= 0 && t < n_classes` failed.
../aten/src/ATen/native/cuda/NLLLoss2d.cu:104: nll_loss2d_forward_kernel: block: [20,0,0], thread: [568,0,0] Assertion `t >= 0 && t < n_classes` failed.
../aten/src/ATen/native/cuda/NLLLoss2d.cu:104: nll_loss2d_forward_kernel: block: [20,0,0], thread: [569,0,0] Assertion `t >= 0 && t < n_classes` failed.
../aten/src/ATen/native/cuda/NLLLoss2d.cu:104: nll_loss2d_forward_kernel: block: [20,0,0], thread: [574,0,0] Assertion `t >= 0 && t < n_classes` failed.
../aten/src/ATen/native/cuda/NLLLoss2d.cu:104: nll_loss2d_forward_kernel: block: [6,0,0], thread: [155,0,0] Assertion `t >= 0 && t < n_classes` failed.
../aten/src/ATen/native/cuda/NLLLoss2d.cu:104: nll_loss2d_forward_kernel: block: [6,0,0], thread: [156,0,0] Assertion `t >= 0 && t < n_classes` failed.
../aten/src/ATen/native/cuda/NLLLoss2d.cu:104: nll_loss2d_forward_kernel: block: [6,0,0], thread: [157,0,0] Assertion `t >= 0 && t < n_classes` failed.
../aten/src/ATen/native/cuda/NLLLoss2d.cu:104: nll_loss2d_forward_kernel: block: [6,0,0], thread: [158,0,0] Assertion `t >= 0 && t < n_classes` failed.
../aten/src/ATen/native/cuda/NLLLoss2d.cu:104: nll_loss2d_forward_kernel: block: [6,0,0], thread: [159,0,0] Assertion `t >= 0 && t < n_classes` failed.
../aten/src/ATen/native/cuda/NLLLoss2d.cu:104: nll_loss2d_forward_kernel: block: [28,0,0], thread: [509,0,0] Assertion `t >= 0 && t < n_classes` failed.
../aten/src/ATen/native/cuda/NLLLoss2d.cu:104: nll_loss2d_forward_kernel: block: [20,0,0], thread: [288,0,0] Assertion `t >= 0 && t < n_classes` failed.
../aten/src/ATen/native/cuda/NLLLoss2d.cu:104: nll_loss2d_forward_kernel: block: [20,0,0], thread: [289,0,0] Assertion `t >= 0 && t < n_classes` failed.
../aten/src/ATen/native/cuda/NLLLoss2d.cu:104: nll_loss2d_forward_kernel: block: [20,0,0], thread: [290,0,0] Assertion `t >= 0 && t < n_classes` failed.
../aten/src/ATen/native/cuda/NLLLoss2d.cu:104: nll_loss2d_forward_kernel: block: [20,0,0], thread: [291,0,0] Assertion `t >= 0 && t < n_classes` failed.
../aten/src/ATen/native/cuda/NLLLoss2d.cu:104: nll_loss2d_forward_kernel: block: [20,0,0], thread: [295,0,0] Assertion `t >= 0 && t < n_classes` failed.
../aten/src/ATen/native/cuda/NLLLoss2d.cu:104: nll_loss2d_forward_kernel: block: [20,0,0], thread: [296,0,0] Assertion `t >= 0 && t < n_classes` failed.
../aten/src/ATen/native/cuda/NLLLoss2d.cu:104: nll_loss2d_forward_kernel: block: [20,0,0], thread: [297,0,0] Assertion `t >= 0 && t < n_classes` failed.
../aten/src/ATen/native/cuda/NLLLoss2d.cu:104: nll_loss2d_forward_kernel: block: [20,0,0], thread: [298,0,0] Assertion `t >= 0 && t < n_classes` failed.
../aten/src/ATen/native/cuda/NLLLoss2d.cu:104: nll_loss2d_forward_kernel: block: [20,0,0], thread: [299,0,0] Assertion `t >= 0 && t < n_classes` failed.
../aten/src/ATen/native/cuda/NLLLoss2d.cu:104: nll_loss2d_forward_kernel: block: [20,0,0], thread: [303,0,0] Assertion `t >= 0 && t < n_classes` failed.
../aten/src/ATen/native/cuda/NLLLoss2d.cu:104: nll_loss2d_forward_kernel: block: [20,0,0], thread: [304,0,0] Assertion `t >= 0 && t < n_classes` failed.
../aten/src/ATen/native/cuda/NLLLoss2d.cu:104: nll_loss2d_forward_kernel: block: [20,0,0], thread: [313,0,0] Assertion `t >= 0 && t < n_classes` failed.
../aten/src/ATen/native/cuda/NLLLoss2d.cu:104: nll_loss2d_forward_kernel: block: [20,0,0], thread: [314,0,0] Assertion `t >= 0 && t < n_classes` failed.
../aten/src/ATen/native/cuda/NLLLoss2d.cu:104: nll_loss2d_forward_kernel: block: [27,0,0], thread: [213,0,0] Assertion `t >= 0 && t < n_classes` failed.
../aten/src/ATen/native/cuda/NLLLoss2d.cu:104: nll_loss2d_forward_kernel: block: [27,0,0], thread: [214,0,0] Assertion `t >= 0 && t < n_classes` failed.
../aten/src/ATen/native/cuda/NLLLoss2d.cu:104: nll_loss2d_forward_kernel: block: [20,0,0], thread: [335,0,0] Assertion `t >= 0 && t < n_classes` failed.
../aten/src/ATen/native/cuda/NLLLoss2d.cu:104: nll_loss2d_forward_kernel: block: [20,0,0], thread: [336,0,0] Assertion `t >= 0 && t < n_classes` failed.
../aten/src/ATen/native/cuda/NLLLoss2d.cu:104: nll_loss2d_forward_kernel: block: [20,0,0], thread: [337,0,0] Assertion `t >= 0 && t < n_classes` failed.
../aten/src/ATen/native/cuda/NLLLoss2d.cu:104: nll_loss2d_forward_kernel: block: [20,0,0], thread: [341,0,0] Assertion `t >= 0 && t < n_classes` failed.
../aten/src/ATen/native/cuda/NLLLoss2d.cu:104: nll_loss2d_forward_kernel: block: [20,0,0], thread: [342,0,0] Assertion `t >= 0 && t < n_classes` failed.
../aten/src/ATen/native/cuda/NLLLoss2d.cu:104: nll_loss2d_forward_kernel: block: [20,0,0], thread: [343,0,0] Assertion `t >= 0 && t < n_classes` failed.
../aten/src/ATen/native/cuda/NLLLoss2d.cu:104: nll_loss2d_forward_kernel: block: [20,0,0], thread: [347,0,0] Assertion `t >= 0 && t < n_classes` failed.
../aten/src/ATen/native/cuda/NLLLoss2d.cu:104: nll_loss2d_forward_kernel: block: [20,0,0], thread: [350,0,0] Assertion `t >= 0 && t < n_classes` failed.
../aten/src/ATen/native/cuda/NLLLoss2d.cu:104: nll_loss2d_forward_kernel: block: [28,0,0], thread: [762,0,0] Assertion `t >= 0 && t < n_classes` failed.
../aten/src/ATen/native/cuda/NLLLoss2d.cu:104: nll_loss2d_forward_kernel: block: [28,0,0], thread: [763,0,0] Assertion `t >= 0 && t < n_classes` failed.
../aten/src/ATen/native/cuda/NLLLoss2d.cu:104: nll_loss2d_forward_kernel: block: [28,0,0], thread: [764,0,0] Assertion `t >= 0 && t < n_classes` failed.
../aten/src/ATen/native/cuda/NLLLoss2d.cu:104: nll_loss2d_forward_kernel: block: [28,0,0], thread: [765,0,0] Assertion `t >= 0 && t < n_classes` failed.
../aten/src/ATen/native/cuda/NLLLoss2d.cu:104: nll_loss2d_forward_kernel: block: [20,0,0], thread: [96,0,0] Assertion `t >= 0 && t < n_classes` failed.
../aten/src/ATen/native/cuda/NLLLoss2d.cu:104: nll_loss2d_forward_kernel: block: [28,0,0], thread: [247,0,0] Assertion `t >= 0 && t < n_classes` failed.
../aten/src/ATen/native/cuda/NLLLoss2d.cu:104: nll_loss2d_forward_kernel: block: [28,0,0], thread: [248,0,0] Assertion `t >= 0 && t < n_classes` failed.
../aten/src/ATen/native/cuda/NLLLoss2d.cu:104: nll_loss2d_forward_kernel: block: [28,0,0], thread: [249,0,0] Assertion `t >= 0 && t < n_classes` failed.
../aten/src/ATen/native/cuda/NLLLoss2d.cu:104: nll_loss2d_forward_kernel: block: [28,0,0], thread: [250,0,0] Assertion `t >= 0 && t < n_classes` failed.
../aten/src/ATen/native/cuda/NLLLoss2d.cu:104: nll_loss2d_forward_kernel: block: [28,0,0], thread: [251,0,0] Assertion `t >= 0 && t < n_classes` failed.
../aten/src/ATen/native/cuda/NLLLoss2d.cu:104: nll_loss2d_forward_kernel: block: [28,0,0], thread: [252,0,0] Assertion `t >= 0 && t < n_classes` failed.
../aten/src/ATen/native/cuda/NLLLoss2d.cu:104: nll_loss2d_forward_kernel: block: [29,0,0], thread: [52,0,0] Assertion `t >= 0 && t < n_classes` failed.
../aten/src/ATen/native/cuda/NLLLoss2d.cu:104: nll_loss2d_forward_kernel: block: [29,0,0], thread: [53,0,0] Assertion `t >= 0 && t < n_classes` failed.
../aten/src/ATen/native/cuda/NLLLoss2d.cu:104: nll_loss2d_forward_kernel: block: [29,0,0], thread: [56,0,0] Assertion `t >= 0 && t < n_classes` failed.
../aten/src/ATen/native/cuda/NLLLoss2d.cu:104: nll_loss2d_forward_kernel: block: [18,0,0], thread: [610,0,0] Assertion `t >= 0 && t < n_classes` failed.
../aten/src/ATen/native/cuda/NLLLoss2d.cu:104: nll_loss2d_forward_kernel: block: [18,0,0], thread: [611,0,0] Assertion `t >= 0 && t < n_classes` failed.
../aten/src/ATen/native/cuda/NLLLoss2d.cu:104: nll_loss2d_forward_kernel: block: [18,0,0], thread: [613,0,0] Assertion `t >= 0 && t < n_classes` failed.
../aten/src/ATen/native/cuda/NLLLoss2d.cu:104: nll_loss2d_forward_kernel: block: [18,0,0], thread: [354,0,0] Assertion `t >= 0 && t < n_classes` failed.
../aten/src/ATen/native/cuda/NLLLoss2d.cu:104: nll_loss2d_forward_kernel: block: [18,0,0], thread: [355,0,0] Assertion `t >= 0 && t < n_classes` failed.
../aten/src/ATen/native/cuda/NLLLoss2d.cu:104: nll_loss2d_forward_kernel: block: [18,0,0], thread: [357,0,0] Assertion `t >= 0 && t < n_classes` failed.
../aten/src/ATen/native/cuda/NLLLoss2d.cu:104: nll_loss2d_forward_kernel: block: [20,0,0], thread: [267,0,0] Assertion `t >= 0 && t < n_classes` failed.
../aten/src/ATen/native/cuda/NLLLoss2d.cu:104: nll_loss2d_forward_kernel: block: [20,0,0], thread: [277,0,0] Assertion `t >= 0 && t < n_classes` failed.
../aten/src/ATen/native/cuda/NLLLoss2d.cu:104: nll_loss2d_forward_kernel: block: [20,0,0], thread: [278,0,0] Assertion `t >= 0 && t < n_classes` failed.
../aten/src/ATen/native/cuda/NLLLoss2d.cu:104: nll_loss2d_forward_kernel: block: [20,0,0], thread: [283,0,0] Assertion `t >= 0 && t < n_classes` failed.
../aten/src/ATen/native/cuda/NLLLoss2d.cu:104: nll_loss2d_forward_kernel: block: [20,0,0], thread: [284,0,0] Assertion `t >= 0 && t < n_classes` failed.
../aten/src/ATen/native/cuda/NLLLoss2d.cu:104: nll_loss2d_forward_kernel: block: [20,0,0], thread: [287,0,0] Assertion `t >= 0 && t < n_classes` failed.
../aten/src/ATen/native/cuda/NLLLoss2d.cu:104: nll_loss2d_forward_kernel: block: [20,0,0], thread: [524,0,0] Assertion `t >= 0 && t < n_classes` failed.
../aten/src/ATen/native/cuda/NLLLoss2d.cu:104: nll_loss2d_forward_kernel: block: [20,0,0], thread: [532,0,0] Assertion `t >= 0 && t < n_classes` failed.
../aten/src/ATen/native/cuda/NLLLoss2d.cu:104: nll_loss2d_forward_kernel: block: [20,0,0], thread: [533,0,0] Assertion `t >= 0 && t < n_classes` failed.
../aten/src/ATen/native/cuda/NLLLoss2d.cu:104: nll_loss2d_forward_kernel: block: [20,0,0], thread: [534,0,0] Assertion `t >= 0 && t < n_classes` failed.
../aten/src/ATen/native/cuda/NLLLoss2d.cu:104: nll_loss2d_forward_kernel: block: [20,0,0], thread: [535,0,0] Assertion `t >= 0 && t < n_classes` failed.
../aten/src/ATen/native/cuda/NLLLoss2d.cu:104: nll_loss2d_forward_kernel: block: [20,0,0], thread: [538,0,0] Assertion `t >= 0 && t < n_classes` failed.
../aten/src/ATen/native/cuda/NLLLoss2d.cu:104: nll_loss2d_forward_kernel: block: [20,0,0], thread: [539,0,0] Assertion `t >= 0 && t < n_classes` failed.
../aten/src/ATen/native/cuda/NLLLoss2d.cu:104: nll_loss2d_forward_kernel: block: [20,0,0], thread: [540,0,0] Assertion `t >= 0 && t < n_classes` failed.
../aten/src/ATen/native/cuda/NLLLoss2d.cu:104: nll_loss2d_forward_kernel: block: [20,0,0], thread: [541,0,0] Assertion `t >= 0 && t < n_classes` failed.
../aten/src/ATen/native/cuda/NLLLoss2d.cu:104: nll_loss2d_forward_kernel: block: [20,0,0], thread: [542,0,0] Assertion `t >= 0 && t < n_classes` failed.
../aten/src/ATen/native/cuda/NLLLoss2d.cu:104: nll_loss2d_forward_kernel: block: [20,0,0], thread: [543,0,0] Assertion `t >= 0 && t < n_classes` failed.
../aten/src/ATen/native/cuda/NLLLoss2d.cu:104: nll_loss2d_forward_kernel: block: [20,0,0], thread: [781,0,0] Assertion `t >= 0 && t < n_classes` failed.
../aten/src/ATen/native/cuda/NLLLoss2d.cu:104: nll_loss2d_forward_kernel: block: [20,0,0], thread: [782,0,0] Assertion `t >= 0 && t < n_classes` failed.
../aten/src/ATen/native/cuda/NLLLoss2d.cu:104: nll_loss2d_forward_kernel: block: [20,0,0], thread: [783,0,0] Assertion `t >= 0 && t < n_classes` failed.
../aten/src/ATen/native/cuda/NLLLoss2d.cu:104: nll_loss2d_forward_kernel: block: [20,0,0], thread: [784,0,0] Assertion `t >= 0 && t < n_classes` failed.
../aten/src/ATen/native/cuda/NLLLoss2d.cu:104: nll_loss2d_forward_kernel: block: [20,0,0], thread: [789,0,0] Assertion `t >= 0 && t < n_classes` failed.
../aten/src/ATen/native/cuda/NLLLoss2d.cu:104: nll_loss2d_forward_kernel: block: [20,0,0], thread: [790,0,0] Assertion `t >= 0 && t < n_classes` failed.
../aten/src/ATen/native/cuda/NLLLoss2d.cu:104: nll_loss2d_forward_kernel: block: [20,0,0], thread: [791,0,0] Assertion `t >= 0 && t < n_classes` failed.
../aten/src/ATen/native/cuda/NLLLoss2d.cu:104: nll_loss2d_forward_kernel: block: [20,0,0], thread: [796,0,0] Assertion `t >= 0 && t < n_classes` failed.
../aten/src/ATen/native/cuda/NLLLoss2d.cu:104: nll_loss2d_forward_kernel: block: [20,0,0], thread: [797,0,0] Assertion `t >= 0 && t < n_classes` failed.
../aten/src/ATen/native/cuda/NLLLoss2d.cu:104: nll_loss2d_forward_kernel: block: [20,0,0], thread: [798,0,0] Assertion `t >= 0 && t < n_classes` failed.
../aten/src/ATen/native/cuda/NLLLoss2d.cu:104: nll_loss2d_forward_kernel: block: [20,0,0], thread: [799,0,0] Assertion `t >= 0 && t < n_classes` failed.
../aten/src/ATen/native/cuda/NLLLoss2d.cu:104: nll_loss2d_forward_kernel: block: [6,0,0], thread: [415,0,0] Assertion `t >= 0 && t < n_classes` failed.
../aten/src/ATen/native/cuda/NLLLoss2d.cu:104: nll_loss2d_forward_kernel: block: [6,0,0], thread: [241,0,0] Assertion `t >= 0 && t < n_classes` failed.
../aten/src/ATen/native/cuda/NLLLoss2d.cu:104: nll_loss2d_forward_kernel: block: [6,0,0], thread: [242,0,0] Assertion `t >= 0 && t < n_classes` failed.
../aten/src/ATen/native/cuda/NLLLoss2d.cu:104: nll_loss2d_forward_kernel: block: [6,0,0], thread: [248,0,0] Assertion `t >= 0 && t < n_classes` failed.
../aten/src/ATen/native/cuda/NLLLoss2d.cu:104: nll_loss2d_forward_kernel: block: [6,0,0], thread: [249,0,0] Assertion `t >= 0 && t < n_classes` failed.
../aten/src/ATen/native/cuda/NLLLoss2d.cu:104: nll_loss2d_forward_kernel: block: [6,0,0], thread: [250,0,0] Assertion `t >= 0 && t < n_classes` failed.
../aten/src/ATen/native/cuda/NLLLoss2d.cu:104: nll_loss2d_forward_kernel: block: [6,0,0], thread: [251,0,0] Assertion `t >= 0 && t < n_classes` failed.
../aten/src/ATen/native/cuda/NLLLoss2d.cu:104: nll_loss2d_forward_kernel: block: [27,0,0], thread: [833,0,0] Assertion `t >= 0 && t < n_classes` failed.
../aten/src/ATen/native/cuda/NLLLoss2d.cu:104: nll_loss2d_forward_kernel: block: [27,0,0], thread: [834,0,0] Assertion `t >= 0 && t < n_classes` failed.
../aten/src/ATen/native/cuda/NLLLoss2d.cu:104: nll_loss2d_forward_kernel: block: [27,0,0], thread: [835,0,0] Assertion `t >= 0 && t < n_classes` failed.
../aten/src/ATen/native/cuda/NLLLoss2d.cu:104: nll_loss2d_forward_kernel: block: [27,0,0], thread: [836,0,0] Assertion `t >= 0 && t < n_classes` failed.
../aten/src/ATen/native/cuda/NLLLoss2d.cu:104: nll_loss2d_forward_kernel: block: [27,0,0], thread: [839,0,0] Assertion `t >= 0 && t < n_classes` failed.
../aten/src/ATen/native/cuda/NLLLoss2d.cu:104: nll_loss2d_forward_kernel: block: [27,0,0], thread: [840,0,0] Assertion `t >= 0 && t < n_classes` failed.
../aten/src/ATen/native/cuda/NLLLoss2d.cu:104: nll_loss2d_forward_kernel: block: [27,0,0], thread: [841,0,0] Assertion `t >= 0 && t < n_classes` failed.
../aten/src/ATen/native/cuda/NLLLoss2d.cu:104: nll_loss2d_forward_kernel: block: [27,0,0], thread: [843,0,0] Assertion `t >= 0 && t < n_classes` failed.
../aten/src/ATen/native/cuda/NLLLoss2d.cu:104: nll_loss2d_forward_kernel: block: [27,0,0], thread: [844,0,0] Assertion `t >= 0 && t < n_classes` failed.
../aten/src/ATen/native/cuda/NLLLoss2d.cu:104: nll_loss2d_forward_kernel: block: [27,0,0], thread: [845,0,0] Assertion `t >= 0 && t < n_classes` failed.
../aten/src/ATen/native/cuda/NLLLoss2d.cu:104: nll_loss2d_forward_kernel: block: [6,0,0], thread: [223,0,0] Assertion `t >= 0 && t < n_classes` failed.
../aten/src/ATen/native/cuda/NLLLoss2d.cu:104: nll_loss2d_forward_kernel: block: [18,0,0], thread: [505,0,0] Assertion `t >= 0 && t < n_classes` failed.
../aten/src/ATen/native/cuda/NLLLoss2d.cu:104: nll_loss2d_forward_kernel: block: [18,0,0], thread: [506,0,0] Assertion `t >= 0 && t < n_classes` failed.
../aten/src/ATen/native/cuda/NLLLoss2d.cu:104: nll_loss2d_forward_kernel: block: [18,0,0], thread: [507,0,0] Assertion `t >= 0 && t < n_classes` failed.
../aten/src/ATen/native/cuda/NLLLoss2d.cu:104: nll_loss2d_forward_kernel: block: [18,0,0], thread: [508,0,0] Assertion `t >= 0 && t < n_classes` failed.
../aten/src/ATen/native/cuda/NLLLoss2d.cu:104: nll_loss2d_forward_kernel: block: [18,0,0], thread: [509,0,0] Assertion `t >= 0 && t < n_classes` failed.
../aten/src/ATen/native/cuda/NLLLoss2d.cu:104: nll_loss2d_forward_kernel: block: [18,0,0], thread: [510,0,0] Assertion `t >= 0 && t < n_classes` failed.
../aten/src/ATen/native/cuda/NLLLoss2d.cu:104: nll_loss2d_forward_kernel: block: [18,0,0], thread: [511,0,0] Assertion `t >= 0 && t < n_classes` failed.
../aten/src/ATen/native/cuda/NLLLoss2d.cu:104: nll_loss2d_forward_kernel: block: [18,0,0], thread: [1016,0,0] Assertion `t >= 0 && t < n_classes` failed.
../aten/src/ATen/native/cuda/NLLLoss2d.cu:104: nll_loss2d_forward_kernel: block: [18,0,0], thread: [1017,0,0] Assertion `t >= 0 && t < n_classes` failed.
../aten/src/ATen/native/cuda/NLLLoss2d.cu:104: nll_loss2d_forward_kernel: block: [18,0,0], thread: [1018,0,0] Assertion `t >= 0 && t < n_classes` failed.
../aten/src/ATen/native/cuda/NLLLoss2d.cu:104: nll_loss2d_forward_kernel: block: [18,0,0], thread: [1019,0,0] Assertion `t >= 0 && t < n_classes` failed.
../aten/src/ATen/native/cuda/NLLLoss2d.cu:104: nll_loss2d_forward_kernel: block: [18,0,0], thread: [1020,0,0] Assertion `t >= 0 && t < n_classes` failed.
../aten/src/ATen/native/cuda/NLLLoss2d.cu:104: nll_loss2d_forward_kernel: block: [18,0,0], thread: [1021,0,0] Assertion `t >= 0 && t < n_classes` failed.
../aten/src/ATen/native/cuda/NLLLoss2d.cu:104: nll_loss2d_forward_kernel: block: [18,0,0], thread: [1022,0,0] Assertion `t >= 0 && t < n_classes` failed.
../aten/src/ATen/native/cuda/NLLLoss2d.cu:104: nll_loss2d_forward_kernel: block: [18,0,0], thread: [1023,0,0] Assertion `t >= 0 && t < n_classes` failed.
../aten/src/ATen/native/cuda/NLLLoss2d.cu:104: nll_loss2d_forward_kernel: block: [18,0,0], thread: [760,0,0] Assertion `t >= 0 && t < n_classes` failed.
../aten/src/ATen/native/cuda/NLLLoss2d.cu:104: nll_loss2d_forward_kernel: block: [18,0,0], thread: [761,0,0] Assertion `t >= 0 && t < n_classes` failed.
../aten/src/ATen/native/cuda/NLLLoss2d.cu:104: nll_loss2d_forward_kernel: block: [18,0,0], thread: [762,0,0] Assertion `t >= 0 && t < n_classes` failed.
../aten/src/ATen/native/cuda/NLLLoss2d.cu:104: nll_loss2d_forward_kernel: block: [18,0,0], thread: [763,0,0] Assertion `t >= 0 && t < n_classes` failed.
../aten/src/ATen/native/cuda/NLLLoss2d.cu:104: nll_loss2d_forward_kernel: block: [18,0,0], thread: [764,0,0] Assertion `t >= 0 && t < n_classes` failed.
../aten/src/ATen/native/cuda/NLLLoss2d.cu:104: nll_loss2d_forward_kernel: block: [18,0,0], thread: [765,0,0] Assertion `t >= 0 && t < n_classes` failed.
../aten/src/ATen/native/cuda/NLLLoss2d.cu:104: nll_loss2d_forward_kernel: block: [18,0,0], thread: [766,0,0] Assertion `t >= 0 && t < n_classes` failed.
../aten/src/ATen/native/cuda/NLLLoss2d.cu:104: nll_loss2d_forward_kernel: block: [18,0,0], thread: [767,0,0] Assertion `t >= 0 && t < n_classes` failed.
../aten/src/ATen/native/cuda/NLLLoss2d.cu:104: nll_loss2d_forward_kernel: block: [18,0,0], thread: [250,0,0] Assertion `t >= 0 && t < n_classes` failed.
../aten/src/ATen/native/cuda/NLLLoss2d.cu:104: nll_loss2d_forward_kernel: block: [18,0,0], thread: [251,0,0] Assertion `t >= 0 && t < n_classes` failed.
../aten/src/ATen/native/cuda/NLLLoss2d.cu:104: nll_loss2d_forward_kernel: block: [18,0,0], thread: [252,0,0] Assertion `t >= 0 && t < n_classes` failed.
../aten/src/ATen/native/cuda/NLLLoss2d.cu:104: nll_loss2d_forward_kernel: block: [18,0,0], thread: [253,0,0] Assertion `t >= 0 && t < n_classes` failed.
../aten/src/ATen/native/cuda/NLLLoss2d.cu:104: nll_loss2d_forward_kernel: block: [18,0,0], thread: [254,0,0] Assertion `t >= 0 && t < n_classes` failed.
../aten/src/ATen/native/cuda/NLLLoss2d.cu:104: nll_loss2d_forward_kernel: block: [18,0,0], thread: [255,0,0] Assertion `t >= 0 && t < n_classes` failed.
../aten/src/ATen/native/cuda/NLLLoss2d.cu:104: nll_loss2d_forward_kernel: block: [27,0,0], thread: [75,0,0] Assertion `t >= 0 && t < n_classes` failed.
